#
# A fatal error has been detected by the Java Runtime Environment:
#
#  SIGSEGV (0xb) at pc=0x00007f885c132b7b, pid=53029, tid=53029
#
# JRE version: OpenJDK Runtime Environment (17.0.10+7) (build 17.0.10+7-Ubuntu-122.04.1)
# Java VM: OpenJDK 64-Bit Server VM (17.0.10+7-Ubuntu-122.04.1, mixed mode, emulated-client, sharing, tiered, compressed oops, compressed class ptrs, g1 gc, linux-amd64)
# Problematic frame:
# V  [libjvm.so+0xdd0b7b]  SR_handler(int, siginfo_t*, ucontext_t*)+0xab
#
# Core dump will be written. Default location: Core dumps may be processed with "/lib/systemd/systemd-coredump %P %u %g %s %t 9223372036854775808 %h" (or dumping to /home/driver/Desktop/linux_dev/surpizza/server/core.53029)
#
# If you would like to submit a bug report, please visit:
#   Unknown
#

---------------  S U M M A R Y ------------

Command Line: -XX:TieredStopAtLevel=1 com.SurpizzaApplication

Host: AMD Ryzen 5 2600 Six-Core Processor, 12 cores, 31G, Linux Mint 21.3 Virginia
Time: Thu Jun  6 16:11:52 2024 CEST elapsed time: 301.681304 seconds (0d 0h 5m 1s)

---------------  T H R E A D  ---------------

Current thread is native thread

Stack: [0x00007fffb3498000,0x00007fffb3c94000],  sp=0x00007fffb3c8f3b0,  free space=8156k
Native frames: (J=compiled Java code, j=interpreted, Vv=VM code, C=native code)
V  [libjvm.so+0xdd0b7b]  SR_handler(int, siginfo_t*, ucontext_t*)+0xab
C  [libc.so.6+0x42520]


siginfo: si_signo: 11 (SIGSEGV), si_code: 1 (SEGV_MAPERR), si_addr: 0x0000000000000268

Registers:
RAX=0x0000000000000000, RBX=0x00007fffb3c8f3c0, RCX=0x00007f885c77fc1b, RDX=0x0000000000000000
RSP=0x00007fffb3c8f3b0, RBP=0x00007fffb3c8f470, RSI=0x00007fffb3c8f3c0, RDI=0x0000000000000000
R8 =0x0000000000000000, R9 =0x00000000ffffffff, R10=0x0000000000000008, R11=0x0000000000000246
R12=0x00007f885c6e16c0, R13=0x0000000000000000, R14=0x0000000000000000, R15=0x0000000000000000
RIP=0x00007f885c132b7b, EFLAGS=0x0000000000010246, CSGSFS=0x002b000000000033, ERR=0x0000000000000004
  TRAPNO=0x000000000000000e


Top of Stack: (sp=0x00007fffb3c8f3b0)
0x00007fffb3c8f3b0:   00007fffb3c8f5b0 00007fffb3c8f480
0x00007fffb3c8f3c0:   00000000000004d8 0000000000000009
0x00007fffb3c8f3d0:   00005654cc100000 0000000000000000
0x00007fffb3c8f3e0:   0000000000000000 0000000000000000
0x00007fffb3c8f3f0:   0000000000026000 0000000024bbd60a
0x00007fffb3c8f400:   00007fffb3c8f540 00007f885c6ff7e0
0x00007fffb3c8f410:   00007f885c9520f0 00007fffb3c8f4a0
0x00007fffb3c8f420:   00007fffb3c8f4b0 00007f885c95f211
0x00007fffb3c8f430:   0000000000000004 00007f885c952a50
0x00007fffb3c8f440:   0000000000000001 00007f885b02e640
0x00007fffb3c8f450:   0000000000000000 000000000000cf26
0x00007fffb3c8f460:   0000000000000000 0000000000000000
0x00007fffb3c8f470:   00007fffb3c8fb08 00007f885c726520
0x00007fffb3c8f480:   0000000000000007 0000000000000000
0x00007fffb3c8f490:   0000000000000000 0000000000000002
0x00007fffb3c8f4a0:   0000000000000000 0000000000000000
0x00007fffb3c8f4b0:   00000000ffffffff 0000000000000000
0x00007fffb3c8f4c0:   0000000000000246 0000000000000000
0x00007fffb3c8f4d0:   000000000000cf26 0000000000000000
0x00007fffb3c8f4e0:   0000000000000000 00007f885b02e910
0x00007fffb3c8f4f0:   0000000000000109 00007fffb3c8fb08
0x00007fffb3c8f500:   00007f885b02e640 000000000000cf26
0x00007fffb3c8f510:   00000000000000ca 00007f885c775117
0x00007fffb3c8f520:   00007fffb3c8fa40 00007f885c775115
0x00007fffb3c8f530:   0000000000000246 002b000000000033
0x00007fffb3c8f540:   0000000000000004 000000000000000e
0x00007fffb3c8f550:   0000000000000004 0000000000000008
0x00007fffb3c8f560:   00007fffb3c8f640 0000000000000000
0x00007fffb3c8f570:   00007fffb3c8fb10 00007f885c968dae
0x00007fffb3c8f580:   00007f885b02e950 0000000000000000
0x00007fffb3c8f590:   0000000000000003 0000000000100000
0x00007fffb3c8f5a0:   00007f885b02e640 0000000000000004 

Instructions: (pc=0x00007f885c132b7b)
0x00007f885c132a7b:   58 00 00 74 30 48 8d 05 59 82 58 00 48 8d 14 98
0x00007f885c132a8b:   b8 01 00 00 00 f0 0f c1 02 48 8b 3d 4d 83 58 00
0x00007f885c132a9b:   48 83 ec 80 be 01 00 00 00 5b 41 5c 5d e9 a3 19
0x00007f885c132aab:   f2 ff 0f 1f 00 48 83 ec 80 5b 41 5c 5d c3 0f 1f
0x00007f885c132abb:   80 00 00 00 00 e8 9b df 15 00 84 c0 74 ad e8 22
0x00007f885c132acb:   1b 48 ff eb a6 f3 0f 1e fa 55 66 48 0f 6e d2 66
0x00007f885c132adb:   48 0f 6e ce 66 0f 6c ca 48 89 e5 41 57 41 56 41
0x00007f885c132aeb:   55 41 54 53 48 8d 9d 50 ff ff ff 48 81 ec 98 00
0x00007f885c132afb:   00 00 0f 29 8d 40 ff ff ff e8 67 12 48 ff 48 89
0x00007f885c132b0b:   df 44 8b 28 49 89 c4 e8 a9 0e 48 ff be 04 00 00
0x00007f885c132b1b:   00 48 89 df e8 ec 10 48 ff be 07 00 00 00 48 89
0x00007f885c132b2b:   df e8 df 10 48 ff be 08 00 00 00 48 89 df e8 d2
0x00007f885c132b3b:   10 48 ff be 0b 00 00 00 48 89 df e8 c5 10 48 ff
0x00007f885c132b4b:   be 05 00 00 00 48 89 df e8 b8 10 48 ff 31 d2 48
0x00007f885c132b5b:   89 de bf 01 00 00 00 e8 39 06 48 ff e8 94 7e 0e
0x00007f885c132b6b:   00 41 89 c0 31 c0 45 84 c0 74 05 e8 95 7e 0e 00
0x00007f885c132b7b:   48 8b 90 68 02 00 00 48 85 d2 74 17 4c 8b b8 30
0x00007f885c132b8b:   02 00 00 41 8b 87 a0 00 00 00 83 f8 01 74 16 45
0x00007f885c132b9b:   89 2c 24 48 81 c4 98 00 00 00 5b 41 5c 41 5d 41
0x00007f885c132bab:   5e 41 5f 5d c3 66 0f 6f 9d 40 ff ff ff ba 02 00
0x00007f885c132bbb:   00 00 be 01 00 00 00 4d 8d b7 a0 00 00 00 4c 89
0x00007f885c132bcb:   f7 41 0f 11 9f a8 00 00 00 e8 77 36 e6 ff 83 f8
0x00007f885c132bdb:   02 74 3a 85 c0 75 0e 66 0f ef c0 41 0f 11 87 a8
0x00007f885c132beb:   00 00 00 eb aa 48 8d 05 51 37 52 00 be 63 06 00
0x00007f885c132bfb:   00 48 8d 3d 0d b1 27 00 48 8b 00 c6 00 58 e8 52
0x00007f885c132c0b:   13 84 ff e8 8d 6c e6 ff eb cd 0f 1f 00 48 89 df
0x00007f885c132c1b:   e8 a0 0d 48 ff 48 89 da 31 f6 31 ff e8 74 05 48
0x00007f885c132c2b:   ff 8b 35 16 91 53 00 48 89 df e8 76 0a 48 ff be
0x00007f885c132c3b:   01 00 00 00 48 8d 3d ba 81 58 00 e8 05 18 f2 ff
0x00007f885c132c4b:   eb 08 0f 1f 00 83 f8 02 75 3b 48 89 df e8 73 11
0x00007f885c132c5b:   48 ff 31 d2 be 03 00 00 00 4c 89 f7 e8 e4 35 e6
0x00007f885c132c6b:   ff 85 c0 75 e0 be 01 00 00 00 48 8d 3d 84 81 58 



---------------  P R O C E S S  ---------------

VM state: not at safepoint (normal execution)

VM Mutex/Monitor currently owned by a thread: None

Heap address: 0x000000060b400000, size: 8012 MB, Compressed Oops mode: Zero based, Oop shift amount: 3

CDS archive(s) mapped at: [0x00007f87db000000-0x00007f87dbbc7000-0x00007f87dbbc7000), size 12349440, SharedBaseAddress: 0x00007f87db000000, ArchiveRelocationMode: 1.
Compressed class space mapped at: 0x00007f87dc000000-0x00007f881c000000, reserved size: 1073741824
Narrow klass base: 0x00007f87db000000, Narrow klass shift: 0, Narrow klass range: 0x100000000

GC Precious Log:
<Skipped>

Heap:
 garbage-first heap   total 81920K, used 36909K [0x000000060b400000, 0x0000000800000000)
  region size 4096K, 6 young (24576K), 1 survivors (4096K)
 Metaspace       used 33175K, committed 33664K, reserved 1114112K
  class space    used 4508K, committed 4736K, reserved 1048576K

Heap Regions: E=young(eden), S=young(survivor), O=old, HS=humongous(starts), HC=humongous(continues), CS=collection set, F=free, OA=open archive, CA=closed archive, TAMS=top-at-mark-start (previous, next)
|   0|0x000000060b400000, 0x000000060b7bc200, 0x000000060b800000| 93%| O|  |TAMS 0x000000060b7bc200, 0x000000060b400000| Untracked 
|   1|0x000000060b800000, 0x000000060bc00000, 0x000000060bc00000|100%| O|  |TAMS 0x000000060b800000, 0x000000060b800000| Untracked 
|   2|0x000000060bc00000, 0x000000060bc00000, 0x000000060c000000|  0%| F|  |TAMS 0x000000060bc00000, 0x000000060bc00000| Untracked 
|   3|0x000000060c000000, 0x000000060c000000, 0x000000060c400000|  0%| F|  |TAMS 0x000000060c000000, 0x000000060c000000| Untracked 
|   4|0x000000060c400000, 0x000000060c400000, 0x000000060c800000|  0%| F|  |TAMS 0x000000060c400000, 0x000000060c400000| Untracked 
|   5|0x000000060c800000, 0x000000060c999400, 0x000000060cc00000| 39%| O|  |TAMS 0x000000060c800000, 0x000000060c800000| Untracked 
|   6|0x000000060cc00000, 0x000000060cc00000, 0x000000060d000000|  0%| F|  |TAMS 0x000000060cc00000, 0x000000060cc00000| Untracked 
|   7|0x000000060d000000, 0x000000060d000000, 0x000000060d400000|  0%| F|  |TAMS 0x000000060d000000, 0x000000060d000000| Untracked 
|   8|0x000000060d400000, 0x000000060d7aa010, 0x000000060d800000| 91%| S|CS|TAMS 0x000000060d400000, 0x000000060d400000| Complete 
|   9|0x000000060d800000, 0x000000060d800000, 0x000000060dc00000|  0%| F|  |TAMS 0x000000060d800000, 0x000000060d800000| Untracked 
|  10|0x000000060dc00000, 0x000000060dc00000, 0x000000060e000000|  0%| F|  |TAMS 0x000000060dc00000, 0x000000060dc00000| Untracked 
|  11|0x000000060e000000, 0x000000060e000000, 0x000000060e400000|  0%| F|  |TAMS 0x000000060e000000, 0x000000060e000000| Untracked 
|  12|0x000000060e400000, 0x000000060e400000, 0x000000060e800000|  0%| F|  |TAMS 0x000000060e400000, 0x000000060e400000| Untracked 
|  13|0x000000060e800000, 0x000000060eb1ffb0, 0x000000060ec00000| 78%| E|  |TAMS 0x000000060e800000, 0x000000060e800000| Complete 
|  14|0x000000060ec00000, 0x000000060f000000, 0x000000060f000000|100%| E|CS|TAMS 0x000000060ec00000, 0x000000060ec00000| Complete 
| 123|0x000000062a000000, 0x000000062a400000, 0x000000062a400000|100%| E|CS|TAMS 0x000000062a000000, 0x000000062a000000| Complete 
| 124|0x000000062a400000, 0x000000062a800000, 0x000000062a800000|100%| E|CS|TAMS 0x000000062a400000, 0x000000062a400000| Complete 
| 125|0x000000062a800000, 0x000000062ac00000, 0x000000062ac00000|100%| E|CS|TAMS 0x000000062a800000, 0x000000062a800000| Complete 
|2001|0x00000007ff800000, 0x00000007ffb75000, 0x00000007ffc00000| 86%|OA|  |TAMS 0x00000007ffb75000, 0x00000007ff800000| Untracked 
|2002|0x00000007ffc00000, 0x00000007ffc77000, 0x0000000800000000| 11%|CA|  |TAMS 0x00000007ffc77000, 0x00000007ffc00000| Untracked 

Card table byte_map: [0x00007f8858512000,0x00007f88594b8000] _byte_map_base: 0x00007f88554b8000

Marking Bits (Prev, Next): (CMBitMap*) 0x00007f8854043d60, (CMBitMap*) 0x00007f8854043d20
 Prev Bits: [0x00007f8838b8b000, 0x00007f88408bb000)
 Next Bits: [0x00007f88408bb000, 0x00007f88485eb000)

Polling page: 0x00007f885c946000

Metaspace:

Usage:
  Non-class:     28,00 MB used.
      Class:      4,40 MB used.
       Both:     32,40 MB used.

Virtual space:
  Non-class space:       64,00 MB reserved,      28,25 MB ( 44%) committed,  1 nodes.
      Class space:        1,00 GB reserved,       4,62 MB ( <1%) committed,  1 nodes.
             Both:        1,06 GB reserved,      32,88 MB (  3%) committed. 

Chunk freelists:
   Non-Class:  2,81 MB
       Class:  11,22 MB
        Both:  14,04 MB

MaxMetaspaceSize: unlimited
CompressedClassSpaceSize: 1,00 GB
Initial GC threshold: 21,00 MB
Current GC threshold: 35,25 MB
CDS: on
MetaspaceReclaimPolicy: balanced
 - commit_granule_bytes: 65536.
 - commit_granule_words: 8192.
 - virtual_space_node_default_size: 8388608.
 - enlarge_chunks_in_place: 1.
 - new_chunks_are_fully_committed: 0.
 - uncommit_free_chunks: 1.
 - use_allocation_guard: 0.
 - handle_deallocations: 1.


Internal statistics:

num_allocs_failed_limit: 3.
num_arena_births: 596.
num_arena_deaths: 0.
num_vsnodes_births: 2.
num_vsnodes_deaths: 0.
num_space_committed: 526.
num_space_uncommitted: 0.
num_chunks_returned_to_freelist: 3.
num_chunks_taken_from_freelist: 1691.
num_chunk_merges: 3.
num_chunk_splits: 1152.
num_chunks_enlarged: 834.
num_inconsistent_stats: 0.

CodeCache: size=49152Kb used=7681Kb max_used=8639Kb free=41470Kb
 bounds [0x00007f8849591000, 0x00007f8849e01000, 0x00007f884c591000]
 total_blobs=4679 nmethods=4114 adapters=493
 compilation: enabled
              stopped_count=0, restarted_count=0
 full_count=0

Compilation events (20 events):
Event: 255,185 Thread 0x00007f8854152a10 4104   !   1       sun.nio.ch.EPollSelectorImpl::doSelect (208 bytes)
Event: 255,185 Thread 0x00007f8854152a10 nmethod 4104 0x00007f88498a3f90 code [0x00007f88498a41a0, 0x00007f88498a4640]
Event: 256,185 Thread 0x00007f8854152a10 4108       1       sun.nio.ch.EPollSelectorImpl::processEvents (132 bytes)
Event: 256,185 Thread 0x00007f8854152a10 nmethod 4108 0x00007f88498a3690 code [0x00007f88498a3860, 0x00007f88498a3ce0]
Event: 256,185 Thread 0x00007f8854152a10 4110   !   1       org.apache.tomcat.util.net.NioEndpoint$Poller::timeout (501 bytes)
Event: 256,187 Thread 0x00007f8854152a10 nmethod 4110 0x00007f88498a1a90 code [0x00007f88498a1d80, 0x00007f88498a2af0]
Event: 256,187 Thread 0x00007f8854152a10 4106       1       sun.nio.ch.SelectorImpl::end (9 bytes)
Event: 256,187 Thread 0x00007f8854152a10 nmethod 4106 0x00007f88498a1690 code [0x00007f88498a1840, 0x00007f88498a1980]
Event: 256,187 Thread 0x00007f8854152a10 4107       1       java.nio.channels.spi.AbstractSelector::end (5 bytes)
Event: 256,187 Thread 0x00007f8854152a10 nmethod 4107 0x00007f88498a1110 code [0x00007f88498a12c0, 0x00007f88498a1530]
Event: 256,187 Thread 0x00007f8854152a10 4109       1       java.util.concurrent.atomic.AtomicLong::set (12 bytes)
Event: 256,187 Thread 0x00007f8854152a10 nmethod 4109 0x00007f88498a0e10 code [0x00007f88498a0fa0, 0x00007f88498a1070]
Event: 257,277 Thread 0x00007f8854152a10 4111       1       org.apache.coyote.AbstractProtocol$$Lambda$711/0x00007f87dc3a4d08::run (8 bytes)
Event: 257,277 Thread 0x00007f8854152a10 nmethod 4111 0x00007f88498a0a90 code [0x00007f88498a0c40, 0x00007f88498a0d20]
Event: 257,277 Thread 0x00007f8854152a10 4112       1       org.apache.coyote.AbstractProtocol::lambda$startAsyncTimeout$1 (46 bytes)
Event: 257,277 Thread 0x00007f8854152a10 nmethod 4112 0x00007f88498a0510 code [0x00007f88498a06e0, 0x00007f88498a0910]
Event: 301,025 Thread 0x00007f8854152a10 4113       1       java.util.HashMap::valuesToArray (81 bytes)
Event: 301,025 Thread 0x00007f8854152a10 nmethod 4113 0x00007f884989ff90 code [0x00007f88498a0140, 0x00007f88498a0390]
Event: 301,277 Thread 0x00007f8854152a10 4114       1       java.util.concurrent.locks.AbstractQueuedSynchronizer$ConditionNode::block (15 bytes)
Event: 301,277 Thread 0x00007f8854152a10 nmethod 4114 0x00007f884989fb90 code [0x00007f884989fd40, 0x00007f884989fea0]

GC Heap History (12 events):
Event: 0,324 GC heap before
{Heap before GC invocations=0 (full 0):
 garbage-first heap   total 524288K, used 28592K [0x000000060b400000, 0x0000000800000000)
  region size 4096K, 6 young (24576K), 0 survivors (0K)
 Metaspace       used 5907K, committed 6144K, reserved 1114112K
  class space    used 837K, committed 960K, reserved 1048576K
}
Event: 0,326 GC heap after
{Heap after GC invocations=1 (full 0):
 garbage-first heap   total 524288K, used 8010K [0x000000060b400000, 0x0000000800000000)
  region size 4096K, 1 young (4096K), 1 survivors (4096K)
 Metaspace       used 5907K, committed 6144K, reserved 1114112K
  class space    used 837K, committed 960K, reserved 1048576K
}
Event: 0,461 GC heap before
{Heap before GC invocations=1 (full 0):
 garbage-first heap   total 524288K, used 32586K [0x000000060b400000, 0x0000000800000000)
  region size 4096K, 7 young (28672K), 1 survivors (4096K)
 Metaspace       used 11531K, committed 11840K, reserved 1114112K
  class space    used 1560K, committed 1728K, reserved 1048576K
}
Event: 0,463 GC heap after
{Heap after GC invocations=2 (full 0):
 garbage-first heap   total 524288K, used 9778K [0x000000060b400000, 0x0000000800000000)
  region size 4096K, 1 young (4096K), 1 survivors (4096K)
 Metaspace       used 11531K, committed 11840K, reserved 1114112K
  class space    used 1560K, committed 1728K, reserved 1048576K
}
Event: 0,914 GC heap before
{Heap before GC invocations=2 (full 0):
 garbage-first heap   total 524288K, used 63026K [0x000000060b400000, 0x0000000800000000)
  region size 4096K, 14 young (57344K), 1 survivors (4096K)
 Metaspace       used 20405K, committed 20800K, reserved 1114112K
  class space    used 2863K, committed 3072K, reserved 1048576K
}
Event: 0,916 GC heap after
{Heap after GC invocations=3 (full 0):
 garbage-first heap   total 524288K, used 14100K [0x000000060b400000, 0x0000000800000000)
  region size 4096K, 2 young (8192K), 2 survivors (8192K)
 Metaspace       used 20405K, committed 20800K, reserved 1114112K
  class space    used 2863K, committed 3072K, reserved 1048576K
}
Event: 0,943 GC heap before
{Heap before GC invocations=3 (full 0):
 garbage-first heap   total 524288K, used 14100K [0x000000060b400000, 0x0000000800000000)
  region size 4096K, 3 young (12288K), 2 survivors (8192K)
 Metaspace       used 21127K, committed 21504K, reserved 1114112K
  class space    used 2935K, committed 3136K, reserved 1048576K
}
Event: 0,946 GC heap after
{Heap after GC invocations=4 (full 0):
 garbage-first heap   total 524288K, used 14509K [0x000000060b400000, 0x0000000800000000)
  region size 4096K, 2 young (8192K), 2 survivors (8192K)
 Metaspace       used 21127K, committed 21504K, reserved 1114112K
  class space    used 2935K, committed 3136K, reserved 1048576K
}
Event: 1,149 GC heap before
{Heap before GC invocations=5 (full 0):
 garbage-first heap   total 81920K, used 55469K [0x000000060b400000, 0x0000000800000000)
  region size 4096K, 13 young (53248K), 2 survivors (8192K)
 Metaspace       used 23663K, committed 24128K, reserved 1114112K
  class space    used 3293K, committed 3520K, reserved 1048576K
}
Event: 1,152 GC heap after
{Heap after GC invocations=6 (full 0):
 garbage-first heap   total 81920K, used 17655K [0x000000060b400000, 0x0000000800000000)
  region size 4096K, 3 young (12288K), 3 survivors (12288K)
 Metaspace       used 23663K, committed 24128K, reserved 1114112K
  class space    used 3293K, committed 3520K, reserved 1048576K
}
Event: 9,968 GC heap before
{Heap before GC invocations=6 (full 0):
 garbage-first heap   total 81920K, used 54519K [0x000000060b400000, 0x0000000800000000)
  region size 4096K, 12 young (49152K), 3 survivors (12288K)
 Metaspace       used 25978K, committed 26496K, reserved 1114112K
  class space    used 3605K, committed 3840K, reserved 1048576K
}
Event: 9,972 GC heap after
{Heap after GC invocations=7 (full 0):
 garbage-first heap   total 81920K, used 17325K [0x000000060b400000, 0x0000000800000000)
  region size 4096K, 1 young (4096K), 1 survivors (4096K)
 Metaspace       used 25978K, committed 26496K, reserved 1114112K
  class space    used 3605K, committed 3840K, reserved 1048576K
}

Dll operation events (9 events):
Event: 0,001 Loaded shared library /usr/lib/jvm/java-17-openjdk-amd64/lib/libjava.so
Event: 0,010 Loaded shared library /usr/lib/jvm/java-17-openjdk-amd64/lib/libjsvml.so
Event: 0,019 Loaded shared library /usr/lib/jvm/java-17-openjdk-amd64/lib/libnio.so
Event: 0,023 Loaded shared library /usr/lib/jvm/java-17-openjdk-amd64/lib/libzip.so
Event: 0,064 Loaded shared library /usr/lib/jvm/java-17-openjdk-amd64/lib/libjimage.so
Event: 0,078 Loaded shared library /usr/lib/jvm/java-17-openjdk-amd64/lib/libnet.so
Event: 0,972 Loaded shared library /usr/lib/jvm/java-17-openjdk-amd64/lib/libmanagement.so
Event: 0,973 Loaded shared library /usr/lib/jvm/java-17-openjdk-amd64/lib/libmanagement_ext.so
Event: 1,272 Loaded shared library /usr/lib/jvm/java-17-openjdk-amd64/lib/libextnet.so

Deoptimization events (4 events):
Event: 1,019 Thread 0x00007f876c00ac60 DEOPT PACKING pc=0x00007f8849abac16 sp=0x00007f87daffe540
Event: 1,019 Thread 0x00007f876c00ac60 DEOPT UNPACKING pc=0x00007f88495e7e2f sp=0x00007f87daffd9b8 mode 3
Event: 1,021 Thread 0x00007f8854014b50 DEOPT PACKING pc=0x00007f8849ae1c81 sp=0x00007f885b02ce00
Event: 1,021 Thread 0x00007f8854014b50 DEOPT UNPACKING pc=0x00007f88495e7e2f sp=0x00007f885b02c2b0 mode 3

Classes unloaded (0 events):
No events

Classes redefined (0 events):
No events

Internal exceptions (20 events):
Event: 0,862 Thread 0x00007f8854014b50 Exception <a 'java/lang/NoSuchMethodError'{0x00000006279fe1d0}: 'void java.lang.invoke.DirectMethodHandle$Holder.invokeStatic(java.lang.Object, int, java.lang.Object)'> (0x00000006279fe1d0) 
thrown [./src/hotspot/share/interpreter/linkResolver.cpp, line 758]
Event: 0,865 Thread 0x00007f8854014b50 Exception <a 'java/lang/NoSuchMethodError'{0x0000000627a58a50}: 'void java.lang.invoke.DirectMethodHandle$Holder.invokeVirtual(java.lang.Object, java.lang.Object, int)'> (0x0000000627a58a50) 
thrown [./src/hotspot/share/interpreter/linkResolver.cpp, line 758]
Event: 0,865 Thread 0x00007f8854014b50 Exception <a 'java/lang/NoSuchMethodError'{0x0000000627a5eca8}: 'void java.lang.invoke.DirectMethodHandle$Holder.invokeStatic(java.lang.Object, java.lang.Object, java.lang.Object, int, java.lang.Object)'> (0x0000000627a5eca8) 
thrown [./src/hotspot/share/interpreter/linkResolver.cpp, line 758]
Event: 0,866 Thread 0x00007f8854014b50 Exception <a 'java/lang/NoSuchMethodError'{0x0000000627a66128}: 'java.lang.Object java.lang.invoke.DirectMethodHandle$Holder.newInvokeSpecial(java.lang.Object, java.lang.Object, java.lang.Object, int)'> (0x0000000627a66128) 
thrown [./src/hotspot/share/interpreter/linkResolver.cpp, line 758]
Event: 0,866 Thread 0x00007f8854014b50 Exception <a 'java/lang/NoSuchMethodError'{0x0000000627a6a410}: 'java.lang.Object java.lang.invoke.DirectMethodHandle$Holder.invokeSpecial(java.lang.Object, java.lang.Object, java.lang.Object, java.lang.Object, int)'> (0x0000000627a6a410) 
thrown [./src/hotspot/share/interpreter/linkResolver.cpp, line 758]
Event: 0,866 Thread 0x00007f8854014b50 Exception <a 'java/lang/NoSuchMethodError'{0x0000000627a6dfd8}: 'java.lang.Object java.lang.invoke.Invokers$Holder.linkToTargetMethod(java.lang.Object, java.lang.Object, int, java.lang.Object)'> (0x0000000627a6dfd8) 
thrown [./src/hotspot/share/interpreter/linkResolver.cpp, line 758]
Event: 0,960 Thread 0x00007f8854014b50 Exception <a 'java/lang/NoSuchMethodError'{0x000000062a924fb8}: 'java.lang.Object java.lang.invoke.DirectMethodHandle$Holder.invokeSpecial(java.lang.Object, java.lang.Object, long, java.lang.Object, java.lang.Object, java.lang.Object, java.lang.Object, java.lang.Object, java.lang.Object)'> (0x000000062a924fb8) 
thrown [./src/hotspot/share/interpreter/linkResolver.cpp, line 758]
Event: 0,960 Thread 0x00007f8854014b50 Exception <a 'java/lang/NoSuchMethodError'{0x000000062a929ae0}: 'java.lang.Object java.lang.invoke.DelegatingMethodHandle$Holder.reinvoke_L(java.lang.Object, long, java.lang.Object, java.lang.Object, java.lang.Object, java.lang.Object, java.lang.Object, java.lang.Object)'> (0x000000062a929ae0) 
thrown [./src/hotspot/share/interpreter/linkResolver.cpp, line 758]
Event: 0,977 Thread 0x00007f8854014b50 Exception <a 'java/io/FileNotFoundException'{0x000000062aa802f0}> (0x000000062aa802f0) 
thrown [./src/hotspot/share/prims/jni.cpp, line 516]
Event: 0,989 Thread 0x00007f8854014b50 Exception <a 'java/lang/NoSuchMethodError'{0x000000062ab9b050}: 'int java.lang.invoke.DirectMethodHandle$Holder.invokeInterface(java.lang.Object, java.lang.Object, java.lang.Object, java.lang.Object)'> (0x000000062ab9b050) 
thrown [./src/hotspot/share/interpreter/linkResolver.cpp, line 758]
Event: 1,009 Thread 0x00007f8854014b50 Exception <a 'java/lang/NoSuchMethodError'{0x000000060ed630d0}: 'long java.lang.invoke.DirectMethodHandle$Holder.invokeVirtual(java.lang.Object, java.lang.Object)'> (0x000000060ed630d0) 
thrown [./src/hotspot/share/interpreter/linkResolver.cpp, line 758]
Event: 1,208 Thread 0x00007f8854014b50 Exception <a 'java/lang/IncompatibleClassChangeError'{0x000000060e1a4258}: Found class java.lang.Object, but interface was expected> (0x000000060e1a4258) 
thrown [./src/hotspot/share/interpreter/linkResolver.cpp, line 826]
Event: 1,221 Thread 0x00007f8854014b50 Exception <a 'java/lang/NoSuchMethodError'{0x000000060e2e4a68}: 'void java.lang.invoke.DirectMethodHandle$Holder.invokeVirtual(java.lang.Object, java.lang.Object, long)'> (0x000000060e2e4a68) 
thrown [./src/hotspot/share/interpreter/linkResolver.cpp, line 758]
Event: 1,248 Thread 0x00007f8854014b50 Exception <a 'java/lang/NoSuchMethodError'{0x000000060de11708}: 'int java.lang.invoke.DirectMethodHandle$Holder.invokeStaticInit(java.lang.Object, java.lang.Object, java.lang.Object, java.lang.Object)'> (0x000000060de11708) 
thrown [./src/hotspot/share/interpreter/linkResolver.cpp, line 758]
Event: 1,269 Thread 0x00007f8854014b50 Exception <a 'java/lang/NoSuchMethodError'{0x000000060d840dd8}: 'java.lang.Object java.lang.invoke.DirectMethodHandle$Holder.newInvokeSpecial(java.lang.Object, java.lang.Object, int, java.lang.Object, java.lang.Object)'> (0x000000060d840dd8) 
thrown [./src/hotspot/share/interpreter/linkResolver.cpp, line 758]
Event: 1,270 Thread 0x00007f8854014b50 Exception <a 'java/lang/NoSuchMethodError'{0x000000060d84c450}: 'java.lang.Object java.lang.invoke.DirectMethodHandle$Holder.invokeSpecial(java.lang.Object, java.lang.Object, int, java.lang.Object, int, java.lang.Object)'> (0x000000060d84c450) 
thrown [./src/hotspot/share/interpreter/linkResolver.cpp, line 758]
Event: 1,270 Thread 0x00007f8854014b50 Exception <a 'java/lang/NoSuchMethodError'{0x000000060d854258}: 'java.lang.Object java.lang.invoke.DirectMethodHandle$Holder.newInvokeSpecial(java.lang.Object, java.lang.Object, int, java.lang.Object, int)'> (0x000000060d854258) 
thrown [./src/hotspot/share/interpreter/linkResolver.cpp, line 758]
Event: 1,270 Thread 0x00007f8854014b50 Exception <a 'java/lang/NoSuchMethodError'{0x000000060d858358}: 'java.lang.Object java.lang.invoke.DirectMethodHandle$Holder.invokeSpecial(java.lang.Object, java.lang.Object, java.lang.Object, int, java.lang.Object, int)'> (0x000000060d858358) 
thrown [./src/hotspot/share/interpreter/linkResolver.cpp, line 758]
Event: 9,966 Thread 0x00007f8854946020 Exception <a 'java/lang/NoSuchMethodError'{0x000000060dbd0bc0}: 'java.lang.Object java.lang.invoke.DirectMethodHandle$Holder.invokeSpecial(java.lang.Object, java.lang.Object, java.lang.Object, java.lang.Object, java.lang.Object, long)'> (0x000000060dbd0bc0) 
thrown [./src/hotspot/share/interpreter/linkResolver.cpp, line 758]
Event: 9,966 Thread 0x00007f8854946020 Exception <a 'java/lang/NoSuchMethodError'{0x000000060dbd4600}: 'java.lang.Object java.lang.invoke.Invokers$Holder.linkToTargetMethod(java.lang.Object, java.lang.Object, java.lang.Object, long, java.lang.Object)'> (0x000000060dbd4600) 
thrown [./src/hotspot/share/interpreter/linkResolver.cpp, line 758]

VM Operations (20 events):
Event: 13,778 Executing VM operation: Cleanup
Event: 13,778 Executing VM operation: Cleanup done
Event: 26,778 Executing VM operation: Cleanup
Event: 26,778 Executing VM operation: Cleanup done
Event: 60,031 Executing VM operation: HandshakeAllThreads
Event: 60,031 Executing VM operation: HandshakeAllThreads done
Event: 81,033 Executing VM operation: Cleanup
Event: 81,033 Executing VM operation: Cleanup done
Event: 91,034 Executing VM operation: Cleanup
Event: 91,034 Executing VM operation: Cleanup done
Event: 187,042 Executing VM operation: Cleanup
Event: 187,042 Executing VM operation: Cleanup done
Event: 202,043 Executing VM operation: Cleanup
Event: 202,043 Executing VM operation: Cleanup done
Event: 203,043 Executing VM operation: Cleanup
Event: 203,043 Executing VM operation: Cleanup done
Event: 207,044 Executing VM operation: Cleanup
Event: 207,044 Executing VM operation: Cleanup done
Event: 251,047 Executing VM operation: Cleanup
Event: 251,047 Executing VM operation: Cleanup done

Events (20 events):
Event: 12,773 loading class sun/net/www/http/ClientVector
Event: 12,773 Protecting memory [0x00007f8828adc000,0x00007f8828ae0000] with protection modes 0
Event: 12,773 loading class sun/net/www/http/ClientVector done
Event: 12,773 loading class sun/net/www/http/KeepAliveEntry
Event: 12,773 loading class sun/net/www/http/KeepAliveEntry done
Event: 12,774 loading class java/io/OutputStream$1
Event: 12,774 loading class java/io/OutputStream$1 done
Event: 12,777 Thread 0x00007f87c01f3820 Thread exited: 0x00007f87c01f3820
Event: 12,780 loading class java/util/stream/LongStream
Event: 12,780 loading class java/util/stream/LongStream done
Event: 12,780 loading class java/util/stream/DoubleStream
Event: 12,781 loading class java/util/stream/DoubleStream done
Event: 17,777 Thread 0x00007f87c0094810 Thread exited: 0x00007f87c0094810
Event: 22,773 loading class sun/security/ssl/Alert
Event: 22,773 loading class sun/security/ssl/Alert done
Event: 22,773 loading class sun/security/ssl/Alert$AlertConsumer
Event: 22,773 loading class sun/security/ssl/Alert$AlertConsumer done
Event: 22,773 loading class sun/security/ssl/Alert$Level
Event: 22,774 loading class sun/security/ssl/Alert$Level done
Event: 22,775 Thread 0x00007f8764178a10 Thread exited: 0x00007f8764178a10


Dynamic libraries:
60b400000-60f000000 rw-p 00000000 00:00 0 
60f000000-62a000000 ---p 00000000 00:00 0 
62a000000-62ac00000 rw-p 00000000 00:00 0 
62ac00000-7ff800000 ---p 00000000 00:00 0 
7ff800000-7ffb00000 rw-p 00000000 00:00 0 
7ffb00000-7ffb75000 rw-p 00c76000 08:02 13399095                         /usr/lib/jvm/java-17-openjdk-amd64/lib/server/classes.jsa
7ffb75000-7ffc00000 rw-p 00000000 00:00 0 
7ffc00000-7ffc77000 rw-p 00bff000 08:02 13399095                         /usr/lib/jvm/java-17-openjdk-amd64/lib/server/classes.jsa
7ffc77000-800000000 rw-p 00000000 00:00 0 
5654ca164000-5654ca165000 r--p 00000000 08:02 13398943                   /usr/lib/jvm/java-17-openjdk-amd64/bin/java
5654ca165000-5654ca166000 r-xp 00001000 08:02 13398943                   /usr/lib/jvm/java-17-openjdk-amd64/bin/java
5654ca166000-5654ca167000 r--p 00002000 08:02 13398943                   /usr/lib/jvm/java-17-openjdk-amd64/bin/java
5654ca167000-5654ca168000 r--p 00002000 08:02 13398943                   /usr/lib/jvm/java-17-openjdk-amd64/bin/java
5654ca168000-5654ca169000 rw-p 00003000 08:02 13398943                   /usr/lib/jvm/java-17-openjdk-amd64/bin/java
5654cc0df000-5654cc14c000 rw-p 00000000 00:00 0                          [heap]
7f8734000000-7f8734021000 rw-p 00000000 00:00 0 
7f8734021000-7f8738000000 ---p 00000000 00:00 0 
7f873c000000-7f873c021000 rw-p 00000000 00:00 0 
7f873c021000-7f8740000000 ---p 00000000 00:00 0 
7f8740000000-7f8740021000 rw-p 00000000 00:00 0 
7f8740021000-7f8744000000 ---p 00000000 00:00 0 
7f8744000000-7f8744021000 rw-p 00000000 00:00 0 
7f8744021000-7f8748000000 ---p 00000000 00:00 0 
7f8748000000-7f8748021000 rw-p 00000000 00:00 0 
7f8748021000-7f874c000000 ---p 00000000 00:00 0 
7f874c000000-7f874c021000 rw-p 00000000 00:00 0 
7f874c021000-7f8750000000 ---p 00000000 00:00 0 
7f8750000000-7f8750021000 rw-p 00000000 00:00 0 
7f8750021000-7f8754000000 ---p 00000000 00:00 0 
7f8754000000-7f8754021000 rw-p 00000000 00:00 0 
7f8754021000-7f8758000000 ---p 00000000 00:00 0 
7f8758000000-7f8758021000 rw-p 00000000 00:00 0 
7f8758021000-7f875c000000 ---p 00000000 00:00 0 
7f875c000000-7f875c021000 rw-p 00000000 00:00 0 
7f875c021000-7f8760000000 ---p 00000000 00:00 0 
7f8760000000-7f8760021000 rw-p 00000000 00:00 0 
7f8760021000-7f8764000000 ---p 00000000 00:00 0 
7f8764000000-7f8764194000 rw-p 00000000 00:00 0 
7f8764194000-7f8768000000 ---p 00000000 00:00 0 
7f8768000000-7f8768021000 rw-p 00000000 00:00 0 
7f8768021000-7f876c000000 ---p 00000000 00:00 0 
7f876c000000-7f876c021000 rw-p 00000000 00:00 0 
7f876c021000-7f8770000000 ---p 00000000 00:00 0 
7f8770000000-7f8770021000 rw-p 00000000 00:00 0 
7f8770021000-7f8774000000 ---p 00000000 00:00 0 
7f8774000000-7f8774214000 rw-p 00000000 00:00 0 
7f8774214000-7f8778000000 ---p 00000000 00:00 0 
7f8778000000-7f8778021000 rw-p 00000000 00:00 0 
7f8778021000-7f877c000000 ---p 00000000 00:00 0 
7f877c000000-7f877c021000 rw-p 00000000 00:00 0 
7f877c021000-7f8780000000 ---p 00000000 00:00 0 
7f8780000000-7f8780021000 rw-p 00000000 00:00 0 
7f8780021000-7f8784000000 ---p 00000000 00:00 0 
7f8784000000-7f8784021000 rw-p 00000000 00:00 0 
7f8784021000-7f8788000000 ---p 00000000 00:00 0 
7f8788000000-7f8788021000 rw-p 00000000 00:00 0 
7f8788021000-7f878c000000 ---p 00000000 00:00 0 
7f878c000000-7f878c021000 rw-p 00000000 00:00 0 
7f878c021000-7f8790000000 ---p 00000000 00:00 0 
7f8790000000-7f8790021000 rw-p 00000000 00:00 0 
7f8790021000-7f8794000000 ---p 00000000 00:00 0 
7f8794000000-7f8794021000 rw-p 00000000 00:00 0 
7f8794021000-7f8798000000 ---p 00000000 00:00 0 
7f8798000000-7f8798021000 rw-p 00000000 00:00 0 
7f8798021000-7f879c000000 ---p 00000000 00:00 0 
7f879c000000-7f879c028000 rw-p 00000000 00:00 0 
7f879c028000-7f87a0000000 ---p 00000000 00:00 0 
7f87a0000000-7f87a0021000 rw-p 00000000 00:00 0 
7f87a0021000-7f87a4000000 ---p 00000000 00:00 0 
7f87a4000000-7f87a4169000 rw-p 00000000 00:00 0 
7f87a4169000-7f87a8000000 ---p 00000000 00:00 0 
7f87a8000000-7f87a812d000 rw-p 00000000 00:00 0 
7f87a812d000-7f87ac000000 ---p 00000000 00:00 0 
7f87ac000000-7f87ac021000 rw-p 00000000 00:00 0 
7f87ac021000-7f87b0000000 ---p 00000000 00:00 0 
7f87b0000000-7f87b0021000 rw-p 00000000 00:00 0 
7f87b0021000-7f87b4000000 ---p 00000000 00:00 0 
7f87b4000000-7f87b4021000 rw-p 00000000 00:00 0 
7f87b4021000-7f87b8000000 ---p 00000000 00:00 0 
7f87b8000000-7f87b8021000 rw-p 00000000 00:00 0 
7f87b8021000-7f87bc000000 ---p 00000000 00:00 0 
7f87bc000000-7f87bc021000 rw-p 00000000 00:00 0 
7f87bc021000-7f87c0000000 ---p 00000000 00:00 0 
7f87c0000000-7f87c0215000 rw-p 00000000 00:00 0 
7f87c0215000-7f87c4000000 ---p 00000000 00:00 0 
7f87c4000000-7f87c4021000 rw-p 00000000 00:00 0 
7f87c4021000-7f87c8000000 ---p 00000000 00:00 0 
7f87c8000000-7f87c8021000 rw-p 00000000 00:00 0 
7f87c8021000-7f87cc000000 ---p 00000000 00:00 0 
7f87cc000000-7f87cc021000 rw-p 00000000 00:00 0 
7f87cc021000-7f87d0000000 ---p 00000000 00:00 0 
7f87d0000000-7f87d0021000 rw-p 00000000 00:00 0 
7f87d0021000-7f87d4000000 ---p 00000000 00:00 0 
7f87d4000000-7f87d4021000 rw-p 00000000 00:00 0 
7f87d4021000-7f87d8000000 ---p 00000000 00:00 0 
7f87d9c1d000-7f87d9ffe000 rw-p 00000000 00:00 0 
7f87d9ffe000-7f87da002000 ---p 00000000 00:00 0 
7f87da002000-7f87da0fe000 rw-p 00000000 00:00 0 
7f87da0fe000-7f87da102000 ---p 00000000 00:00 0 
7f87da102000-7f87da1fe000 rw-p 00000000 00:00 0 
7f87da1fe000-7f87da202000 ---p 00000000 00:00 0 
7f87da202000-7f87da2fe000 rw-p 00000000 00:00 0 
7f87da2fe000-7f87da302000 ---p 00000000 00:00 0 
7f87da302000-7f87da3fe000 rw-p 00000000 00:00 0 
7f87da3fe000-7f87da402000 ---p 00000000 00:00 0 
7f87da402000-7f87da4fe000 rw-p 00000000 00:00 0 
7f87da4fe000-7f87da502000 ---p 00000000 00:00 0 
7f87da502000-7f87da5fe000 rw-p 00000000 00:00 0 
7f87da5fe000-7f87da602000 ---p 00000000 00:00 0 
7f87da602000-7f87da6fe000 rw-p 00000000 00:00 0 
7f87da6fe000-7f87da702000 ---p 00000000 00:00 0 
7f87da702000-7f87da7fe000 rw-p 00000000 00:00 0 
7f87da7fe000-7f87da802000 ---p 00000000 00:00 0 
7f87da802000-7f87da8fe000 rw-p 00000000 00:00 0 
7f87da8fe000-7f87da902000 ---p 00000000 00:00 0 
7f87da902000-7f87da9fe000 rw-p 00000000 00:00 0 
7f87da9fe000-7f87daa02000 ---p 00000000 00:00 0 
7f87daa02000-7f87daafe000 rw-p 00000000 00:00 0 
7f87daafe000-7f87dab02000 ---p 00000000 00:00 0 
7f87dab02000-7f87dabfe000 rw-p 00000000 00:00 0 
7f87dabfe000-7f87dac02000 ---p 00000000 00:00 0 
7f87dac02000-7f87dacfe000 rw-p 00000000 00:00 0 
7f87dacfe000-7f87dacff000 ---p 00000000 00:00 0 
7f87dacff000-7f87dadff000 rw-p 00000000 00:00 0 
7f87dadff000-7f87dae00000 ---p 00000000 00:00 0 
7f87dae00000-7f87daf00000 rw-p 00000000 00:00 0 
7f87daf00000-7f87daf04000 ---p 00000000 00:00 0 
7f87daf04000-7f87db000000 rw-p 00000000 00:00 0 
7f87db000000-7f87dbbc7000 rw-p 00001000 08:02 13399095                   /usr/lib/jvm/java-17-openjdk-amd64/lib/server/classes.jsa
7f87dbbc7000-7f87dc000000 ---p 00000000 00:00 0 
7f87dc000000-7f87dc040000 rw-p 00000000 00:00 0 
7f87dc040000-7f87dc080000 rw-p 00000000 00:00 0 
7f87dc080000-7f87dc0e0000 rw-p 00000000 00:00 0 
7f87dc0e0000-7f87dc100000 rw-p 00000000 00:00 0 
7f87dc100000-7f87dc2c0000 rw-p 00000000 00:00 0 
7f87dc2c0000-7f87dc300000 rw-p 00000000 00:00 0 
7f87dc300000-7f87dc440000 rw-p 00000000 00:00 0 
7f87dc440000-7f87dc460000 rw-p 00000000 00:00 0 
7f87dc460000-7f87dc490000 rw-p 00000000 00:00 0 
7f87dc490000-7f87dc4c0000 ---p 00000000 00:00 0 
7f87dc4c0000-7f87dc4d0000 rw-p 00000000 00:00 0 
7f87dc4d0000-7f881c000000 ---p 00000000 00:00 0 
7f881c000000-7f881c021000 rw-p 00000000 00:00 0 
7f881c021000-7f8820000000 ---p 00000000 00:00 0 
7f8820000000-7f8820400000 rw-p 00000000 00:00 0 
7f8820400000-7f8821500000 rw-p 00000000 00:00 0 
7f8821500000-7f8821600000 rw-p 00000000 00:00 0 
7f8821600000-7f88217e0000 rw-p 00000000 00:00 0 
7f88217e0000-7f8821900000 rw-p 00000000 00:00 0 
7f8821900000-7f8821940000 rw-p 00000000 00:00 0 
7f8821940000-7f8821980000 rw-p 00000000 00:00 0 
7f8821980000-7f8821b00000 rw-p 00000000 00:00 0 
7f8821b00000-7f8821b40000 rw-p 00000000 00:00 0 
7f8821b40000-7f8821b80000 rw-p 00000000 00:00 0 
7f8821b80000-7f8821c30000 rw-p 00000000 00:00 0 
7f8821c30000-7f8821d00000 ---p 00000000 00:00 0 
7f8821d00000-7f8821d10000 rw-p 00000000 00:00 0 
7f8821d10000-7f8824000000 ---p 00000000 00:00 0 
7f8824000000-7f8824021000 rw-p 00000000 00:00 0 
7f8824021000-7f8828000000 ---p 00000000 00:00 0 
7f88280cc000-7f88280d3000 r--s 00000000 08:02 13515245                   /usr/lib/x86_64-linux-gnu/gconv/gconv-modules.cache
7f88280d3000-7f88280d7000 ---p 00000000 00:00 0 
7f88280d7000-7f88281d3000 rw-p 00000000 00:00 0 
7f88281d3000-7f88281d4000 ---p 00000000 00:00 0 
7f88281d4000-7f88282d4000 rw-p 00000000 00:00 0 
7f88282d4000-7f88282d5000 ---p 00000000 00:00 0 
7f88282d5000-7f88283d5000 rw-p 00000000 00:00 0 
7f88283d5000-7f88283d6000 ---p 00000000 00:00 0 
7f88283d6000-7f88284d6000 rw-p 00000000 00:00 0 
7f88284d6000-7f88284d7000 ---p 00000000 00:00 0 
7f88284d7000-7f88285d7000 rw-p 00000000 00:00 0 
7f88285d7000-7f88285d8000 ---p 00000000 00:00 0 
7f88285d8000-7f88286d8000 rw-p 00000000 00:00 0 
7f88286d8000-7f88286d9000 ---p 00000000 00:00 0 
7f88286d9000-7f88287d9000 rw-p 00000000 00:00 0 
7f88287d9000-7f88287da000 ---p 00000000 00:00 0 
7f88287da000-7f88288da000 rw-p 00000000 00:00 0 
7f88288da000-7f88288db000 ---p 00000000 00:00 0 
7f88288db000-7f88289db000 rw-p 00000000 00:00 0 
7f88289db000-7f88289dc000 ---p 00000000 00:00 0 
7f88289dc000-7f8828adc000 rw-p 00000000 00:00 0 
7f8828adc000-7f8828ae0000 ---p 00000000 00:00 0 
7f8828ae0000-7f8828bdc000 rw-p 00000000 00:00 0 
7f8828bdc000-7f8828be0000 ---p 00000000 00:00 0 
7f8828be0000-7f8828cdc000 rw-p 00000000 00:00 0 
7f8828cdc000-7f8828ce0000 ---p 00000000 00:00 0 
7f8828ce0000-7f8828ddc000 rw-p 00000000 00:00 0 
7f8828ddc000-7f8828de0000 ---p 00000000 00:00 0 
7f8828de0000-7f8828edc000 rw-p 00000000 00:00 0 
7f8828edc000-7f8828edd000 ---p 00000000 00:00 0 
7f8828edd000-7f8828fdd000 rw-p 00000000 00:00 0 
7f8828fdd000-7f8828fe1000 ---p 00000000 00:00 0 
7f8828fe1000-7f88290dd000 rw-p 00000000 00:00 0 
7f88290dd000-7f88290e1000 ---p 00000000 00:00 0 
7f88290e1000-7f88291dd000 rw-p 00000000 00:00 0 
7f88291dd000-7f88291e1000 ---p 00000000 00:00 0 
7f88291e1000-7f88292dd000 rw-p 00000000 00:00 0 
7f88292dd000-7f88292e1000 ---p 00000000 00:00 0 
7f88292e1000-7f88293dd000 rw-p 00000000 00:00 0 
7f88293dd000-7f88293e1000 ---p 00000000 00:00 0 
7f88293e1000-7f88294dd000 rw-p 00000000 00:00 0 
7f88294dd000-7f88294e1000 ---p 00000000 00:00 0 
7f88294e1000-7f88295dd000 rw-p 00000000 00:00 0 
7f88295dd000-7f8829b52000 r--p 00000000 08:02 13374161                   /usr/lib/locale/locale-archive
7f8829b52000-7f8829b56000 ---p 00000000 00:00 0 
7f8829b56000-7f8829c52000 rw-p 00000000 00:00 0 
7f8829c52000-7f8829c56000 ---p 00000000 00:00 0 
7f8829c56000-7f8829d52000 rw-p 00000000 00:00 0 
7f8829d52000-7f8829d53000 ---p 00000000 00:00 0 
7f8829d53000-7f8829e53000 rw-p 00000000 00:00 0 
7f8829e53000-7f8829e58000 r--p 00000000 08:02 13399077                   /usr/lib/jvm/java-17-openjdk-amd64/lib/libjsvml.so
7f8829e58000-7f8829e99000 r-xp 00005000 08:02 13399077                   /usr/lib/jvm/java-17-openjdk-amd64/lib/libjsvml.so
7f8829e99000-7f8829f22000 r--p 00046000 08:02 13399077                   /usr/lib/jvm/java-17-openjdk-amd64/lib/libjsvml.so
7f8829f22000-7f8829f23000 r--p 000ce000 08:02 13399077                   /usr/lib/jvm/java-17-openjdk-amd64/lib/libjsvml.so
7f8829f23000-7f8829f24000 rw-p 000cf000 08:02 13399077                   /usr/lib/jvm/java-17-openjdk-amd64/lib/libjsvml.so
7f8829f24000-7f882c000000 rw-p 00000000 00:00 0 
7f882c000000-7f882c021000 rw-p 00000000 00:00 0 
7f882c021000-7f8830000000 ---p 00000000 00:00 0 
7f8830000000-7f8830021000 rw-p 00000000 00:00 0 
7f8830021000-7f8834000000 ---p 00000000 00:00 0 
7f8834000000-7f8834021000 rw-p 00000000 00:00 0 
7f8834021000-7f8838000000 ---p 00000000 00:00 0 
7f8838003000-7f8838004000 r--p 00000000 08:02 13401954                   /usr/lib/x86_64-linux-gnu/libnss_mdns4_minimal.so.2
7f8838004000-7f8838006000 r-xp 00001000 08:02 13401954                   /usr/lib/x86_64-linux-gnu/libnss_mdns4_minimal.so.2
7f8838006000-7f8838007000 r--p 00003000 08:02 13401954                   /usr/lib/x86_64-linux-gnu/libnss_mdns4_minimal.so.2
7f8838007000-7f8838008000 r--p 00003000 08:02 13401954                   /usr/lib/x86_64-linux-gnu/libnss_mdns4_minimal.so.2
7f8838008000-7f8838009000 rw-p 00004000 08:02 13401954                   /usr/lib/x86_64-linux-gnu/libnss_mdns4_minimal.so.2
7f8838009000-7f883800a000 r--p 00000000 08:02 13399063                   /usr/lib/jvm/java-17-openjdk-amd64/lib/libextnet.so
7f883800a000-7f883800b000 r-xp 00001000 08:02 13399063                   /usr/lib/jvm/java-17-openjdk-amd64/lib/libextnet.so
7f883800b000-7f883800c000 r--p 00002000 08:02 13399063                   /usr/lib/jvm/java-17-openjdk-amd64/lib/libextnet.so
7f883800c000-7f883800d000 r--p 00002000 08:02 13399063                   /usr/lib/jvm/java-17-openjdk-amd64/lib/libextnet.so
7f883800d000-7f883800e000 rw-p 00003000 08:02 13399063                   /usr/lib/jvm/java-17-openjdk-amd64/lib/libextnet.so
7f883800e000-7f8838080000 rw-p 00000000 00:00 0 
7f8838080000-7f8838081000 ---p 00000000 00:00 0 
7f8838081000-7f8838181000 rw-p 00000000 00:00 0 
7f8838181000-7f8838182000 ---p 00000000 00:00 0 
7f8838182000-7f8838c7b000 rw-p 00000000 00:00 0 
7f8838c7b000-7f883933b000 ---p 00000000 00:00 0 
7f883933b000-7f883936b000 rw-p 00000000 00:00 0 
7f883936b000-7f884089b000 ---p 00000000 00:00 0 
7f884089b000-7f88409ab000 rw-p 00000000 00:00 0 
7f88409ab000-7f884106b000 ---p 00000000 00:00 0 
7f884106b000-7f884109b000 rw-p 00000000 00:00 0 
7f884109b000-7f88485cb000 ---p 00000000 00:00 0 
7f88485cb000-7f8848609000 rw-p 00000000 00:00 0 
7f8848609000-7f88486e1000 ---p 00000000 00:00 0 
7f88486e1000-7f88486e7000 rw-p 00000000 00:00 0 
7f88486e7000-7f884958d000 ---p 00000000 00:00 0 
7f884958d000-7f8849591000 rw-p 00000000 00:00 0 
7f8849591000-7f8849e01000 rwxp 00000000 00:00 0 
7f8849e01000-7f884c591000 ---p 00000000 00:00 0 
7f884c591000-7f8854000000 r--s 00000000 08:02 13399092                   /usr/lib/jvm/java-17-openjdk-amd64/lib/modules
7f8854000000-7f8854a5d000 rw-p 00000000 00:00 0 
7f8854a5d000-7f8858000000 ---p 00000000 00:00 0 
7f8858004000-7f8858006000 r--p 00000000 08:02 13399081                   /usr/lib/jvm/java-17-openjdk-amd64/lib/libmanagement_ext.so
7f8858006000-7f8858009000 r-xp 00002000 08:02 13399081                   /usr/lib/jvm/java-17-openjdk-amd64/lib/libmanagement_ext.so
7f8858009000-7f885800b000 r--p 00005000 08:02 13399081                   /usr/lib/jvm/java-17-openjdk-amd64/lib/libmanagement_ext.so
7f885800b000-7f885800c000 r--p 00006000 08:02 13399081                   /usr/lib/jvm/java-17-openjdk-amd64/lib/libmanagement_ext.so
7f885800c000-7f885800d000 rw-p 00007000 08:02 13399081                   /usr/lib/jvm/java-17-openjdk-amd64/lib/libmanagement_ext.so
7f885800d000-7f885800f000 r--p 00000000 08:02 13399079                   /usr/lib/jvm/java-17-openjdk-amd64/lib/libmanagement.so
7f885800f000-7f8858010000 r-xp 00002000 08:02 13399079                   /usr/lib/jvm/java-17-openjdk-amd64/lib/libmanagement.so
7f8858010000-7f8858011000 r--p 00003000 08:02 13399079                   /usr/lib/jvm/java-17-openjdk-amd64/lib/libmanagement.so
7f8858011000-7f8858012000 r--p 00003000 08:02 13399079                   /usr/lib/jvm/java-17-openjdk-amd64/lib/libmanagement.so
7f8858012000-7f8858013000 rw-p 00004000 08:02 13399079                   /usr/lib/jvm/java-17-openjdk-amd64/lib/libmanagement.so
7f8858013000-7f8858015000 r--p 00000000 08:02 13399091                   /usr/lib/jvm/java-17-openjdk-amd64/lib/libzip.so
7f8858015000-7f885801a000 r-xp 00002000 08:02 13399091                   /usr/lib/jvm/java-17-openjdk-amd64/lib/libzip.so
7f885801a000-7f885801c000 r--p 00007000 08:02 13399091                   /usr/lib/jvm/java-17-openjdk-amd64/lib/libzip.so
7f885801c000-7f885801d000 r--p 00008000 08:02 13399091                   /usr/lib/jvm/java-17-openjdk-amd64/lib/libzip.so
7f885801d000-7f885801e000 rw-p 00009000 08:02 13399091                   /usr/lib/jvm/java-17-openjdk-amd64/lib/libzip.so
7f885801e000-7f8858022000 r--p 00000000 08:02 13399083                   /usr/lib/jvm/java-17-openjdk-amd64/lib/libnet.so
7f8858022000-7f8858030000 r-xp 00004000 08:02 13399083                   /usr/lib/jvm/java-17-openjdk-amd64/lib/libnet.so
7f8858030000-7f8858034000 r--p 00012000 08:02 13399083                   /usr/lib/jvm/java-17-openjdk-amd64/lib/libnet.so
7f8858034000-7f8858035000 r--p 00015000 08:02 13399083                   /usr/lib/jvm/java-17-openjdk-amd64/lib/libnet.so
7f8858035000-7f8858036000 rw-p 00016000 08:02 13399083                   /usr/lib/jvm/java-17-openjdk-amd64/lib/libnet.so
7f8858036000-7f885803d000 r--p 00000000 08:02 13399084                   /usr/lib/jvm/java-17-openjdk-amd64/lib/libnio.so
7f885803d000-7f8858046000 r-xp 00007000 08:02 13399084                   /usr/lib/jvm/java-17-openjdk-amd64/lib/libnio.so
7f8858046000-7f885804a000 r--p 00010000 08:02 13399084                   /usr/lib/jvm/java-17-openjdk-amd64/lib/libnio.so
7f885804a000-7f885804b000 ---p 00014000 08:02 13399084                   /usr/lib/jvm/java-17-openjdk-amd64/lib/libnio.so
7f885804b000-7f885804c000 r--p 00014000 08:02 13399084                   /usr/lib/jvm/java-17-openjdk-amd64/lib/libnio.so
7f885804c000-7f885804d000 rw-p 00015000 08:02 13399084                   /usr/lib/jvm/java-17-openjdk-amd64/lib/libnio.so
7f885804d000-7f885814e000 rw-p 00000000 00:00 0 
7f885814e000-7f885814f000 ---p 00000000 00:00 0 
7f885814f000-7f885824f000 rw-p 00000000 00:00 0 
7f885824f000-7f8858250000 ---p 00000000 00:00 0 
7f8858250000-7f8858350000 rw-p 00000000 00:00 0 
7f8858350000-7f8858351000 ---p 00000000 00:00 0 
7f8858351000-7f8858530000 rw-p 00000000 00:00 0 
7f8858530000-7f8858608000 ---p 00000000 00:00 0 
7f8858608000-7f885860e000 rw-p 00000000 00:00 0 
7f885860e000-7f88594b4000 ---p 00000000 00:00 0 
7f88594b4000-7f88594d6000 rw-p 00000000 00:00 0 
7f88594d6000-7f88595ae000 ---p 00000000 00:00 0 
7f88595ae000-7f88595b4000 rw-p 00000000 00:00 0 
7f88595b4000-7f885a45a000 ---p 00000000 00:00 0 
7f885a45a000-7f885aeb8000 rw-p 00000000 00:00 0 
7f885aeb8000-7f885af07000 ---p 00000000 00:00 0 
7f885af07000-7f885af13000 r--p 00000000 08:02 13399070                   /usr/lib/jvm/java-17-openjdk-amd64/lib/libjava.so
7f885af13000-7f885af26000 r-xp 0000c000 08:02 13399070                   /usr/lib/jvm/java-17-openjdk-amd64/lib/libjava.so
7f885af26000-7f885af2c000 r--p 0001f000 08:02 13399070                   /usr/lib/jvm/java-17-openjdk-amd64/lib/libjava.so
7f885af2c000-7f885af2d000 r--p 00024000 08:02 13399070                   /usr/lib/jvm/java-17-openjdk-amd64/lib/libjava.so
7f885af2d000-7f885af2e000 rw-p 00025000 08:02 13399070                   /usr/lib/jvm/java-17-openjdk-amd64/lib/libjava.so
7f885af2e000-7f885af2f000 rw-p 00000000 00:00 0 
7f885af2f000-7f885af33000 ---p 00000000 00:00 0 
7f885af33000-7f885b02f000 rw-p 00000000 00:00 0 
7f885b02f000-7f885b032000 r--p 00000000 08:02 13369903                   /usr/lib/x86_64-linux-gnu/libgcc_s.so.1
7f885b032000-7f885b049000 r-xp 00003000 08:02 13369903                   /usr/lib/x86_64-linux-gnu/libgcc_s.so.1
7f885b049000-7f885b04d000 r--p 0001a000 08:02 13369903                   /usr/lib/x86_64-linux-gnu/libgcc_s.so.1
7f885b04d000-7f885b04e000 r--p 0001d000 08:02 13369903                   /usr/lib/x86_64-linux-gnu/libgcc_s.so.1
7f885b04e000-7f885b04f000 rw-p 0001e000 08:02 13369903                   /usr/lib/x86_64-linux-gnu/libgcc_s.so.1
7f885b04f000-7f885b05d000 r--p 00000000 08:02 13370571                   /usr/lib/x86_64-linux-gnu/libm.so.6
7f885b05d000-7f885b0d9000 r-xp 0000e000 08:02 13370571                   /usr/lib/x86_64-linux-gnu/libm.so.6
7f885b0d9000-7f885b134000 r--p 0008a000 08:02 13370571                   /usr/lib/x86_64-linux-gnu/libm.so.6
7f885b134000-7f885b135000 r--p 000e4000 08:02 13370571                   /usr/lib/x86_64-linux-gnu/libm.so.6
7f885b135000-7f885b136000 rw-p 000e5000 08:02 13370571                   /usr/lib/x86_64-linux-gnu/libm.so.6
7f885b136000-7f885b1d0000 r--p 00000000 08:02 13369612                   /usr/lib/x86_64-linux-gnu/libstdc++.so.6.0.30
7f885b1d0000-7f885b2e1000 r-xp 0009a000 08:02 13369612                   /usr/lib/x86_64-linux-gnu/libstdc++.so.6.0.30
7f885b2e1000-7f885b350000 r--p 001ab000 08:02 13369612                   /usr/lib/x86_64-linux-gnu/libstdc++.so.6.0.30
7f885b350000-7f885b351000 ---p 0021a000 08:02 13369612                   /usr/lib/x86_64-linux-gnu/libstdc++.so.6.0.30
7f885b351000-7f885b35c000 r--p 0021a000 08:02 13369612                   /usr/lib/x86_64-linux-gnu/libstdc++.so.6.0.30
7f885b35c000-7f885b35f000 rw-p 00225000 08:02 13369612                   /usr/lib/x86_64-linux-gnu/libstdc++.so.6.0.30
7f885b35f000-7f885b362000 rw-p 00000000 00:00 0 
7f885b362000-7f885b5b3000 r--p 00000000 08:02 13399098                   /usr/lib/jvm/java-17-openjdk-amd64/lib/server/libjvm.so
7f885b5b3000-7f885c317000 r-xp 00251000 08:02 13399098                   /usr/lib/jvm/java-17-openjdk-amd64/lib/server/libjvm.so
7f885c317000-7f885c599000 r--p 00fb5000 08:02 13399098                   /usr/lib/jvm/java-17-openjdk-amd64/lib/server/libjvm.so
7f885c599000-7f885c59a000 ---p 01237000 08:02 13399098                   /usr/lib/jvm/java-17-openjdk-amd64/lib/server/libjvm.so
7f885c59a000-7f885c652000 r--p 01237000 08:02 13399098                   /usr/lib/jvm/java-17-openjdk-amd64/lib/server/libjvm.so
7f885c652000-7f885c687000 rw-p 012ef000 08:02 13399098                   /usr/lib/jvm/java-17-openjdk-amd64/lib/server/libjvm.so
7f885c687000-7f885c6e4000 rw-p 00000000 00:00 0 
7f885c6e4000-7f885c70c000 r--p 00000000 08:02 13370567                   /usr/lib/x86_64-linux-gnu/libc.so.6
7f885c70c000-7f885c8a1000 r-xp 00028000 08:02 13370567                   /usr/lib/x86_64-linux-gnu/libc.so.6
7f885c8a1000-7f885c8f9000 r--p 001bd000 08:02 13370567                   /usr/lib/x86_64-linux-gnu/libc.so.6
7f885c8f9000-7f885c8fa000 ---p 00215000 08:02 13370567                   /usr/lib/x86_64-linux-gnu/libc.so.6
7f885c8fa000-7f885c8fe000 r--p 00215000 08:02 13370567                   /usr/lib/x86_64-linux-gnu/libc.so.6
7f885c8fe000-7f885c900000 rw-p 00219000 08:02 13370567                   /usr/lib/x86_64-linux-gnu/libc.so.6
7f885c900000-7f885c90d000 rw-p 00000000 00:00 0 
7f885c90d000-7f885c90f000 r--p 00000000 08:02 13399074                   /usr/lib/jvm/java-17-openjdk-amd64/lib/libjli.so
7f885c90f000-7f885c919000 r-xp 00002000 08:02 13399074                   /usr/lib/jvm/java-17-openjdk-amd64/lib/libjli.so
7f885c919000-7f885c91c000 r--p 0000c000 08:02 13399074                   /usr/lib/jvm/java-17-openjdk-amd64/lib/libjli.so
7f885c91c000-7f885c91d000 r--p 0000e000 08:02 13399074                   /usr/lib/jvm/java-17-openjdk-amd64/lib/libjli.so
7f885c91d000-7f885c91e000 rw-p 0000f000 08:02 13399074                   /usr/lib/jvm/java-17-openjdk-amd64/lib/libjli.so
7f885c91e000-7f885c920000 r--p 00000000 08:02 13402577                   /usr/lib/x86_64-linux-gnu/libz.so.1.2.11
7f885c920000-7f885c931000 r-xp 00002000 08:02 13402577                   /usr/lib/x86_64-linux-gnu/libz.so.1.2.11
7f885c931000-7f885c937000 r--p 00013000 08:02 13402577                   /usr/lib/x86_64-linux-gnu/libz.so.1.2.11
7f885c937000-7f885c938000 ---p 00019000 08:02 13402577                   /usr/lib/x86_64-linux-gnu/libz.so.1.2.11
7f885c938000-7f885c939000 r--p 00019000 08:02 13402577                   /usr/lib/x86_64-linux-gnu/libz.so.1.2.11
7f885c939000-7f885c93a000 rw-p 0001a000 08:02 13402577                   /usr/lib/x86_64-linux-gnu/libz.so.1.2.11
7f885c93e000-7f885c946000 rw-s 00000000 08:02 3410163                    /tmp/hsperfdata_driver/53029
7f885c946000-7f885c947000 ---p 00000000 00:00 0 
7f885c947000-7f885c948000 r--p 00000000 00:00 0 
7f885c948000-7f885c94a000 r--p 00000000 08:02 13399073                   /usr/lib/jvm/java-17-openjdk-amd64/lib/libjimage.so
7f885c94a000-7f885c94d000 r-xp 00002000 08:02 13399073                   /usr/lib/jvm/java-17-openjdk-amd64/lib/libjimage.so
7f885c94d000-7f885c94e000 r--p 00005000 08:02 13399073                   /usr/lib/jvm/java-17-openjdk-amd64/lib/libjimage.so
7f885c94e000-7f885c94f000 ---p 00006000 08:02 13399073                   /usr/lib/jvm/java-17-openjdk-amd64/lib/libjimage.so
7f885c94f000-7f885c950000 r--p 00006000 08:02 13399073                   /usr/lib/jvm/java-17-openjdk-amd64/lib/libjimage.so
7f885c950000-7f885c951000 rw-p 00007000 08:02 13399073                   /usr/lib/jvm/java-17-openjdk-amd64/lib/libjimage.so
7f885c951000-7f885c953000 rw-p 00000000 00:00 0 
7f885c953000-7f885c955000 r--p 00000000 08:02 13370134                   /usr/lib/x86_64-linux-gnu/ld-linux-x86-64.so.2
7f885c955000-7f885c97f000 r-xp 00002000 08:02 13370134                   /usr/lib/x86_64-linux-gnu/ld-linux-x86-64.so.2
7f885c97f000-7f885c98a000 r--p 0002c000 08:02 13370134                   /usr/lib/x86_64-linux-gnu/ld-linux-x86-64.so.2
7f885c98a000-7f885c98b000 ---p 00000000 00:00 0 
7f885c98b000-7f885c98d000 r--p 00037000 08:02 13370134                   /usr/lib/x86_64-linux-gnu/ld-linux-x86-64.so.2
7f885c98d000-7f885c98f000 rw-p 00039000 08:02 13370134                   /usr/lib/x86_64-linux-gnu/ld-linux-x86-64.so.2
7fffb3c75000-7fffb3c98000 rw-p 00000000 00:00 0                          [stack]
7fffb3d67000-7fffb3d6b000 r--p 00000000 00:00 0                          [vvar]
7fffb3d6b000-7fffb3d6d000 r-xp 00000000 00:00 0                          [vdso]
ffffffffff600000-ffffffffff601000 --xp 00000000 00:00 0                  [vsyscall]


VM Arguments:
jvm_args: -XX:TieredStopAtLevel=1 
java_command: com.SurpizzaApplication
java_class_path (initial): /home/driver/Desktop/linux_dev/surpizza/server/target/classes:/home/driver/.m2/repository/org/springframework/boot/spring-boot/3.3.0/spring-boot-3.3.0.jar:/home/driver/.m2/repository/org/springframework/boot/spring-boot-autoconfigure/3.3.0/spring-boot-autoconfigure-3.3.0.jar:/home/driver/.m2/repository/ch/qos/logback/logback-classic/1.5.6/logback-classic-1.5.6.jar:/home/driver/.m2/repository/ch/qos/logback/logback-core/1.5.6/logback-core-1.5.6.jar:/home/driver/.m2/repository/org/apache/logging/log4j/log4j-to-slf4j/2.23.1/log4j-to-slf4j-2.23.1.jar:/home/driver/.m2/repository/org/apache/logging/log4j/log4j-api/2.23.1/log4j-api-2.23.1.jar:/home/driver/.m2/repository/org/slf4j/jul-to-slf4j/2.0.13/jul-to-slf4j-2.0.13.jar:/home/driver/.m2/repository/jakarta/annotation/jakarta.annotation-api/2.1.1/jakarta.annotation-api-2.1.1.jar:/home/driver/.m2/repository/org/yaml/snakeyaml/2.2/snakeyaml-2.2.jar:/home/driver/.m2/repository/com/fasterxml/jackson/core/jackson-databind/2.17.1/jackson-databind-2.17.1.jar:/home/driver/.m2/repository/com/fasterxml/jackson/core/jackson-annotations/2.17.1/jackson-annotations-2.17.1.jar:/home/driver/.m2/repository/com/fasterxml/jackson/core/jackson-core/2.17.1/jackson-core-2.17.1.jar:/home/driver/.m2/repository/com/fasterxml/jackson/datatype/jackson-datatype-jdk8/2.17.1/jackson-datatype-jdk8-2.17.1.jar:/home/driver/.m2/repository/com/fasterxml/jackson/datatype/jackson-datatype-jsr310/2.17.1/jackson-datatype-jsr310-2.17.1.jar:/home/driver/.m2/repository/com/fasterxml/jackson/module/jackson-module-parameter-names/2.17.1/jackson-module-parameter-names-2.17.1.jar:/home/driver/.m2/repository/org/apache/tomcat/embed/tomcat-embed-core/10.1.24/tomcat-embed-core-10.1.24.jar:/home/driver/.m2/repository/org/apache/tomcat/embed/tomcat-embed-el/10.1.24/tomcat-embed-el-10.1.24.jar:/home/driver/.m2/repository/org/apache/tomcat/embed/tomcat-embed-websocket/10.1.24/tomcat-embed-websocket-10.1.24.jar:/home/driver/.m2/repository/org/spr
Launcher Type: SUN_STANDARD

[Global flags]
     intx CICompilerCount                          = 4                                         {product} {ergonomic}
     uint ConcGCThreads                            = 3                                         {product} {ergonomic}
     uint G1ConcRefinementThreads                  = 10                                        {product} {ergonomic}
   size_t G1HeapRegionSize                         = 4194304                                   {product} {ergonomic}
    uintx GCDrainStackTargetSize                   = 64                                        {product} {ergonomic}
   size_t InitialHeapSize                          = 528482304                                 {product} {ergonomic}
   size_t MarkStackSize                            = 4194304                                   {product} {ergonomic}
   size_t MaxHeapSize                              = 8401190912                                {product} {ergonomic}
   size_t MaxNewSize                               = 5037359104                                {product} {ergonomic}
   size_t MinHeapDeltaBytes                        = 4194304                                   {product} {ergonomic}
   size_t MinHeapSize                              = 8388608                                   {product} {ergonomic}
    uintx NonProfiledCodeHeapSize                  = 0                                      {pd product} {ergonomic}
     bool ProfileInterpreter                       = false                                  {pd product} {command line}
    uintx ProfiledCodeHeapSize                     = 0                                      {pd product} {ergonomic}
   size_t SoftMaxHeapSize                          = 8401190912                             {manageable} {ergonomic}
     intx TieredStopAtLevel                        = 1                                         {product} {command line}
     bool UseCompressedClassPointers               = true                           {product lp64_product} {ergonomic}
     bool UseCompressedOops                        = true                           {product lp64_product} {ergonomic}
     bool UseG1GC                                  = true                                      {product} {ergonomic}

Logging:
Log output configuration:
 #0: stdout all=warning uptime,level,tags
 #1: stderr all=off uptime,level,tags

Environment Variables:
PATH=/home/driver/Desktop/linux_dev/surpizza/server/node_modules/.bin:/home/driver/Desktop/linux_dev/surpizza/server/node_modules/.bin:/home/driver/Desktop/linux_dev/surpizza/node_modules/.bin:/home/driver/Desktop/linux_dev/node_modules/.bin:/home/driver/Desktop/node_modules/.bin:/home/driver/node_modules/.bin:/home/node_modules/.bin:/node_modules/.bin:/home/driver/.nvm/versions/node/v21.5.0/lib/node_modules/npm/node_modules/@npmcli/run-script/lib/node-gyp-bin:/home/driver/.local/share/pnpm:/home/driver/.nvm/versions/node/v21.5.0/bin:/home/driver/.cargo/bin:/usr/local/sbin:/usr/local/bin:/usr/sbin:/usr/bin:/sbin:/bin:/usr/games:/usr/local/games:/snap/bin:/home/driver/scripts:/home/driver/mongodb-database-tools-amazon2-x86_64-100.9.4/bin:/usr/local/go/bin:/home/driver/go/bin:/home/driver/.dotnet
SHELL=/bin/bash
DISPLAY=:0
LANG=en_US.UTF-8
LC_CTYPE=en_US.UTF-8
LC_NUMERIC=it_IT.UTF-8
LC_TIME=it_IT.UTF-8
TERM=xterm-256color

Active Locale:
LC_ALL=LC_CTYPE=en_US.UTF-8;LC_NUMERIC=it_IT.UTF-8;LC_TIME=it_IT.UTF-8;LC_COLLATE=en_US.UTF-8;LC_MONETARY=it_IT.UTF-8;LC_MESSAGES=en_US.UTF-8;LC_PAPER=it_IT.UTF-8;LC_NAME=it_IT.UTF-8;LC_ADDRESS=it_IT.UTF-8;LC_TELEPHONE=it_IT.UTF-8;LC_MEASUREMENT=it_IT.UTF-8;LC_IDENTIFICATION=it_IT.UTF-8
LC_COLLATE=en_US.UTF-8
LC_CTYPE=en_US.UTF-8
LC_MESSAGES=en_US.UTF-8
LC_MONETARY=it_IT.UTF-8
LC_NUMERIC=it_IT.UTF-8
LC_TIME=it_IT.UTF-8

Signal Handlers:
   SIGSEGV: crash_handler in libjvm.so, mask=11100100010111111101111111111110, flags=SA_RESTART|SA_SIGINFO, unblocked
    SIGBUS: crash_handler in libjvm.so, mask=11100100010111111101111111111110, flags=SA_RESTART|SA_SIGINFO, unblocked
    SIGFPE: crash_handler in libjvm.so, mask=11100100010111111101111111111110, flags=SA_RESTART|SA_SIGINFO, unblocked
   SIGPIPE: javaSignalHandler in libjvm.so, mask=11100100010111111101111111111110, flags=SA_RESTART|SA_SIGINFO, blocked
   SIGXFSZ: javaSignalHandler in libjvm.so, mask=11100100010111111101111111111110, flags=SA_RESTART|SA_SIGINFO, blocked
    SIGILL: crash_handler in libjvm.so, mask=11100100010111111101111111111110, flags=SA_RESTART|SA_SIGINFO, unblocked
   SIGUSR2: SR_handler in libjvm.so, mask=00100000000000000000000000000000, flags=SA_RESTART|SA_SIGINFO, blocked
    SIGHUP: UserHandler in libjvm.so, mask=11100100010111111101111111111110, flags=SA_RESTART|SA_SIGINFO, blocked
    SIGINT: UserHandler in libjvm.so, mask=11100100010111111101111111111110, flags=SA_RESTART|SA_SIGINFO, blocked
   SIGTERM: UserHandler in libjvm.so, mask=11100100010111111101111111111110, flags=SA_RESTART|SA_SIGINFO, blocked
   SIGQUIT: UserHandler in libjvm.so, mask=11100100010111111101111111111110, flags=SA_RESTART|SA_SIGINFO, blocked
   SIGTRAP: crash_handler in libjvm.so, mask=11100100010111111101111111111110, flags=SA_RESTART|SA_SIGINFO, unblocked


Periodic native trim disabled


---------------  S Y S T E M  ---------------

OS:
DISTRIB_ID=LinuxMint
DISTRIB_RELEASE=21.3
DISTRIB_CODENAME=virginia
DISTRIB_DESCRIPTION="Linux Mint 21.3 Virginia"
uname: Linux 5.15.0-107-generic #117-Ubuntu SMP Fri Apr 26 12:26:49 UTC 2024 x86_64
OS uptime: 0 days 0:50 hours
libc: glibc 2.35 NPTL 2.35 
rlimit (soft/hard): STACK 8192k/infinity , CORE 0k/infinity , NPROC 127278/127278 , NOFILE 1048576/1048576 , AS infinity/infinity , CPU infinity/infinity , DATA infinity/infinity , FSIZE infinity/infinity , MEMLOCK 4100632k/4100632k
load average: 0,69 0,58 0,65

/proc/meminfo:
MemTotal:       32805060 kB
MemFree:        20885648 kB
MemAvailable:   24870388 kB
Buffers:          287592 kB
Cached:          4082608 kB
SwapCached:            0 kB
Active:          2199436 kB
Inactive:        8699772 kB
Active(anon):       6624 kB
Inactive(anon):  6717052 kB
Active(file):    2192812 kB
Inactive(file):  1982720 kB
Unevictable:          64 kB
Mlocked:              64 kB
SwapTotal:       2097148 kB
SwapFree:        2097148 kB
Dirty:                92 kB
Writeback:             4 kB
AnonPages:       6529332 kB
Mapped:          1605460 kB
Shmem:            194956 kB
KReclaimable:     271756 kB
Slab:             497012 kB
SReclaimable:     271756 kB
SUnreclaim:       225256 kB
KernelStack:       28564 kB
PageTables:        74164 kB
NFS_Unstable:          0 kB
Bounce:                0 kB
WritebackTmp:          0 kB
CommitLimit:    18499676 kB
Committed_AS:   31990192 kB
VmallocTotal:   34359738367 kB
VmallocUsed:      172692 kB
VmallocChunk:          0 kB
Percpu:            39168 kB
HardwareCorrupted:     0 kB
AnonHugePages:         0 kB
ShmemHugePages:        0 kB
ShmemPmdMapped:        0 kB
FileHugePages:         0 kB
FilePmdMapped:         0 kB
HugePages_Total:       0
HugePages_Free:        0
HugePages_Rsvd:        0
HugePages_Surp:        0
Hugepagesize:       2048 kB
Hugetlb:               0 kB
DirectMap4k:      823020 kB
DirectMap2M:    12756992 kB
DirectMap1G:    20971520 kB

/sys/kernel/mm/transparent_hugepage/enabled: always [madvise] never
/sys/kernel/mm/transparent_hugepage/defrag (defrag/compaction efforts parameter): always defer defer+madvise [madvise] never

Process Memory:
Virtual Size: 12969176K (peak: 13030536K)
Resident Set Size: 172228K (peak: 172228K) (anon: 150264K, file: 21964K, shmem: 0K)
Swapped out: 0K
C-Heap outstanding allocations: 42566K, retained: 8685K
glibc malloc tunables: (default)

/proc/sys/kernel/threads-max (system-wide limit on the number of threads): 254557
/proc/sys/vm/max_map_count (maximum number of memory map areas a process may have): 262144
/proc/sys/kernel/pid_max (system-wide limit on number of process identifiers): 4194304

container (cgroup) information:
container_type: cgroupv2
cpu_cpuset_cpus: not supported
cpu_memory_nodes: not supported
active_processor_count: 12
cpu_quota: not supported
cpu_period: not supported
cpu_shares: not supported
memory_limit_in_bytes: unlimited
memory_and_swap_limit_in_bytes: unlimited
memory_soft_limit_in_bytes: unlimited
memory_usage_in_bytes: 9329656 k
memory_max_usage_in_bytes: not supported
memory_swap_current_in_bytes: unlimited
memory_swap_max_limit_in_bytes: unlimited
maximum number of tasks: unlimited
current number of tasks: 1144

Steal ticks since vm start: 0
Steal ticks percentage since vm start:  0,000

CPU: total 12 (initial active 12) (12 cores per cpu, 2 threads per core) family 23 model 8 stepping 2 microcode 0x800820d, cx8, cmov, fxsr, ht, mmx, 3dnowpref, sse, sse2, sse3, ssse3, sse4a, sse4.1, sse4.2, popcnt, lzcnt, tsc, tscinvbit, avx, avx2, aes, clmul, bmi1, bmi2, adx, sha, fma, vzeroupper, clflush, clflushopt
CPU Model and flags from /proc/cpuinfo:
model name	: AMD Ryzen 5 2600 Six-Core Processor
flags		: fpu vme de pse tsc msr pae mce cx8 apic sep mtrr pge mca cmov pat pse36 clflush mmx fxsr sse sse2 ht syscall nx mmxext fxsr_opt pdpe1gb rdtscp lm constant_tsc rep_good nopl nonstop_tsc cpuid extd_apicid aperfmperf rapl pni pclmulqdq monitor ssse3 fma cx16 sse4_1 sse4_2 movbe popcnt aes xsave avx f16c rdrand lahf_lm cmp_legacy svm extapic cr8_legacy abm sse4a misalignsse 3dnowprefetch osvw skinit wdt tce topoext perfctr_core perfctr_nb bpext perfctr_llc mwaitx cpb hw_pstate ssbd ibpb vmmcall fsgsbase bmi1 avx2 smep bmi2 rdseed adx smap clflushopt sha_ni xsaveopt xsavec xgetbv1 clzero irperf xsaveerptr arat npt lbrv svm_lock nrip_save tsc_scale vmcb_clean flushbyasid decodeassists pausefilter pfthreshold avic v_vmsave_vmload vgif overflow_recov succor smca sme sev sev_es

Online cpus: 0-11
Offline cpus: 12-31
BIOS frequency limitation: <Not Available>
Frequency switch latency (ns): <Not Available>
Available cpu frequencies: <Not Available>
Current governor: <Not Available>
Core performance/turbo boost: <Not Available>

Memory: 4k page, physical 32805060k(20885648k free), swap 2097148k(2097148k free)
Page Sizes: 4k

vm_info: OpenJDK 64-Bit Server VM (17.0.10+7-Ubuntu-122.04.1) for linux-amd64 JRE (17.0.10+7-Ubuntu-122.04.1), built on Feb  5 2024 21:02:31 by "buildd" with gcc 11.4.0

END.
