#
# A fatal error has been detected by the Java Runtime Environment:
#
#  SIGSEGV (0xb) at pc=0x00007f6d051e4b7b, pid=69919, tid=69919
#
# JRE version: OpenJDK Runtime Environment (17.0.10+7) (build 17.0.10+7-Ubuntu-122.04.1)
# Java VM: OpenJDK 64-Bit Server VM (17.0.10+7-Ubuntu-122.04.1, mixed mode, emulated-client, sharing, tiered, compressed oops, compressed class ptrs, g1 gc, linux-amd64)
# Problematic frame:
# V  [libjvm.so+0xdd0b7b]  SR_handler(int, siginfo_t*, ucontext_t*)+0xab
#
# Core dump will be written. Default location: Core dumps may be processed with "/lib/systemd/systemd-coredump %P %u %g %s %t 9223372036854775808 %h" (or dumping to /home/driver/Desktop/linux_dev/surpizza/server/core.69919)
#
# If you would like to submit a bug report, please visit:
#   Unknown
#

---------------  S U M M A R Y ------------

Command Line: -XX:TieredStopAtLevel=1 com.SurpizzaApplication

Host: AMD Ryzen 5 2600 Six-Core Processor, 12 cores, 31G, Linux Mint 21.3 Virginia
Time: Thu Jun  6 16:22:35 2024 CEST elapsed time: 8.833236 seconds (0d 0h 0m 8s)

---------------  T H R E A D  ---------------

Current thread is native thread

Stack: [0x00007ffc49c80000,0x00007ffc4a47c000],  sp=0x00007ffc4a4773f0,  free space=8156k
Native frames: (J=compiled Java code, j=interpreted, Vv=VM code, C=native code)
V  [libjvm.so+0xdd0b7b]  SR_handler(int, siginfo_t*, ucontext_t*)+0xab
C  [libc.so.6+0x42520]


siginfo: si_signo: 11 (SIGSEGV), si_code: 1 (SEGV_MAPERR), si_addr: 0x0000000000000268

Registers:
RAX=0x0000000000000000, RBX=0x00007ffc4a477400, RCX=0x00007f6d05831c1b, RDX=0x0000000000000000
RSP=0x00007ffc4a4773f0, RBP=0x00007ffc4a4774b0, RSI=0x00007ffc4a477400, RDI=0x0000000000000000
R8 =0x0000000000000000, R9 =0x00000000ffffffff, R10=0x0000000000000008, R11=0x0000000000000246
R12=0x00007f6d057936c0, R13=0x0000000000000000, R14=0x0000000000000000, R15=0x0000000000000000
RIP=0x00007f6d051e4b7b, EFLAGS=0x0000000000010246, CSGSFS=0x002b000000000033, ERR=0x0000000000000004
  TRAPNO=0x000000000000000e


Top of Stack: (sp=0x00007ffc4a4773f0)
0x00007ffc4a4773f0:   00007ffc4a4775f0 00007ffc4a4774c0
0x00007ffc4a477400:   00000000000004d8 0000000000000009
0x00007ffc4a477410:   00005567f0853000 0000000000000000
0x00007ffc4a477420:   0000000000000000 0000000000000000
0x00007ffc4a477430:   0000000000026000 0000000024bbd60a
0x00007ffc4a477440:   00007ffc4a477580 00007f6d057b17e0
0x00007ffc4a477450:   00007f6d05a040f0 00007ffc4a4774e0
0x00007ffc4a477460:   00007ffc4a4774f0 00007f6d05a11211
0x00007ffc4a477470:   0000000000000004 00007f6d05a04a50
0x00007ffc4a477480:   0000000000000001 00007f6d040e0640
0x00007ffc4a477490:   0000000000000000 0000000000011120
0x00007ffc4a4774a0:   0000000000000000 0000000000000000
0x00007ffc4a4774b0:   00007ffc4a477b48 00007f6d057d8520
0x00007ffc4a4774c0:   0000000000000007 0000000000000000
0x00007ffc4a4774d0:   0000000000000000 0000000000000002
0x00007ffc4a4774e0:   0000000000000000 0000000000000000
0x00007ffc4a4774f0:   00000000ffffffff 0000000000000000
0x00007ffc4a477500:   0000000000000246 0000000000000000
0x00007ffc4a477510:   0000000000011120 0000000000000000
0x00007ffc4a477520:   0000000000000000 00007f6d040e0910
0x00007ffc4a477530:   0000000000000109 00007ffc4a477b48
0x00007ffc4a477540:   00007f6d040e0640 0000000000011120
0x00007ffc4a477550:   00000000000000ca 00007f6d05827117
0x00007ffc4a477560:   00007ffc4a477a80 00007f6d05827115
0x00007ffc4a477570:   0000000000000246 002b000000000033
0x00007ffc4a477580:   0000000000000004 000000000000000e
0x00007ffc4a477590:   0000000000000004 0000000000000008
0x00007ffc4a4775a0:   00007ffc4a477680 0000000000000000
0x00007ffc4a4775b0:   00007ffc4a477b50 00007f6d05a1adae
0x00007ffc4a4775c0:   00007f6d040e0950 0000000000000000
0x00007ffc4a4775d0:   0000000000000003 0000000000100000
0x00007ffc4a4775e0:   00007f6d040e0640 0000000000000004 

Instructions: (pc=0x00007f6d051e4b7b)
0x00007f6d051e4a7b:   58 00 00 74 30 48 8d 05 59 82 58 00 48 8d 14 98
0x00007f6d051e4a8b:   b8 01 00 00 00 f0 0f c1 02 48 8b 3d 4d 83 58 00
0x00007f6d051e4a9b:   48 83 ec 80 be 01 00 00 00 5b 41 5c 5d e9 a3 19
0x00007f6d051e4aab:   f2 ff 0f 1f 00 48 83 ec 80 5b 41 5c 5d c3 0f 1f
0x00007f6d051e4abb:   80 00 00 00 00 e8 9b df 15 00 84 c0 74 ad e8 22
0x00007f6d051e4acb:   1b 48 ff eb a6 f3 0f 1e fa 55 66 48 0f 6e d2 66
0x00007f6d051e4adb:   48 0f 6e ce 66 0f 6c ca 48 89 e5 41 57 41 56 41
0x00007f6d051e4aeb:   55 41 54 53 48 8d 9d 50 ff ff ff 48 81 ec 98 00
0x00007f6d051e4afb:   00 00 0f 29 8d 40 ff ff ff e8 67 12 48 ff 48 89
0x00007f6d051e4b0b:   df 44 8b 28 49 89 c4 e8 a9 0e 48 ff be 04 00 00
0x00007f6d051e4b1b:   00 48 89 df e8 ec 10 48 ff be 07 00 00 00 48 89
0x00007f6d051e4b2b:   df e8 df 10 48 ff be 08 00 00 00 48 89 df e8 d2
0x00007f6d051e4b3b:   10 48 ff be 0b 00 00 00 48 89 df e8 c5 10 48 ff
0x00007f6d051e4b4b:   be 05 00 00 00 48 89 df e8 b8 10 48 ff 31 d2 48
0x00007f6d051e4b5b:   89 de bf 01 00 00 00 e8 39 06 48 ff e8 94 7e 0e
0x00007f6d051e4b6b:   00 41 89 c0 31 c0 45 84 c0 74 05 e8 95 7e 0e 00
0x00007f6d051e4b7b:   48 8b 90 68 02 00 00 48 85 d2 74 17 4c 8b b8 30
0x00007f6d051e4b8b:   02 00 00 41 8b 87 a0 00 00 00 83 f8 01 74 16 45
0x00007f6d051e4b9b:   89 2c 24 48 81 c4 98 00 00 00 5b 41 5c 41 5d 41
0x00007f6d051e4bab:   5e 41 5f 5d c3 66 0f 6f 9d 40 ff ff ff ba 02 00
0x00007f6d051e4bbb:   00 00 be 01 00 00 00 4d 8d b7 a0 00 00 00 4c 89
0x00007f6d051e4bcb:   f7 41 0f 11 9f a8 00 00 00 e8 77 36 e6 ff 83 f8
0x00007f6d051e4bdb:   02 74 3a 85 c0 75 0e 66 0f ef c0 41 0f 11 87 a8
0x00007f6d051e4beb:   00 00 00 eb aa 48 8d 05 51 37 52 00 be 63 06 00
0x00007f6d051e4bfb:   00 48 8d 3d 0d b1 27 00 48 8b 00 c6 00 58 e8 52
0x00007f6d051e4c0b:   13 84 ff e8 8d 6c e6 ff eb cd 0f 1f 00 48 89 df
0x00007f6d051e4c1b:   e8 a0 0d 48 ff 48 89 da 31 f6 31 ff e8 74 05 48
0x00007f6d051e4c2b:   ff 8b 35 16 91 53 00 48 89 df e8 76 0a 48 ff be
0x00007f6d051e4c3b:   01 00 00 00 48 8d 3d ba 81 58 00 e8 05 18 f2 ff
0x00007f6d051e4c4b:   eb 08 0f 1f 00 83 f8 02 75 3b 48 89 df e8 73 11
0x00007f6d051e4c5b:   48 ff 31 d2 be 03 00 00 00 4c 89 f7 e8 e4 35 e6
0x00007f6d051e4c6b:   ff 85 c0 75 e0 be 01 00 00 00 48 8d 3d 84 81 58 



---------------  P R O C E S S  ---------------

VM state: not at safepoint (normal execution)

VM Mutex/Monitor currently owned by a thread: None

Heap address: 0x000000060b400000, size: 8012 MB, Compressed Oops mode: Zero based, Oop shift amount: 3

CDS archive(s) mapped at: [0x00007f6c83000000-0x00007f6c83bc7000-0x00007f6c83bc7000), size 12349440, SharedBaseAddress: 0x00007f6c83000000, ArchiveRelocationMode: 1.
Compressed class space mapped at: 0x00007f6c84000000-0x00007f6cc4000000, reserved size: 1073741824
Narrow klass base: 0x00007f6c83000000, Narrow klass shift: 0, Narrow klass range: 0x100000000

GC Precious Log:
<Skipped>

Heap:
 garbage-first heap   total 81920K, used 52657K [0x000000060b400000, 0x0000000800000000)
  region size 4096K, 12 young (49152K), 3 survivors (12288K)
 Metaspace       used 25332K, committed 25728K, reserved 1114112K
  class space    used 3528K, committed 3712K, reserved 1048576K

Heap Regions: E=young(eden), S=young(survivor), O=old, HS=humongous(starts), HC=humongous(continues), CS=collection set, F=free, OA=open archive, CA=closed archive, TAMS=top-at-mark-start (previous, next)
|   0|0x000000060b400000, 0x000000060b7bf600, 0x000000060b800000| 93%| O|  |TAMS 0x000000060b7bf600, 0x000000060b400000| Untracked 
|   1|0x000000060b800000, 0x000000060b800000, 0x000000060bc00000|  0%| F|  |TAMS 0x000000060b800000, 0x000000060b800000| Untracked 
|   2|0x000000060bc00000, 0x000000060bdb0260, 0x000000060c000000| 42%| S|CS|TAMS 0x000000060bc00000, 0x000000060bc00000| Complete 
|   3|0x000000060c000000, 0x000000060c400000, 0x000000060c400000|100%| S|CS|TAMS 0x000000060c000000, 0x000000060c000000| Complete 
|   4|0x000000060c400000, 0x000000060c800000, 0x000000060c800000|100%| S|CS|TAMS 0x000000060c400000, 0x000000060c400000| Complete 
|   5|0x000000060c800000, 0x000000060c800000, 0x000000060cc00000|  0%| F|  |TAMS 0x000000060c800000, 0x000000060c800000| Untracked 
|   6|0x000000060cc00000, 0x000000060cc00000, 0x000000060d000000|  0%| F|  |TAMS 0x000000060cc00000, 0x000000060cc00000| Untracked 
|   7|0x000000060d000000, 0x000000060d000000, 0x000000060d400000|  0%| F|  |TAMS 0x000000060d000000, 0x000000060d000000| Untracked 
|   8|0x000000060d400000, 0x000000060d400000, 0x000000060d800000|  0%| F|  |TAMS 0x000000060d400000, 0x000000060d400000| Untracked 
|   9|0x000000060d800000, 0x000000060da10ca0, 0x000000060dc00000| 51%| E|  |TAMS 0x000000060d800000, 0x000000060d800000| Complete 
|  10|0x000000060dc00000, 0x000000060e000000, 0x000000060e000000|100%| E|CS|TAMS 0x000000060dc00000, 0x000000060dc00000| Complete 
|  11|0x000000060e000000, 0x000000060e400000, 0x000000060e400000|100%| E|CS|TAMS 0x000000060e000000, 0x000000060e000000| Complete 
|  12|0x000000060e400000, 0x000000060e800000, 0x000000060e800000|100%| E|CS|TAMS 0x000000060e400000, 0x000000060e400000| Complete 
|  13|0x000000060e800000, 0x000000060ec00000, 0x000000060ec00000|100%| E|CS|TAMS 0x000000060e800000, 0x000000060e800000| Complete 
|  14|0x000000060ec00000, 0x000000060f000000, 0x000000060f000000|100%| E|CS|TAMS 0x000000060ec00000, 0x000000060ec00000| Complete 
| 123|0x000000062a000000, 0x000000062a400000, 0x000000062a400000|100%| E|CS|TAMS 0x000000062a000000, 0x000000062a000000| Complete 
| 124|0x000000062a400000, 0x000000062a800000, 0x000000062a800000|100%| E|CS|TAMS 0x000000062a400000, 0x000000062a400000| Complete 
| 125|0x000000062a800000, 0x000000062ac00000, 0x000000062ac00000|100%| E|CS|TAMS 0x000000062a800000, 0x000000062a800000| Complete 
|2001|0x00000007ff800000, 0x00000007ffb75000, 0x00000007ffc00000| 86%|OA|  |TAMS 0x00000007ffb75000, 0x00000007ff800000| Untracked 
|2002|0x00000007ffc00000, 0x00000007ffc77000, 0x0000000800000000| 11%|CA|  |TAMS 0x00000007ffc77000, 0x00000007ffc00000| Untracked 

Card table byte_map: [0x00007f6cf2645000,0x00007f6cf35eb000] _byte_map_base: 0x00007f6cef5eb000

Marking Bits (Prev, Next): (CMBitMap*) 0x00007f6cfc043d60, (CMBitMap*) 0x00007f6cfc043d20
 Prev Bits: [0x00007f6ce1c3f000, 0x00007f6ce996f000)
 Next Bits: [0x00007f6ce996f000, 0x00007f6cf169f000)

Polling page: 0x00007f6d059f8000

Metaspace:

Usage:
  Non-class:     21,29 MB used.
      Class:      3,45 MB used.
       Both:     24,74 MB used.

Virtual space:
  Non-class space:       64,00 MB reserved,      21,50 MB ( 34%) committed,  1 nodes.
      Class space:        1,00 GB reserved,       3,62 MB ( <1%) committed,  1 nodes.
             Both:        1,06 GB reserved,      25,12 MB (  2%) committed. 

Chunk freelists:
   Non-Class:  9,78 MB
       Class:  12,38 MB
        Both:  22,16 MB

MaxMetaspaceSize: unlimited
CompressedClassSpaceSize: 1,00 GB
Initial GC threshold: 21,00 MB
Current GC threshold: 35,44 MB
CDS: on
MetaspaceReclaimPolicy: balanced
 - commit_granule_bytes: 65536.
 - commit_granule_words: 8192.
 - virtual_space_node_default_size: 8388608.
 - enlarge_chunks_in_place: 1.
 - new_chunks_are_fully_committed: 0.
 - uncommit_free_chunks: 1.
 - use_allocation_guard: 0.
 - handle_deallocations: 1.


Internal statistics:

num_allocs_failed_limit: 3.
num_arena_births: 554.
num_arena_deaths: 0.
num_vsnodes_births: 2.
num_vsnodes_deaths: 0.
num_space_committed: 402.
num_space_uncommitted: 0.
num_chunks_returned_to_freelist: 3.
num_chunks_taken_from_freelist: 1533.
num_chunk_merges: 3.
num_chunk_splits: 1034.
num_chunks_enlarged: 740.
num_inconsistent_stats: 0.

CodeCache: size=49152Kb used=7650Kb max_used=8214Kb free=41501Kb
 bounds [0x00007f6d00fb9000, 0x00007f6d017c9000, 0x00007f6d03fb9000]
 total_blobs=3946 nmethods=3434 adapters=438
 compilation: enabled
              stopped_count=0, restarted_count=0
 full_count=0

Compilation events (20 events):
Event: 1,366 Thread 0x00007f6c6809c800 3425       1       java.lang.Long::longValue (5 bytes)
Event: 1,366 Thread 0x00007f6c6809c800 nmethod 3425 0x00007f6d017baf10 code [0x00007f6d017bb0a0, 0x00007f6d017bb170]
Event: 1,366 Thread 0x00007f6cfc152a10 3426       1       org.springframework.core.ResolvableType::isAssignableFrom (36 bytes)
Event: 1,366 Thread 0x00007f6c6809c800 3427       1       org.springframework.core.SerializableTypeWrapper::unwrap (36 bytes)
Event: 1,366 Thread 0x00007f6c6809c800 nmethod 3427 0x00007f6d017bb210 code [0x00007f6d017bb3c0, 0x00007f6d017bb590]
Event: 1,366 Thread 0x00007f6cfc152a10 nmethod 3426 0x00007f6d017bb690 code [0x00007f6d017bb860, 0x00007f6d017bbaa0]
Event: 1,366 Thread 0x00007f6c50007320 3428       1       java.util.TreeMap::successor (66 bytes)
Event: 1,366 Thread 0x00007f6c6809c800 3429       1       org.springframework.boot.autoconfigure.condition.ConditionEvaluationReport$$Lambda$720/0x00007f6c8439e818::accept (20 bytes)
Event: 1,366 Thread 0x00007f6cfc152a10 3430       1       org.springframework.boot.autoconfigure.condition.ConditionEvaluationReport::lambda$addNoMatchOutcomeToAncestors$2 (41 bytes)
Event: 1,366 Thread 0x00007f6c50007320 nmethod 3428 0x00007f6d017bbb90 code [0x00007f6d017bbd40, 0x00007f6d017bbed0]
Event: 1,367 Thread 0x00007f6c6809c800 nmethod 3429 0x00007f6d017bc010 code [0x00007f6d017bc1c0, 0x00007f6d017bc320]
Event: 1,367 Thread 0x00007f6cfc152a10 nmethod 3430 0x00007f6d017bc410 code [0x00007f6d017bc620, 0x00007f6d017bcbb0]
Event: 1,370 Thread 0x00007f6c50007320 3431       1       java.util.TreeMap::forEach (58 bytes)
Event: 1,370 Thread 0x00007f6cfc152a10 3432       1       org.springframework.boot.autoconfigure.condition.ConditionEvaluationReport$ConditionAndOutcome::getOutcome (5 bytes)
Event: 1,370 Thread 0x00007f6cfc152a10 nmethod 3432 0x00007f6d017bce90 code [0x00007f6d017bd020, 0x00007f6d017bd0f0]
Event: 1,370 Thread 0x00007f6c50007320 nmethod 3431 0x00007f6d017bd190 code [0x00007f6d017bd360, 0x00007f6d017bd630]
Event: 1,371 Thread 0x00007f6c50007320 3433   !   1       org.springframework.beans.factory.support.AbstractBeanFactory::adaptBeanInstance (98 bytes)
Event: 1,371 Thread 0x00007f6c50007320 nmethod 3433 0x00007f6d017bd810 code [0x00007f6d017bda40, 0x00007f6d017be1c0]
Event: 1,373 Thread 0x00007f6c50007320 3434       1       sun.reflect.generics.reflectiveObjects.ParameterizedTypeImpl::getRawType (5 bytes)
Event: 1,374 Thread 0x00007f6c50007320 nmethod 3434 0x00007f6d017be610 code [0x00007f6d017be7a0, 0x00007f6d017be870]

GC Heap History (10 events):
Event: 0,360 GC heap before
{Heap before GC invocations=0 (full 0):
 garbage-first heap   total 524288K, used 28592K [0x000000060b400000, 0x0000000800000000)
  region size 4096K, 6 young (24576K), 0 survivors (0K)
 Metaspace       used 5955K, committed 6208K, reserved 1114112K
  class space    used 844K, committed 960K, reserved 1048576K
}
Event: 0,362 GC heap after
{Heap after GC invocations=1 (full 0):
 garbage-first heap   total 524288K, used 8083K [0x000000060b400000, 0x0000000800000000)
  region size 4096K, 1 young (4096K), 1 survivors (4096K)
 Metaspace       used 5955K, committed 6208K, reserved 1114112K
  class space    used 844K, committed 960K, reserved 1048576K
}
Event: 0,497 GC heap before
{Heap before GC invocations=1 (full 0):
 garbage-first heap   total 524288K, used 32659K [0x000000060b400000, 0x0000000800000000)
  region size 4096K, 7 young (28672K), 1 survivors (4096K)
 Metaspace       used 11505K, committed 11840K, reserved 1114112K
  class space    used 1559K, committed 1728K, reserved 1048576K
}
Event: 0,499 GC heap after
{Heap after GC invocations=2 (full 0):
 garbage-first heap   total 524288K, used 9715K [0x000000060b400000, 0x0000000800000000)
  region size 4096K, 1 young (4096K), 1 survivors (4096K)
 Metaspace       used 11505K, committed 11840K, reserved 1114112K
  class space    used 1559K, committed 1728K, reserved 1048576K
}
Event: 0,961 GC heap before
{Heap before GC invocations=2 (full 0):
 garbage-first heap   total 524288K, used 62963K [0x000000060b400000, 0x0000000800000000)
  region size 4096K, 14 young (57344K), 1 survivors (4096K)
 Metaspace       used 20451K, committed 20800K, reserved 1114112K
  class space    used 2864K, committed 3008K, reserved 1048576K
}
Event: 0,964 GC heap after
{Heap after GC invocations=3 (full 0):
 garbage-first heap   total 524288K, used 14108K [0x000000060b400000, 0x0000000800000000)
  region size 4096K, 2 young (8192K), 2 survivors (8192K)
 Metaspace       used 20451K, committed 20800K, reserved 1114112K
  class space    used 2864K, committed 3008K, reserved 1048576K
}
Event: 0,994 GC heap before
{Heap before GC invocations=3 (full 0):
 garbage-first heap   total 524288K, used 14108K [0x000000060b400000, 0x0000000800000000)
  region size 4096K, 3 young (12288K), 2 survivors (8192K)
 Metaspace       used 21211K, committed 21504K, reserved 1114112K
  class space    used 2941K, committed 3072K, reserved 1048576K
}
Event: 0,997 GC heap after
{Heap after GC invocations=4 (full 0):
 garbage-first heap   total 524288K, used 14722K [0x000000060b400000, 0x0000000800000000)
  region size 4096K, 2 young (8192K), 2 survivors (8192K)
 Metaspace       used 21211K, committed 21504K, reserved 1114112K
  class space    used 2941K, committed 3072K, reserved 1048576K
}
Event: 1,225 GC heap before
{Heap before GC invocations=5 (full 0):
 garbage-first heap   total 81920K, used 55682K [0x000000060b400000, 0x0000000800000000)
  region size 4096K, 13 young (53248K), 2 survivors (8192K)
 Metaspace       used 23665K, committed 24064K, reserved 1114112K
  class space    used 3292K, committed 3456K, reserved 1048576K
}
Event: 1,229 GC heap after
{Heap after GC invocations=6 (full 0):
 garbage-first heap   total 81920K, used 17774K [0x000000060b400000, 0x0000000800000000)
  region size 4096K, 3 young (12288K), 3 survivors (12288K)
 Metaspace       used 23665K, committed 24064K, reserved 1114112K
  class space    used 3292K, committed 3456K, reserved 1048576K
}

Dll operation events (9 events):
Event: 0,002 Loaded shared library /usr/lib/jvm/java-17-openjdk-amd64/lib/libjava.so
Event: 0,014 Loaded shared library /usr/lib/jvm/java-17-openjdk-amd64/lib/libjsvml.so
Event: 0,026 Loaded shared library /usr/lib/jvm/java-17-openjdk-amd64/lib/libnio.so
Event: 0,030 Loaded shared library /usr/lib/jvm/java-17-openjdk-amd64/lib/libzip.so
Event: 0,074 Loaded shared library /usr/lib/jvm/java-17-openjdk-amd64/lib/libjimage.so
Event: 0,088 Loaded shared library /usr/lib/jvm/java-17-openjdk-amd64/lib/libnet.so
Event: 1,021 Loaded shared library /usr/lib/jvm/java-17-openjdk-amd64/lib/libmanagement.so
Event: 1,022 Loaded shared library /usr/lib/jvm/java-17-openjdk-amd64/lib/libmanagement_ext.so
Event: 1,359 Loaded shared library /usr/lib/jvm/java-17-openjdk-amd64/lib/libextnet.so

Deoptimization events (4 events):
Event: 1,067 Thread 0x00007f6c1400ab80 DEOPT PACKING pc=0x00007f6d014e6016 sp=0x00007f6cd10f4540
Event: 1,067 Thread 0x00007f6c1400ab80 DEOPT UNPACKING pc=0x00007f6d0100fe2f sp=0x00007f6cd10f39b8 mode 3
Event: 1,069 Thread 0x00007f6cfc014b50 DEOPT PACKING pc=0x00007f6d0150bc01 sp=0x00007f6d040dee00
Event: 1,069 Thread 0x00007f6cfc014b50 DEOPT UNPACKING pc=0x00007f6d0100fe2f sp=0x00007f6d040de2b0 mode 3

Classes unloaded (0 events):
No events

Classes redefined (0 events):
No events

Internal exceptions (20 events):
Event: 0,905 Thread 0x00007f6cfc014b50 Exception <a 'java/lang/IncompatibleClassChangeError'{0x00000006279b00e8}: Found class java.lang.Object, but interface was expected> (0x00000006279b00e8) 
thrown [./src/hotspot/share/interpreter/linkResolver.cpp, line 826]
Event: 0,906 Thread 0x00007f6cfc014b50 Exception <a 'java/lang/NoSuchMethodError'{0x00000006279c0c20}: 'int java.lang.invoke.DirectMethodHandle$Holder.invokeSpecialIFC(java.lang.Object, java.lang.Object, java.lang.Object)'> (0x00000006279c0c20) 
thrown [./src/hotspot/share/interpreter/linkResolver.cpp, line 758]
Event: 0,907 Thread 0x00007f6cfc014b50 Exception <a 'java/lang/NoSuchMethodError'{0x00000006279d9448}: 'void java.lang.invoke.DirectMethodHandle$Holder.invokeStatic(java.lang.Object, int, java.lang.Object)'> (0x00000006279d9448) 
thrown [./src/hotspot/share/interpreter/linkResolver.cpp, line 758]
Event: 0,910 Thread 0x00007f6cfc014b50 Exception <a 'java/lang/NoSuchMethodError'{0x0000000627a339f8}: 'void java.lang.invoke.DirectMethodHandle$Holder.invokeVirtual(java.lang.Object, java.lang.Object, int)'> (0x0000000627a339f8) 
thrown [./src/hotspot/share/interpreter/linkResolver.cpp, line 758]
Event: 0,911 Thread 0x00007f6cfc014b50 Exception <a 'java/lang/NoSuchMethodError'{0x0000000627a39c50}: 'void java.lang.invoke.DirectMethodHandle$Holder.invokeStatic(java.lang.Object, java.lang.Object, java.lang.Object, int, java.lang.Object)'> (0x0000000627a39c50) 
thrown [./src/hotspot/share/interpreter/linkResolver.cpp, line 758]
Event: 0,911 Thread 0x00007f6cfc014b50 Exception <a 'java/lang/NoSuchMethodError'{0x0000000627a410d0}: 'java.lang.Object java.lang.invoke.DirectMethodHandle$Holder.newInvokeSpecial(java.lang.Object, java.lang.Object, java.lang.Object, int)'> (0x0000000627a410d0) 
thrown [./src/hotspot/share/interpreter/linkResolver.cpp, line 758]
Event: 0,911 Thread 0x00007f6cfc014b50 Exception <a 'java/lang/NoSuchMethodError'{0x0000000627a453b8}: 'java.lang.Object java.lang.invoke.DirectMethodHandle$Holder.invokeSpecial(java.lang.Object, java.lang.Object, java.lang.Object, java.lang.Object, int)'> (0x0000000627a453b8) 
thrown [./src/hotspot/share/interpreter/linkResolver.cpp, line 758]
Event: 0,911 Thread 0x00007f6cfc014b50 Exception <a 'java/lang/NoSuchMethodError'{0x0000000627a48f80}: 'java.lang.Object java.lang.invoke.Invokers$Holder.linkToTargetMethod(java.lang.Object, java.lang.Object, int, java.lang.Object)'> (0x0000000627a48f80) 
thrown [./src/hotspot/share/interpreter/linkResolver.cpp, line 758]
Event: 1,009 Thread 0x00007f6cfc014b50 Exception <a 'java/lang/NoSuchMethodError'{0x000000062a8d9268}: 'java.lang.Object java.lang.invoke.DirectMethodHandle$Holder.invokeSpecial(java.lang.Object, java.lang.Object, long, java.lang.Object, java.lang.Object, java.lang.Object, java.lang.Object, java.lang.Object, java.lang.Object)'> (0x000000062a8d9268) 
thrown [./src/hotspot/share/interpreter/linkResolver.cpp, line 758]
Event: 1,009 Thread 0x00007f6cfc014b50 Exception <a 'java/lang/NoSuchMethodError'{0x000000062a8ddd90}: 'java.lang.Object java.lang.invoke.DelegatingMethodHandle$Holder.reinvoke_L(java.lang.Object, long, java.lang.Object, java.lang.Object, java.lang.Object, java.lang.Object, java.lang.Object, java.lang.Object)'> (0x000000062a8ddd90) 
thrown [./src/hotspot/share/interpreter/linkResolver.cpp, line 758]
Event: 1,026 Thread 0x00007f6cfc014b50 Exception <a 'java/io/FileNotFoundException'{0x000000062aa35358}> (0x000000062aa35358) 
thrown [./src/hotspot/share/prims/jni.cpp, line 516]
Event: 1,035 Thread 0x00007f6cfc014b50 Exception <a 'java/lang/NoSuchMethodError'{0x000000062ab500d8}: 'int java.lang.invoke.DirectMethodHandle$Holder.invokeInterface(java.lang.Object, java.lang.Object, java.lang.Object, java.lang.Object)'> (0x000000062ab500d8) 
thrown [./src/hotspot/share/interpreter/linkResolver.cpp, line 758]
Event: 1,057 Thread 0x00007f6cfc014b50 Exception <a 'java/lang/NoSuchMethodError'{0x000000060ee548f8}: 'long java.lang.invoke.DirectMethodHandle$Holder.invokeVirtual(java.lang.Object, java.lang.Object)'> (0x000000060ee548f8) 
thrown [./src/hotspot/share/interpreter/linkResolver.cpp, line 758]
Event: 1,288 Thread 0x00007f6cfc014b50 Exception <a 'java/lang/IncompatibleClassChangeError'{0x000000060e164f10}: Found class java.lang.Object, but interface was expected> (0x000000060e164f10) 
thrown [./src/hotspot/share/interpreter/linkResolver.cpp, line 826]
Event: 1,302 Thread 0x00007f6cfc014b50 Exception <a 'java/lang/NoSuchMethodError'{0x000000060e2a41f0}: 'void java.lang.invoke.DirectMethodHandle$Holder.invokeVirtual(java.lang.Object, java.lang.Object, long)'> (0x000000060e2a41f0) 
thrown [./src/hotspot/share/interpreter/linkResolver.cpp, line 758]
Event: 1,332 Thread 0x00007f6cfc014b50 Exception <a 'java/lang/NoSuchMethodError'{0x000000060ddd1518}: 'int java.lang.invoke.DirectMethodHandle$Holder.invokeStaticInit(java.lang.Object, java.lang.Object, java.lang.Object, java.lang.Object)'> (0x000000060ddd1518) 
thrown [./src/hotspot/share/interpreter/linkResolver.cpp, line 758]
Event: 1,356 Thread 0x00007f6cfc014b50 Exception <a 'java/lang/NoSuchMethodError'{0x000000060d801140}: 'java.lang.Object java.lang.invoke.DirectMethodHandle$Holder.newInvokeSpecial(java.lang.Object, java.lang.Object, int, java.lang.Object, java.lang.Object)'> (0x000000060d801140) 
thrown [./src/hotspot/share/interpreter/linkResolver.cpp, line 758]
Event: 1,356 Thread 0x00007f6cfc014b50 Exception <a 'java/lang/NoSuchMethodError'{0x000000060d80c7b8}: 'java.lang.Object java.lang.invoke.DirectMethodHandle$Holder.invokeSpecial(java.lang.Object, java.lang.Object, int, java.lang.Object, int, java.lang.Object)'> (0x000000060d80c7b8) 
thrown [./src/hotspot/share/interpreter/linkResolver.cpp, line 758]
Event: 1,357 Thread 0x00007f6cfc014b50 Exception <a 'java/lang/NoSuchMethodError'{0x000000060d8145c0}: 'java.lang.Object java.lang.invoke.DirectMethodHandle$Holder.newInvokeSpecial(java.lang.Object, java.lang.Object, int, java.lang.Object, int)'> (0x000000060d8145c0) 
thrown [./src/hotspot/share/interpreter/linkResolver.cpp, line 758]
Event: 1,357 Thread 0x00007f6cfc014b50 Exception <a 'java/lang/NoSuchMethodError'{0x000000060d8186c0}: 'java.lang.Object java.lang.invoke.DirectMethodHandle$Holder.invokeSpecial(java.lang.Object, java.lang.Object, java.lang.Object, int, java.lang.Object, int)'> (0x000000060d8186c0) 
thrown [./src/hotspot/share/interpreter/linkResolver.cpp, line 758]

VM Operations (20 events):
Event: 1,045 Executing VM operation: HandshakeAllThreads
Event: 1,045 Executing VM operation: HandshakeAllThreads done
Event: 1,045 Executing VM operation: HandshakeAllThreads
Event: 1,045 Executing VM operation: HandshakeAllThreads done
Event: 1,058 Executing VM operation: HandshakeAllThreads
Event: 1,058 Executing VM operation: HandshakeAllThreads done
Event: 1,062 Executing VM operation: HandshakeAllThreads
Event: 1,062 Executing VM operation: HandshakeAllThreads done
Event: 1,120 Executing VM operation: HandshakeAllThreads
Event: 1,120 Executing VM operation: HandshakeAllThreads done
Event: 1,127 Executing VM operation: HandshakeAllThreads
Event: 1,127 Executing VM operation: HandshakeAllThreads done
Event: 1,151 Executing VM operation: HandshakeAllThreads
Event: 1,151 Executing VM operation: HandshakeAllThreads done
Event: 1,225 Executing VM operation: G1CollectForAllocation
Event: 1,229 Executing VM operation: G1CollectForAllocation done
Event: 1,314 Executing VM operation: HandshakeAllThreads
Event: 1,314 Executing VM operation: HandshakeAllThreads done
Event: 2,314 Executing VM operation: Cleanup
Event: 2,314 Executing VM operation: Cleanup done

Events (20 events):
Event: 1,363 loading class java/nio/channels/spi/AbstractSelector$1
Event: 1,363 loading class sun/nio/ch/Interruptible
Event: 1,363 loading class sun/nio/ch/Interruptible done
Event: 1,363 loading class java/nio/channels/spi/AbstractSelector$1 done
Event: 1,363 Thread 0x00007f6cfca7ed80 Thread added: 0x00007f6cfca7ed80
Event: 1,363 Protecting memory [0x00007f6cd00f4000,0x00007f6cd00f8000] with protection modes 0
Event: 1,364 loading class java/nio/channels/spi/AbstractInterruptibleChannel$1
Event: 1,364 loading class java/nio/channels/spi/AbstractInterruptibleChannel$1 done
Event: 1,364 loading class java/util/TreeMap$ValueSpliterator
Event: 1,364 loading class java/util/TreeMap$TreeMapSpliterator
Event: 1,364 loading class java/util/TreeMap$TreeMapSpliterator done
Event: 1,364 loading class java/util/TreeMap$ValueSpliterator done
Event: 1,373 loading class java/util/IdentityHashMap$KeySpliterator
Event: 1,373 loading class java/util/IdentityHashMap$IdentityHashMapSpliterator
Event: 1,373 loading class java/util/IdentityHashMap$IdentityHashMapSpliterator done
Event: 1,373 loading class java/util/IdentityHashMap$KeySpliterator done
Event: 1,374 Thread 0x00007f6cfc014b50 Thread exited: 0x00007f6cfc014b50
Event: 1,374 Protecting memory [0x00007f6d03fe1000,0x00007f6d03fe5000] with protection modes 0
Event: 1,374 Thread 0x00007f6cfc014b50 Thread added: 0x00007f6cfc014b50
Event: 6,374 Thread 0x00007f6c50007320 Thread exited: 0x00007f6c50007320


Dynamic libraries:
60b400000-60f000000 rw-p 00000000 00:00 0 
60f000000-62a000000 ---p 00000000 00:00 0 
62a000000-62ac00000 rw-p 00000000 00:00 0 
62ac00000-7ff800000 ---p 00000000 00:00 0 
7ff800000-7ffb00000 rw-p 00000000 00:00 0 
7ffb00000-7ffb75000 rw-p 00c76000 08:02 13399095                         /usr/lib/jvm/java-17-openjdk-amd64/lib/server/classes.jsa
7ffb75000-7ffc00000 rw-p 00000000 00:00 0 
7ffc00000-7ffc77000 rw-p 00bff000 08:02 13399095                         /usr/lib/jvm/java-17-openjdk-amd64/lib/server/classes.jsa
7ffc77000-800000000 rw-p 00000000 00:00 0 
5567eead3000-5567eead4000 r--p 00000000 08:02 13398943                   /usr/lib/jvm/java-17-openjdk-amd64/bin/java
5567eead4000-5567eead5000 r-xp 00001000 08:02 13398943                   /usr/lib/jvm/java-17-openjdk-amd64/bin/java
5567eead5000-5567eead6000 r--p 00002000 08:02 13398943                   /usr/lib/jvm/java-17-openjdk-amd64/bin/java
5567eead6000-5567eead7000 r--p 00002000 08:02 13398943                   /usr/lib/jvm/java-17-openjdk-amd64/bin/java
5567eead7000-5567eead8000 rw-p 00003000 08:02 13398943                   /usr/lib/jvm/java-17-openjdk-amd64/bin/java
5567f0832000-5567f089f000 rw-p 00000000 00:00 0                          [heap]
7f6bdc000000-7f6bdc021000 rw-p 00000000 00:00 0 
7f6bdc021000-7f6be0000000 ---p 00000000 00:00 0 
7f6be4000000-7f6be4021000 rw-p 00000000 00:00 0 
7f6be4021000-7f6be8000000 ---p 00000000 00:00 0 
7f6be8000000-7f6be8021000 rw-p 00000000 00:00 0 
7f6be8021000-7f6bec000000 ---p 00000000 00:00 0 
7f6bec000000-7f6bec021000 rw-p 00000000 00:00 0 
7f6bec021000-7f6bf0000000 ---p 00000000 00:00 0 
7f6bf0000000-7f6bf0021000 rw-p 00000000 00:00 0 
7f6bf0021000-7f6bf4000000 ---p 00000000 00:00 0 
7f6bf4000000-7f6bf4021000 rw-p 00000000 00:00 0 
7f6bf4021000-7f6bf8000000 ---p 00000000 00:00 0 
7f6bf8000000-7f6bf8021000 rw-p 00000000 00:00 0 
7f6bf8021000-7f6bfc000000 ---p 00000000 00:00 0 
7f6bfc000000-7f6bfc021000 rw-p 00000000 00:00 0 
7f6bfc021000-7f6c00000000 ---p 00000000 00:00 0 
7f6c00000000-7f6c00021000 rw-p 00000000 00:00 0 
7f6c00021000-7f6c04000000 ---p 00000000 00:00 0 
7f6c04000000-7f6c04021000 rw-p 00000000 00:00 0 
7f6c04021000-7f6c08000000 ---p 00000000 00:00 0 
7f6c08000000-7f6c08021000 rw-p 00000000 00:00 0 
7f6c08021000-7f6c0c000000 ---p 00000000 00:00 0 
7f6c0c000000-7f6c0c021000 rw-p 00000000 00:00 0 
7f6c0c021000-7f6c10000000 ---p 00000000 00:00 0 
7f6c10000000-7f6c10021000 rw-p 00000000 00:00 0 
7f6c10021000-7f6c14000000 ---p 00000000 00:00 0 
7f6c14000000-7f6c14021000 rw-p 00000000 00:00 0 
7f6c14021000-7f6c18000000 ---p 00000000 00:00 0 
7f6c18000000-7f6c18021000 rw-p 00000000 00:00 0 
7f6c18021000-7f6c1c000000 ---p 00000000 00:00 0 
7f6c1c000000-7f6c1c20f000 rw-p 00000000 00:00 0 
7f6c1c20f000-7f6c20000000 ---p 00000000 00:00 0 
7f6c20000000-7f6c20021000 rw-p 00000000 00:00 0 
7f6c20021000-7f6c24000000 ---p 00000000 00:00 0 
7f6c24000000-7f6c24021000 rw-p 00000000 00:00 0 
7f6c24021000-7f6c28000000 ---p 00000000 00:00 0 
7f6c28000000-7f6c28021000 rw-p 00000000 00:00 0 
7f6c28021000-7f6c2c000000 ---p 00000000 00:00 0 
7f6c2c000000-7f6c2c021000 rw-p 00000000 00:00 0 
7f6c2c021000-7f6c30000000 ---p 00000000 00:00 0 
7f6c30000000-7f6c30021000 rw-p 00000000 00:00 0 
7f6c30021000-7f6c34000000 ---p 00000000 00:00 0 
7f6c34000000-7f6c34021000 rw-p 00000000 00:00 0 
7f6c34021000-7f6c38000000 ---p 00000000 00:00 0 
7f6c38000000-7f6c38021000 rw-p 00000000 00:00 0 
7f6c38021000-7f6c3c000000 ---p 00000000 00:00 0 
7f6c3c000000-7f6c3c021000 rw-p 00000000 00:00 0 
7f6c3c021000-7f6c40000000 ---p 00000000 00:00 0 
7f6c40000000-7f6c40021000 rw-p 00000000 00:00 0 
7f6c40021000-7f6c44000000 ---p 00000000 00:00 0 
7f6c44000000-7f6c44022000 rw-p 00000000 00:00 0 
7f6c44022000-7f6c48000000 ---p 00000000 00:00 0 
7f6c48000000-7f6c48021000 rw-p 00000000 00:00 0 
7f6c48021000-7f6c4c000000 ---p 00000000 00:00 0 
7f6c4c000000-7f6c4c14e000 rw-p 00000000 00:00 0 
7f6c4c14e000-7f6c50000000 ---p 00000000 00:00 0 
7f6c50000000-7f6c50021000 rw-p 00000000 00:00 0 
7f6c50021000-7f6c54000000 ---p 00000000 00:00 0 
7f6c54000000-7f6c54021000 rw-p 00000000 00:00 0 
7f6c54021000-7f6c58000000 ---p 00000000 00:00 0 
7f6c58000000-7f6c58021000 rw-p 00000000 00:00 0 
7f6c58021000-7f6c5c000000 ---p 00000000 00:00 0 
7f6c5c000000-7f6c5c021000 rw-p 00000000 00:00 0 
7f6c5c021000-7f6c60000000 ---p 00000000 00:00 0 
7f6c60000000-7f6c60021000 rw-p 00000000 00:00 0 
7f6c60021000-7f6c64000000 ---p 00000000 00:00 0 
7f6c64000000-7f6c64021000 rw-p 00000000 00:00 0 
7f6c64021000-7f6c68000000 ---p 00000000 00:00 0 
7f6c68000000-7f6c68208000 rw-p 00000000 00:00 0 
7f6c68208000-7f6c6c000000 ---p 00000000 00:00 0 
7f6c6c000000-7f6c6c021000 rw-p 00000000 00:00 0 
7f6c6c021000-7f6c70000000 ---p 00000000 00:00 0 
7f6c70000000-7f6c70021000 rw-p 00000000 00:00 0 
7f6c70021000-7f6c74000000 ---p 00000000 00:00 0 
7f6c74000000-7f6c74021000 rw-p 00000000 00:00 0 
7f6c74021000-7f6c78000000 ---p 00000000 00:00 0 
7f6c78000000-7f6c78021000 rw-p 00000000 00:00 0 
7f6c78021000-7f6c7c000000 ---p 00000000 00:00 0 
7f6c7c000000-7f6c7c021000 rw-p 00000000 00:00 0 
7f6c7c021000-7f6c80000000 ---p 00000000 00:00 0 
7f6c82c1f000-7f6c83000000 rw-p 00000000 00:00 0 
7f6c83000000-7f6c83bc7000 rw-p 00001000 08:02 13399095                   /usr/lib/jvm/java-17-openjdk-amd64/lib/server/classes.jsa
7f6c83bc7000-7f6c84000000 ---p 00000000 00:00 0 
7f6c84000000-7f6c84040000 rw-p 00000000 00:00 0 
7f6c84040000-7f6c84080000 rw-p 00000000 00:00 0 
7f6c84080000-7f6c840e0000 rw-p 00000000 00:00 0 
7f6c840e0000-7f6c84100000 rw-p 00000000 00:00 0 
7f6c84100000-7f6c84240000 rw-p 00000000 00:00 0 
7f6c84240000-7f6c84280000 rw-p 00000000 00:00 0 
7f6c84280000-7f6c843a0000 rw-p 00000000 00:00 0 
7f6c843a0000-7f6cc4000000 ---p 00000000 00:00 0 
7f6cc4000000-7f6cc4021000 rw-p 00000000 00:00 0 
7f6cc4021000-7f6cc8000000 ---p 00000000 00:00 0 
7f6cc8000000-7f6cc8400000 rw-p 00000000 00:00 0 
7f6cc8400000-7f6cc9500000 rw-p 00000000 00:00 0 
7f6cc9500000-7f6cc9540000 rw-p 00000000 00:00 0 
7f6cc9540000-7f6cc9600000 ---p 00000000 00:00 0 
7f6cc9600000-7f6cc9640000 rw-p 00000000 00:00 0 
7f6cc9640000-7f6ccc000000 ---p 00000000 00:00 0 
7f6ccc000000-7f6ccc021000 rw-p 00000000 00:00 0 
7f6ccc021000-7f6cd0000000 ---p 00000000 00:00 0 
7f6cd00f4000-7f6cd00f8000 ---p 00000000 00:00 0 
7f6cd00f8000-7f6cd01f4000 rw-p 00000000 00:00 0 
7f6cd01f4000-7f6cd01f8000 ---p 00000000 00:00 0 
7f6cd01f8000-7f6cd02f4000 rw-p 00000000 00:00 0 
7f6cd02f4000-7f6cd02f8000 ---p 00000000 00:00 0 
7f6cd02f8000-7f6cd03f4000 rw-p 00000000 00:00 0 
7f6cd03f4000-7f6cd03f8000 ---p 00000000 00:00 0 
7f6cd03f8000-7f6cd04f4000 rw-p 00000000 00:00 0 
7f6cd04f4000-7f6cd04f8000 ---p 00000000 00:00 0 
7f6cd04f8000-7f6cd05f4000 rw-p 00000000 00:00 0 
7f6cd05f4000-7f6cd05f8000 ---p 00000000 00:00 0 
7f6cd05f8000-7f6cd06f4000 rw-p 00000000 00:00 0 
7f6cd06f4000-7f6cd06f8000 ---p 00000000 00:00 0 
7f6cd06f8000-7f6cd07f4000 rw-p 00000000 00:00 0 
7f6cd07f4000-7f6cd07f8000 ---p 00000000 00:00 0 
7f6cd07f8000-7f6cd08f4000 rw-p 00000000 00:00 0 
7f6cd08f4000-7f6cd08f8000 ---p 00000000 00:00 0 
7f6cd08f8000-7f6cd09f4000 rw-p 00000000 00:00 0 
7f6cd09f4000-7f6cd09f8000 ---p 00000000 00:00 0 
7f6cd09f8000-7f6cd0af4000 rw-p 00000000 00:00 0 
7f6cd0af4000-7f6cd0af8000 ---p 00000000 00:00 0 
7f6cd0af8000-7f6cd0bf4000 rw-p 00000000 00:00 0 
7f6cd0bf4000-7f6cd0bf8000 ---p 00000000 00:00 0 
7f6cd0bf8000-7f6cd0cf4000 rw-p 00000000 00:00 0 
7f6cd0cf4000-7f6cd0cf8000 ---p 00000000 00:00 0 
7f6cd0cf8000-7f6cd0df4000 rw-p 00000000 00:00 0 
7f6cd0df4000-7f6cd0df5000 ---p 00000000 00:00 0 
7f6cd0df5000-7f6cd0ef5000 rw-p 00000000 00:00 0 
7f6cd0ef5000-7f6cd0ef6000 ---p 00000000 00:00 0 
7f6cd0ef6000-7f6cd0ff6000 rw-p 00000000 00:00 0 
7f6cd0ff6000-7f6cd0ffa000 ---p 00000000 00:00 0 
7f6cd0ffa000-7f6cd10f6000 rw-p 00000000 00:00 0 
7f6cd10f6000-7f6cd10fa000 ---p 00000000 00:00 0 
7f6cd10fa000-7f6cd11f6000 rw-p 00000000 00:00 0 
7f6cd11f6000-7f6cd11f7000 ---p 00000000 00:00 0 
7f6cd11f7000-7f6cd12f7000 rw-p 00000000 00:00 0 
7f6cd12f7000-7f6cd12f8000 ---p 00000000 00:00 0 
7f6cd12f8000-7f6cd13f8000 rw-p 00000000 00:00 0 
7f6cd13f8000-7f6cd13f9000 ---p 00000000 00:00 0 
7f6cd13f9000-7f6cd14f9000 rw-p 00000000 00:00 0 
7f6cd14f9000-7f6cd14fa000 ---p 00000000 00:00 0 
7f6cd14fa000-7f6cd15fa000 rw-p 00000000 00:00 0 
7f6cd15fa000-7f6cd15fb000 ---p 00000000 00:00 0 
7f6cd15fb000-7f6cd16fb000 rw-p 00000000 00:00 0 
7f6cd16fb000-7f6cd16fc000 ---p 00000000 00:00 0 
7f6cd16fc000-7f6cd17fc000 rw-p 00000000 00:00 0 
7f6cd17fc000-7f6cd17fd000 ---p 00000000 00:00 0 
7f6cd17fd000-7f6cd18fd000 rw-p 00000000 00:00 0 
7f6cd18fd000-7f6cd18fe000 ---p 00000000 00:00 0 
7f6cd18fe000-7f6cd19fe000 rw-p 00000000 00:00 0 
7f6cd19fe000-7f6cd19ff000 ---p 00000000 00:00 0 
7f6cd19ff000-7f6cd1aff000 rw-p 00000000 00:00 0 
7f6cd1aff000-7f6cd1b03000 ---p 00000000 00:00 0 
7f6cd1b03000-7f6cd1bff000 rw-p 00000000 00:00 0 
7f6cd1bff000-7f6cd1c03000 ---p 00000000 00:00 0 
7f6cd1c03000-7f6cd1cff000 rw-p 00000000 00:00 0 
7f6cd1cff000-7f6cd1d03000 ---p 00000000 00:00 0 
7f6cd1d03000-7f6cd1dff000 rw-p 00000000 00:00 0 
7f6cd1dff000-7f6cd1e03000 ---p 00000000 00:00 0 
7f6cd1e03000-7f6cd1eff000 rw-p 00000000 00:00 0 
7f6cd1eff000-7f6cd1f00000 ---p 00000000 00:00 0 
7f6cd1f00000-7f6cd4000000 rw-p 00000000 00:00 0 
7f6cd4000000-7f6cd4021000 rw-p 00000000 00:00 0 
7f6cd4021000-7f6cd8000000 ---p 00000000 00:00 0 
7f6cd8000000-7f6cd8021000 rw-p 00000000 00:00 0 
7f6cd8021000-7f6cdc000000 ---p 00000000 00:00 0 
7f6cdc000000-7f6cdc021000 rw-p 00000000 00:00 0 
7f6cdc021000-7f6ce0000000 ---p 00000000 00:00 0 
7f6ce0093000-7f6ce009a000 r--s 00000000 08:02 13515245                   /usr/lib/x86_64-linux-gnu/gconv/gconv-modules.cache
7f6ce009a000-7f6ce009b000 r--p 00000000 08:02 13399063                   /usr/lib/jvm/java-17-openjdk-amd64/lib/libextnet.so
7f6ce009b000-7f6ce009c000 r-xp 00001000 08:02 13399063                   /usr/lib/jvm/java-17-openjdk-amd64/lib/libextnet.so
7f6ce009c000-7f6ce009d000 r--p 00002000 08:02 13399063                   /usr/lib/jvm/java-17-openjdk-amd64/lib/libextnet.so
7f6ce009d000-7f6ce009e000 r--p 00002000 08:02 13399063                   /usr/lib/jvm/java-17-openjdk-amd64/lib/libextnet.so
7f6ce009e000-7f6ce009f000 rw-p 00003000 08:02 13399063                   /usr/lib/jvm/java-17-openjdk-amd64/lib/libextnet.so
7f6ce009f000-7f6ce00d0000 rw-p 00000000 00:00 0 
7f6ce00d0000-7f6ce00d4000 ---p 00000000 00:00 0 
7f6ce00d4000-7f6ce01d0000 rw-p 00000000 00:00 0 
7f6ce01d0000-7f6ce01d4000 ---p 00000000 00:00 0 
7f6ce01d4000-7f6ce02d0000 rw-p 00000000 00:00 0 
7f6ce02d0000-7f6ce02d4000 ---p 00000000 00:00 0 
7f6ce02d4000-7f6ce03d0000 rw-p 00000000 00:00 0 
7f6ce03d0000-7f6ce03d4000 ---p 00000000 00:00 0 
7f6ce03d4000-7f6ce04d0000 rw-p 00000000 00:00 0 
7f6ce04d0000-7f6ce04d4000 ---p 00000000 00:00 0 
7f6ce04d4000-7f6ce05d0000 rw-p 00000000 00:00 0 
7f6ce05d0000-7f6ce05d4000 ---p 00000000 00:00 0 
7f6ce05d4000-7f6ce06d0000 rw-p 00000000 00:00 0 
7f6ce06d0000-7f6ce0c45000 r--p 00000000 08:02 13374161                   /usr/lib/locale/locale-archive
7f6ce0c45000-7f6ce0c49000 ---p 00000000 00:00 0 
7f6ce0c49000-7f6ce0d45000 rw-p 00000000 00:00 0 
7f6ce0d45000-7f6ce0d49000 ---p 00000000 00:00 0 
7f6ce0d49000-7f6ce0e45000 rw-p 00000000 00:00 0 
7f6ce0e45000-7f6ce0e46000 ---p 00000000 00:00 0 
7f6ce0e46000-7f6ce0f46000 rw-p 00000000 00:00 0 
7f6ce0f46000-7f6ce0f4b000 r--p 00000000 08:02 13399077                   /usr/lib/jvm/java-17-openjdk-amd64/lib/libjsvml.so
7f6ce0f4b000-7f6ce0f8c000 r-xp 00005000 08:02 13399077                   /usr/lib/jvm/java-17-openjdk-amd64/lib/libjsvml.so
7f6ce0f8c000-7f6ce1015000 r--p 00046000 08:02 13399077                   /usr/lib/jvm/java-17-openjdk-amd64/lib/libjsvml.so
7f6ce1015000-7f6ce1016000 r--p 000ce000 08:02 13399077                   /usr/lib/jvm/java-17-openjdk-amd64/lib/libjsvml.so
7f6ce1016000-7f6ce1017000 rw-p 000cf000 08:02 13399077                   /usr/lib/jvm/java-17-openjdk-amd64/lib/libjsvml.so
7f6ce1017000-7f6ce1134000 rw-p 00000000 00:00 0 
7f6ce1134000-7f6ce1135000 ---p 00000000 00:00 0 
7f6ce1135000-7f6ce1235000 rw-p 00000000 00:00 0 
7f6ce1235000-7f6ce1236000 ---p 00000000 00:00 0 
7f6ce1236000-7f6ce1d2f000 rw-p 00000000 00:00 0 
7f6ce1d2f000-7f6ce23ef000 ---p 00000000 00:00 0 
7f6ce23ef000-7f6ce241f000 rw-p 00000000 00:00 0 
7f6ce241f000-7f6ce994f000 ---p 00000000 00:00 0 
7f6ce994f000-7f6ce9a5f000 rw-p 00000000 00:00 0 
7f6ce9a5f000-7f6cea11f000 ---p 00000000 00:00 0 
7f6cea11f000-7f6cea14f000 rw-p 00000000 00:00 0 
7f6cea14f000-7f6cf167f000 ---p 00000000 00:00 0 
7f6cf167f000-7f6cf16bd000 rw-p 00000000 00:00 0 
7f6cf16bd000-7f6cf1795000 ---p 00000000 00:00 0 
7f6cf1795000-7f6cf179b000 rw-p 00000000 00:00 0 
7f6cf179b000-7f6cf2641000 ---p 00000000 00:00 0 
7f6cf2641000-7f6cf2663000 rw-p 00000000 00:00 0 
7f6cf2663000-7f6cf273b000 ---p 00000000 00:00 0 
7f6cf273b000-7f6cf2741000 rw-p 00000000 00:00 0 
7f6cf2741000-7f6cf35e7000 ---p 00000000 00:00 0 
7f6cf35e7000-7f6cf3609000 rw-p 00000000 00:00 0 
7f6cf3609000-7f6cf36e1000 ---p 00000000 00:00 0 
7f6cf36e1000-7f6cf36e7000 rw-p 00000000 00:00 0 
7f6cf36e7000-7f6cf458d000 ---p 00000000 00:00 0 
7f6cf458d000-7f6cf4591000 rw-p 00000000 00:00 0 
7f6cf4591000-7f6cfc000000 r--s 00000000 08:02 13399092                   /usr/lib/jvm/java-17-openjdk-amd64/lib/modules
7f6cfc000000-7f6cfca85000 rw-p 00000000 00:00 0 
7f6cfca85000-7f6d00000000 ---p 00000000 00:00 0 
7f6d00002000-7f6d00004000 r--p 00000000 08:02 13399081                   /usr/lib/jvm/java-17-openjdk-amd64/lib/libmanagement_ext.so
7f6d00004000-7f6d00007000 r-xp 00002000 08:02 13399081                   /usr/lib/jvm/java-17-openjdk-amd64/lib/libmanagement_ext.so
7f6d00007000-7f6d00009000 r--p 00005000 08:02 13399081                   /usr/lib/jvm/java-17-openjdk-amd64/lib/libmanagement_ext.so
7f6d00009000-7f6d0000a000 r--p 00006000 08:02 13399081                   /usr/lib/jvm/java-17-openjdk-amd64/lib/libmanagement_ext.so
7f6d0000a000-7f6d0000b000 rw-p 00007000 08:02 13399081                   /usr/lib/jvm/java-17-openjdk-amd64/lib/libmanagement_ext.so
7f6d0000b000-7f6d0000d000 r--p 00000000 08:02 13399079                   /usr/lib/jvm/java-17-openjdk-amd64/lib/libmanagement.so
7f6d0000d000-7f6d0000e000 r-xp 00002000 08:02 13399079                   /usr/lib/jvm/java-17-openjdk-amd64/lib/libmanagement.so
7f6d0000e000-7f6d0000f000 r--p 00003000 08:02 13399079                   /usr/lib/jvm/java-17-openjdk-amd64/lib/libmanagement.so
7f6d0000f000-7f6d00010000 r--p 00003000 08:02 13399079                   /usr/lib/jvm/java-17-openjdk-amd64/lib/libmanagement.so
7f6d00010000-7f6d00011000 rw-p 00004000 08:02 13399079                   /usr/lib/jvm/java-17-openjdk-amd64/lib/libmanagement.so
7f6d00011000-7f6d00013000 r--p 00000000 08:02 13399091                   /usr/lib/jvm/java-17-openjdk-amd64/lib/libzip.so
7f6d00013000-7f6d00018000 r-xp 00002000 08:02 13399091                   /usr/lib/jvm/java-17-openjdk-amd64/lib/libzip.so
7f6d00018000-7f6d0001a000 r--p 00007000 08:02 13399091                   /usr/lib/jvm/java-17-openjdk-amd64/lib/libzip.so
7f6d0001a000-7f6d0001b000 r--p 00008000 08:02 13399091                   /usr/lib/jvm/java-17-openjdk-amd64/lib/libzip.so
7f6d0001b000-7f6d0001c000 rw-p 00009000 08:02 13399091                   /usr/lib/jvm/java-17-openjdk-amd64/lib/libzip.so
7f6d0001c000-7f6d00020000 r--p 00000000 08:02 13399083                   /usr/lib/jvm/java-17-openjdk-amd64/lib/libnet.so
7f6d00020000-7f6d0002e000 r-xp 00004000 08:02 13399083                   /usr/lib/jvm/java-17-openjdk-amd64/lib/libnet.so
7f6d0002e000-7f6d00032000 r--p 00012000 08:02 13399083                   /usr/lib/jvm/java-17-openjdk-amd64/lib/libnet.so
7f6d00032000-7f6d00033000 r--p 00015000 08:02 13399083                   /usr/lib/jvm/java-17-openjdk-amd64/lib/libnet.so
7f6d00033000-7f6d00034000 rw-p 00016000 08:02 13399083                   /usr/lib/jvm/java-17-openjdk-amd64/lib/libnet.so
7f6d00034000-7f6d0003b000 r--p 00000000 08:02 13399084                   /usr/lib/jvm/java-17-openjdk-amd64/lib/libnio.so
7f6d0003b000-7f6d00044000 r-xp 00007000 08:02 13399084                   /usr/lib/jvm/java-17-openjdk-amd64/lib/libnio.so
7f6d00044000-7f6d00048000 r--p 00010000 08:02 13399084                   /usr/lib/jvm/java-17-openjdk-amd64/lib/libnio.so
7f6d00048000-7f6d00049000 ---p 00014000 08:02 13399084                   /usr/lib/jvm/java-17-openjdk-amd64/lib/libnio.so
7f6d00049000-7f6d0004a000 r--p 00014000 08:02 13399084                   /usr/lib/jvm/java-17-openjdk-amd64/lib/libnio.so
7f6d0004a000-7f6d0004b000 rw-p 00015000 08:02 13399084                   /usr/lib/jvm/java-17-openjdk-amd64/lib/libnio.so
7f6d0004b000-7f6d0014c000 rw-p 00000000 00:00 0 
7f6d0014c000-7f6d0014d000 ---p 00000000 00:00 0 
7f6d0014d000-7f6d0024d000 rw-p 00000000 00:00 0 
7f6d0024d000-7f6d0024e000 ---p 00000000 00:00 0 
7f6d0024e000-7f6d0034e000 rw-p 00000000 00:00 0 
7f6d0034e000-7f6d0034f000 ---p 00000000 00:00 0 
7f6d0034f000-7f6d00f6a000 rw-p 00000000 00:00 0 
7f6d00f6a000-7f6d00fb9000 ---p 00000000 00:00 0 
7f6d00fb9000-7f6d017c9000 rwxp 00000000 00:00 0 
7f6d017c9000-7f6d03fb9000 ---p 00000000 00:00 0 
7f6d03fb9000-7f6d03fc5000 r--p 00000000 08:02 13399070                   /usr/lib/jvm/java-17-openjdk-amd64/lib/libjava.so
7f6d03fc5000-7f6d03fd8000 r-xp 0000c000 08:02 13399070                   /usr/lib/jvm/java-17-openjdk-amd64/lib/libjava.so
7f6d03fd8000-7f6d03fde000 r--p 0001f000 08:02 13399070                   /usr/lib/jvm/java-17-openjdk-amd64/lib/libjava.so
7f6d03fde000-7f6d03fdf000 r--p 00024000 08:02 13399070                   /usr/lib/jvm/java-17-openjdk-amd64/lib/libjava.so
7f6d03fdf000-7f6d03fe0000 rw-p 00025000 08:02 13399070                   /usr/lib/jvm/java-17-openjdk-amd64/lib/libjava.so
7f6d03fe0000-7f6d03fe1000 rw-p 00000000 00:00 0 
7f6d03fe1000-7f6d03fe5000 ---p 00000000 00:00 0 
7f6d03fe5000-7f6d040e1000 rw-p 00000000 00:00 0 
7f6d040e1000-7f6d040e4000 r--p 00000000 08:02 13369903                   /usr/lib/x86_64-linux-gnu/libgcc_s.so.1
7f6d040e4000-7f6d040fb000 r-xp 00003000 08:02 13369903                   /usr/lib/x86_64-linux-gnu/libgcc_s.so.1
7f6d040fb000-7f6d040ff000 r--p 0001a000 08:02 13369903                   /usr/lib/x86_64-linux-gnu/libgcc_s.so.1
7f6d040ff000-7f6d04100000 r--p 0001d000 08:02 13369903                   /usr/lib/x86_64-linux-gnu/libgcc_s.so.1
7f6d04100000-7f6d04101000 rw-p 0001e000 08:02 13369903                   /usr/lib/x86_64-linux-gnu/libgcc_s.so.1
7f6d04101000-7f6d0410f000 r--p 00000000 08:02 13370571                   /usr/lib/x86_64-linux-gnu/libm.so.6
7f6d0410f000-7f6d0418b000 r-xp 0000e000 08:02 13370571                   /usr/lib/x86_64-linux-gnu/libm.so.6
7f6d0418b000-7f6d041e6000 r--p 0008a000 08:02 13370571                   /usr/lib/x86_64-linux-gnu/libm.so.6
7f6d041e6000-7f6d041e7000 r--p 000e4000 08:02 13370571                   /usr/lib/x86_64-linux-gnu/libm.so.6
7f6d041e7000-7f6d041e8000 rw-p 000e5000 08:02 13370571                   /usr/lib/x86_64-linux-gnu/libm.so.6
7f6d041e8000-7f6d04282000 r--p 00000000 08:02 13369612                   /usr/lib/x86_64-linux-gnu/libstdc++.so.6.0.30
7f6d04282000-7f6d04393000 r-xp 0009a000 08:02 13369612                   /usr/lib/x86_64-linux-gnu/libstdc++.so.6.0.30
7f6d04393000-7f6d04402000 r--p 001ab000 08:02 13369612                   /usr/lib/x86_64-linux-gnu/libstdc++.so.6.0.30
7f6d04402000-7f6d04403000 ---p 0021a000 08:02 13369612                   /usr/lib/x86_64-linux-gnu/libstdc++.so.6.0.30
7f6d04403000-7f6d0440e000 r--p 0021a000 08:02 13369612                   /usr/lib/x86_64-linux-gnu/libstdc++.so.6.0.30
7f6d0440e000-7f6d04411000 rw-p 00225000 08:02 13369612                   /usr/lib/x86_64-linux-gnu/libstdc++.so.6.0.30
7f6d04411000-7f6d04414000 rw-p 00000000 00:00 0 
7f6d04414000-7f6d04665000 r--p 00000000 08:02 13399098                   /usr/lib/jvm/java-17-openjdk-amd64/lib/server/libjvm.so
7f6d04665000-7f6d053c9000 r-xp 00251000 08:02 13399098                   /usr/lib/jvm/java-17-openjdk-amd64/lib/server/libjvm.so
7f6d053c9000-7f6d0564b000 r--p 00fb5000 08:02 13399098                   /usr/lib/jvm/java-17-openjdk-amd64/lib/server/libjvm.so
7f6d0564b000-7f6d0564c000 ---p 01237000 08:02 13399098                   /usr/lib/jvm/java-17-openjdk-amd64/lib/server/libjvm.so
7f6d0564c000-7f6d05704000 r--p 01237000 08:02 13399098                   /usr/lib/jvm/java-17-openjdk-amd64/lib/server/libjvm.so
7f6d05704000-7f6d05739000 rw-p 012ef000 08:02 13399098                   /usr/lib/jvm/java-17-openjdk-amd64/lib/server/libjvm.so
7f6d05739000-7f6d05796000 rw-p 00000000 00:00 0 
7f6d05796000-7f6d057be000 r--p 00000000 08:02 13370567                   /usr/lib/x86_64-linux-gnu/libc.so.6
7f6d057be000-7f6d05953000 r-xp 00028000 08:02 13370567                   /usr/lib/x86_64-linux-gnu/libc.so.6
7f6d05953000-7f6d059ab000 r--p 001bd000 08:02 13370567                   /usr/lib/x86_64-linux-gnu/libc.so.6
7f6d059ab000-7f6d059ac000 ---p 00215000 08:02 13370567                   /usr/lib/x86_64-linux-gnu/libc.so.6
7f6d059ac000-7f6d059b0000 r--p 00215000 08:02 13370567                   /usr/lib/x86_64-linux-gnu/libc.so.6
7f6d059b0000-7f6d059b2000 rw-p 00219000 08:02 13370567                   /usr/lib/x86_64-linux-gnu/libc.so.6
7f6d059b2000-7f6d059bf000 rw-p 00000000 00:00 0 
7f6d059bf000-7f6d059c1000 r--p 00000000 08:02 13399074                   /usr/lib/jvm/java-17-openjdk-amd64/lib/libjli.so
7f6d059c1000-7f6d059cb000 r-xp 00002000 08:02 13399074                   /usr/lib/jvm/java-17-openjdk-amd64/lib/libjli.so
7f6d059cb000-7f6d059ce000 r--p 0000c000 08:02 13399074                   /usr/lib/jvm/java-17-openjdk-amd64/lib/libjli.so
7f6d059ce000-7f6d059cf000 r--p 0000e000 08:02 13399074                   /usr/lib/jvm/java-17-openjdk-amd64/lib/libjli.so
7f6d059cf000-7f6d059d0000 rw-p 0000f000 08:02 13399074                   /usr/lib/jvm/java-17-openjdk-amd64/lib/libjli.so
7f6d059d0000-7f6d059d2000 r--p 00000000 08:02 13402577                   /usr/lib/x86_64-linux-gnu/libz.so.1.2.11
7f6d059d2000-7f6d059e3000 r-xp 00002000 08:02 13402577                   /usr/lib/x86_64-linux-gnu/libz.so.1.2.11
7f6d059e3000-7f6d059e9000 r--p 00013000 08:02 13402577                   /usr/lib/x86_64-linux-gnu/libz.so.1.2.11
7f6d059e9000-7f6d059ea000 ---p 00019000 08:02 13402577                   /usr/lib/x86_64-linux-gnu/libz.so.1.2.11
7f6d059ea000-7f6d059eb000 r--p 00019000 08:02 13402577                   /usr/lib/x86_64-linux-gnu/libz.so.1.2.11
7f6d059eb000-7f6d059ec000 rw-p 0001a000 08:02 13402577                   /usr/lib/x86_64-linux-gnu/libz.so.1.2.11
7f6d059f0000-7f6d059f8000 rw-s 00000000 08:02 3410244                    /tmp/hsperfdata_driver/69919
7f6d059f8000-7f6d059f9000 ---p 00000000 00:00 0 
7f6d059f9000-7f6d059fa000 r--p 00000000 00:00 0 
7f6d059fa000-7f6d059fc000 r--p 00000000 08:02 13399073                   /usr/lib/jvm/java-17-openjdk-amd64/lib/libjimage.so
7f6d059fc000-7f6d059ff000 r-xp 00002000 08:02 13399073                   /usr/lib/jvm/java-17-openjdk-amd64/lib/libjimage.so
7f6d059ff000-7f6d05a00000 r--p 00005000 08:02 13399073                   /usr/lib/jvm/java-17-openjdk-amd64/lib/libjimage.so
7f6d05a00000-7f6d05a01000 ---p 00006000 08:02 13399073                   /usr/lib/jvm/java-17-openjdk-amd64/lib/libjimage.so
7f6d05a01000-7f6d05a02000 r--p 00006000 08:02 13399073                   /usr/lib/jvm/java-17-openjdk-amd64/lib/libjimage.so
7f6d05a02000-7f6d05a03000 rw-p 00007000 08:02 13399073                   /usr/lib/jvm/java-17-openjdk-amd64/lib/libjimage.so
7f6d05a03000-7f6d05a05000 rw-p 00000000 00:00 0 
7f6d05a05000-7f6d05a07000 r--p 00000000 08:02 13370134                   /usr/lib/x86_64-linux-gnu/ld-linux-x86-64.so.2
7f6d05a07000-7f6d05a31000 r-xp 00002000 08:02 13370134                   /usr/lib/x86_64-linux-gnu/ld-linux-x86-64.so.2
7f6d05a31000-7f6d05a3c000 r--p 0002c000 08:02 13370134                   /usr/lib/x86_64-linux-gnu/ld-linux-x86-64.so.2
7f6d05a3c000-7f6d05a3d000 ---p 00000000 00:00 0 
7f6d05a3d000-7f6d05a3f000 r--p 00037000 08:02 13370134                   /usr/lib/x86_64-linux-gnu/ld-linux-x86-64.so.2
7f6d05a3f000-7f6d05a41000 rw-p 00039000 08:02 13370134                   /usr/lib/x86_64-linux-gnu/ld-linux-x86-64.so.2
7ffc4a45d000-7ffc4a480000 rw-p 00000000 00:00 0                          [stack]
7ffc4a5e1000-7ffc4a5e5000 r--p 00000000 00:00 0                          [vvar]
7ffc4a5e5000-7ffc4a5e7000 r-xp 00000000 00:00 0                          [vdso]
ffffffffff600000-ffffffffff601000 --xp 00000000 00:00 0                  [vsyscall]


VM Arguments:
jvm_args: -XX:TieredStopAtLevel=1 
java_command: com.SurpizzaApplication
java_class_path (initial): /home/driver/Desktop/linux_dev/surpizza/server/target/classes:/home/driver/.m2/repository/org/springframework/boot/spring-boot/3.3.0/spring-boot-3.3.0.jar:/home/driver/.m2/repository/org/springframework/boot/spring-boot-autoconfigure/3.3.0/spring-boot-autoconfigure-3.3.0.jar:/home/driver/.m2/repository/ch/qos/logback/logback-classic/1.5.6/logback-classic-1.5.6.jar:/home/driver/.m2/repository/ch/qos/logback/logback-core/1.5.6/logback-core-1.5.6.jar:/home/driver/.m2/repository/org/apache/logging/log4j/log4j-to-slf4j/2.23.1/log4j-to-slf4j-2.23.1.jar:/home/driver/.m2/repository/org/apache/logging/log4j/log4j-api/2.23.1/log4j-api-2.23.1.jar:/home/driver/.m2/repository/org/slf4j/jul-to-slf4j/2.0.13/jul-to-slf4j-2.0.13.jar:/home/driver/.m2/repository/jakarta/annotation/jakarta.annotation-api/2.1.1/jakarta.annotation-api-2.1.1.jar:/home/driver/.m2/repository/org/yaml/snakeyaml/2.2/snakeyaml-2.2.jar:/home/driver/.m2/repository/com/fasterxml/jackson/core/jackson-databind/2.17.1/jackson-databind-2.17.1.jar:/home/driver/.m2/repository/com/fasterxml/jackson/core/jackson-annotations/2.17.1/jackson-annotations-2.17.1.jar:/home/driver/.m2/repository/com/fasterxml/jackson/core/jackson-core/2.17.1/jackson-core-2.17.1.jar:/home/driver/.m2/repository/com/fasterxml/jackson/datatype/jackson-datatype-jdk8/2.17.1/jackson-datatype-jdk8-2.17.1.jar:/home/driver/.m2/repository/com/fasterxml/jackson/datatype/jackson-datatype-jsr310/2.17.1/jackson-datatype-jsr310-2.17.1.jar:/home/driver/.m2/repository/com/fasterxml/jackson/module/jackson-module-parameter-names/2.17.1/jackson-module-parameter-names-2.17.1.jar:/home/driver/.m2/repository/org/apache/tomcat/embed/tomcat-embed-core/10.1.24/tomcat-embed-core-10.1.24.jar:/home/driver/.m2/repository/org/apache/tomcat/embed/tomcat-embed-el/10.1.24/tomcat-embed-el-10.1.24.jar:/home/driver/.m2/repository/org/apache/tomcat/embed/tomcat-embed-websocket/10.1.24/tomcat-embed-websocket-10.1.24.jar:/home/driver/.m2/repository/org/spr
Launcher Type: SUN_STANDARD

[Global flags]
     intx CICompilerCount                          = 4                                         {product} {ergonomic}
     uint ConcGCThreads                            = 3                                         {product} {ergonomic}
     uint G1ConcRefinementThreads                  = 10                                        {product} {ergonomic}
   size_t G1HeapRegionSize                         = 4194304                                   {product} {ergonomic}
    uintx GCDrainStackTargetSize                   = 64                                        {product} {ergonomic}
   size_t InitialHeapSize                          = 528482304                                 {product} {ergonomic}
   size_t MarkStackSize                            = 4194304                                   {product} {ergonomic}
   size_t MaxHeapSize                              = 8401190912                                {product} {ergonomic}
   size_t MaxNewSize                               = 5037359104                                {product} {ergonomic}
   size_t MinHeapDeltaBytes                        = 4194304                                   {product} {ergonomic}
   size_t MinHeapSize                              = 8388608                                   {product} {ergonomic}
    uintx NonProfiledCodeHeapSize                  = 0                                      {pd product} {ergonomic}
     bool ProfileInterpreter                       = false                                  {pd product} {command line}
    uintx ProfiledCodeHeapSize                     = 0                                      {pd product} {ergonomic}
   size_t SoftMaxHeapSize                          = 8401190912                             {manageable} {ergonomic}
     intx TieredStopAtLevel                        = 1                                         {product} {command line}
     bool UseCompressedClassPointers               = true                           {product lp64_product} {ergonomic}
     bool UseCompressedOops                        = true                           {product lp64_product} {ergonomic}
     bool UseG1GC                                  = true                                      {product} {ergonomic}

Logging:
Log output configuration:
 #0: stdout all=warning uptime,level,tags
 #1: stderr all=off uptime,level,tags

Environment Variables:
PATH=/home/driver/Desktop/linux_dev/surpizza/server/node_modules/.bin:/home/driver/Desktop/linux_dev/surpizza/server/node_modules/.bin:/home/driver/Desktop/linux_dev/surpizza/node_modules/.bin:/home/driver/Desktop/linux_dev/node_modules/.bin:/home/driver/Desktop/node_modules/.bin:/home/driver/node_modules/.bin:/home/node_modules/.bin:/node_modules/.bin:/home/driver/.nvm/versions/node/v21.5.0/lib/node_modules/npm/node_modules/@npmcli/run-script/lib/node-gyp-bin:/home/driver/.local/share/pnpm:/home/driver/.nvm/versions/node/v21.5.0/bin:/home/driver/.cargo/bin:/usr/local/sbin:/usr/local/bin:/usr/sbin:/usr/bin:/sbin:/bin:/usr/games:/usr/local/games:/snap/bin:/home/driver/scripts:/home/driver/mongodb-database-tools-amazon2-x86_64-100.9.4/bin:/usr/local/go/bin:/home/driver/go/bin:/home/driver/.dotnet
SHELL=/bin/bash
DISPLAY=:0
LANG=en_US.UTF-8
LC_CTYPE=en_US.UTF-8
LC_NUMERIC=it_IT.UTF-8
LC_TIME=it_IT.UTF-8
TERM=xterm-256color

Active Locale:
LC_ALL=LC_CTYPE=en_US.UTF-8;LC_NUMERIC=it_IT.UTF-8;LC_TIME=it_IT.UTF-8;LC_COLLATE=en_US.UTF-8;LC_MONETARY=it_IT.UTF-8;LC_MESSAGES=en_US.UTF-8;LC_PAPER=it_IT.UTF-8;LC_NAME=it_IT.UTF-8;LC_ADDRESS=it_IT.UTF-8;LC_TELEPHONE=it_IT.UTF-8;LC_MEASUREMENT=it_IT.UTF-8;LC_IDENTIFICATION=it_IT.UTF-8
LC_COLLATE=en_US.UTF-8
LC_CTYPE=en_US.UTF-8
LC_MESSAGES=en_US.UTF-8
LC_MONETARY=it_IT.UTF-8
LC_NUMERIC=it_IT.UTF-8
LC_TIME=it_IT.UTF-8

Signal Handlers:
   SIGSEGV: crash_handler in libjvm.so, mask=11100100010111111101111111111110, flags=SA_RESTART|SA_SIGINFO, unblocked
    SIGBUS: crash_handler in libjvm.so, mask=11100100010111111101111111111110, flags=SA_RESTART|SA_SIGINFO, unblocked
    SIGFPE: crash_handler in libjvm.so, mask=11100100010111111101111111111110, flags=SA_RESTART|SA_SIGINFO, unblocked
   SIGPIPE: javaSignalHandler in libjvm.so, mask=11100100010111111101111111111110, flags=SA_RESTART|SA_SIGINFO, blocked
   SIGXFSZ: javaSignalHandler in libjvm.so, mask=11100100010111111101111111111110, flags=SA_RESTART|SA_SIGINFO, blocked
    SIGILL: crash_handler in libjvm.so, mask=11100100010111111101111111111110, flags=SA_RESTART|SA_SIGINFO, unblocked
   SIGUSR2: SR_handler in libjvm.so, mask=00100000000000000000000000000000, flags=SA_RESTART|SA_SIGINFO, blocked
    SIGHUP: UserHandler in libjvm.so, mask=11100100010111111101111111111110, flags=SA_RESTART|SA_SIGINFO, blocked
    SIGINT: UserHandler in libjvm.so, mask=11100100010111111101111111111110, flags=SA_RESTART|SA_SIGINFO, blocked
   SIGTERM: UserHandler in libjvm.so, mask=11100100010111111101111111111110, flags=SA_RESTART|SA_SIGINFO, blocked
   SIGQUIT: UserHandler in libjvm.so, mask=11100100010111111101111111111110, flags=SA_RESTART|SA_SIGINFO, blocked
   SIGTRAP: crash_handler in libjvm.so, mask=11100100010111111101111111111110, flags=SA_RESTART|SA_SIGINFO, unblocked


Periodic native trim disabled


---------------  S Y S T E M  ---------------

OS:
DISTRIB_ID=LinuxMint
DISTRIB_RELEASE=21.3
DISTRIB_CODENAME=virginia
DISTRIB_DESCRIPTION="Linux Mint 21.3 Virginia"
uname: Linux 5.15.0-107-generic #117-Ubuntu SMP Fri Apr 26 12:26:49 UTC 2024 x86_64
OS uptime: 0 days 1:00 hours
libc: glibc 2.35 NPTL 2.35 
rlimit (soft/hard): STACK 8192k/infinity , CORE 0k/infinity , NPROC 127278/127278 , NOFILE 1048576/1048576 , AS infinity/infinity , CPU infinity/infinity , DATA infinity/infinity , FSIZE infinity/infinity , MEMLOCK 4100632k/4100632k
load average: 0,86 2,34 1,98

/proc/meminfo:
MemTotal:       32805060 kB
MemFree:        19944684 kB
MemAvailable:   24685896 kB
Buffers:          294196 kB
Cached:          4811608 kB
SwapCached:            0 kB
Active:          2329104 kB
Inactive:        9484488 kB
Active(anon):       6624 kB
Inactive(anon):  6896208 kB
Active(file):    2322480 kB
Inactive(file):  2588280 kB
Unevictable:          64 kB
Mlocked:              64 kB
SwapTotal:       2097148 kB
SwapFree:        2097148 kB
Dirty:              1032 kB
Writeback:             0 kB
AnonPages:       6708108 kB
Mapped:          1610320 kB
Shmem:            195040 kB
KReclaimable:     293000 kB
Slab:             524904 kB
SReclaimable:     293000 kB
SUnreclaim:       231904 kB
KernelStack:       29032 kB
PageTables:        77072 kB
NFS_Unstable:          0 kB
Bounce:                0 kB
WritebackTmp:          0 kB
CommitLimit:    18499676 kB
Committed_AS:   33136928 kB
VmallocTotal:   34359738367 kB
VmallocUsed:      173020 kB
VmallocChunk:          0 kB
Percpu:            40320 kB
HardwareCorrupted:     0 kB
AnonHugePages:         0 kB
ShmemHugePages:        0 kB
ShmemPmdMapped:        0 kB
FileHugePages:         0 kB
FilePmdMapped:         0 kB
HugePages_Total:       0
HugePages_Free:        0
HugePages_Rsvd:        0
HugePages_Surp:        0
Hugepagesize:       2048 kB
Hugetlb:               0 kB
DirectMap4k:      855788 kB
DirectMap2M:    12724224 kB
DirectMap1G:    20971520 kB

/sys/kernel/mm/transparent_hugepage/enabled: always [madvise] never
/sys/kernel/mm/transparent_hugepage/defrag (defrag/compaction efforts parameter): always defer defer+madvise [madvise] never

Process Memory:
Virtual Size: 12969152K (peak: 13030536K)
Resident Set Size: 155008K (peak: 155008K) (anon: 133352K, file: 21656K, shmem: 0K)
Swapped out: 0K
C-Heap outstanding allocations: 40473K, retained: 8178K
glibc malloc tunables: (default)

/proc/sys/kernel/threads-max (system-wide limit on the number of threads): 254557
/proc/sys/vm/max_map_count (maximum number of memory map areas a process may have): 262144
/proc/sys/kernel/pid_max (system-wide limit on number of process identifiers): 4194304

container (cgroup) information:
container_type: cgroupv2
cpu_cpuset_cpus: not supported
cpu_memory_nodes: not supported
active_processor_count: 12
cpu_quota: not supported
cpu_period: not supported
cpu_shares: not supported
memory_limit_in_bytes: unlimited
memory_and_swap_limit_in_bytes: unlimited
memory_soft_limit_in_bytes: unlimited
memory_usage_in_bytes: 9544460 k
memory_max_usage_in_bytes: not supported
memory_swap_current_in_bytes: unlimited
memory_swap_max_limit_in_bytes: unlimited
maximum number of tasks: unlimited
current number of tasks: 1165

Steal ticks since vm start: 0
Steal ticks percentage since vm start:  0,000

CPU: total 12 (initial active 12) (12 cores per cpu, 2 threads per core) family 23 model 8 stepping 2 microcode 0x800820d, cx8, cmov, fxsr, ht, mmx, 3dnowpref, sse, sse2, sse3, ssse3, sse4a, sse4.1, sse4.2, popcnt, lzcnt, tsc, tscinvbit, avx, avx2, aes, clmul, bmi1, bmi2, adx, sha, fma, vzeroupper, clflush, clflushopt
CPU Model and flags from /proc/cpuinfo:
model name	: AMD Ryzen 5 2600 Six-Core Processor
flags		: fpu vme de pse tsc msr pae mce cx8 apic sep mtrr pge mca cmov pat pse36 clflush mmx fxsr sse sse2 ht syscall nx mmxext fxsr_opt pdpe1gb rdtscp lm constant_tsc rep_good nopl nonstop_tsc cpuid extd_apicid aperfmperf rapl pni pclmulqdq monitor ssse3 fma cx16 sse4_1 sse4_2 movbe popcnt aes xsave avx f16c rdrand lahf_lm cmp_legacy svm extapic cr8_legacy abm sse4a misalignsse 3dnowprefetch osvw skinit wdt tce topoext perfctr_core perfctr_nb bpext perfctr_llc mwaitx cpb hw_pstate ssbd ibpb vmmcall fsgsbase bmi1 avx2 smep bmi2 rdseed adx smap clflushopt sha_ni xsaveopt xsavec xgetbv1 clzero irperf xsaveerptr arat npt lbrv svm_lock nrip_save tsc_scale vmcb_clean flushbyasid decodeassists pausefilter pfthreshold avic v_vmsave_vmload vgif overflow_recov succor smca sme sev sev_es

Online cpus: 0-11
Offline cpus: 12-31
BIOS frequency limitation: <Not Available>
Frequency switch latency (ns): <Not Available>
Available cpu frequencies: <Not Available>
Current governor: <Not Available>
Core performance/turbo boost: <Not Available>

Memory: 4k page, physical 32805060k(19944684k free), swap 2097148k(2097148k free)
Page Sizes: 4k

vm_info: OpenJDK 64-Bit Server VM (17.0.10+7-Ubuntu-122.04.1) for linux-amd64 JRE (17.0.10+7-Ubuntu-122.04.1), built on Feb  5 2024 21:02:31 by "buildd" with gcc 11.4.0

END.
