#
# A fatal error has been detected by the Java Runtime Environment:
#
#  SIGSEGV (0xb) at pc=0x00007f089f376b7b, pid=70472, tid=70472
#
# JRE version: OpenJDK Runtime Environment (17.0.10+7) (build 17.0.10+7-Ubuntu-122.04.1)
# Java VM: OpenJDK 64-Bit Server VM (17.0.10+7-Ubuntu-122.04.1, mixed mode, sharing, tiered, compressed oops, compressed class ptrs, g1 gc, linux-amd64)
# Problematic frame:
# V  [libjvm.so+0xdd0b7b]  SR_handler(int, siginfo_t*, ucontext_t*)+0xab
#
# Core dump will be written. Default location: Core dumps may be processed with "/lib/systemd/systemd-coredump %P %u %g %s %t 9223372036854775808 %h" (or dumping to /home/driver/Desktop/linux_dev/surpizza/server/core.70472)
#
# If you would like to submit a bug report, please visit:
#   Unknown
#

---------------  S U M M A R Y ------------

Command Line: -Dclassworlds.conf=/usr/share/maven/bin/m2.conf -Dmaven.home=/usr/share/maven -Dlibrary.jansi.path=/usr/share/maven/lib/jansi-native -Dmaven.multiModuleProjectDirectory=/home/driver/Desktop/linux_dev/surpizza/server org.codehaus.plexus.classworlds.launcher.Launcher spring-boot:run

Host: AMD Ryzen 5 2600 Six-Core Processor, 12 cores, 31G, Linux Mint 21.3 Virginia
Time: Thu Jun  6 16:28:32 2024 CEST elapsed time: 345.164805 seconds (0d 0h 5m 45s)

---------------  T H R E A D  ---------------

Current thread is native thread

Stack: [0x00007ffcb4e80000,0x00007ffcb567e000],  sp=0x00007ffcb56785f0,  free space=8161k
Native frames: (J=compiled Java code, j=interpreted, Vv=VM code, C=native code)
V  [libjvm.so+0xdd0b7b]  SR_handler(int, siginfo_t*, ucontext_t*)+0xab
C  [libc.so.6+0x42520]


siginfo: si_signo: 11 (SIGSEGV), si_code: 1 (SEGV_MAPERR), si_addr: 0x0000000000000268

Registers:
RAX=0x0000000000000000, RBX=0x00007ffcb5678600, RCX=0x00007f089f9c3c1b, RDX=0x0000000000000000
RSP=0x00007ffcb56785f0, RBP=0x00007ffcb56786b0, RSI=0x00007ffcb5678600, RDI=0x0000000000000000
R8 =0x0000000000000000, R9 =0x00000000ffffffff, R10=0x0000000000000008, R11=0x0000000000000246
R12=0x00007f089f9256c0, R13=0x0000000000000000, R14=0x0000000000000000, R15=0x0000000000000000
RIP=0x00007f089f376b7b, EFLAGS=0x0000000000010246, CSGSFS=0x002b000000000033, ERR=0x0000000000000004
  TRAPNO=0x000000000000000e


Top of Stack: (sp=0x00007ffcb56785f0)
0x00007ffcb56785f0:   00007ffcb56787f0 00007ffcb56786c0
0x00007ffcb5678600:   00000000000004d8 0000000000000009
0x00007ffcb5678610:   000056209f7fb000 0000000000000000
0x00007ffcb5678620:   0000000000000000 0000000000000000
0x00007ffcb5678630:   0000000000026000 0000000024bbd60a
0x00007ffcb5678640:   00007ffcb5678780 00007f089f9437e0
0x00007ffcb5678650:   00007f089fb960f0 00007ffcb56786e0
0x00007ffcb5678660:   00007ffcb56786f0 00007f089fba3211
0x00007ffcb5678670:   0000000000000004 00007f089fb96a50
0x00007ffcb5678680:   0000000000000001 00007f089e272640
0x00007ffcb5678690:   0000000000000000 000000000001135b
0x00007ffcb56786a0:   0000000000000000 0000000000000000
0x00007ffcb56786b0:   00007ffcb5678d48 00007f089f96a520
0x00007ffcb56786c0:   0000000000000007 0000000000000000
0x00007ffcb56786d0:   0000000000000000 0000000000000002
0x00007ffcb56786e0:   0000000000000000 0000000000000000
0x00007ffcb56786f0:   00000000ffffffff 0000000000000000
0x00007ffcb5678700:   0000000000000246 0000000000000000
0x00007ffcb5678710:   000000000001135b 0000000000000000
0x00007ffcb5678720:   0000000000000000 00007f089e272910
0x00007ffcb5678730:   0000000000000109 00007ffcb5678d48
0x00007ffcb5678740:   00007f089e272640 000000000001135b
0x00007ffcb5678750:   00000000000000ca 00007f089f9b9117
0x00007ffcb5678760:   00007ffcb5678c80 00007f089f9b9115
0x00007ffcb5678770:   0000000000000246 002b000000000033
0x00007ffcb5678780:   0000000000000000 0000000000000000
0x00007ffcb5678790:   0000000000000000 0000000000000000
0x00007ffcb56787a0:   00007ffcb5678880 0000000000000000
0x00007ffcb56787b0:   00007ffcb5678d50 00007f089fbacdae
0x00007ffcb56787c0:   00007f089e272950 0000000000000000
0x00007ffcb56787d0:   0000000000000003 0000000000100000
0x00007ffcb56787e0:   00007f089e272640 0000000000000000 

Instructions: (pc=0x00007f089f376b7b)
0x00007f089f376a7b:   58 00 00 74 30 48 8d 05 59 82 58 00 48 8d 14 98
0x00007f089f376a8b:   b8 01 00 00 00 f0 0f c1 02 48 8b 3d 4d 83 58 00
0x00007f089f376a9b:   48 83 ec 80 be 01 00 00 00 5b 41 5c 5d e9 a3 19
0x00007f089f376aab:   f2 ff 0f 1f 00 48 83 ec 80 5b 41 5c 5d c3 0f 1f
0x00007f089f376abb:   80 00 00 00 00 e8 9b df 15 00 84 c0 74 ad e8 22
0x00007f089f376acb:   1b 48 ff eb a6 f3 0f 1e fa 55 66 48 0f 6e d2 66
0x00007f089f376adb:   48 0f 6e ce 66 0f 6c ca 48 89 e5 41 57 41 56 41
0x00007f089f376aeb:   55 41 54 53 48 8d 9d 50 ff ff ff 48 81 ec 98 00
0x00007f089f376afb:   00 00 0f 29 8d 40 ff ff ff e8 67 12 48 ff 48 89
0x00007f089f376b0b:   df 44 8b 28 49 89 c4 e8 a9 0e 48 ff be 04 00 00
0x00007f089f376b1b:   00 48 89 df e8 ec 10 48 ff be 07 00 00 00 48 89
0x00007f089f376b2b:   df e8 df 10 48 ff be 08 00 00 00 48 89 df e8 d2
0x00007f089f376b3b:   10 48 ff be 0b 00 00 00 48 89 df e8 c5 10 48 ff
0x00007f089f376b4b:   be 05 00 00 00 48 89 df e8 b8 10 48 ff 31 d2 48
0x00007f089f376b5b:   89 de bf 01 00 00 00 e8 39 06 48 ff e8 94 7e 0e
0x00007f089f376b6b:   00 41 89 c0 31 c0 45 84 c0 74 05 e8 95 7e 0e 00
0x00007f089f376b7b:   48 8b 90 68 02 00 00 48 85 d2 74 17 4c 8b b8 30
0x00007f089f376b8b:   02 00 00 41 8b 87 a0 00 00 00 83 f8 01 74 16 45
0x00007f089f376b9b:   89 2c 24 48 81 c4 98 00 00 00 5b 41 5c 41 5d 41
0x00007f089f376bab:   5e 41 5f 5d c3 66 0f 6f 9d 40 ff ff ff ba 02 00
0x00007f089f376bbb:   00 00 be 01 00 00 00 4d 8d b7 a0 00 00 00 4c 89
0x00007f089f376bcb:   f7 41 0f 11 9f a8 00 00 00 e8 77 36 e6 ff 83 f8
0x00007f089f376bdb:   02 74 3a 85 c0 75 0e 66 0f ef c0 41 0f 11 87 a8
0x00007f089f376beb:   00 00 00 eb aa 48 8d 05 51 37 52 00 be 63 06 00
0x00007f089f376bfb:   00 48 8d 3d 0d b1 27 00 48 8b 00 c6 00 58 e8 52
0x00007f089f376c0b:   13 84 ff e8 8d 6c e6 ff eb cd 0f 1f 00 48 89 df
0x00007f089f376c1b:   e8 a0 0d 48 ff 48 89 da 31 f6 31 ff e8 74 05 48
0x00007f089f376c2b:   ff 8b 35 16 91 53 00 48 89 df e8 76 0a 48 ff be
0x00007f089f376c3b:   01 00 00 00 48 8d 3d ba 81 58 00 e8 05 18 f2 ff
0x00007f089f376c4b:   eb 08 0f 1f 00 83 f8 02 75 3b 48 89 df e8 73 11
0x00007f089f376c5b:   48 ff 31 d2 be 03 00 00 00 4c 89 f7 e8 e4 35 e6
0x00007f089f376c6b:   ff 85 c0 75 e0 be 01 00 00 00 48 8d 3d 84 81 58 



---------------  P R O C E S S  ---------------

VM state: not at safepoint (normal execution)

VM Mutex/Monitor currently owned by a thread: None

Heap address: 0x000000060b400000, size: 8012 MB, Compressed Oops mode: Zero based, Oop shift amount: 3

CDS archive(s) mapped at: [0x00007f0817000000-0x00007f0817bc7000-0x00007f0817bc7000), size 12349440, SharedBaseAddress: 0x00007f0817000000, ArchiveRelocationMode: 1.
Compressed class space mapped at: 0x00007f0818000000-0x00007f0858000000, reserved size: 1073741824
Narrow klass base: 0x00007f0817000000, Narrow klass shift: 0, Narrow klass range: 0x100000000

GC Precious Log:
<Skipped>

Heap:
 garbage-first heap   total 524288K, used 164937K [0x000000060b400000, 0x0000000800000000)
  region size 4096K, 32 young (131072K), 1 survivors (4096K)
 Metaspace       used 16180K, committed 16512K, reserved 1114112K
  class space    used 1789K, committed 1984K, reserved 1048576K

Heap Regions: E=young(eden), S=young(survivor), O=old, HS=humongous(starts), HC=humongous(continues), CS=collection set, F=free, OA=open archive, CA=closed archive, TAMS=top-at-mark-start (previous, next)
|   0|0x000000060b400000, 0x000000060b6bf800, 0x000000060b800000| 68%| O|  |TAMS 0x000000060b400000, 0x000000060b400000| Untracked 
|   1|0x000000060b800000, 0x000000060bc00000, 0x000000060bc00000|100%|HS|  |TAMS 0x000000060b800000, 0x000000060b800000| Complete 
|   2|0x000000060bc00000, 0x000000060c000000, 0x000000060c000000|100%|HC|  |TAMS 0x000000060bc00000, 0x000000060bc00000| Complete 
|   3|0x000000060c000000, 0x000000060c400000, 0x000000060c400000|100%|HS|  |TAMS 0x000000060c000000, 0x000000060c000000| Complete 
|   4|0x000000060c400000, 0x000000060c800000, 0x000000060c800000|100%|HC|  |TAMS 0x000000060c400000, 0x000000060c400000| Complete 
|   5|0x000000060c800000, 0x000000060cc00000, 0x000000060cc00000|100%|HC|  |TAMS 0x000000060c800000, 0x000000060c800000| Complete 
|   6|0x000000060cc00000, 0x000000060d000000, 0x000000060d000000|100%|HS|  |TAMS 0x000000060cc00000, 0x000000060cc00000| Complete 
|   7|0x000000060d000000, 0x000000060d400000, 0x000000060d400000|100%|HC|  |TAMS 0x000000060d000000, 0x000000060d000000| Complete 
|   8|0x000000060d400000, 0x000000060d800000, 0x000000060d800000|100%|HC|  |TAMS 0x000000060d400000, 0x000000060d400000| Complete 
|   9|0x000000060d800000, 0x000000060d800000, 0x000000060dc00000|  0%| F|  |TAMS 0x000000060d800000, 0x000000060d800000| Untracked 
|  10|0x000000060dc00000, 0x000000060dc00000, 0x000000060e000000|  0%| F|  |TAMS 0x000000060dc00000, 0x000000060dc00000| Untracked 
|  11|0x000000060e000000, 0x000000060e000000, 0x000000060e400000|  0%| F|  |TAMS 0x000000060e000000, 0x000000060e000000| Untracked 
|  12|0x000000060e400000, 0x000000060e400000, 0x000000060e800000|  0%| F|  |TAMS 0x000000060e400000, 0x000000060e400000| Untracked 
|  13|0x000000060e800000, 0x000000060e800000, 0x000000060ec00000|  0%| F|  |TAMS 0x000000060e800000, 0x000000060e800000| Untracked 
|  14|0x000000060ec00000, 0x000000060ec00000, 0x000000060f000000|  0%| F|  |TAMS 0x000000060ec00000, 0x000000060ec00000| Untracked 
|  15|0x000000060f000000, 0x000000060f000000, 0x000000060f400000|  0%| F|  |TAMS 0x000000060f000000, 0x000000060f000000| Untracked 
|  16|0x000000060f400000, 0x000000060f400000, 0x000000060f800000|  0%| F|  |TAMS 0x000000060f400000, 0x000000060f400000| Untracked 
|  17|0x000000060f800000, 0x000000060f800000, 0x000000060fc00000|  0%| F|  |TAMS 0x000000060f800000, 0x000000060f800000| Untracked 
|  18|0x000000060fc00000, 0x000000060fc00000, 0x0000000610000000|  0%| F|  |TAMS 0x000000060fc00000, 0x000000060fc00000| Untracked 
|  19|0x0000000610000000, 0x0000000610000000, 0x0000000610400000|  0%| F|  |TAMS 0x0000000610000000, 0x0000000610000000| Untracked 
|  20|0x0000000610400000, 0x0000000610400000, 0x0000000610800000|  0%| F|  |TAMS 0x0000000610400000, 0x0000000610400000| Untracked 
|  21|0x0000000610800000, 0x0000000610800000, 0x0000000610c00000|  0%| F|  |TAMS 0x0000000610800000, 0x0000000610800000| Untracked 
|  22|0x0000000610c00000, 0x0000000610c00000, 0x0000000611000000|  0%| F|  |TAMS 0x0000000610c00000, 0x0000000610c00000| Untracked 
|  23|0x0000000611000000, 0x0000000611000000, 0x0000000611400000|  0%| F|  |TAMS 0x0000000611000000, 0x0000000611000000| Untracked 
|  24|0x0000000611400000, 0x0000000611400000, 0x0000000611800000|  0%| F|  |TAMS 0x0000000611400000, 0x0000000611400000| Untracked 
|  25|0x0000000611800000, 0x0000000611800000, 0x0000000611c00000|  0%| F|  |TAMS 0x0000000611800000, 0x0000000611800000| Untracked 
|  26|0x0000000611c00000, 0x0000000611c00000, 0x0000000612000000|  0%| F|  |TAMS 0x0000000611c00000, 0x0000000611c00000| Untracked 
|  27|0x0000000612000000, 0x0000000612000000, 0x0000000612400000|  0%| F|  |TAMS 0x0000000612000000, 0x0000000612000000| Untracked 
|  28|0x0000000612400000, 0x0000000612400000, 0x0000000612800000|  0%| F|  |TAMS 0x0000000612400000, 0x0000000612400000| Untracked 
|  29|0x0000000612800000, 0x0000000612800000, 0x0000000612c00000|  0%| F|  |TAMS 0x0000000612800000, 0x0000000612800000| Untracked 
|  30|0x0000000612c00000, 0x0000000612c00000, 0x0000000613000000|  0%| F|  |TAMS 0x0000000612c00000, 0x0000000612c00000| Untracked 
|  31|0x0000000613000000, 0x0000000613000000, 0x0000000613400000|  0%| F|  |TAMS 0x0000000613000000, 0x0000000613000000| Untracked 
|  32|0x0000000613400000, 0x0000000613400000, 0x0000000613800000|  0%| F|  |TAMS 0x0000000613400000, 0x0000000613400000| Untracked 
|  33|0x0000000613800000, 0x0000000613800000, 0x0000000613c00000|  0%| F|  |TAMS 0x0000000613800000, 0x0000000613800000| Untracked 
|  34|0x0000000613c00000, 0x0000000613c00000, 0x0000000614000000|  0%| F|  |TAMS 0x0000000613c00000, 0x0000000613c00000| Untracked 
|  35|0x0000000614000000, 0x0000000614000000, 0x0000000614400000|  0%| F|  |TAMS 0x0000000614000000, 0x0000000614000000| Untracked 
|  36|0x0000000614400000, 0x0000000614400000, 0x0000000614800000|  0%| F|  |TAMS 0x0000000614400000, 0x0000000614400000| Untracked 
|  37|0x0000000614800000, 0x0000000614800000, 0x0000000614c00000|  0%| F|  |TAMS 0x0000000614800000, 0x0000000614800000| Untracked 
|  38|0x0000000614c00000, 0x0000000614c00000, 0x0000000615000000|  0%| F|  |TAMS 0x0000000614c00000, 0x0000000614c00000| Untracked 
|  39|0x0000000615000000, 0x0000000615000000, 0x0000000615400000|  0%| F|  |TAMS 0x0000000615000000, 0x0000000615000000| Untracked 
|  40|0x0000000615400000, 0x0000000615400000, 0x0000000615800000|  0%| F|  |TAMS 0x0000000615400000, 0x0000000615400000| Untracked 
|  41|0x0000000615800000, 0x0000000615800000, 0x0000000615c00000|  0%| F|  |TAMS 0x0000000615800000, 0x0000000615800000| Untracked 
|  42|0x0000000615c00000, 0x0000000615c00000, 0x0000000616000000|  0%| F|  |TAMS 0x0000000615c00000, 0x0000000615c00000| Untracked 
|  43|0x0000000616000000, 0x0000000616000000, 0x0000000616400000|  0%| F|  |TAMS 0x0000000616000000, 0x0000000616000000| Untracked 
|  44|0x0000000616400000, 0x0000000616400000, 0x0000000616800000|  0%| F|  |TAMS 0x0000000616400000, 0x0000000616400000| Untracked 
|  45|0x0000000616800000, 0x0000000616800000, 0x0000000616c00000|  0%| F|  |TAMS 0x0000000616800000, 0x0000000616800000| Untracked 
|  46|0x0000000616c00000, 0x0000000616c00000, 0x0000000617000000|  0%| F|  |TAMS 0x0000000616c00000, 0x0000000616c00000| Untracked 
|  47|0x0000000617000000, 0x0000000617000000, 0x0000000617400000|  0%| F|  |TAMS 0x0000000617000000, 0x0000000617000000| Untracked 
|  48|0x0000000617400000, 0x0000000617400000, 0x0000000617800000|  0%| F|  |TAMS 0x0000000617400000, 0x0000000617400000| Untracked 
|  49|0x0000000617800000, 0x0000000617800000, 0x0000000617c00000|  0%| F|  |TAMS 0x0000000617800000, 0x0000000617800000| Untracked 
|  50|0x0000000617c00000, 0x0000000617c00000, 0x0000000618000000|  0%| F|  |TAMS 0x0000000617c00000, 0x0000000617c00000| Untracked 
|  51|0x0000000618000000, 0x0000000618000000, 0x0000000618400000|  0%| F|  |TAMS 0x0000000618000000, 0x0000000618000000| Untracked 
|  52|0x0000000618400000, 0x0000000618400000, 0x0000000618800000|  0%| F|  |TAMS 0x0000000618400000, 0x0000000618400000| Untracked 
|  53|0x0000000618800000, 0x0000000618800000, 0x0000000618c00000|  0%| F|  |TAMS 0x0000000618800000, 0x0000000618800000| Untracked 
|  54|0x0000000618c00000, 0x0000000618c00000, 0x0000000619000000|  0%| F|  |TAMS 0x0000000618c00000, 0x0000000618c00000| Untracked 
|  55|0x0000000619000000, 0x0000000619000000, 0x0000000619400000|  0%| F|  |TAMS 0x0000000619000000, 0x0000000619000000| Untracked 
|  56|0x0000000619400000, 0x0000000619400000, 0x0000000619800000|  0%| F|  |TAMS 0x0000000619400000, 0x0000000619400000| Untracked 
|  57|0x0000000619800000, 0x0000000619800000, 0x0000000619c00000|  0%| F|  |TAMS 0x0000000619800000, 0x0000000619800000| Untracked 
|  58|0x0000000619c00000, 0x0000000619c00000, 0x000000061a000000|  0%| F|  |TAMS 0x0000000619c00000, 0x0000000619c00000| Untracked 
|  59|0x000000061a000000, 0x000000061a000000, 0x000000061a400000|  0%| F|  |TAMS 0x000000061a000000, 0x000000061a000000| Untracked 
|  60|0x000000061a400000, 0x000000061a400000, 0x000000061a800000|  0%| F|  |TAMS 0x000000061a400000, 0x000000061a400000| Untracked 
|  61|0x000000061a800000, 0x000000061a800000, 0x000000061ac00000|  0%| F|  |TAMS 0x000000061a800000, 0x000000061a800000| Untracked 
|  62|0x000000061ac00000, 0x000000061ac00000, 0x000000061b000000|  0%| F|  |TAMS 0x000000061ac00000, 0x000000061ac00000| Untracked 
|  63|0x000000061b000000, 0x000000061b000000, 0x000000061b400000|  0%| F|  |TAMS 0x000000061b000000, 0x000000061b000000| Untracked 
|  64|0x000000061b400000, 0x000000061b400000, 0x000000061b800000|  0%| F|  |TAMS 0x000000061b400000, 0x000000061b400000| Untracked 
|  65|0x000000061b800000, 0x000000061b800000, 0x000000061bc00000|  0%| F|  |TAMS 0x000000061b800000, 0x000000061b800000| Untracked 
|  66|0x000000061bc00000, 0x000000061bc00000, 0x000000061c000000|  0%| F|  |TAMS 0x000000061bc00000, 0x000000061bc00000| Untracked 
|  67|0x000000061c000000, 0x000000061c000000, 0x000000061c400000|  0%| F|  |TAMS 0x000000061c000000, 0x000000061c000000| Untracked 
|  68|0x000000061c400000, 0x000000061c400000, 0x000000061c800000|  0%| F|  |TAMS 0x000000061c400000, 0x000000061c400000| Untracked 
|  69|0x000000061c800000, 0x000000061c800000, 0x000000061cc00000|  0%| F|  |TAMS 0x000000061c800000, 0x000000061c800000| Untracked 
|  70|0x000000061cc00000, 0x000000061cc00000, 0x000000061d000000|  0%| F|  |TAMS 0x000000061cc00000, 0x000000061cc00000| Untracked 
|  71|0x000000061d000000, 0x000000061d000000, 0x000000061d400000|  0%| F|  |TAMS 0x000000061d000000, 0x000000061d000000| Untracked 
|  72|0x000000061d400000, 0x000000061d400000, 0x000000061d800000|  0%| F|  |TAMS 0x000000061d400000, 0x000000061d400000| Untracked 
|  73|0x000000061d800000, 0x000000061d800000, 0x000000061dc00000|  0%| F|  |TAMS 0x000000061d800000, 0x000000061d800000| Untracked 
|  74|0x000000061dc00000, 0x000000061dc00000, 0x000000061e000000|  0%| F|  |TAMS 0x000000061dc00000, 0x000000061dc00000| Untracked 
|  75|0x000000061e000000, 0x000000061e000000, 0x000000061e400000|  0%| F|  |TAMS 0x000000061e000000, 0x000000061e000000| Untracked 
|  76|0x000000061e400000, 0x000000061e400000, 0x000000061e800000|  0%| F|  |TAMS 0x000000061e400000, 0x000000061e400000| Untracked 
|  77|0x000000061e800000, 0x000000061e800000, 0x000000061ec00000|  0%| F|  |TAMS 0x000000061e800000, 0x000000061e800000| Untracked 
|  78|0x000000061ec00000, 0x000000061ec00000, 0x000000061f000000|  0%| F|  |TAMS 0x000000061ec00000, 0x000000061ec00000| Untracked 
|  79|0x000000061f000000, 0x000000061f000000, 0x000000061f400000|  0%| F|  |TAMS 0x000000061f000000, 0x000000061f000000| Untracked 
|  80|0x000000061f400000, 0x000000061f400000, 0x000000061f800000|  0%| F|  |TAMS 0x000000061f400000, 0x000000061f400000| Untracked 
|  81|0x000000061f800000, 0x000000061f800000, 0x000000061fc00000|  0%| F|  |TAMS 0x000000061f800000, 0x000000061f800000| Untracked 
|  82|0x000000061fc00000, 0x000000061fc00000, 0x0000000620000000|  0%| F|  |TAMS 0x000000061fc00000, 0x000000061fc00000| Untracked 
|  83|0x0000000620000000, 0x0000000620000000, 0x0000000620400000|  0%| F|  |TAMS 0x0000000620000000, 0x0000000620000000| Untracked 
|  84|0x0000000620400000, 0x0000000620400000, 0x0000000620800000|  0%| F|  |TAMS 0x0000000620400000, 0x0000000620400000| Untracked 
|  85|0x0000000620800000, 0x0000000620800000, 0x0000000620c00000|  0%| F|  |TAMS 0x0000000620800000, 0x0000000620800000| Untracked 
|  86|0x0000000620c00000, 0x0000000620c00000, 0x0000000621000000|  0%| F|  |TAMS 0x0000000620c00000, 0x0000000620c00000| Untracked 
|  87|0x0000000621000000, 0x0000000621000000, 0x0000000621400000|  0%| F|  |TAMS 0x0000000621000000, 0x0000000621000000| Untracked 
|  88|0x0000000621400000, 0x0000000621400000, 0x0000000621800000|  0%| F|  |TAMS 0x0000000621400000, 0x0000000621400000| Untracked 
|  89|0x0000000621800000, 0x0000000621800000, 0x0000000621c00000|  0%| F|  |TAMS 0x0000000621800000, 0x0000000621800000| Untracked 
|  90|0x0000000621c00000, 0x0000000621c00000, 0x0000000622000000|  0%| F|  |TAMS 0x0000000621c00000, 0x0000000621c00000| Untracked 
|  91|0x0000000622000000, 0x0000000622000000, 0x0000000622400000|  0%| F|  |TAMS 0x0000000622000000, 0x0000000622000000| Untracked 
|  92|0x0000000622400000, 0x0000000622400000, 0x0000000622800000|  0%| F|  |TAMS 0x0000000622400000, 0x0000000622400000| Untracked 
|  93|0x0000000622800000, 0x0000000622800000, 0x0000000622c00000|  0%| F|  |TAMS 0x0000000622800000, 0x0000000622800000| Untracked 
|  94|0x0000000622c00000, 0x0000000622c00800, 0x0000000623000000|  0%| E|  |TAMS 0x0000000622c00000, 0x0000000622c00000| Complete 
|  95|0x0000000623000000, 0x0000000623400000, 0x0000000623400000|100%| E|CS|TAMS 0x0000000623000000, 0x0000000623000000| Complete 
|  96|0x0000000623400000, 0x0000000623800000, 0x0000000623800000|100%| E|CS|TAMS 0x0000000623400000, 0x0000000623400000| Complete 
|  97|0x0000000623800000, 0x0000000623c00000, 0x0000000623c00000|100%| E|CS|TAMS 0x0000000623800000, 0x0000000623800000| Complete 
|  98|0x0000000623c00000, 0x0000000624000000, 0x0000000624000000|100%| E|CS|TAMS 0x0000000623c00000, 0x0000000623c00000| Complete 
|  99|0x0000000624000000, 0x0000000624400000, 0x0000000624400000|100%| E|CS|TAMS 0x0000000624000000, 0x0000000624000000| Complete 
| 100|0x0000000624400000, 0x0000000624800000, 0x0000000624800000|100%| E|CS|TAMS 0x0000000624400000, 0x0000000624400000| Complete 
| 101|0x0000000624800000, 0x0000000624c00000, 0x0000000624c00000|100%| E|CS|TAMS 0x0000000624800000, 0x0000000624800000| Complete 
| 102|0x0000000624c00000, 0x0000000625000000, 0x0000000625000000|100%| E|CS|TAMS 0x0000000624c00000, 0x0000000624c00000| Complete 
| 103|0x0000000625000000, 0x0000000625400000, 0x0000000625400000|100%| E|CS|TAMS 0x0000000625000000, 0x0000000625000000| Complete 
| 104|0x0000000625400000, 0x0000000625800000, 0x0000000625800000|100%| E|CS|TAMS 0x0000000625400000, 0x0000000625400000| Complete 
| 105|0x0000000625800000, 0x0000000625c00000, 0x0000000625c00000|100%| E|CS|TAMS 0x0000000625800000, 0x0000000625800000| Complete 
| 106|0x0000000625c00000, 0x0000000626000000, 0x0000000626000000|100%| E|CS|TAMS 0x0000000625c00000, 0x0000000625c00000| Complete 
| 107|0x0000000626000000, 0x0000000626400000, 0x0000000626400000|100%| E|CS|TAMS 0x0000000626000000, 0x0000000626000000| Complete 
| 108|0x0000000626400000, 0x0000000626800000, 0x0000000626800000|100%| E|CS|TAMS 0x0000000626400000, 0x0000000626400000| Complete 
| 109|0x0000000626800000, 0x0000000626c00000, 0x0000000626c00000|100%| E|CS|TAMS 0x0000000626800000, 0x0000000626800000| Complete 
| 110|0x0000000626c00000, 0x0000000627000000, 0x0000000627000000|100%| E|CS|TAMS 0x0000000626c00000, 0x0000000626c00000| Complete 
| 111|0x0000000627000000, 0x0000000627400000, 0x0000000627400000|100%| E|CS|TAMS 0x0000000627000000, 0x0000000627000000| Complete 
| 112|0x0000000627400000, 0x0000000627800000, 0x0000000627800000|100%| E|CS|TAMS 0x0000000627400000, 0x0000000627400000| Complete 
| 113|0x0000000627800000, 0x0000000627c00000, 0x0000000627c00000|100%| E|CS|TAMS 0x0000000627800000, 0x0000000627800000| Complete 
| 114|0x0000000627c00000, 0x0000000628000000, 0x0000000628000000|100%| E|CS|TAMS 0x0000000627c00000, 0x0000000627c00000| Complete 
| 115|0x0000000628000000, 0x0000000628400000, 0x0000000628400000|100%| E|CS|TAMS 0x0000000628000000, 0x0000000628000000| Complete 
| 116|0x0000000628400000, 0x0000000628800000, 0x0000000628800000|100%| E|CS|TAMS 0x0000000628400000, 0x0000000628400000| Complete 
| 117|0x0000000628800000, 0x0000000628a66510, 0x0000000628c00000| 59%| S|CS|TAMS 0x0000000628800000, 0x0000000628800000| Complete 
| 118|0x0000000628c00000, 0x0000000629000000, 0x0000000629000000|100%| E|CS|TAMS 0x0000000628c00000, 0x0000000628c00000| Complete 
| 119|0x0000000629000000, 0x0000000629400000, 0x0000000629400000|100%| E|CS|TAMS 0x0000000629000000, 0x0000000629000000| Complete 
| 120|0x0000000629400000, 0x0000000629800000, 0x0000000629800000|100%| E|CS|TAMS 0x0000000629400000, 0x0000000629400000| Complete 
| 121|0x0000000629800000, 0x0000000629c00000, 0x0000000629c00000|100%| E|CS|TAMS 0x0000000629800000, 0x0000000629800000| Complete 
| 122|0x0000000629c00000, 0x000000062a000000, 0x000000062a000000|100%| E|CS|TAMS 0x0000000629c00000, 0x0000000629c00000| Complete 
| 123|0x000000062a000000, 0x000000062a400000, 0x000000062a400000|100%| E|CS|TAMS 0x000000062a000000, 0x000000062a000000| Complete 
| 124|0x000000062a400000, 0x000000062a800000, 0x000000062a800000|100%| E|CS|TAMS 0x000000062a400000, 0x000000062a400000| Complete 
| 125|0x000000062a800000, 0x000000062ac00000, 0x000000062ac00000|100%| E|CS|TAMS 0x000000062a800000, 0x000000062a800000| Complete 
|2001|0x00000007ff800000, 0x00000007ffb75000, 0x00000007ffc00000| 86%|OA|  |TAMS 0x00000007ff800000, 0x00000007ff800000| Untracked 
|2002|0x00000007ffc00000, 0x00000007ffc77000, 0x0000000800000000| 11%|CA|  |TAMS 0x00000007ffc00000, 0x00000007ffc00000| Untracked 

Card table byte_map: [0x00007f08805eb000,0x00007f0881591000] _byte_map_base: 0x00007f087d591000

Marking Bits (Prev, Next): (CMBitMap*) 0x00007f0898043b00, (CMBitMap*) 0x00007f0898043b40
 Prev Bits: [0x00007f0877915000, 0x00007f087f645000)
 Next Bits: [0x00007f086fbe5000, 0x00007f0877915000)

Polling page: 0x00007f089fb8a000

Metaspace:

Usage:
  Non-class:     14,05 MB used.
      Class:      1,75 MB used.
       Both:     15,80 MB used.

Virtual space:
  Non-class space:       64,00 MB reserved,      14,19 MB ( 22%) committed,  1 nodes.
      Class space:        1,00 GB reserved,       1,94 MB ( <1%) committed,  1 nodes.
             Both:        1,06 GB reserved,      16,12 MB (  1%) committed. 

Chunk freelists:
   Non-Class:  1,46 MB
       Class:  13,99 MB
        Both:  15,46 MB

MaxMetaspaceSize: unlimited
CompressedClassSpaceSize: 1,00 GB
Initial GC threshold: 21,00 MB
Current GC threshold: 21,00 MB
CDS: on
MetaspaceReclaimPolicy: balanced
 - commit_granule_bytes: 65536.
 - commit_granule_words: 8192.
 - virtual_space_node_default_size: 8388608.
 - enlarge_chunks_in_place: 1.
 - new_chunks_are_fully_committed: 0.
 - uncommit_free_chunks: 1.
 - use_allocation_guard: 0.
 - handle_deallocations: 1.


Internal statistics:

num_allocs_failed_limit: 0.
num_arena_births: 126.
num_arena_deaths: 0.
num_vsnodes_births: 2.
num_vsnodes_deaths: 0.
num_space_committed: 258.
num_space_uncommitted: 0.
num_chunks_returned_to_freelist: 0.
num_chunks_taken_from_freelist: 690.
num_chunk_merges: 0.
num_chunk_splits: 476.
num_chunks_enlarged: 364.
num_inconsistent_stats: 0.

CodeHeap 'non-profiled nmethods': size=120028Kb used=2049Kb max_used=2049Kb free=117978Kb
 bounds [0x00007f088905a000, 0x00007f08892ca000, 0x00007f0890591000]
CodeHeap 'profiled nmethods': size=120028Kb used=7799Kb max_used=7799Kb free=112228Kb
 bounds [0x00007f0881591000, 0x00007f0881d31000, 0x00007f0888ac8000]
CodeHeap 'non-nmethods': size=5704Kb used=1171Kb max_used=1259Kb free=4532Kb
 bounds [0x00007f0888ac8000, 0x00007f0888d38000, 0x00007f088905a000]
 total_blobs=4295 nmethods=3832 adapters=376
 compilation: enabled
              stopped_count=0, restarted_count=0
 full_count=0

Compilation events (20 events):
Event: 1,573 Thread 0x00007f0898154360 3818       3       sun.invoke.util.Wrapper::findPrimitiveType (25 bytes)
Event: 1,574 Thread 0x00007f0898154360 nmethod 3818 0x00007f0881d26c10 code [0x00007f0881d26ea0, 0x00007f0881d279a0]
Event: 1,574 Thread 0x00007f0898154360 3823       3       java.lang.invoke.LambdaForm$Name::initIndex (26 bytes)
Event: 1,574 Thread 0x00007f0898154360 nmethod 3823 0x00007f0881d27e10 code [0x00007f0881d27fc0, 0x00007f0881d28170]
Event: 1,574 Thread 0x00007f0898154360 3822       1       java.lang.invoke.LambdaForm$Name::index (5 bytes)
Event: 1,574 Thread 0x00007f0898154360 nmethod 3822 0x00007f088924e290 code [0x00007f088924e420, 0x00007f088924e4f0]
Event: 1,574 Thread 0x00007f07ec18a320 nmethod 3807 0x00007f088924e590 code [0x00007f088924e740, 0x00007f088924efd8]
Event: 1,574 Thread 0x00007f0898154360 3824       3       sun.invoke.util.Wrapper::forPrimitiveType (49 bytes)
Event: 1,575 Thread 0x00007f0898154360 nmethod 3824 0x00007f0881d28210 code [0x00007f0881d28580, 0x00007f0881d29900]
Event: 1,575 Thread 0x00007f0898154360 3825       3       java.lang.invoke.MemberName$Factory::resolveOrFail (79 bytes)
Event: 1,576 Thread 0x00007f0898154360 nmethod 3825 0x00007f0881d2a010 code [0x00007f0881d2a220, 0x00007f0881d2a930]
Event: 1,576 Thread 0x00007f0898154360 3828       3       java.lang.invoke.MemberName::isCallerSensitive (8 bytes)
Event: 1,577 Thread 0x00007f0898154360 nmethod 3828 0x00007f0881d2ab90 code [0x00007f0881d2ad40, 0x00007f0881d2af70]
Event: 1,577 Thread 0x00007f07ec18a320 3830       4       java.lang.invoke.MethodType::parameterType (7 bytes)
Event: 1,577 Thread 0x00007f0898154360 3831       3       jdk.internal.org.objectweb.asm.Type::getArgumentTypes (154 bytes)
Event: 1,577 Thread 0x00007f07ec18a320 nmethod 3830 0x00007f088924fb90 code [0x00007f088924fd20, 0x00007f088924fdd8]
Event: 1,580 Thread 0x00007f0898154360 nmethod 3831 0x00007f0881d2b090 code [0x00007f0881d2b580, 0x00007f0881d2dfc0]
Event: 1,580 Thread 0x00007f0898154360 3832       1       java.lang.invoke.InfoFromMemberName::getReferenceKind (5 bytes)
Event: 1,580 Thread 0x00007f0898154360 nmethod 3832 0x00007f088924fe90 code [0x00007f0889250020, 0x00007f08892500f0]
Event: 1,619 Thread 0x00007f07ec2967b0 nmethod 3652 0x00007f0889250190 code [0x00007f0889250620, 0x00007f0889256088]

GC Heap History (4 events):
Event: 0,402 GC heap before
{Heap before GC invocations=0 (full 0):
 garbage-first heap   total 524288K, used 28592K [0x000000060b400000, 0x0000000800000000)
  region size 4096K, 6 young (24576K), 0 survivors (0K)
 Metaspace       used 5127K, committed 5312K, reserved 1114112K
  class space    used 610K, committed 704K, reserved 1048576K
}
Event: 0,404 GC heap after
{Heap after GC invocations=1 (full 0):
 garbage-first heap   total 524288K, used 7132K [0x000000060b400000, 0x0000000800000000)
  region size 4096K, 1 young (4096K), 1 survivors (4096K)
 Metaspace       used 5127K, committed 5312K, reserved 1114112K
  class space    used 610K, committed 704K, reserved 1048576K
}
Event: 0,791 GC heap before
{Heap before GC invocations=1 (full 0):
 garbage-first heap   total 524288K, used 35804K [0x000000060b400000, 0x0000000800000000)
  region size 4096K, 8 young (32768K), 1 survivors (4096K)
 Metaspace       used 11195K, committed 11392K, reserved 1114112K
  class space    used 1365K, committed 1472K, reserved 1048576K
}
Event: 0,794 GC heap after
{Heap after GC invocations=2 (full 0):
 garbage-first heap   total 524288K, used 9287K [0x000000060b400000, 0x0000000800000000)
  region size 4096K, 1 young (4096K), 1 survivors (4096K)
 Metaspace       used 11195K, committed 11392K, reserved 1114112K
  class space    used 1365K, committed 1472K, reserved 1048576K
}

Dll operation events (7 events):
Event: 0,002 Loaded shared library /usr/lib/jvm/java-17-openjdk-amd64/lib/libjava.so
Event: 0,015 Loaded shared library /usr/lib/jvm/java-17-openjdk-amd64/lib/libjsvml.so
Event: 0,027 Loaded shared library /usr/lib/jvm/java-17-openjdk-amd64/lib/libnio.so
Event: 0,030 Loaded shared library /usr/lib/jvm/java-17-openjdk-amd64/lib/libzip.so
Event: 0,098 Loaded shared library /usr/lib/jvm/java-17-openjdk-amd64/lib/libjimage.so
Event: 0,146 Loaded shared library /usr/lib/jvm/java-17-openjdk-amd64/lib/libverify.so
Event: 0,799 Loaded shared library /usr/lib/jvm/java-17-openjdk-amd64/lib/libnet.so

Deoptimization events (20 events):
Event: 1,548 Thread 0x00007f0898014430 Uncommon trap: trap_request=0xffffffde fr.pc=0x00007f08890f7ec0 relative=0x0000000000000080
Event: 1,548 Thread 0x00007f0898014430 Uncommon trap: reason=class_check action=maybe_recompile pc=0x00007f08890f7ec0 method=com.google.inject.internal.MoreTypes.getRawType(Ljava/lang/reflect/Type;)Ljava/lang/Class; @ 13 c2
Event: 1,548 Thread 0x00007f0898014430 DEOPT PACKING pc=0x00007f08890f7ec0 sp=0x00007f089e2701c0
Event: 1,548 Thread 0x00007f0898014430 DEOPT UNPACKING pc=0x00007f0888b1e699 sp=0x00007f089e270170 mode 2
Event: 1,548 Thread 0x00007f0898014430 Uncommon trap: trap_request=0xffffffde fr.pc=0x00007f08890f7ec0 relative=0x0000000000000080
Event: 1,548 Thread 0x00007f0898014430 Uncommon trap: reason=class_check action=maybe_recompile pc=0x00007f08890f7ec0 method=com.google.inject.internal.MoreTypes.getRawType(Ljava/lang/reflect/Type;)Ljava/lang/Class; @ 13 c2
Event: 1,548 Thread 0x00007f0898014430 DEOPT PACKING pc=0x00007f08890f7ec0 sp=0x00007f089e2701c0
Event: 1,548 Thread 0x00007f0898014430 DEOPT UNPACKING pc=0x00007f0888b1e699 sp=0x00007f089e270170 mode 2
Event: 1,562 Thread 0x00007f0898014430 Uncommon trap: trap_request=0xffffff45 fr.pc=0x00007f088923c5a8 relative=0x00000000000005e8
Event: 1,562 Thread 0x00007f0898014430 Uncommon trap: reason=unstable_if action=reinterpret pc=0x00007f088923c5a8 method=java.util.jar.Manifest$FastInputStream.readLine([BII)I @ 130 c2
Event: 1,562 Thread 0x00007f0898014430 DEOPT PACKING pc=0x00007f088923c5a8 sp=0x00007f089e26fd40
Event: 1,562 Thread 0x00007f0898014430 DEOPT UNPACKING pc=0x00007f0888b1e699 sp=0x00007f089e26fcd0 mode 2
Event: 1,567 Thread 0x00007f0898014430 Uncommon trap: trap_request=0xffffffde fr.pc=0x00007f0889180998 relative=0x0000000000000078
Event: 1,567 Thread 0x00007f0898014430 Uncommon trap: reason=class_check action=maybe_recompile pc=0x00007f0889180998 method=java.util.Collections$UnmodifiableMap$UnmodifiableEntrySet$1.hasNext()Z @ 4 c2
Event: 1,567 Thread 0x00007f0898014430 DEOPT PACKING pc=0x00007f0889180998 sp=0x00007f089e270350
Event: 1,567 Thread 0x00007f0898014430 DEOPT UNPACKING pc=0x00007f0888b1e699 sp=0x00007f089e270300 mode 2
Event: 1,578 Thread 0x00007f0898014430 Uncommon trap: trap_request=0xffffffde fr.pc=0x00007f08891c2b78 relative=0x0000000000000538
Event: 1,578 Thread 0x00007f0898014430 Uncommon trap: reason=class_check action=maybe_recompile pc=0x00007f08891c2b78 method=java.util.Hashtable.get(Ljava/lang/Object;)Ljava/lang/Object; @ 6 c2
Event: 1,578 Thread 0x00007f0898014430 DEOPT PACKING pc=0x00007f08891c2b78 sp=0x00007f089e2701f0
Event: 1,578 Thread 0x00007f0898014430 DEOPT UNPACKING pc=0x00007f0888b1e699 sp=0x00007f089e2701a0 mode 2

Classes unloaded (0 events):
No events

Classes redefined (0 events):
No events

Internal exceptions (20 events):
Event: 1,007 Thread 0x00007f0898014430 Implicit null exception at 0x00007f08890bdfd8 to 0x00007f08890be06a
Event: 1,176 Thread 0x00007f0898014430 Implicit null exception at 0x00007f08890b806d to 0x00007f08890b8230
Event: 1,176 Thread 0x00007f0898014430 Implicit null exception at 0x00007f08890d1daf to 0x00007f08890d1e29
Event: 1,411 Thread 0x00007f0898014430 Exception <a 'java/lang/NoSuchMethodError'{0x000000062520a208}: 'java.lang.Object java.lang.invoke.DirectMethodHandle$Holder.invokeInterface(java.lang.Object, java.lang.Object)'> (0x000000062520a208) 
thrown [./src/hotspot/share/interpreter/linkResolver.cpp, line 758]
Event: 1,427 Thread 0x00007f0898014430 Exception <a 'java/lang/NoSuchMethodError'{0x0000000625369018}: 'void java.lang.invoke.DirectMethodHandle$Holder.invokeVirtual(java.lang.Object, java.lang.Object)'> (0x0000000625369018) 
thrown [./src/hotspot/share/interpreter/linkResolver.cpp, line 758]
Event: 1,428 Thread 0x00007f0898014430 Exception <a 'java/lang/NoSuchMethodError'{0x0000000625371950}: 'int java.lang.invoke.DirectMethodHandle$Holder.invokeSpecial(java.lang.Object, java.lang.Object, java.lang.Object, java.lang.Object)'> (0x0000000625371950) 
thrown [./src/hotspot/share/interpreter/linkResolver.cpp, line 758]
Event: 1,542 Thread 0x00007f0898014430 Exception <a 'java/lang/NoClassDefFoundError'{0x000000062378af88}: org/codehaus/plexus/util/io/CachingOutputStream> (0x000000062378af88) 
thrown [./src/hotspot/share/classfile/systemDictionary.cpp, line 245]
Event: 1,550 Thread 0x00007f0898014430 Exception <a 'java/lang/NoSuchMethodError'{0x00000006230469f8}: 'int java.lang.invoke.DirectMethodHandle$Holder.invokeStaticInit(java.lang.Object, java.lang.Object)'> (0x00000006230469f8) 
thrown [./src/hotspot/share/interpreter/linkResolver.cpp, line 758]
Event: 1,552 Thread 0x00007f0898014430 Exception <a 'java/lang/NoSuchMethodError'{0x0000000623056e18}: 'int java.lang.invoke.DirectMethodHandle$Holder.invokeStatic(java.lang.Object, java.lang.Object, java.lang.Object, java.lang.Object)'> (0x0000000623056e18) 
thrown [./src/hotspot/share/interpreter/linkResolver.cpp, line 758]
Event: 1,552 Thread 0x00007f0898014430 Exception <a 'java/lang/NoSuchMethodError'{0x000000062305a798}: 'java.lang.Object java.lang.invoke.Invokers$Holder.invokeExact_MT(java.lang.Object, java.lang.Object, java.lang.Object, java.lang.Object, java.lang.Object, java.lang.Object)'> (0x000000062305a798) 
thrown [./src/hotspot/share/interpreter/linkResolver.cpp, line 758]
Event: 1,566 Thread 0x00007f0898014430 Exception <a 'java/lang/NoSuchMethodError'{0x000000062330f7c0}: 'void java.lang.invoke.DirectMethodHandle$Holder.invokeStatic(java.lang.Object, java.lang.Object)'> (0x000000062330f7c0) 
thrown [./src/hotspot/share/interpreter/linkResolver.cpp, line 758]
Event: 1,570 Thread 0x00007f0898014430 Exception <a 'java/lang/NoSuchMethodError'{0x0000000623329420}: 'java.lang.Object java.lang.invoke.DirectMethodHandle$Holder.invokeStaticInit(java.lang.Object)'> (0x0000000623329420) 
thrown [./src/hotspot/share/interpreter/linkResolver.cpp, line 758]
Event: 1,570 Thread 0x00007f0898014430 Exception <a 'java/lang/NoSuchMethodError'{0x0000000623332d98}: 'java.lang.Object java.lang.invoke.DirectMethodHandle$Holder.invokeStaticInit(java.lang.Object, java.lang.Object, long, java.lang.Object)'> (0x0000000623332d98) 
thrown [./src/hotspot/share/interpreter/linkResolver.cpp, line 758]
Event: 1,571 Thread 0x00007f0898014430 Exception <a 'java/lang/NoSuchMethodError'{0x0000000623339660}: 'java.lang.Object java.lang.invoke.DirectMethodHandle$Holder.newInvokeSpecial(java.lang.Object, java.lang.Object, long)'> (0x0000000623339660) 
thrown [./src/hotspot/share/interpreter/linkResolver.cpp, line 758]
Event: 1,571 Thread 0x00007f0898014430 Exception <a 'java/lang/NoSuchMethodError'{0x000000062333d950}: 'java.lang.Object java.lang.invoke.Invokers$Holder.linkToTargetMethod(java.lang.Object, long, java.lang.Object)'> (0x000000062333d950) 
thrown [./src/hotspot/share/interpreter/linkResolver.cpp, line 758]
Event: 1,572 Thread 0x00007f0898014430 Exception <a 'java/lang/NoSuchMethodError'{0x0000000623345330}: 'java.lang.Object java.lang.invoke.DirectMethodHandle$Holder.newInvokeSpecial(java.lang.Object, java.lang.Object, java.lang.Object, int)'> (0x0000000623345330) 
thrown [./src/hotspot/share/interpreter/linkResolver.cpp, line 758]
Event: 1,572 Thread 0x00007f0898014430 Exception <a 'java/lang/NoSuchMethodError'{0x0000000623349710}: 'java.lang.Object java.lang.invoke.DirectMethodHandle$Holder.invokeSpecial(java.lang.Object, java.lang.Object, java.lang.Object, java.lang.Object, int)'> (0x0000000623349710) 
thrown [./src/hotspot/share/interpreter/linkResolver.cpp, line 758]
Event: 1,573 Thread 0x00007f0898014430 Exception <a 'java/lang/NoSuchMethodError'{0x000000062334d2d8}: 'java.lang.Object java.lang.invoke.Invokers$Holder.linkToTargetMethod(java.lang.Object, java.lang.Object, int, java.lang.Object)'> (0x000000062334d2d8) 
thrown [./src/hotspot/share/interpreter/linkResolver.cpp, line 758]
Event: 1,576 Thread 0x00007f0898014430 Exception <a 'java/lang/NoSuchMethodError'{0x0000000623358098}: 'int java.lang.invoke.DirectMethodHandle$Holder.invokeVirtual(java.lang.Object, java.lang.Object)'> (0x0000000623358098) 
thrown [./src/hotspot/share/interpreter/linkResolver.cpp, line 758]
Event: 1,577 Thread 0x00007f0898014430 Exception <a 'java/lang/NoSuchMethodError'{0x0000000623362100}: 'void java.lang.invoke.DirectMethodHandle$Holder.invokeStatic(java.lang.Object, java.lang.Object, java.lang.Object)'> (0x0000000623362100) 
thrown [./src/hotspot/share/interpreter/linkResolver.cpp, line 758]

VM Operations (20 events):
Event: 1,239 Executing VM operation: HandshakeAllThreads
Event: 1,239 Executing VM operation: HandshakeAllThreads done
Event: 1,255 Executing VM operation: ICBufferFull
Event: 1,255 Executing VM operation: ICBufferFull done
Event: 1,264 Executing VM operation: HandshakeAllThreads
Event: 1,264 Executing VM operation: HandshakeAllThreads done
Event: 1,388 Executing VM operation: HandshakeAllThreads
Event: 1,388 Executing VM operation: HandshakeAllThreads done
Event: 1,427 Executing VM operation: HandshakeAllThreads
Event: 1,427 Executing VM operation: HandshakeAllThreads done
Event: 1,427 Executing VM operation: HandshakeAllThreads
Event: 1,427 Executing VM operation: HandshakeAllThreads done
Event: 1,485 Executing VM operation: ICBufferFull
Event: 1,485 Executing VM operation: ICBufferFull done
Event: 1,574 Executing VM operation: HandshakeAllThreads
Event: 1,574 Executing VM operation: HandshakeAllThreads done
Event: 2,574 Executing VM operation: Cleanup
Event: 2,574 Executing VM operation: Cleanup done
Event: 60,038 Executing VM operation: HandshakeAllThreads
Event: 60,038 Executing VM operation: HandshakeAllThreads done

Events (20 events):
Event: 1,575 Thread 0x00007f0898c6b710 Thread added: 0x00007f0898c6b710
Event: 1,575 Protecting memory [0x00007f086c085000,0x00007f086c089000] with protection modes 0
Event: 1,576 loading class java/util/concurrent/CompletableFuture$UniHandle
Event: 1,576 loading class java/util/concurrent/CompletableFuture$UniCompletion
Event: 1,576 loading class java/util/concurrent/CompletableFuture$UniCompletion done
Event: 1,576 loading class java/util/concurrent/CompletableFuture$UniHandle done
Event: 1,576 loading class jdk/internal/event/ProcessStartEvent
Event: 1,576 loading class jdk/internal/event/ProcessStartEvent done
Event: 1,577 loading class sun/misc/Signal
Event: 1,577 loading class sun/misc/Signal done
Event: 1,577 loading class sun/misc/SignalHandler
Event: 1,577 loading class sun/misc/SignalHandler done
Event: 1,577 loading class sun/invoke/util/VerifyAccess$1
Event: 1,577 loading class sun/invoke/util/VerifyAccess$1 done
Event: 1,578 loading class sun/misc/Signal$InternalMiscHandler
Event: 1,578 loading class sun/misc/Signal$InternalMiscHandler done
Event: 1,578 loading class sun/misc/Signal$SunMiscHandler
Event: 1,578 loading class sun/misc/Signal$SunMiscHandler done
Event: 6,619 Thread 0x00007f07ec2967b0 Thread exited: 0x00007f07ec2967b0
Event: 11,578 Thread 0x00007f07ec18a320 Thread exited: 0x00007f07ec18a320


Dynamic libraries:
60b400000-62ac00000 rw-p 00000000 00:00 0 
62ac00000-7ff800000 ---p 00000000 00:00 0 
7ff800000-7ffb00000 rw-p 00000000 00:00 0 
7ffb00000-7ffb75000 rw-p 00c76000 08:02 13399095                         /usr/lib/jvm/java-17-openjdk-amd64/lib/server/classes.jsa
7ffb75000-7ffc00000 rw-p 00000000 00:00 0 
7ffc00000-7ffc77000 rw-p 00bff000 08:02 13399095                         /usr/lib/jvm/java-17-openjdk-amd64/lib/server/classes.jsa
7ffc77000-800000000 rw-p 00000000 00:00 0 
56209df58000-56209df59000 r--p 00000000 08:02 13398943                   /usr/lib/jvm/java-17-openjdk-amd64/bin/java
56209df59000-56209df5a000 r-xp 00001000 08:02 13398943                   /usr/lib/jvm/java-17-openjdk-amd64/bin/java
56209df5a000-56209df5b000 r--p 00002000 08:02 13398943                   /usr/lib/jvm/java-17-openjdk-amd64/bin/java
56209df5b000-56209df5c000 r--p 00002000 08:02 13398943                   /usr/lib/jvm/java-17-openjdk-amd64/bin/java
56209df5c000-56209df5d000 rw-p 00003000 08:02 13398943                   /usr/lib/jvm/java-17-openjdk-amd64/bin/java
56209f7da000-56209f97e000 rw-p 00000000 00:00 0                          [heap]
7f07ac000000-7f07ac021000 rw-p 00000000 00:00 0 
7f07ac021000-7f07b0000000 ---p 00000000 00:00 0 
7f07b4000000-7f07b4021000 rw-p 00000000 00:00 0 
7f07b4021000-7f07b8000000 ---p 00000000 00:00 0 
7f07b8000000-7f07b8021000 rw-p 00000000 00:00 0 
7f07b8021000-7f07bc000000 ---p 00000000 00:00 0 
7f07bc000000-7f07bc021000 rw-p 00000000 00:00 0 
7f07bc021000-7f07c0000000 ---p 00000000 00:00 0 
7f07c0000000-7f07c0021000 rw-p 00000000 00:00 0 
7f07c0021000-7f07c4000000 ---p 00000000 00:00 0 
7f07c4000000-7f07c4021000 rw-p 00000000 00:00 0 
7f07c4021000-7f07c8000000 ---p 00000000 00:00 0 
7f07c8000000-7f07c8021000 rw-p 00000000 00:00 0 
7f07c8021000-7f07cc000000 ---p 00000000 00:00 0 
7f07cc000000-7f07cc021000 rw-p 00000000 00:00 0 
7f07cc021000-7f07d0000000 ---p 00000000 00:00 0 
7f07d0000000-7f07d0021000 rw-p 00000000 00:00 0 
7f07d0021000-7f07d4000000 ---p 00000000 00:00 0 
7f07d4000000-7f07d4e8d000 rw-p 00000000 00:00 0 
7f07d4e8d000-7f07d8000000 ---p 00000000 00:00 0 
7f07d8000000-7f07d8021000 rw-p 00000000 00:00 0 
7f07d8021000-7f07dc000000 ---p 00000000 00:00 0 
7f07dc000000-7f07dc021000 rw-p 00000000 00:00 0 
7f07dc021000-7f07e0000000 ---p 00000000 00:00 0 
7f07e0000000-7f07e0e05000 rw-p 00000000 00:00 0 
7f07e0e05000-7f07e4000000 ---p 00000000 00:00 0 
7f07e4000000-7f07e4021000 rw-p 00000000 00:00 0 
7f07e4021000-7f07e8000000 ---p 00000000 00:00 0 
7f07e8000000-7f07e8021000 rw-p 00000000 00:00 0 
7f07e8021000-7f07ec000000 ---p 00000000 00:00 0 
7f07ec000000-7f07ec82f000 rw-p 00000000 00:00 0 
7f07ec82f000-7f07f0000000 ---p 00000000 00:00 0 
7f07f0000000-7f07f0021000 rw-p 00000000 00:00 0 
7f07f0021000-7f07f4000000 ---p 00000000 00:00 0 
7f07f4000000-7f07f4021000 rw-p 00000000 00:00 0 
7f07f4021000-7f07f8000000 ---p 00000000 00:00 0 
7f07f8000000-7f07f8eee000 rw-p 00000000 00:00 0 
7f07f8eee000-7f07fc000000 ---p 00000000 00:00 0 
7f07fc000000-7f07fc021000 rw-p 00000000 00:00 0 
7f07fc021000-7f0800000000 ---p 00000000 00:00 0 
7f0800000000-7f0800021000 rw-p 00000000 00:00 0 
7f0800021000-7f0804000000 ---p 00000000 00:00 0 
7f0804000000-7f0804021000 rw-p 00000000 00:00 0 
7f0804021000-7f0808000000 ---p 00000000 00:00 0 
7f0808000000-7f0808021000 rw-p 00000000 00:00 0 
7f0808021000-7f080c000000 ---p 00000000 00:00 0 
7f080c000000-7f080c021000 rw-p 00000000 00:00 0 
7f080c021000-7f0810000000 ---p 00000000 00:00 0 
7f0811f69000-7f08121f6000 rw-p 00000000 00:00 0 
7f08121f6000-7f08121f7000 ---p 00000000 00:00 0 
7f08121f7000-7f08122f7000 rw-p 00000000 00:00 0 
7f08122f7000-7f08122f8000 ---p 00000000 00:00 0 
7f08122f8000-7f08123f8000 rw-p 00000000 00:00 0 
7f08123f8000-7f08123f9000 ---p 00000000 00:00 0 
7f08123f9000-7f08124f9000 rw-p 00000000 00:00 0 
7f08124f9000-7f08124fa000 ---p 00000000 00:00 0 
7f08124fa000-7f08125fa000 rw-p 00000000 00:00 0 
7f08125fa000-7f08125fb000 ---p 00000000 00:00 0 
7f08125fb000-7f08126fb000 rw-p 00000000 00:00 0 
7f08126fb000-7f08126fc000 ---p 00000000 00:00 0 
7f08126fc000-7f08127fc000 rw-p 00000000 00:00 0 
7f08127fc000-7f08127fd000 ---p 00000000 00:00 0 
7f08127fd000-7f08128fd000 rw-p 00000000 00:00 0 
7f08128fd000-7f08128fe000 ---p 00000000 00:00 0 
7f08128fe000-7f08129fe000 rw-p 00000000 00:00 0 
7f08129fe000-7f08129ff000 ---p 00000000 00:00 0 
7f08129ff000-7f0812aff000 rw-p 00000000 00:00 0 
7f0812aff000-7f0812b03000 ---p 00000000 00:00 0 
7f0812b03000-7f0812bff000 rw-p 00000000 00:00 0 
7f0812bff000-7f0812c03000 ---p 00000000 00:00 0 
7f0812c03000-7f0812cff000 rw-p 00000000 00:00 0 
7f0812cff000-7f0812d03000 ---p 00000000 00:00 0 
7f0812d03000-7f0812dff000 rw-p 00000000 00:00 0 
7f0812dff000-7f0812e00000 ---p 00000000 00:00 0 
7f0812e00000-7f0812f00000 rw-p 00000000 00:00 0 
7f0812f00000-7f0812f04000 ---p 00000000 00:00 0 
7f0812f04000-7f08133a0000 rw-p 00000000 00:00 0 
7f08133a0000-7f0813400000 ---p 00000000 00:00 0 
7f0813400000-7f0813e90000 rw-p 00000000 00:00 0 
7f0813e90000-7f0817000000 ---p 00000000 00:00 0 
7f0817000000-7f0817bc7000 rw-p 00001000 08:02 13399095                   /usr/lib/jvm/java-17-openjdk-amd64/lib/server/classes.jsa
7f0817bc7000-7f0818000000 ---p 00000000 00:00 0 
7f0818000000-7f0818040000 rw-p 00000000 00:00 0 
7f0818040000-7f0818080000 rw-p 00000000 00:00 0 
7f0818080000-7f08181c0000 rw-p 00000000 00:00 0 
7f08181c0000-7f08181e0000 rw-p 00000000 00:00 0 
7f08181e0000-7f0818200000 ---p 00000000 00:00 0 
7f0818200000-7f0818210000 rw-p 00000000 00:00 0 
7f0818210000-7f0858000000 ---p 00000000 00:00 0 
7f0858000000-7f0858021000 rw-p 00000000 00:00 0 
7f0858021000-7f085c000000 ---p 00000000 00:00 0 
7f085c000000-7f085c021000 rw-p 00000000 00:00 0 
7f085c021000-7f0860000000 ---p 00000000 00:00 0 
7f0860000000-7f0860021000 rw-p 00000000 00:00 0 
7f0860021000-7f0864000000 ---p 00000000 00:00 0 
7f0864000000-7f0864021000 rw-p 00000000 00:00 0 
7f0864021000-7f0868000000 ---p 00000000 00:00 0 
7f0868000000-7f0868021000 rw-p 00000000 00:00 0 
7f0868021000-7f086c000000 ---p 00000000 00:00 0 
7f086c085000-7f086c089000 ---p 00000000 00:00 0 
7f086c089000-7f086c0a7000 rw-p 00000000 00:00 0 
7f086c0a7000-7f086c0ab000 r--p 00000000 08:02 13399090                   /usr/lib/jvm/java-17-openjdk-amd64/lib/libverify.so
7f086c0ab000-7f086c0b2000 r-xp 00004000 08:02 13399090                   /usr/lib/jvm/java-17-openjdk-amd64/lib/libverify.so
7f086c0b2000-7f086c0b4000 r--p 0000b000 08:02 13399090                   /usr/lib/jvm/java-17-openjdk-amd64/lib/libverify.so
7f086c0b4000-7f086c0b6000 r--p 0000c000 08:02 13399090                   /usr/lib/jvm/java-17-openjdk-amd64/lib/libverify.so
7f086c0b6000-7f086c0b7000 rw-p 0000e000 08:02 13399090                   /usr/lib/jvm/java-17-openjdk-amd64/lib/libverify.so
7f086c0b7000-7f086c0bb000 ---p 00000000 00:00 0 
7f086c0bb000-7f086c1b7000 rw-p 00000000 00:00 0 
7f086c1b7000-7f086c1bb000 ---p 00000000 00:00 0 
7f086c1bb000-7f086c2b7000 rw-p 00000000 00:00 0 
7f086c2b7000-7f086c2bb000 ---p 00000000 00:00 0 
7f086c2bb000-7f086c3b7000 rw-p 00000000 00:00 0 
7f086c3b7000-7f086c3bb000 ---p 00000000 00:00 0 
7f086c3bb000-7f086c4b7000 rw-p 00000000 00:00 0 
7f086c4b7000-7f086c4bb000 ---p 00000000 00:00 0 
7f086c4bb000-7f086c5b7000 rw-p 00000000 00:00 0 
7f086c5b7000-7f086c5bb000 ---p 00000000 00:00 0 
7f086c5bb000-7f086c6b7000 rw-p 00000000 00:00 0 
7f086c6b7000-7f086cc2c000 r--p 00000000 08:02 13374161                   /usr/lib/locale/locale-archive
7f086cc2c000-7f086cc30000 ---p 00000000 00:00 0 
7f086cc30000-7f086cd2c000 rw-p 00000000 00:00 0 
7f086cd2c000-7f086cd30000 ---p 00000000 00:00 0 
7f086cd30000-7f086ce2c000 rw-p 00000000 00:00 0 
7f086ce2c000-7f086ce2d000 ---p 00000000 00:00 0 
7f086ce2d000-7f086cf2d000 rw-p 00000000 00:00 0 
7f086cf2d000-7f086cf32000 r--p 00000000 08:02 13399077                   /usr/lib/jvm/java-17-openjdk-amd64/lib/libjsvml.so
7f086cf32000-7f086cf73000 r-xp 00005000 08:02 13399077                   /usr/lib/jvm/java-17-openjdk-amd64/lib/libjsvml.so
7f086cf73000-7f086cffc000 r--p 00046000 08:02 13399077                   /usr/lib/jvm/java-17-openjdk-amd64/lib/libjsvml.so
7f086cffc000-7f086cffd000 r--p 000ce000 08:02 13399077                   /usr/lib/jvm/java-17-openjdk-amd64/lib/libjsvml.so
7f086cffd000-7f086cffe000 rw-p 000cf000 08:02 13399077                   /usr/lib/jvm/java-17-openjdk-amd64/lib/libjsvml.so
7f086cffe000-7f086d0da000 rw-p 00000000 00:00 0 
7f086d0da000-7f086d0db000 ---p 00000000 00:00 0 
7f086d0db000-7f086d1db000 rw-p 00000000 00:00 0 
7f086d1db000-7f086d1dc000 ---p 00000000 00:00 0 
7f086d1dc000-7f08703c5000 rw-p 00000000 00:00 0 
7f08703c5000-7f08778f5000 ---p 00000000 00:00 0 
7f08778f5000-7f08780f5000 rw-p 00000000 00:00 0 
7f08780f5000-7f087f625000 ---p 00000000 00:00 0 
7f087f625000-7f087f741000 rw-p 00000000 00:00 0 
7f087f741000-7f08805e7000 ---p 00000000 00:00 0 
7f08805e7000-7f08806e7000 rw-p 00000000 00:00 0 
7f08806e7000-7f088158d000 ---p 00000000 00:00 0 
7f088158d000-7f0881591000 rw-p 00000000 00:00 0 
7f0881591000-7f0881d31000 rwxp 00000000 00:00 0 
7f0881d31000-7f0888ac8000 ---p 00000000 00:00 0 
7f0888ac8000-7f0888d38000 rwxp 00000000 00:00 0 
7f0888d38000-7f088905a000 ---p 00000000 00:00 0 
7f088905a000-7f08892ca000 rwxp 00000000 00:00 0 
7f08892ca000-7f0890591000 ---p 00000000 00:00 0 
7f0890591000-7f0898000000 r--s 00000000 08:02 13399092                   /usr/lib/jvm/java-17-openjdk-amd64/lib/modules
7f0898000000-7f0898c7f000 rw-p 00000000 00:00 0 
7f0898c7f000-7f089c000000 ---p 00000000 00:00 0 
7f089c001000-7f089c003000 r--p 00000000 08:02 13399091                   /usr/lib/jvm/java-17-openjdk-amd64/lib/libzip.so
7f089c003000-7f089c008000 r-xp 00002000 08:02 13399091                   /usr/lib/jvm/java-17-openjdk-amd64/lib/libzip.so
7f089c008000-7f089c00a000 r--p 00007000 08:02 13399091                   /usr/lib/jvm/java-17-openjdk-amd64/lib/libzip.so
7f089c00a000-7f089c00b000 r--p 00008000 08:02 13399091                   /usr/lib/jvm/java-17-openjdk-amd64/lib/libzip.so
7f089c00b000-7f089c00c000 rw-p 00009000 08:02 13399091                   /usr/lib/jvm/java-17-openjdk-amd64/lib/libzip.so
7f089c00c000-7f089c07e000 rw-p 00000000 00:00 0 
7f089c07f000-7f089c086000 r--s 00000000 08:02 13515245                   /usr/lib/x86_64-linux-gnu/gconv/gconv-modules.cache
7f089c086000-7f089c08a000 r--p 00000000 08:02 13399083                   /usr/lib/jvm/java-17-openjdk-amd64/lib/libnet.so
7f089c08a000-7f089c098000 r-xp 00004000 08:02 13399083                   /usr/lib/jvm/java-17-openjdk-amd64/lib/libnet.so
7f089c098000-7f089c09c000 r--p 00012000 08:02 13399083                   /usr/lib/jvm/java-17-openjdk-amd64/lib/libnet.so
7f089c09c000-7f089c09d000 r--p 00015000 08:02 13399083                   /usr/lib/jvm/java-17-openjdk-amd64/lib/libnet.so
7f089c09d000-7f089c09e000 rw-p 00016000 08:02 13399083                   /usr/lib/jvm/java-17-openjdk-amd64/lib/libnet.so
7f089c09e000-7f089c0a5000 r--p 00000000 08:02 13399084                   /usr/lib/jvm/java-17-openjdk-amd64/lib/libnio.so
7f089c0a5000-7f089c0ae000 r-xp 00007000 08:02 13399084                   /usr/lib/jvm/java-17-openjdk-amd64/lib/libnio.so
7f089c0ae000-7f089c0b2000 r--p 00010000 08:02 13399084                   /usr/lib/jvm/java-17-openjdk-amd64/lib/libnio.so
7f089c0b2000-7f089c0b3000 ---p 00014000 08:02 13399084                   /usr/lib/jvm/java-17-openjdk-amd64/lib/libnio.so
7f089c0b3000-7f089c0b4000 r--p 00014000 08:02 13399084                   /usr/lib/jvm/java-17-openjdk-amd64/lib/libnio.so
7f089c0b4000-7f089c0b5000 rw-p 00015000 08:02 13399084                   /usr/lib/jvm/java-17-openjdk-amd64/lib/libnio.so
7f089c0b5000-7f089c1b6000 rw-p 00000000 00:00 0 
7f089c1b6000-7f089c1b7000 ---p 00000000 00:00 0 
7f089c1b7000-7f089c2b7000 rw-p 00000000 00:00 0 
7f089c2b7000-7f089c2b8000 ---p 00000000 00:00 0 
7f089c2b8000-7f089c3b8000 rw-p 00000000 00:00 0 
7f089c3b8000-7f089c3b9000 ---p 00000000 00:00 0 
7f089c3b9000-7f089c676000 rw-p 00000000 00:00 0 
7f089c676000-7f089d51c000 ---p 00000000 00:00 0 
7f089d51c000-7f089df6e000 rw-p 00000000 00:00 0 
7f089df6e000-7f089e054000 ---p 00000000 00:00 0 
7f089e054000-7f089e064000 rw-p 00000000 00:00 0 
7f089e064000-7f089e13f000 ---p 00000000 00:00 0 
7f089e13f000-7f089e144000 rw-p 00000000 00:00 0 
7f089e144000-7f089e14b000 ---p 00000000 00:00 0 
7f089e14b000-7f089e157000 r--p 00000000 08:02 13399070                   /usr/lib/jvm/java-17-openjdk-amd64/lib/libjava.so
7f089e157000-7f089e16a000 r-xp 0000c000 08:02 13399070                   /usr/lib/jvm/java-17-openjdk-amd64/lib/libjava.so
7f089e16a000-7f089e170000 r--p 0001f000 08:02 13399070                   /usr/lib/jvm/java-17-openjdk-amd64/lib/libjava.so
7f089e170000-7f089e171000 r--p 00024000 08:02 13399070                   /usr/lib/jvm/java-17-openjdk-amd64/lib/libjava.so
7f089e171000-7f089e172000 rw-p 00025000 08:02 13399070                   /usr/lib/jvm/java-17-openjdk-amd64/lib/libjava.so
7f089e172000-7f089e173000 rw-p 00000000 00:00 0 
7f089e173000-7f089e177000 ---p 00000000 00:00 0 
7f089e177000-7f089e273000 rw-p 00000000 00:00 0 
7f089e273000-7f089e276000 r--p 00000000 08:02 13369903                   /usr/lib/x86_64-linux-gnu/libgcc_s.so.1
7f089e276000-7f089e28d000 r-xp 00003000 08:02 13369903                   /usr/lib/x86_64-linux-gnu/libgcc_s.so.1
7f089e28d000-7f089e291000 r--p 0001a000 08:02 13369903                   /usr/lib/x86_64-linux-gnu/libgcc_s.so.1
7f089e291000-7f089e292000 r--p 0001d000 08:02 13369903                   /usr/lib/x86_64-linux-gnu/libgcc_s.so.1
7f089e292000-7f089e293000 rw-p 0001e000 08:02 13369903                   /usr/lib/x86_64-linux-gnu/libgcc_s.so.1
7f089e293000-7f089e2a1000 r--p 00000000 08:02 13370571                   /usr/lib/x86_64-linux-gnu/libm.so.6
7f089e2a1000-7f089e31d000 r-xp 0000e000 08:02 13370571                   /usr/lib/x86_64-linux-gnu/libm.so.6
7f089e31d000-7f089e378000 r--p 0008a000 08:02 13370571                   /usr/lib/x86_64-linux-gnu/libm.so.6
7f089e378000-7f089e379000 r--p 000e4000 08:02 13370571                   /usr/lib/x86_64-linux-gnu/libm.so.6
7f089e379000-7f089e37a000 rw-p 000e5000 08:02 13370571                   /usr/lib/x86_64-linux-gnu/libm.so.6
7f089e37a000-7f089e414000 r--p 00000000 08:02 13369612                   /usr/lib/x86_64-linux-gnu/libstdc++.so.6.0.30
7f089e414000-7f089e525000 r-xp 0009a000 08:02 13369612                   /usr/lib/x86_64-linux-gnu/libstdc++.so.6.0.30
7f089e525000-7f089e594000 r--p 001ab000 08:02 13369612                   /usr/lib/x86_64-linux-gnu/libstdc++.so.6.0.30
7f089e594000-7f089e595000 ---p 0021a000 08:02 13369612                   /usr/lib/x86_64-linux-gnu/libstdc++.so.6.0.30
7f089e595000-7f089e5a0000 r--p 0021a000 08:02 13369612                   /usr/lib/x86_64-linux-gnu/libstdc++.so.6.0.30
7f089e5a0000-7f089e5a3000 rw-p 00225000 08:02 13369612                   /usr/lib/x86_64-linux-gnu/libstdc++.so.6.0.30
7f089e5a3000-7f089e5a6000 rw-p 00000000 00:00 0 
7f089e5a6000-7f089e7f7000 r--p 00000000 08:02 13399098                   /usr/lib/jvm/java-17-openjdk-amd64/lib/server/libjvm.so
7f089e7f7000-7f089f55b000 r-xp 00251000 08:02 13399098                   /usr/lib/jvm/java-17-openjdk-amd64/lib/server/libjvm.so
7f089f55b000-7f089f7dd000 r--p 00fb5000 08:02 13399098                   /usr/lib/jvm/java-17-openjdk-amd64/lib/server/libjvm.so
7f089f7dd000-7f089f7de000 ---p 01237000 08:02 13399098                   /usr/lib/jvm/java-17-openjdk-amd64/lib/server/libjvm.so
7f089f7de000-7f089f896000 r--p 01237000 08:02 13399098                   /usr/lib/jvm/java-17-openjdk-amd64/lib/server/libjvm.so
7f089f896000-7f089f8cb000 rw-p 012ef000 08:02 13399098                   /usr/lib/jvm/java-17-openjdk-amd64/lib/server/libjvm.so
7f089f8cb000-7f089f928000 rw-p 00000000 00:00 0 
7f089f928000-7f089f950000 r--p 00000000 08:02 13370567                   /usr/lib/x86_64-linux-gnu/libc.so.6
7f089f950000-7f089fae5000 r-xp 00028000 08:02 13370567                   /usr/lib/x86_64-linux-gnu/libc.so.6
7f089fae5000-7f089fb3d000 r--p 001bd000 08:02 13370567                   /usr/lib/x86_64-linux-gnu/libc.so.6
7f089fb3d000-7f089fb3e000 ---p 00215000 08:02 13370567                   /usr/lib/x86_64-linux-gnu/libc.so.6
7f089fb3e000-7f089fb42000 r--p 00215000 08:02 13370567                   /usr/lib/x86_64-linux-gnu/libc.so.6
7f089fb42000-7f089fb44000 rw-p 00219000 08:02 13370567                   /usr/lib/x86_64-linux-gnu/libc.so.6
7f089fb44000-7f089fb51000 rw-p 00000000 00:00 0 
7f089fb51000-7f089fb53000 r--p 00000000 08:02 13399074                   /usr/lib/jvm/java-17-openjdk-amd64/lib/libjli.so
7f089fb53000-7f089fb5d000 r-xp 00002000 08:02 13399074                   /usr/lib/jvm/java-17-openjdk-amd64/lib/libjli.so
7f089fb5d000-7f089fb60000 r--p 0000c000 08:02 13399074                   /usr/lib/jvm/java-17-openjdk-amd64/lib/libjli.so
7f089fb60000-7f089fb61000 r--p 0000e000 08:02 13399074                   /usr/lib/jvm/java-17-openjdk-amd64/lib/libjli.so
7f089fb61000-7f089fb62000 rw-p 0000f000 08:02 13399074                   /usr/lib/jvm/java-17-openjdk-amd64/lib/libjli.so
7f089fb62000-7f089fb64000 r--p 00000000 08:02 13402577                   /usr/lib/x86_64-linux-gnu/libz.so.1.2.11
7f089fb64000-7f089fb75000 r-xp 00002000 08:02 13402577                   /usr/lib/x86_64-linux-gnu/libz.so.1.2.11
7f089fb75000-7f089fb7b000 r--p 00013000 08:02 13402577                   /usr/lib/x86_64-linux-gnu/libz.so.1.2.11
7f089fb7b000-7f089fb7c000 ---p 00019000 08:02 13402577                   /usr/lib/x86_64-linux-gnu/libz.so.1.2.11
7f089fb7c000-7f089fb7d000 r--p 00019000 08:02 13402577                   /usr/lib/x86_64-linux-gnu/libz.so.1.2.11
7f089fb7d000-7f089fb7e000 rw-p 0001a000 08:02 13402577                   /usr/lib/x86_64-linux-gnu/libz.so.1.2.11
7f089fb82000-7f089fb8a000 rw-s 00000000 08:02 3410163                    /tmp/hsperfdata_driver/70472
7f089fb8a000-7f089fb8b000 ---p 00000000 00:00 0 
7f089fb8b000-7f089fb8c000 r--p 00000000 00:00 0 
7f089fb8c000-7f089fb8e000 r--p 00000000 08:02 13399073                   /usr/lib/jvm/java-17-openjdk-amd64/lib/libjimage.so
7f089fb8e000-7f089fb91000 r-xp 00002000 08:02 13399073                   /usr/lib/jvm/java-17-openjdk-amd64/lib/libjimage.so
7f089fb91000-7f089fb92000 r--p 00005000 08:02 13399073                   /usr/lib/jvm/java-17-openjdk-amd64/lib/libjimage.so
7f089fb92000-7f089fb93000 ---p 00006000 08:02 13399073                   /usr/lib/jvm/java-17-openjdk-amd64/lib/libjimage.so
7f089fb93000-7f089fb94000 r--p 00006000 08:02 13399073                   /usr/lib/jvm/java-17-openjdk-amd64/lib/libjimage.so
7f089fb94000-7f089fb95000 rw-p 00007000 08:02 13399073                   /usr/lib/jvm/java-17-openjdk-amd64/lib/libjimage.so
7f089fb95000-7f089fb97000 rw-p 00000000 00:00 0 
7f089fb97000-7f089fb99000 r--p 00000000 08:02 13370134                   /usr/lib/x86_64-linux-gnu/ld-linux-x86-64.so.2
7f089fb99000-7f089fbc3000 r-xp 00002000 08:02 13370134                   /usr/lib/x86_64-linux-gnu/ld-linux-x86-64.so.2
7f089fbc3000-7f089fbce000 r--p 0002c000 08:02 13370134                   /usr/lib/x86_64-linux-gnu/ld-linux-x86-64.so.2
7f089fbce000-7f089fbcf000 ---p 00000000 00:00 0 
7f089fbcf000-7f089fbd1000 r--p 00037000 08:02 13370134                   /usr/lib/x86_64-linux-gnu/ld-linux-x86-64.so.2
7f089fbd1000-7f089fbd3000 rw-p 00039000 08:02 13370134                   /usr/lib/x86_64-linux-gnu/ld-linux-x86-64.so.2
7ffcb565e000-7ffcb5680000 rw-p 00000000 00:00 0                          [stack]
7ffcb57a2000-7ffcb57a6000 r--p 00000000 00:00 0                          [vvar]
7ffcb57a6000-7ffcb57a8000 r-xp 00000000 00:00 0                          [vdso]
ffffffffff600000-ffffffffff601000 --xp 00000000 00:00 0                  [vsyscall]


VM Arguments:
jvm_args: -Dclassworlds.conf=/usr/share/maven/bin/m2.conf -Dmaven.home=/usr/share/maven -Dlibrary.jansi.path=/usr/share/maven/lib/jansi-native -Dmaven.multiModuleProjectDirectory=/home/driver/Desktop/linux_dev/surpizza/server 
java_command: org.codehaus.plexus.classworlds.launcher.Launcher spring-boot:run
java_class_path (initial): /usr/share/maven/boot/plexus-classworlds-2.x.jar
Launcher Type: SUN_STANDARD

[Global flags]
     intx CICompilerCount                          = 4                                         {product} {ergonomic}
     uint ConcGCThreads                            = 3                                         {product} {ergonomic}
     uint G1ConcRefinementThreads                  = 10                                        {product} {ergonomic}
   size_t G1HeapRegionSize                         = 4194304                                   {product} {ergonomic}
    uintx GCDrainStackTargetSize                   = 64                                        {product} {ergonomic}
   size_t InitialHeapSize                          = 528482304                                 {product} {ergonomic}
   size_t MarkStackSize                            = 4194304                                   {product} {ergonomic}
   size_t MaxHeapSize                              = 8401190912                                {product} {ergonomic}
   size_t MaxNewSize                               = 5037359104                                {product} {ergonomic}
   size_t MinHeapDeltaBytes                        = 4194304                                   {product} {ergonomic}
   size_t MinHeapSize                              = 8388608                                   {product} {ergonomic}
    uintx NonNMethodCodeHeapSize                   = 5839372                                {pd product} {ergonomic}
    uintx NonProfiledCodeHeapSize                  = 122909434                              {pd product} {ergonomic}
    uintx ProfiledCodeHeapSize                     = 122909434                              {pd product} {ergonomic}
    uintx ReservedCodeCacheSize                    = 251658240                              {pd product} {ergonomic}
     bool SegmentedCodeCache                       = true                                      {product} {ergonomic}
   size_t SoftMaxHeapSize                          = 8401190912                             {manageable} {ergonomic}
     bool UseCompressedClassPointers               = true                           {product lp64_product} {ergonomic}
     bool UseCompressedOops                        = true                           {product lp64_product} {ergonomic}
     bool UseG1GC                                  = true                                      {product} {ergonomic}

Logging:
Log output configuration:
 #0: stdout all=warning uptime,level,tags
 #1: stderr all=off uptime,level,tags

Environment Variables:
PATH=/home/driver/Desktop/linux_dev/surpizza/server/node_modules/.bin:/home/driver/Desktop/linux_dev/surpizza/server/node_modules/.bin:/home/driver/Desktop/linux_dev/surpizza/node_modules/.bin:/home/driver/Desktop/linux_dev/node_modules/.bin:/home/driver/Desktop/node_modules/.bin:/home/driver/node_modules/.bin:/home/node_modules/.bin:/node_modules/.bin:/home/driver/.nvm/versions/node/v21.5.0/lib/node_modules/npm/node_modules/@npmcli/run-script/lib/node-gyp-bin:/home/driver/.local/share/pnpm:/home/driver/.nvm/versions/node/v21.5.0/bin:/home/driver/.cargo/bin:/usr/local/sbin:/usr/local/bin:/usr/sbin:/usr/bin:/sbin:/bin:/usr/games:/usr/local/games:/snap/bin:/home/driver/scripts:/home/driver/mongodb-database-tools-amazon2-x86_64-100.9.4/bin:/usr/local/go/bin:/home/driver/go/bin:/home/driver/.dotnet
SHELL=/bin/bash
DISPLAY=:0
LANG=en_US.UTF-8
LC_CTYPE=en_US.UTF-8
LC_NUMERIC=it_IT.UTF-8
LC_TIME=it_IT.UTF-8
TERM=xterm-256color

Active Locale:
LC_ALL=LC_CTYPE=en_US.UTF-8;LC_NUMERIC=it_IT.UTF-8;LC_TIME=it_IT.UTF-8;LC_COLLATE=en_US.UTF-8;LC_MONETARY=it_IT.UTF-8;LC_MESSAGES=en_US.UTF-8;LC_PAPER=it_IT.UTF-8;LC_NAME=it_IT.UTF-8;LC_ADDRESS=it_IT.UTF-8;LC_TELEPHONE=it_IT.UTF-8;LC_MEASUREMENT=it_IT.UTF-8;LC_IDENTIFICATION=it_IT.UTF-8
LC_COLLATE=en_US.UTF-8
LC_CTYPE=en_US.UTF-8
LC_MESSAGES=en_US.UTF-8
LC_MONETARY=it_IT.UTF-8
LC_NUMERIC=it_IT.UTF-8
LC_TIME=it_IT.UTF-8

Signal Handlers:
   SIGSEGV: crash_handler in libjvm.so, mask=11100100010111111101111111111110, flags=SA_RESTART|SA_SIGINFO, unblocked
    SIGBUS: crash_handler in libjvm.so, mask=11100100010111111101111111111110, flags=SA_RESTART|SA_SIGINFO, unblocked
    SIGFPE: crash_handler in libjvm.so, mask=11100100010111111101111111111110, flags=SA_RESTART|SA_SIGINFO, unblocked
   SIGPIPE: javaSignalHandler in libjvm.so, mask=11100100010111111101111111111110, flags=SA_RESTART|SA_SIGINFO, blocked
   SIGXFSZ: javaSignalHandler in libjvm.so, mask=11100100010111111101111111111110, flags=SA_RESTART|SA_SIGINFO, blocked
    SIGILL: crash_handler in libjvm.so, mask=11100100010111111101111111111110, flags=SA_RESTART|SA_SIGINFO, unblocked
   SIGUSR2: SR_handler in libjvm.so, mask=00000000000000000000000000000000, flags=SA_RESTART|SA_SIGINFO, blocked
    SIGHUP: UserHandler in libjvm.so, mask=11100100010111111101111111111110, flags=SA_RESTART|SA_SIGINFO, blocked
    SIGINT: UserHandler in libjvm.so, mask=11100100010111111101111111111110, flags=SA_RESTART|SA_SIGINFO, blocked
   SIGTERM: UserHandler in libjvm.so, mask=11100100010111111101111111111110, flags=SA_RESTART|SA_SIGINFO, blocked
   SIGQUIT: UserHandler in libjvm.so, mask=11100100010111111101111111111110, flags=SA_RESTART|SA_SIGINFO, blocked
   SIGTRAP: crash_handler in libjvm.so, mask=11100100010111111101111111111110, flags=SA_RESTART|SA_SIGINFO, unblocked


Periodic native trim disabled


---------------  S Y S T E M  ---------------

OS:
DISTRIB_ID=LinuxMint
DISTRIB_RELEASE=21.3
DISTRIB_CODENAME=virginia
DISTRIB_DESCRIPTION="Linux Mint 21.3 Virginia"
uname: Linux 5.15.0-107-generic #117-Ubuntu SMP Fri Apr 26 12:26:49 UTC 2024 x86_64
OS uptime: 0 days 1:06 hours
libc: glibc 2.35 NPTL 2.35 
rlimit (soft/hard): STACK 8192k/infinity , CORE 0k/infinity , NPROC 127278/127278 , NOFILE 1048576/1048576 , AS infinity/infinity , CPU infinity/infinity , DATA infinity/infinity , FSIZE infinity/infinity , MEMLOCK 4100632k/4100632k
load average: 0,88 1,24 1,57

/proc/meminfo:
MemTotal:       32805060 kB
MemFree:        19951048 kB
MemAvailable:   24856304 kB
Buffers:          299316 kB
Cached:          4973668 kB
SwapCached:            0 kB
Active:          2338524 kB
Inactive:        9456324 kB
Active(anon):       6632 kB
Inactive(anon):  6718288 kB
Active(file):    2331892 kB
Inactive(file):  2738036 kB
Unevictable:          64 kB
Mlocked:              64 kB
SwapTotal:       2097148 kB
SwapFree:        2097148 kB
Dirty:               480 kB
Writeback:             0 kB
AnonPages:       6521952 kB
Mapped:          1639140 kB
Shmem:            203048 kB
KReclaimable:     297876 kB
Slab:             530472 kB
SReclaimable:     297876 kB
SUnreclaim:       232596 kB
KernelStack:       28676 kB
PageTables:        77664 kB
NFS_Unstable:          0 kB
Bounce:                0 kB
WritebackTmp:          0 kB
CommitLimit:    18499676 kB
Committed_AS:   33809964 kB
VmallocTotal:   34359738367 kB
VmallocUsed:      173504 kB
VmallocChunk:          0 kB
Percpu:            40704 kB
HardwareCorrupted:     0 kB
AnonHugePages:         0 kB
ShmemHugePages:        0 kB
ShmemPmdMapped:        0 kB
FileHugePages:         0 kB
FilePmdMapped:         0 kB
HugePages_Total:       0
HugePages_Free:        0
HugePages_Rsvd:        0
HugePages_Surp:        0
Hugepagesize:       2048 kB
Hugetlb:               0 kB
DirectMap4k:      857836 kB
DirectMap2M:    12722176 kB
DirectMap1G:    20971520 kB

/sys/kernel/mm/transparent_hugepage/enabled: always [madvise] never
/sys/kernel/mm/transparent_hugepage/defrag (defrag/compaction efforts parameter): always defer defer+madvise [madvise] never

Process Memory:
Virtual Size: 12101312K (peak: 12162812K)
Resident Set Size: 278352K (peak: 282460K) (anon: 255508K, file: 22844K, shmem: 0K)
Swapped out: 0K
C-Heap outstanding allocations: 39241K, retained: 44710K
glibc malloc tunables: (default)

/proc/sys/kernel/threads-max (system-wide limit on the number of threads): 254557
/proc/sys/vm/max_map_count (maximum number of memory map areas a process may have): 262144
/proc/sys/kernel/pid_max (system-wide limit on number of process identifiers): 4194304

container (cgroup) information:
container_type: cgroupv2
cpu_cpuset_cpus: not supported
cpu_memory_nodes: not supported
active_processor_count: 12
cpu_quota: not supported
cpu_period: not supported
cpu_shares: not supported
memory_limit_in_bytes: unlimited
memory_and_swap_limit_in_bytes: unlimited
memory_soft_limit_in_bytes: unlimited
memory_usage_in_bytes: 9364556 k
memory_max_usage_in_bytes: not supported
memory_swap_current_in_bytes: unlimited
memory_swap_max_limit_in_bytes: unlimited
maximum number of tasks: unlimited
current number of tasks: 1170

Steal ticks since vm start: 0
Steal ticks percentage since vm start:  0,000

CPU: total 12 (initial active 12) (12 cores per cpu, 2 threads per core) family 23 model 8 stepping 2 microcode 0x800820d, cx8, cmov, fxsr, ht, mmx, 3dnowpref, sse, sse2, sse3, ssse3, sse4a, sse4.1, sse4.2, popcnt, lzcnt, tsc, tscinvbit, avx, avx2, aes, clmul, bmi1, bmi2, adx, sha, fma, vzeroupper, clflush, clflushopt
CPU Model and flags from /proc/cpuinfo:
model name	: AMD Ryzen 5 2600 Six-Core Processor
flags		: fpu vme de pse tsc msr pae mce cx8 apic sep mtrr pge mca cmov pat pse36 clflush mmx fxsr sse sse2 ht syscall nx mmxext fxsr_opt pdpe1gb rdtscp lm constant_tsc rep_good nopl nonstop_tsc cpuid extd_apicid aperfmperf rapl pni pclmulqdq monitor ssse3 fma cx16 sse4_1 sse4_2 movbe popcnt aes xsave avx f16c rdrand lahf_lm cmp_legacy svm extapic cr8_legacy abm sse4a misalignsse 3dnowprefetch osvw skinit wdt tce topoext perfctr_core perfctr_nb bpext perfctr_llc mwaitx cpb hw_pstate ssbd ibpb vmmcall fsgsbase bmi1 avx2 smep bmi2 rdseed adx smap clflushopt sha_ni xsaveopt xsavec xgetbv1 clzero irperf xsaveerptr arat npt lbrv svm_lock nrip_save tsc_scale vmcb_clean flushbyasid decodeassists pausefilter pfthreshold avic v_vmsave_vmload vgif overflow_recov succor smca sme sev sev_es

Online cpus: 0-11
Offline cpus: 12-31
BIOS frequency limitation: <Not Available>
Frequency switch latency (ns): <Not Available>
Available cpu frequencies: <Not Available>
Current governor: <Not Available>
Core performance/turbo boost: <Not Available>

Memory: 4k page, physical 32805060k(19950040k free), swap 2097148k(2097148k free)
Page Sizes: 4k

vm_info: OpenJDK 64-Bit Server VM (17.0.10+7-Ubuntu-122.04.1) for linux-amd64 JRE (17.0.10+7-Ubuntu-122.04.1), built on Feb  5 2024 21:02:31 by "buildd" with gcc 11.4.0

END.
