#
# A fatal error has been detected by the Java Runtime Environment:
#
#  SIGSEGV (0xb) at pc=0x00007f534229eb7b, pid=58806, tid=58806
#
# JRE version: OpenJDK Runtime Environment (17.0.10+7) (build 17.0.10+7-Ubuntu-122.04.1)
# Java VM: OpenJDK 64-Bit Server VM (17.0.10+7-Ubuntu-122.04.1, mixed mode, sharing, tiered, compressed oops, compressed class ptrs, g1 gc, linux-amd64)
# Problematic frame:
# V  [libjvm.so+0xdd0b7b]  SR_handler(int, siginfo_t*, ucontext_t*)+0xab
#
# Core dump will be written. Default location: Core dumps may be processed with "/lib/systemd/systemd-coredump %P %u %g %s %t 9223372036854775808 %h" (or dumping to /home/driver/Desktop/linux_dev/surpizza/server/core.58806)
#
# If you would like to submit a bug report, please visit:
#   Unknown
#

---------------  S U M M A R Y ------------

Command Line: -Dclassworlds.conf=/usr/share/maven/bin/m2.conf -Dmaven.home=/usr/share/maven -Dlibrary.jansi.path=/usr/share/maven/lib/jansi-native -Dmaven.multiModuleProjectDirectory=/home/driver/Desktop/linux_dev/surpizza/server org.codehaus.plexus.classworlds.launcher.Launcher spring-boot:run

Host: AMD Ryzen 5 2600 Six-Core Processor, 12 cores, 31G, Linux Mint 21.3 Virginia
Time: Thu Jun  6 16:12:05 2024 CEST elapsed time: 0.127124 seconds (0d 0h 0m 0s)

---------------  T H R E A D  ---------------

Current thread is native thread

Stack: [0x00007fff8ffe1000,0x00007fff907df000],  sp=0x00007fff907da170,  free space=8164k
Native frames: (J=compiled Java code, j=interpreted, Vv=VM code, C=native code)
V  [libjvm.so+0xdd0b7b]  SR_handler(int, siginfo_t*, ucontext_t*)+0xab
C  [libc.so.6+0x42520]


siginfo: si_signo: 11 (SIGSEGV), si_code: 1 (SEGV_MAPERR), si_addr: 0x0000000000000268

Registers:
RAX=0x0000000000000000, RBX=0x00007fff907da180, RCX=0x00007f53428ebc1b, RDX=0x0000000000000000
RSP=0x00007fff907da170, RBP=0x00007fff907da230, RSI=0x00007fff907da180, RDI=0x0000000000000000
R8 =0x0000000000000000, R9 =0x00000000ffffffff, R10=0x0000000000000008, R11=0x0000000000000246
R12=0x00007f534284d6c0, R13=0x0000000000000000, R14=0x0000000000000000, R15=0x0000000000000000
RIP=0x00007f534229eb7b, EFLAGS=0x0000000000010246, CSGSFS=0x002b000000000033, ERR=0x0000000000000004
  TRAPNO=0x000000000000000e


Top of Stack: (sp=0x00007fff907da170)
0x00007fff907da170:   00007fff907da370 00007fff907da240
0x00007fff907da180:   00000000000004d8 0000000000000009
0x00007fff907da190:   0000000000026000 1be42e2ca65b2600
0x00007fff907da1a0:   0000000000000000 0000000000000000
0x00007fff907da1b0:   0000000000000000 0000000024bbd60a
0x00007fff907da1c0:   00007fff907da300 00007f534286b7e0
0x00007fff907da1d0:   00007f5342abe0f0 00007fff907da260
0x00007fff907da1e0:   00007fff907da270 00007f5342acb211
0x00007fff907da1f0:   0000000000000004 00007f5342abea50
0x00007fff907da200:   0000000000000001 00007f534119a640
0x00007fff907da210:   0000000000000000 000000000000e5ca
0x00007fff907da220:   0000000000000000 0000000000000000
0x00007fff907da230:   00007fff907da8a8 00007f5342892520
0x00007fff907da240:   0000000000000007 0000000000000000
0x00007fff907da250:   0000000000000000 00007f5300000002
0x00007fff907da260:   0000000000000000 0000000000000000
0x00007fff907da270:   00000000ffffffff 0000000000000000
0x00007fff907da280:   0000000000000246 0000000000000000
0x00007fff907da290:   000000000000e5ca 0000000000000000
0x00007fff907da2a0:   0000000000000000 00007f534119a910
0x00007fff907da2b0:   0000000000000109 00007fff907da8a8
0x00007fff907da2c0:   00007f534119a640 000000000000e5ca
0x00007fff907da2d0:   00000000000000ca 00007f53428e1117
0x00007fff907da2e0:   00007fff907da7e0 00007f53428e1115
0x00007fff907da2f0:   0000000000000246 002b000000000033
0x00007fff907da300:   0000000000000000 0000000000000000
0x00007fff907da310:   0000000000000000 0000000000000000
0x00007fff907da320:   00007fff907da400 0000000000000000
0x00007fff907da330:   00007fff907da8b0 00007f5342ad4dae
0x00007fff907da340:   00007f534119a950 0000000000000000
0x00007fff907da350:   0000000000000003 0000000000100000
0x00007fff907da360:   00007f534119a640 0000000000000000 

Instructions: (pc=0x00007f534229eb7b)
0x00007f534229ea7b:   58 00 00 74 30 48 8d 05 59 82 58 00 48 8d 14 98
0x00007f534229ea8b:   b8 01 00 00 00 f0 0f c1 02 48 8b 3d 4d 83 58 00
0x00007f534229ea9b:   48 83 ec 80 be 01 00 00 00 5b 41 5c 5d e9 a3 19
0x00007f534229eaab:   f2 ff 0f 1f 00 48 83 ec 80 5b 41 5c 5d c3 0f 1f
0x00007f534229eabb:   80 00 00 00 00 e8 9b df 15 00 84 c0 74 ad e8 22
0x00007f534229eacb:   1b 48 ff eb a6 f3 0f 1e fa 55 66 48 0f 6e d2 66
0x00007f534229eadb:   48 0f 6e ce 66 0f 6c ca 48 89 e5 41 57 41 56 41
0x00007f534229eaeb:   55 41 54 53 48 8d 9d 50 ff ff ff 48 81 ec 98 00
0x00007f534229eafb:   00 00 0f 29 8d 40 ff ff ff e8 67 12 48 ff 48 89
0x00007f534229eb0b:   df 44 8b 28 49 89 c4 e8 a9 0e 48 ff be 04 00 00
0x00007f534229eb1b:   00 48 89 df e8 ec 10 48 ff be 07 00 00 00 48 89
0x00007f534229eb2b:   df e8 df 10 48 ff be 08 00 00 00 48 89 df e8 d2
0x00007f534229eb3b:   10 48 ff be 0b 00 00 00 48 89 df e8 c5 10 48 ff
0x00007f534229eb4b:   be 05 00 00 00 48 89 df e8 b8 10 48 ff 31 d2 48
0x00007f534229eb5b:   89 de bf 01 00 00 00 e8 39 06 48 ff e8 94 7e 0e
0x00007f534229eb6b:   00 41 89 c0 31 c0 45 84 c0 74 05 e8 95 7e 0e 00
0x00007f534229eb7b:   48 8b 90 68 02 00 00 48 85 d2 74 17 4c 8b b8 30
0x00007f534229eb8b:   02 00 00 41 8b 87 a0 00 00 00 83 f8 01 74 16 45
0x00007f534229eb9b:   89 2c 24 48 81 c4 98 00 00 00 5b 41 5c 41 5d 41
0x00007f534229ebab:   5e 41 5f 5d c3 66 0f 6f 9d 40 ff ff ff ba 02 00
0x00007f534229ebbb:   00 00 be 01 00 00 00 4d 8d b7 a0 00 00 00 4c 89
0x00007f534229ebcb:   f7 41 0f 11 9f a8 00 00 00 e8 77 36 e6 ff 83 f8
0x00007f534229ebdb:   02 74 3a 85 c0 75 0e 66 0f ef c0 41 0f 11 87 a8
0x00007f534229ebeb:   00 00 00 eb aa 48 8d 05 51 37 52 00 be 63 06 00
0x00007f534229ebfb:   00 48 8d 3d 0d b1 27 00 48 8b 00 c6 00 58 e8 52
0x00007f534229ec0b:   13 84 ff e8 8d 6c e6 ff eb cd 0f 1f 00 48 89 df
0x00007f534229ec1b:   e8 a0 0d 48 ff 48 89 da 31 f6 31 ff e8 74 05 48
0x00007f534229ec2b:   ff 8b 35 16 91 53 00 48 89 df e8 76 0a 48 ff be
0x00007f534229ec3b:   01 00 00 00 48 8d 3d ba 81 58 00 e8 05 18 f2 ff
0x00007f534229ec4b:   eb 08 0f 1f 00 83 f8 02 75 3b 48 89 df e8 73 11
0x00007f534229ec5b:   48 ff 31 d2 be 03 00 00 00 4c 89 f7 e8 e4 35 e6
0x00007f534229ec6b:   ff 85 c0 75 e0 be 01 00 00 00 48 8d 3d 84 81 58 



---------------  P R O C E S S  ---------------

VM state: not at safepoint (normal execution)

VM Mutex/Monitor currently owned by a thread:  ([mutex/lock_event])
[0x00007f533c012520] Compile_lock - owner thread: 0x00007f533c014430

Heap address: 0x000000060b400000, size: 8012 MB, Compressed Oops mode: Zero based, Oop shift amount: 3

CDS archive(s) mapped at: [0x00007f52bb000000-0x00007f52bbbc7000-0x00007f52bbbc7000), size 12349440, SharedBaseAddress: 0x00007f52bb000000, ArchiveRelocationMode: 1.
Compressed class space mapped at: 0x00007f52bc000000-0x00007f52fc000000, reserved size: 1073741824
Narrow klass base: 0x00007f52bb000000, Narrow klass shift: 0, Narrow klass range: 0x100000000

GC Precious Log:
<Skipped>

Heap:
 garbage-first heap   total 524288K, used 8112K [0x000000060b400000, 0x0000000800000000)
  region size 4096K, 1 young (4096K), 0 survivors (0K)
 Metaspace       used 1093K, committed 1216K, reserved 1114112K
  class space    used 92K, committed 128K, reserved 1048576K

Heap Regions: E=young(eden), S=young(survivor), O=old, HS=humongous(starts), HC=humongous(continues), CS=collection set, F=free, OA=open archive, CA=closed archive, TAMS=top-at-mark-start (previous, next)
|   0|0x000000060b400000, 0x000000060b400000, 0x000000060b800000|  0%| F|  |TAMS 0x000000060b400000, 0x000000060b400000| Untracked 
|   1|0x000000060b800000, 0x000000060b800000, 0x000000060bc00000|  0%| F|  |TAMS 0x000000060b800000, 0x000000060b800000| Untracked 
|   2|0x000000060bc00000, 0x000000060bc00000, 0x000000060c000000|  0%| F|  |TAMS 0x000000060bc00000, 0x000000060bc00000| Untracked 
|   3|0x000000060c000000, 0x000000060c000000, 0x000000060c400000|  0%| F|  |TAMS 0x000000060c000000, 0x000000060c000000| Untracked 
|   4|0x000000060c400000, 0x000000060c400000, 0x000000060c800000|  0%| F|  |TAMS 0x000000060c400000, 0x000000060c400000| Untracked 
|   5|0x000000060c800000, 0x000000060c800000, 0x000000060cc00000|  0%| F|  |TAMS 0x000000060c800000, 0x000000060c800000| Untracked 
|   6|0x000000060cc00000, 0x000000060cc00000, 0x000000060d000000|  0%| F|  |TAMS 0x000000060cc00000, 0x000000060cc00000| Untracked 
|   7|0x000000060d000000, 0x000000060d000000, 0x000000060d400000|  0%| F|  |TAMS 0x000000060d000000, 0x000000060d000000| Untracked 
|   8|0x000000060d400000, 0x000000060d400000, 0x000000060d800000|  0%| F|  |TAMS 0x000000060d400000, 0x000000060d400000| Untracked 
|   9|0x000000060d800000, 0x000000060d800000, 0x000000060dc00000|  0%| F|  |TAMS 0x000000060d800000, 0x000000060d800000| Untracked 
|  10|0x000000060dc00000, 0x000000060dc00000, 0x000000060e000000|  0%| F|  |TAMS 0x000000060dc00000, 0x000000060dc00000| Untracked 
|  11|0x000000060e000000, 0x000000060e000000, 0x000000060e400000|  0%| F|  |TAMS 0x000000060e000000, 0x000000060e000000| Untracked 
|  12|0x000000060e400000, 0x000000060e400000, 0x000000060e800000|  0%| F|  |TAMS 0x000000060e400000, 0x000000060e400000| Untracked 
|  13|0x000000060e800000, 0x000000060e800000, 0x000000060ec00000|  0%| F|  |TAMS 0x000000060e800000, 0x000000060e800000| Untracked 
|  14|0x000000060ec00000, 0x000000060ec00000, 0x000000060f000000|  0%| F|  |TAMS 0x000000060ec00000, 0x000000060ec00000| Untracked 
|  15|0x000000060f000000, 0x000000060f000000, 0x000000060f400000|  0%| F|  |TAMS 0x000000060f000000, 0x000000060f000000| Untracked 
|  16|0x000000060f400000, 0x000000060f400000, 0x000000060f800000|  0%| F|  |TAMS 0x000000060f400000, 0x000000060f400000| Untracked 
|  17|0x000000060f800000, 0x000000060f800000, 0x000000060fc00000|  0%| F|  |TAMS 0x000000060f800000, 0x000000060f800000| Untracked 
|  18|0x000000060fc00000, 0x000000060fc00000, 0x0000000610000000|  0%| F|  |TAMS 0x000000060fc00000, 0x000000060fc00000| Untracked 
|  19|0x0000000610000000, 0x0000000610000000, 0x0000000610400000|  0%| F|  |TAMS 0x0000000610000000, 0x0000000610000000| Untracked 
|  20|0x0000000610400000, 0x0000000610400000, 0x0000000610800000|  0%| F|  |TAMS 0x0000000610400000, 0x0000000610400000| Untracked 
|  21|0x0000000610800000, 0x0000000610800000, 0x0000000610c00000|  0%| F|  |TAMS 0x0000000610800000, 0x0000000610800000| Untracked 
|  22|0x0000000610c00000, 0x0000000610c00000, 0x0000000611000000|  0%| F|  |TAMS 0x0000000610c00000, 0x0000000610c00000| Untracked 
|  23|0x0000000611000000, 0x0000000611000000, 0x0000000611400000|  0%| F|  |TAMS 0x0000000611000000, 0x0000000611000000| Untracked 
|  24|0x0000000611400000, 0x0000000611400000, 0x0000000611800000|  0%| F|  |TAMS 0x0000000611400000, 0x0000000611400000| Untracked 
|  25|0x0000000611800000, 0x0000000611800000, 0x0000000611c00000|  0%| F|  |TAMS 0x0000000611800000, 0x0000000611800000| Untracked 
|  26|0x0000000611c00000, 0x0000000611c00000, 0x0000000612000000|  0%| F|  |TAMS 0x0000000611c00000, 0x0000000611c00000| Untracked 
|  27|0x0000000612000000, 0x0000000612000000, 0x0000000612400000|  0%| F|  |TAMS 0x0000000612000000, 0x0000000612000000| Untracked 
|  28|0x0000000612400000, 0x0000000612400000, 0x0000000612800000|  0%| F|  |TAMS 0x0000000612400000, 0x0000000612400000| Untracked 
|  29|0x0000000612800000, 0x0000000612800000, 0x0000000612c00000|  0%| F|  |TAMS 0x0000000612800000, 0x0000000612800000| Untracked 
|  30|0x0000000612c00000, 0x0000000612c00000, 0x0000000613000000|  0%| F|  |TAMS 0x0000000612c00000, 0x0000000612c00000| Untracked 
|  31|0x0000000613000000, 0x0000000613000000, 0x0000000613400000|  0%| F|  |TAMS 0x0000000613000000, 0x0000000613000000| Untracked 
|  32|0x0000000613400000, 0x0000000613400000, 0x0000000613800000|  0%| F|  |TAMS 0x0000000613400000, 0x0000000613400000| Untracked 
|  33|0x0000000613800000, 0x0000000613800000, 0x0000000613c00000|  0%| F|  |TAMS 0x0000000613800000, 0x0000000613800000| Untracked 
|  34|0x0000000613c00000, 0x0000000613c00000, 0x0000000614000000|  0%| F|  |TAMS 0x0000000613c00000, 0x0000000613c00000| Untracked 
|  35|0x0000000614000000, 0x0000000614000000, 0x0000000614400000|  0%| F|  |TAMS 0x0000000614000000, 0x0000000614000000| Untracked 
|  36|0x0000000614400000, 0x0000000614400000, 0x0000000614800000|  0%| F|  |TAMS 0x0000000614400000, 0x0000000614400000| Untracked 
|  37|0x0000000614800000, 0x0000000614800000, 0x0000000614c00000|  0%| F|  |TAMS 0x0000000614800000, 0x0000000614800000| Untracked 
|  38|0x0000000614c00000, 0x0000000614c00000, 0x0000000615000000|  0%| F|  |TAMS 0x0000000614c00000, 0x0000000614c00000| Untracked 
|  39|0x0000000615000000, 0x0000000615000000, 0x0000000615400000|  0%| F|  |TAMS 0x0000000615000000, 0x0000000615000000| Untracked 
|  40|0x0000000615400000, 0x0000000615400000, 0x0000000615800000|  0%| F|  |TAMS 0x0000000615400000, 0x0000000615400000| Untracked 
|  41|0x0000000615800000, 0x0000000615800000, 0x0000000615c00000|  0%| F|  |TAMS 0x0000000615800000, 0x0000000615800000| Untracked 
|  42|0x0000000615c00000, 0x0000000615c00000, 0x0000000616000000|  0%| F|  |TAMS 0x0000000615c00000, 0x0000000615c00000| Untracked 
|  43|0x0000000616000000, 0x0000000616000000, 0x0000000616400000|  0%| F|  |TAMS 0x0000000616000000, 0x0000000616000000| Untracked 
|  44|0x0000000616400000, 0x0000000616400000, 0x0000000616800000|  0%| F|  |TAMS 0x0000000616400000, 0x0000000616400000| Untracked 
|  45|0x0000000616800000, 0x0000000616800000, 0x0000000616c00000|  0%| F|  |TAMS 0x0000000616800000, 0x0000000616800000| Untracked 
|  46|0x0000000616c00000, 0x0000000616c00000, 0x0000000617000000|  0%| F|  |TAMS 0x0000000616c00000, 0x0000000616c00000| Untracked 
|  47|0x0000000617000000, 0x0000000617000000, 0x0000000617400000|  0%| F|  |TAMS 0x0000000617000000, 0x0000000617000000| Untracked 
|  48|0x0000000617400000, 0x0000000617400000, 0x0000000617800000|  0%| F|  |TAMS 0x0000000617400000, 0x0000000617400000| Untracked 
|  49|0x0000000617800000, 0x0000000617800000, 0x0000000617c00000|  0%| F|  |TAMS 0x0000000617800000, 0x0000000617800000| Untracked 
|  50|0x0000000617c00000, 0x0000000617c00000, 0x0000000618000000|  0%| F|  |TAMS 0x0000000617c00000, 0x0000000617c00000| Untracked 
|  51|0x0000000618000000, 0x0000000618000000, 0x0000000618400000|  0%| F|  |TAMS 0x0000000618000000, 0x0000000618000000| Untracked 
|  52|0x0000000618400000, 0x0000000618400000, 0x0000000618800000|  0%| F|  |TAMS 0x0000000618400000, 0x0000000618400000| Untracked 
|  53|0x0000000618800000, 0x0000000618800000, 0x0000000618c00000|  0%| F|  |TAMS 0x0000000618800000, 0x0000000618800000| Untracked 
|  54|0x0000000618c00000, 0x0000000618c00000, 0x0000000619000000|  0%| F|  |TAMS 0x0000000618c00000, 0x0000000618c00000| Untracked 
|  55|0x0000000619000000, 0x0000000619000000, 0x0000000619400000|  0%| F|  |TAMS 0x0000000619000000, 0x0000000619000000| Untracked 
|  56|0x0000000619400000, 0x0000000619400000, 0x0000000619800000|  0%| F|  |TAMS 0x0000000619400000, 0x0000000619400000| Untracked 
|  57|0x0000000619800000, 0x0000000619800000, 0x0000000619c00000|  0%| F|  |TAMS 0x0000000619800000, 0x0000000619800000| Untracked 
|  58|0x0000000619c00000, 0x0000000619c00000, 0x000000061a000000|  0%| F|  |TAMS 0x0000000619c00000, 0x0000000619c00000| Untracked 
|  59|0x000000061a000000, 0x000000061a000000, 0x000000061a400000|  0%| F|  |TAMS 0x000000061a000000, 0x000000061a000000| Untracked 
|  60|0x000000061a400000, 0x000000061a400000, 0x000000061a800000|  0%| F|  |TAMS 0x000000061a400000, 0x000000061a400000| Untracked 
|  61|0x000000061a800000, 0x000000061a800000, 0x000000061ac00000|  0%| F|  |TAMS 0x000000061a800000, 0x000000061a800000| Untracked 
|  62|0x000000061ac00000, 0x000000061ac00000, 0x000000061b000000|  0%| F|  |TAMS 0x000000061ac00000, 0x000000061ac00000| Untracked 
|  63|0x000000061b000000, 0x000000061b000000, 0x000000061b400000|  0%| F|  |TAMS 0x000000061b000000, 0x000000061b000000| Untracked 
|  64|0x000000061b400000, 0x000000061b400000, 0x000000061b800000|  0%| F|  |TAMS 0x000000061b400000, 0x000000061b400000| Untracked 
|  65|0x000000061b800000, 0x000000061b800000, 0x000000061bc00000|  0%| F|  |TAMS 0x000000061b800000, 0x000000061b800000| Untracked 
|  66|0x000000061bc00000, 0x000000061bc00000, 0x000000061c000000|  0%| F|  |TAMS 0x000000061bc00000, 0x000000061bc00000| Untracked 
|  67|0x000000061c000000, 0x000000061c000000, 0x000000061c400000|  0%| F|  |TAMS 0x000000061c000000, 0x000000061c000000| Untracked 
|  68|0x000000061c400000, 0x000000061c400000, 0x000000061c800000|  0%| F|  |TAMS 0x000000061c400000, 0x000000061c400000| Untracked 
|  69|0x000000061c800000, 0x000000061c800000, 0x000000061cc00000|  0%| F|  |TAMS 0x000000061c800000, 0x000000061c800000| Untracked 
|  70|0x000000061cc00000, 0x000000061cc00000, 0x000000061d000000|  0%| F|  |TAMS 0x000000061cc00000, 0x000000061cc00000| Untracked 
|  71|0x000000061d000000, 0x000000061d000000, 0x000000061d400000|  0%| F|  |TAMS 0x000000061d000000, 0x000000061d000000| Untracked 
|  72|0x000000061d400000, 0x000000061d400000, 0x000000061d800000|  0%| F|  |TAMS 0x000000061d400000, 0x000000061d400000| Untracked 
|  73|0x000000061d800000, 0x000000061d800000, 0x000000061dc00000|  0%| F|  |TAMS 0x000000061d800000, 0x000000061d800000| Untracked 
|  74|0x000000061dc00000, 0x000000061dc00000, 0x000000061e000000|  0%| F|  |TAMS 0x000000061dc00000, 0x000000061dc00000| Untracked 
|  75|0x000000061e000000, 0x000000061e000000, 0x000000061e400000|  0%| F|  |TAMS 0x000000061e000000, 0x000000061e000000| Untracked 
|  76|0x000000061e400000, 0x000000061e400000, 0x000000061e800000|  0%| F|  |TAMS 0x000000061e400000, 0x000000061e400000| Untracked 
|  77|0x000000061e800000, 0x000000061e800000, 0x000000061ec00000|  0%| F|  |TAMS 0x000000061e800000, 0x000000061e800000| Untracked 
|  78|0x000000061ec00000, 0x000000061ec00000, 0x000000061f000000|  0%| F|  |TAMS 0x000000061ec00000, 0x000000061ec00000| Untracked 
|  79|0x000000061f000000, 0x000000061f000000, 0x000000061f400000|  0%| F|  |TAMS 0x000000061f000000, 0x000000061f000000| Untracked 
|  80|0x000000061f400000, 0x000000061f400000, 0x000000061f800000|  0%| F|  |TAMS 0x000000061f400000, 0x000000061f400000| Untracked 
|  81|0x000000061f800000, 0x000000061f800000, 0x000000061fc00000|  0%| F|  |TAMS 0x000000061f800000, 0x000000061f800000| Untracked 
|  82|0x000000061fc00000, 0x000000061fc00000, 0x0000000620000000|  0%| F|  |TAMS 0x000000061fc00000, 0x000000061fc00000| Untracked 
|  83|0x0000000620000000, 0x0000000620000000, 0x0000000620400000|  0%| F|  |TAMS 0x0000000620000000, 0x0000000620000000| Untracked 
|  84|0x0000000620400000, 0x0000000620400000, 0x0000000620800000|  0%| F|  |TAMS 0x0000000620400000, 0x0000000620400000| Untracked 
|  85|0x0000000620800000, 0x0000000620800000, 0x0000000620c00000|  0%| F|  |TAMS 0x0000000620800000, 0x0000000620800000| Untracked 
|  86|0x0000000620c00000, 0x0000000620c00000, 0x0000000621000000|  0%| F|  |TAMS 0x0000000620c00000, 0x0000000620c00000| Untracked 
|  87|0x0000000621000000, 0x0000000621000000, 0x0000000621400000|  0%| F|  |TAMS 0x0000000621000000, 0x0000000621000000| Untracked 
|  88|0x0000000621400000, 0x0000000621400000, 0x0000000621800000|  0%| F|  |TAMS 0x0000000621400000, 0x0000000621400000| Untracked 
|  89|0x0000000621800000, 0x0000000621800000, 0x0000000621c00000|  0%| F|  |TAMS 0x0000000621800000, 0x0000000621800000| Untracked 
|  90|0x0000000621c00000, 0x0000000621c00000, 0x0000000622000000|  0%| F|  |TAMS 0x0000000621c00000, 0x0000000621c00000| Untracked 
|  91|0x0000000622000000, 0x0000000622000000, 0x0000000622400000|  0%| F|  |TAMS 0x0000000622000000, 0x0000000622000000| Untracked 
|  92|0x0000000622400000, 0x0000000622400000, 0x0000000622800000|  0%| F|  |TAMS 0x0000000622400000, 0x0000000622400000| Untracked 
|  93|0x0000000622800000, 0x0000000622800000, 0x0000000622c00000|  0%| F|  |TAMS 0x0000000622800000, 0x0000000622800000| Untracked 
|  94|0x0000000622c00000, 0x0000000622c00000, 0x0000000623000000|  0%| F|  |TAMS 0x0000000622c00000, 0x0000000622c00000| Untracked 
|  95|0x0000000623000000, 0x0000000623000000, 0x0000000623400000|  0%| F|  |TAMS 0x0000000623000000, 0x0000000623000000| Untracked 
|  96|0x0000000623400000, 0x0000000623400000, 0x0000000623800000|  0%| F|  |TAMS 0x0000000623400000, 0x0000000623400000| Untracked 
|  97|0x0000000623800000, 0x0000000623800000, 0x0000000623c00000|  0%| F|  |TAMS 0x0000000623800000, 0x0000000623800000| Untracked 
|  98|0x0000000623c00000, 0x0000000623c00000, 0x0000000624000000|  0%| F|  |TAMS 0x0000000623c00000, 0x0000000623c00000| Untracked 
|  99|0x0000000624000000, 0x0000000624000000, 0x0000000624400000|  0%| F|  |TAMS 0x0000000624000000, 0x0000000624000000| Untracked 
| 100|0x0000000624400000, 0x0000000624400000, 0x0000000624800000|  0%| F|  |TAMS 0x0000000624400000, 0x0000000624400000| Untracked 
| 101|0x0000000624800000, 0x0000000624800000, 0x0000000624c00000|  0%| F|  |TAMS 0x0000000624800000, 0x0000000624800000| Untracked 
| 102|0x0000000624c00000, 0x0000000624c00000, 0x0000000625000000|  0%| F|  |TAMS 0x0000000624c00000, 0x0000000624c00000| Untracked 
| 103|0x0000000625000000, 0x0000000625000000, 0x0000000625400000|  0%| F|  |TAMS 0x0000000625000000, 0x0000000625000000| Untracked 
| 104|0x0000000625400000, 0x0000000625400000, 0x0000000625800000|  0%| F|  |TAMS 0x0000000625400000, 0x0000000625400000| Untracked 
| 105|0x0000000625800000, 0x0000000625800000, 0x0000000625c00000|  0%| F|  |TAMS 0x0000000625800000, 0x0000000625800000| Untracked 
| 106|0x0000000625c00000, 0x0000000625c00000, 0x0000000626000000|  0%| F|  |TAMS 0x0000000625c00000, 0x0000000625c00000| Untracked 
| 107|0x0000000626000000, 0x0000000626000000, 0x0000000626400000|  0%| F|  |TAMS 0x0000000626000000, 0x0000000626000000| Untracked 
| 108|0x0000000626400000, 0x0000000626400000, 0x0000000626800000|  0%| F|  |TAMS 0x0000000626400000, 0x0000000626400000| Untracked 
| 109|0x0000000626800000, 0x0000000626800000, 0x0000000626c00000|  0%| F|  |TAMS 0x0000000626800000, 0x0000000626800000| Untracked 
| 110|0x0000000626c00000, 0x0000000626c00000, 0x0000000627000000|  0%| F|  |TAMS 0x0000000626c00000, 0x0000000626c00000| Untracked 
| 111|0x0000000627000000, 0x0000000627000000, 0x0000000627400000|  0%| F|  |TAMS 0x0000000627000000, 0x0000000627000000| Untracked 
| 112|0x0000000627400000, 0x0000000627400000, 0x0000000627800000|  0%| F|  |TAMS 0x0000000627400000, 0x0000000627400000| Untracked 
| 113|0x0000000627800000, 0x0000000627800000, 0x0000000627c00000|  0%| F|  |TAMS 0x0000000627800000, 0x0000000627800000| Untracked 
| 114|0x0000000627c00000, 0x0000000627c00000, 0x0000000628000000|  0%| F|  |TAMS 0x0000000627c00000, 0x0000000627c00000| Untracked 
| 115|0x0000000628000000, 0x0000000628000000, 0x0000000628400000|  0%| F|  |TAMS 0x0000000628000000, 0x0000000628000000| Untracked 
| 116|0x0000000628400000, 0x0000000628400000, 0x0000000628800000|  0%| F|  |TAMS 0x0000000628400000, 0x0000000628400000| Untracked 
| 117|0x0000000628800000, 0x0000000628800000, 0x0000000628c00000|  0%| F|  |TAMS 0x0000000628800000, 0x0000000628800000| Untracked 
| 118|0x0000000628c00000, 0x0000000628c00000, 0x0000000629000000|  0%| F|  |TAMS 0x0000000628c00000, 0x0000000628c00000| Untracked 
| 119|0x0000000629000000, 0x0000000629000000, 0x0000000629400000|  0%| F|  |TAMS 0x0000000629000000, 0x0000000629000000| Untracked 
| 120|0x0000000629400000, 0x0000000629400000, 0x0000000629800000|  0%| F|  |TAMS 0x0000000629400000, 0x0000000629400000| Untracked 
| 121|0x0000000629800000, 0x0000000629800000, 0x0000000629c00000|  0%| F|  |TAMS 0x0000000629800000, 0x0000000629800000| Untracked 
| 122|0x0000000629c00000, 0x0000000629c00000, 0x000000062a000000|  0%| F|  |TAMS 0x0000000629c00000, 0x0000000629c00000| Untracked 
| 123|0x000000062a000000, 0x000000062a000000, 0x000000062a400000|  0%| F|  |TAMS 0x000000062a000000, 0x000000062a000000| Untracked 
| 124|0x000000062a400000, 0x000000062a47e0c0, 0x000000062a800000| 12%| E|  |TAMS 0x000000062a400000, 0x000000062a400000| Complete 
| 125|0x000000062a800000, 0x000000062ac00000, 0x000000062ac00000|100%| E|CS|TAMS 0x000000062a800000, 0x000000062a800000| Complete 
|2001|0x00000007ff800000, 0x00000007ffb75000, 0x00000007ffc00000| 86%|OA|  |TAMS 0x00000007ff800000, 0x00000007ff800000| Untracked 
|2002|0x00000007ffc00000, 0x00000007ffc77000, 0x0000000800000000| 11%|CA|  |TAMS 0x00000007ffc00000, 0x00000007ffc00000| Untracked 

Card table byte_map: [0x00007f5323645000,0x00007f53245eb000] _byte_map_base: 0x00007f53205eb000

Marking Bits (Prev, Next): (CMBitMap*) 0x00007f533c043b00, (CMBitMap*) 0x00007f533c043b40
 Prev Bits: [0x00007f531a96f000, 0x00007f532269f000)
 Next Bits: [0x00007f5312c3f000, 0x00007f531a96f000)

Polling page: 0x00007f5342ab2000

Metaspace:

Usage:
  Non-class:      1,00 MB used.
      Class:     94,97 KB used.
       Both:      1,09 MB used.

Virtual space:
  Non-class space:       64,00 MB reserved,       1,06 MB (  2%) committed,  1 nodes.
      Class space:        1,00 GB reserved,     128,00 KB ( <1%) committed,  1 nodes.
             Both:        1,06 GB reserved,       1,19 MB ( <1%) committed. 

Chunk freelists:
   Non-Class:  11,56 MB
       Class:  15,69 MB
        Both:  27,25 MB

MaxMetaspaceSize: unlimited
CompressedClassSpaceSize: 1,00 GB
Initial GC threshold: 21,00 MB
Current GC threshold: 21,00 MB
CDS: on
MetaspaceReclaimPolicy: balanced
 - commit_granule_bytes: 65536.
 - commit_granule_words: 8192.
 - virtual_space_node_default_size: 8388608.
 - enlarge_chunks_in_place: 1.
 - new_chunks_are_fully_committed: 0.
 - uncommit_free_chunks: 1.
 - use_allocation_guard: 0.
 - handle_deallocations: 1.


Internal statistics:

num_allocs_failed_limit: 0.
num_arena_births: 8.
num_arena_deaths: 0.
num_vsnodes_births: 2.
num_vsnodes_deaths: 0.
num_space_committed: 19.
num_space_uncommitted: 0.
num_chunks_returned_to_freelist: 0.
num_chunks_taken_from_freelist: 37.
num_chunk_merges: 0.
num_chunk_splits: 24.
num_chunks_enlarged: 20.
num_inconsistent_stats: 0.

CodeHeap 'non-profiled nmethods': size=120028Kb used=69Kb max_used=69Kb free=119958Kb
 bounds [0x00007f532d05a000, 0x00007f532d2ca000, 0x00007f5334591000]
CodeHeap 'profiled nmethods': size=120028Kb used=322Kb max_used=322Kb free=119705Kb
 bounds [0x00007f5325591000, 0x00007f5325801000, 0x00007f532cac8000]
CodeHeap 'non-nmethods': size=5704Kb used=1093Kb max_used=1105Kb free=4610Kb
 bounds [0x00007f532cac8000, 0x00007f532cd38000, 0x00007f532d05a000]
 total_blobs=604 nmethods=236 adapters=282
 compilation: enabled
              stopped_count=0, restarted_count=0
 full_count=0

Compilation events (20 events):
Event: 0,093 Thread 0x00007f533c152e20  186       4       java.lang.StringLatin1::hashCode (42 bytes)
Event: 0,094 Thread 0x00007f533c154360  187       3       java.util.ArrayDeque::inc (12 bytes)
Event: 0,094 Thread 0x00007f533c154360 nmethod 187 0x00007f53255cdc90 code [0x00007f53255cde20, 0x00007f53255cdf50]
Event: 0,096 Thread 0x00007f533c154360  189       3       java.util.zip.Inflater::ensureOpen (47 bytes)
Event: 0,096 Thread 0x00007f533c152e20 nmethod 186 0x00007f532d068010 code [0x00007f532d0681a0, 0x00007f532d068318]
Event: 0,096 Thread 0x00007f533c152e20  188       4       java.lang.ref.Reference::reachabilityFence (1 bytes)
Event: 0,096 Thread 0x00007f533c152e20 nmethod 188 0x00007f532d068410 code [0x00007f532d068580, 0x00007f532d0685d8]
Event: 0,096 Thread 0x00007f533c154360 nmethod 189 0x00007f53255ce010 code [0x00007f53255ce1c0, 0x00007f53255ce420]
Event: 0,096 Thread 0x00007f533c154360  190       1       java.security.CodeSource::getLocationNoFragString (5 bytes)
Event: 0,097 Thread 0x00007f533c154360 nmethod 190 0x00007f532d068710 code [0x00007f532d0688a0, 0x00007f532d068970]
Event: 0,097 Thread 0x00007f533c154360  191       3       java.lang.ref.PhantomReference::<init> (7 bytes)
Event: 0,097 Thread 0x00007f533c154360 nmethod 191 0x00007f53255ce510 code [0x00007f53255ce6c0, 0x00007f53255ce9b0]
Event: 0,097 Thread 0x00007f533c154360  192       3       java.nio.Buffer::scope (17 bytes)
Event: 0,097 Thread 0x00007f533c154360 nmethod 192 0x00007f53255cea90 code [0x00007f53255cec40, 0x00007f53255cede0]
Event: 0,097 Thread 0x00007f533c154360  193       1       jdk.internal.loader.URLClassPath$Loader::getBaseURL (5 bytes)
Event: 0,097 Thread 0x00007f533c154360 nmethod 193 0x00007f532d068a10 code [0x00007f532d068ba0, 0x00007f532d068c70]
Event: 0,097 Thread 0x00007f533c152e20  194 %     4       java.lang.StringLatin1::indexOfChar @ 7 (33 bytes)
Event: 0,098 Thread 0x00007f533c154360  195       3       jdk.internal.ref.PhantomCleanable::<init> (49 bytes)
Event: 0,099 Thread 0x00007f533c154360 nmethod 195 0x00007f53255cee90 code [0x00007f53255cf0e0, 0x00007f53255cfc30]
Event: 0,099 Thread 0x00007f533c154360  196   !   3       jdk.internal.ref.PhantomCleanable::insert (53 bytes)

GC Heap History (0 events):
No events

Dll operation events (4 events):
Event: 0,001 Loaded shared library /usr/lib/jvm/java-17-openjdk-amd64/lib/libjava.so
Event: 0,011 Loaded shared library /usr/lib/jvm/java-17-openjdk-amd64/lib/libjsvml.so
Event: 0,020 Loaded shared library /usr/lib/jvm/java-17-openjdk-amd64/lib/libnio.so
Event: 0,022 Loaded shared library /usr/lib/jvm/java-17-openjdk-amd64/lib/libzip.so

Deoptimization events (0 events):
No events

Classes unloaded (0 events):
No events

Classes redefined (0 events):
No events

Internal exceptions (4 events):
Event: 0,092 Thread 0x00007f533c014430 Exception <a 'java/lang/NoClassDefFoundError'{0x000000062ab53698}: org/fusesource/jansi/internal/CLibrary> (0x000000062ab53698) 
thrown [./src/hotspot/share/classfile/systemDictionary.cpp, line 245]
Event: 0,092 Thread 0x00007f533c014430 Exception <a 'java/lang/NoClassDefFoundError'{0x000000062ab53ea0}: org/fusesource/jansi/internal/CLibrary> (0x000000062ab53ea0) 
thrown [./src/hotspot/share/oops/constantPool.cpp, line 835]
Event: 0,093 Thread 0x00007f533c014430 Exception <a 'java/lang/NoClassDefFoundError'{0x000000062ab5f788}: org/fusesource/jansi/internal/CLibrary> (0x000000062ab5f788) 
thrown [./src/hotspot/share/oops/constantPool.cpp, line 835]
Event: 0,093 Thread 0x00007f533c014430 Exception <a 'java/lang/NoClassDefFoundError'{0x000000062ab5fdc8}: org/fusesource/jansi/internal/CLibrary> (0x000000062ab5fdc8) 
thrown [./src/hotspot/share/oops/constantPool.cpp, line 835]

VM Operations (0 events):
No events

Events (20 events):
Event: 0,042 loading class sun/net/www/URLConnection done
Event: 0,042 loading class sun/net/www/protocol/file/FileURLConnection done
Event: 0,042 loading class sun/net/www/MessageHeader
Event: 0,042 loading class sun/net/www/MessageHeader done
Event: 0,042 loading class java/io/FilePermission$1
Event: 0,042 loading class jdk/internal/access/JavaIOFilePermissionAccess
Event: 0,042 loading class jdk/internal/access/JavaIOFilePermissionAccess done
Event: 0,042 loading class java/io/FilePermission$1 done
Event: 0,044 loading class java/io/FilePermissionCollection
Event: 0,044 loading class java/io/FilePermissionCollection done
Event: 0,045 loading class java/util/Vector
Event: 0,045 loading class java/util/Vector done
Event: 0,045 loading class java/io/FilePermissionCollection$1
Event: 0,045 loading class java/io/FilePermissionCollection$1 done
Event: 0,060 loading class java/lang/IllegalStateException
Event: 0,060 loading class java/lang/IllegalStateException done
Event: 0,076 loading class java/util/concurrent/Callable
Event: 0,076 loading class java/util/concurrent/Callable done
Event: 0,076 loading class java/lang/InheritableThreadLocal
Event: 0,076 loading class java/lang/InheritableThreadLocal done


Dynamic libraries:
60b400000-62ac00000 rw-p 00000000 00:00 0 
62ac00000-7ff800000 ---p 00000000 00:00 0 
7ff800000-7ffb00000 rw-p 00000000 00:00 0 
7ffb00000-7ffb75000 rw-p 00c76000 08:02 13399095                         /usr/lib/jvm/java-17-openjdk-amd64/lib/server/classes.jsa
7ffb75000-7ffc00000 rw-p 00000000 00:00 0 
7ffc00000-7ffc77000 rw-p 00bff000 08:02 13399095                         /usr/lib/jvm/java-17-openjdk-amd64/lib/server/classes.jsa
7ffc77000-800000000 rw-p 00000000 00:00 0 
5641dfb76000-5641dfb77000 r--p 00000000 08:02 13398943                   /usr/lib/jvm/java-17-openjdk-amd64/bin/java
5641dfb77000-5641dfb78000 r-xp 00001000 08:02 13398943                   /usr/lib/jvm/java-17-openjdk-amd64/bin/java
5641dfb78000-5641dfb79000 r--p 00002000 08:02 13398943                   /usr/lib/jvm/java-17-openjdk-amd64/bin/java
5641dfb79000-5641dfb7a000 r--p 00002000 08:02 13398943                   /usr/lib/jvm/java-17-openjdk-amd64/bin/java
5641dfb7a000-5641dfb7b000 rw-p 00003000 08:02 13398943                   /usr/lib/jvm/java-17-openjdk-amd64/bin/java
5641e07d3000-5641e083f000 rw-p 00000000 00:00 0                          [heap]
7f5280000000-7f5280021000 rw-p 00000000 00:00 0 
7f5280021000-7f5284000000 ---p 00000000 00:00 0 
7f5288000000-7f5288021000 rw-p 00000000 00:00 0 
7f5288021000-7f528c000000 ---p 00000000 00:00 0 
7f528c000000-7f528c021000 rw-p 00000000 00:00 0 
7f528c021000-7f5290000000 ---p 00000000 00:00 0 
7f5290000000-7f52900cd000 rw-p 00000000 00:00 0 
7f52900cd000-7f5294000000 ---p 00000000 00:00 0 
7f5294000000-7f5294021000 rw-p 00000000 00:00 0 
7f5294021000-7f5298000000 ---p 00000000 00:00 0 
7f5298000000-7f5298021000 rw-p 00000000 00:00 0 
7f5298021000-7f529c000000 ---p 00000000 00:00 0 
7f529c000000-7f529c117000 rw-p 00000000 00:00 0 
7f529c117000-7f52a0000000 ---p 00000000 00:00 0 
7f52a0000000-7f52a0021000 rw-p 00000000 00:00 0 
7f52a0021000-7f52a4000000 ---p 00000000 00:00 0 
7f52a4000000-7f52a4021000 rw-p 00000000 00:00 0 
7f52a4021000-7f52a8000000 ---p 00000000 00:00 0 
7f52a8000000-7f52a8021000 rw-p 00000000 00:00 0 
7f52a8021000-7f52ac000000 ---p 00000000 00:00 0 
7f52ac000000-7f52ac021000 rw-p 00000000 00:00 0 
7f52ac021000-7f52b0000000 ---p 00000000 00:00 0 
7f52b0000000-7f52b0021000 rw-p 00000000 00:00 0 
7f52b0021000-7f52b4000000 ---p 00000000 00:00 0 
7f52b581e000-7f52b5bff000 rw-p 00000000 00:00 0 
7f52b5bff000-7f52b5c03000 ---p 00000000 00:00 0 
7f52b5c03000-7f52b5cff000 rw-p 00000000 00:00 0 
7f52b5cff000-7f52b5d00000 ---p 00000000 00:00 0 
7f52b5d00000-7f52b5e00000 rw-p 00000000 00:00 0 
7f52b5e00000-7f52b5e04000 ---p 00000000 00:00 0 
7f52b5e04000-7f52b5f00000 rw-p 00000000 00:00 0 
7f52b5f00000-7f52b5f04000 ---p 00000000 00:00 0 
7f52b5f04000-7f52b60a0000 rw-p 00000000 00:00 0 
7f52b60a0000-7f52b6400000 ---p 00000000 00:00 0 
7f52b6400000-7f52b6470000 rw-p 00000000 00:00 0 
7f52b6470000-7f52ba000000 ---p 00000000 00:00 0 
7f52ba0dd000-7f52ba0e1000 ---p 00000000 00:00 0 
7f52ba0e1000-7f52ba1dd000 rw-p 00000000 00:00 0 
7f52ba1dd000-7f52ba1e1000 ---p 00000000 00:00 0 
7f52ba1e1000-7f52ba2dd000 rw-p 00000000 00:00 0 
7f52ba2dd000-7f52ba2e1000 ---p 00000000 00:00 0 
7f52ba2e1000-7f52ba3dd000 rw-p 00000000 00:00 0 
7f52ba3dd000-7f52ba3e1000 ---p 00000000 00:00 0 
7f52ba3e1000-7f52ba4dd000 rw-p 00000000 00:00 0 
7f52ba4dd000-7f52ba4e1000 ---p 00000000 00:00 0 
7f52ba4e1000-7f52ba5dd000 rw-p 00000000 00:00 0 
7f52ba5dd000-7f52bab52000 r--p 00000000 08:02 13374161                   /usr/lib/locale/locale-archive
7f52bab52000-7f52bab56000 ---p 00000000 00:00 0 
7f52bab56000-7f52bac52000 rw-p 00000000 00:00 0 
7f52bac52000-7f52bac56000 ---p 00000000 00:00 0 
7f52bac56000-7f52bad52000 rw-p 00000000 00:00 0 
7f52bad52000-7f52bad53000 ---p 00000000 00:00 0 
7f52bad53000-7f52bae53000 rw-p 00000000 00:00 0 
7f52bae53000-7f52bae58000 r--p 00000000 08:02 13399077                   /usr/lib/jvm/java-17-openjdk-amd64/lib/libjsvml.so
7f52bae58000-7f52bae99000 r-xp 00005000 08:02 13399077                   /usr/lib/jvm/java-17-openjdk-amd64/lib/libjsvml.so
7f52bae99000-7f52baf22000 r--p 00046000 08:02 13399077                   /usr/lib/jvm/java-17-openjdk-amd64/lib/libjsvml.so
7f52baf22000-7f52baf23000 r--p 000ce000 08:02 13399077                   /usr/lib/jvm/java-17-openjdk-amd64/lib/libjsvml.so
7f52baf23000-7f52baf24000 rw-p 000cf000 08:02 13399077                   /usr/lib/jvm/java-17-openjdk-amd64/lib/libjsvml.so
7f52baf24000-7f52bb000000 rw-p 00000000 00:00 0 
7f52bb000000-7f52bbbc7000 rw-p 00001000 08:02 13399095                   /usr/lib/jvm/java-17-openjdk-amd64/lib/server/classes.jsa
7f52bbbc7000-7f52bc000000 ---p 00000000 00:00 0 
7f52bc000000-7f52bc010000 rw-p 00000000 00:00 0 
7f52bc010000-7f52bc040000 ---p 00000000 00:00 0 
7f52bc040000-7f52bc050000 rw-p 00000000 00:00 0 
7f52bc050000-7f52fc000000 ---p 00000000 00:00 0 
7f52fc000000-7f52fc021000 rw-p 00000000 00:00 0 
7f52fc021000-7f5300000000 ---p 00000000 00:00 0 
7f5300000000-7f5300021000 rw-p 00000000 00:00 0 
7f5300021000-7f5304000000 ---p 00000000 00:00 0 
7f5304000000-7f5304021000 rw-p 00000000 00:00 0 
7f5304021000-7f5308000000 ---p 00000000 00:00 0 
7f5308000000-7f5308021000 rw-p 00000000 00:00 0 
7f5308021000-7f530c000000 ---p 00000000 00:00 0 
7f530c000000-7f530c021000 rw-p 00000000 00:00 0 
7f530c021000-7f5310000000 ---p 00000000 00:00 0 
7f5310002000-7f5310033000 rw-p 00000000 00:00 0 
7f5310033000-7f5310034000 ---p 00000000 00:00 0 
7f5310034000-7f5310134000 rw-p 00000000 00:00 0 
7f5310134000-7f5310135000 ---p 00000000 00:00 0 
7f5310135000-7f531341f000 rw-p 00000000 00:00 0 
7f531341f000-7f531a94f000 ---p 00000000 00:00 0 
7f531a94f000-7f531b14f000 rw-p 00000000 00:00 0 
7f531b14f000-7f532267f000 ---p 00000000 00:00 0 
7f532267f000-7f532279b000 rw-p 00000000 00:00 0 
7f532279b000-7f5323641000 ---p 00000000 00:00 0 
7f5323641000-7f5323741000 rw-p 00000000 00:00 0 
7f5323741000-7f53245e7000 ---p 00000000 00:00 0 
7f53245e7000-7f53246e7000 rw-p 00000000 00:00 0 
7f53246e7000-7f532558d000 ---p 00000000 00:00 0 
7f532558d000-7f5325591000 rw-p 00000000 00:00 0 
7f5325591000-7f5325801000 rwxp 00000000 00:00 0 
7f5325801000-7f532cac8000 ---p 00000000 00:00 0 
7f532cac8000-7f532cd38000 rwxp 00000000 00:00 0 
7f532cd38000-7f532d05a000 ---p 00000000 00:00 0 
7f532d05a000-7f532d2ca000 rwxp 00000000 00:00 0 
7f532d2ca000-7f5334591000 ---p 00000000 00:00 0 
7f5334591000-7f533c000000 r--s 00000000 08:02 13399092                   /usr/lib/jvm/java-17-openjdk-amd64/lib/modules
7f533c000000-7f533c386000 rw-p 00000000 00:00 0 
7f533c386000-7f5340000000 ---p 00000000 00:00 0 
7f5340001000-7f5340003000 r--p 00000000 08:02 13399091                   /usr/lib/jvm/java-17-openjdk-amd64/lib/libzip.so
7f5340003000-7f5340008000 r-xp 00002000 08:02 13399091                   /usr/lib/jvm/java-17-openjdk-amd64/lib/libzip.so
7f5340008000-7f534000a000 r--p 00007000 08:02 13399091                   /usr/lib/jvm/java-17-openjdk-amd64/lib/libzip.so
7f534000a000-7f534000b000 r--p 00008000 08:02 13399091                   /usr/lib/jvm/java-17-openjdk-amd64/lib/libzip.so
7f534000b000-7f534000c000 rw-p 00009000 08:02 13399091                   /usr/lib/jvm/java-17-openjdk-amd64/lib/libzip.so
7f534000c000-7f534004d000 rw-p 00000000 00:00 0 
7f534004e000-7f5340055000 r--s 00000000 08:02 13515245                   /usr/lib/x86_64-linux-gnu/gconv/gconv-modules.cache
7f5340055000-7f5340059000 r--p 00000000 08:02 13399083                   /usr/lib/jvm/java-17-openjdk-amd64/lib/libnet.so
7f5340059000-7f5340067000 r-xp 00004000 08:02 13399083                   /usr/lib/jvm/java-17-openjdk-amd64/lib/libnet.so
7f5340067000-7f534006b000 r--p 00012000 08:02 13399083                   /usr/lib/jvm/java-17-openjdk-amd64/lib/libnet.so
7f534006b000-7f534006c000 r--p 00015000 08:02 13399083                   /usr/lib/jvm/java-17-openjdk-amd64/lib/libnet.so
7f534006c000-7f534006d000 rw-p 00016000 08:02 13399083                   /usr/lib/jvm/java-17-openjdk-amd64/lib/libnet.so
7f534006d000-7f5340074000 r--p 00000000 08:02 13399084                   /usr/lib/jvm/java-17-openjdk-amd64/lib/libnio.so
7f5340074000-7f534007d000 r-xp 00007000 08:02 13399084                   /usr/lib/jvm/java-17-openjdk-amd64/lib/libnio.so
7f534007d000-7f5340081000 r--p 00010000 08:02 13399084                   /usr/lib/jvm/java-17-openjdk-amd64/lib/libnio.so
7f5340081000-7f5340082000 ---p 00014000 08:02 13399084                   /usr/lib/jvm/java-17-openjdk-amd64/lib/libnio.so
7f5340082000-7f5340083000 r--p 00014000 08:02 13399084                   /usr/lib/jvm/java-17-openjdk-amd64/lib/libnio.so
7f5340083000-7f5340084000 rw-p 00015000 08:02 13399084                   /usr/lib/jvm/java-17-openjdk-amd64/lib/libnio.so
7f5340084000-7f5340085000 ---p 00000000 00:00 0 
7f5340085000-7f5340185000 rw-p 00000000 00:00 0 
7f5340185000-7f5340186000 ---p 00000000 00:00 0 
7f5340186000-7f5340286000 rw-p 00000000 00:00 0 
7f5340286000-7f5340287000 ---p 00000000 00:00 0 
7f5340287000-7f5340e96000 rw-p 00000000 00:00 0 
7f5340e96000-7f5340f7c000 ---p 00000000 00:00 0 
7f5340f7c000-7f5340f81000 rw-p 00000000 00:00 0 
7f5340f81000-7f5341067000 ---p 00000000 00:00 0 
7f5341067000-7f534106c000 rw-p 00000000 00:00 0 
7f534106c000-7f5341073000 ---p 00000000 00:00 0 
7f5341073000-7f534107f000 r--p 00000000 08:02 13399070                   /usr/lib/jvm/java-17-openjdk-amd64/lib/libjava.so
7f534107f000-7f5341092000 r-xp 0000c000 08:02 13399070                   /usr/lib/jvm/java-17-openjdk-amd64/lib/libjava.so
7f5341092000-7f5341098000 r--p 0001f000 08:02 13399070                   /usr/lib/jvm/java-17-openjdk-amd64/lib/libjava.so
7f5341098000-7f5341099000 r--p 00024000 08:02 13399070                   /usr/lib/jvm/java-17-openjdk-amd64/lib/libjava.so
7f5341099000-7f534109a000 rw-p 00025000 08:02 13399070                   /usr/lib/jvm/java-17-openjdk-amd64/lib/libjava.so
7f534109a000-7f534109b000 rw-p 00000000 00:00 0 
7f534109b000-7f534109f000 ---p 00000000 00:00 0 
7f534109f000-7f534119b000 rw-p 00000000 00:00 0 
7f534119b000-7f534119e000 r--p 00000000 08:02 13369903                   /usr/lib/x86_64-linux-gnu/libgcc_s.so.1
7f534119e000-7f53411b5000 r-xp 00003000 08:02 13369903                   /usr/lib/x86_64-linux-gnu/libgcc_s.so.1
7f53411b5000-7f53411b9000 r--p 0001a000 08:02 13369903                   /usr/lib/x86_64-linux-gnu/libgcc_s.so.1
7f53411b9000-7f53411ba000 r--p 0001d000 08:02 13369903                   /usr/lib/x86_64-linux-gnu/libgcc_s.so.1
7f53411ba000-7f53411bb000 rw-p 0001e000 08:02 13369903                   /usr/lib/x86_64-linux-gnu/libgcc_s.so.1
7f53411bb000-7f53411c9000 r--p 00000000 08:02 13370571                   /usr/lib/x86_64-linux-gnu/libm.so.6
7f53411c9000-7f5341245000 r-xp 0000e000 08:02 13370571                   /usr/lib/x86_64-linux-gnu/libm.so.6
7f5341245000-7f53412a0000 r--p 0008a000 08:02 13370571                   /usr/lib/x86_64-linux-gnu/libm.so.6
7f53412a0000-7f53412a1000 r--p 000e4000 08:02 13370571                   /usr/lib/x86_64-linux-gnu/libm.so.6
7f53412a1000-7f53412a2000 rw-p 000e5000 08:02 13370571                   /usr/lib/x86_64-linux-gnu/libm.so.6
7f53412a2000-7f534133c000 r--p 00000000 08:02 13369612                   /usr/lib/x86_64-linux-gnu/libstdc++.so.6.0.30
7f534133c000-7f534144d000 r-xp 0009a000 08:02 13369612                   /usr/lib/x86_64-linux-gnu/libstdc++.so.6.0.30
7f534144d000-7f53414bc000 r--p 001ab000 08:02 13369612                   /usr/lib/x86_64-linux-gnu/libstdc++.so.6.0.30
7f53414bc000-7f53414bd000 ---p 0021a000 08:02 13369612                   /usr/lib/x86_64-linux-gnu/libstdc++.so.6.0.30
7f53414bd000-7f53414c8000 r--p 0021a000 08:02 13369612                   /usr/lib/x86_64-linux-gnu/libstdc++.so.6.0.30
7f53414c8000-7f53414cb000 rw-p 00225000 08:02 13369612                   /usr/lib/x86_64-linux-gnu/libstdc++.so.6.0.30
7f53414cb000-7f53414ce000 rw-p 00000000 00:00 0 
7f53414ce000-7f534171f000 r--p 00000000 08:02 13399098                   /usr/lib/jvm/java-17-openjdk-amd64/lib/server/libjvm.so
7f534171f000-7f5342483000 r-xp 00251000 08:02 13399098                   /usr/lib/jvm/java-17-openjdk-amd64/lib/server/libjvm.so
7f5342483000-7f5342705000 r--p 00fb5000 08:02 13399098                   /usr/lib/jvm/java-17-openjdk-amd64/lib/server/libjvm.so
7f5342705000-7f5342706000 ---p 01237000 08:02 13399098                   /usr/lib/jvm/java-17-openjdk-amd64/lib/server/libjvm.so
7f5342706000-7f53427be000 r--p 01237000 08:02 13399098                   /usr/lib/jvm/java-17-openjdk-amd64/lib/server/libjvm.so
7f53427be000-7f53427f3000 rw-p 012ef000 08:02 13399098                   /usr/lib/jvm/java-17-openjdk-amd64/lib/server/libjvm.so
7f53427f3000-7f5342850000 rw-p 00000000 00:00 0 
7f5342850000-7f5342878000 r--p 00000000 08:02 13370567                   /usr/lib/x86_64-linux-gnu/libc.so.6
7f5342878000-7f5342a0d000 r-xp 00028000 08:02 13370567                   /usr/lib/x86_64-linux-gnu/libc.so.6
7f5342a0d000-7f5342a65000 r--p 001bd000 08:02 13370567                   /usr/lib/x86_64-linux-gnu/libc.so.6
7f5342a65000-7f5342a66000 ---p 00215000 08:02 13370567                   /usr/lib/x86_64-linux-gnu/libc.so.6
7f5342a66000-7f5342a6a000 r--p 00215000 08:02 13370567                   /usr/lib/x86_64-linux-gnu/libc.so.6
7f5342a6a000-7f5342a6c000 rw-p 00219000 08:02 13370567                   /usr/lib/x86_64-linux-gnu/libc.so.6
7f5342a6c000-7f5342a79000 rw-p 00000000 00:00 0 
7f5342a79000-7f5342a7b000 r--p 00000000 08:02 13399074                   /usr/lib/jvm/java-17-openjdk-amd64/lib/libjli.so
7f5342a7b000-7f5342a85000 r-xp 00002000 08:02 13399074                   /usr/lib/jvm/java-17-openjdk-amd64/lib/libjli.so
7f5342a85000-7f5342a88000 r--p 0000c000 08:02 13399074                   /usr/lib/jvm/java-17-openjdk-amd64/lib/libjli.so
7f5342a88000-7f5342a89000 r--p 0000e000 08:02 13399074                   /usr/lib/jvm/java-17-openjdk-amd64/lib/libjli.so
7f5342a89000-7f5342a8a000 rw-p 0000f000 08:02 13399074                   /usr/lib/jvm/java-17-openjdk-amd64/lib/libjli.so
7f5342a8a000-7f5342a8c000 r--p 00000000 08:02 13402577                   /usr/lib/x86_64-linux-gnu/libz.so.1.2.11
7f5342a8c000-7f5342a9d000 r-xp 00002000 08:02 13402577                   /usr/lib/x86_64-linux-gnu/libz.so.1.2.11
7f5342a9d000-7f5342aa3000 r--p 00013000 08:02 13402577                   /usr/lib/x86_64-linux-gnu/libz.so.1.2.11
7f5342aa3000-7f5342aa4000 ---p 00019000 08:02 13402577                   /usr/lib/x86_64-linux-gnu/libz.so.1.2.11
7f5342aa4000-7f5342aa5000 r--p 00019000 08:02 13402577                   /usr/lib/x86_64-linux-gnu/libz.so.1.2.11
7f5342aa5000-7f5342aa6000 rw-p 0001a000 08:02 13402577                   /usr/lib/x86_64-linux-gnu/libz.so.1.2.11
7f5342aaa000-7f5342ab2000 rw-s 00000000 08:02 3410228                    /tmp/hsperfdata_driver/58806
7f5342ab2000-7f5342ab3000 ---p 00000000 00:00 0 
7f5342ab3000-7f5342ab4000 r--p 00000000 00:00 0 
7f5342ab4000-7f5342ab6000 r--p 00000000 08:02 13399073                   /usr/lib/jvm/java-17-openjdk-amd64/lib/libjimage.so
7f5342ab6000-7f5342ab9000 r-xp 00002000 08:02 13399073                   /usr/lib/jvm/java-17-openjdk-amd64/lib/libjimage.so
7f5342ab9000-7f5342aba000 r--p 00005000 08:02 13399073                   /usr/lib/jvm/java-17-openjdk-amd64/lib/libjimage.so
7f5342aba000-7f5342abb000 ---p 00006000 08:02 13399073                   /usr/lib/jvm/java-17-openjdk-amd64/lib/libjimage.so
7f5342abb000-7f5342abc000 r--p 00006000 08:02 13399073                   /usr/lib/jvm/java-17-openjdk-amd64/lib/libjimage.so
7f5342abc000-7f5342abd000 rw-p 00007000 08:02 13399073                   /usr/lib/jvm/java-17-openjdk-amd64/lib/libjimage.so
7f5342abd000-7f5342abf000 rw-p 00000000 00:00 0 
7f5342abf000-7f5342ac1000 r--p 00000000 08:02 13370134                   /usr/lib/x86_64-linux-gnu/ld-linux-x86-64.so.2
7f5342ac1000-7f5342aeb000 r-xp 00002000 08:02 13370134                   /usr/lib/x86_64-linux-gnu/ld-linux-x86-64.so.2
7f5342aeb000-7f5342af6000 r--p 0002c000 08:02 13370134                   /usr/lib/x86_64-linux-gnu/ld-linux-x86-64.so.2
7f5342af6000-7f5342af7000 ---p 00000000 00:00 0 
7f5342af7000-7f5342af9000 r--p 00037000 08:02 13370134                   /usr/lib/x86_64-linux-gnu/ld-linux-x86-64.so.2
7f5342af9000-7f5342afb000 rw-p 00039000 08:02 13370134                   /usr/lib/x86_64-linux-gnu/ld-linux-x86-64.so.2
7fff907bf000-7fff907e1000 rw-p 00000000 00:00 0                          [stack]
7fff907f5000-7fff907f9000 r--p 00000000 00:00 0                          [vvar]
7fff907f9000-7fff907fb000 r-xp 00000000 00:00 0                          [vdso]
ffffffffff600000-ffffffffff601000 --xp 00000000 00:00 0                  [vsyscall]


VM Arguments:
jvm_args: -Dclassworlds.conf=/usr/share/maven/bin/m2.conf -Dmaven.home=/usr/share/maven -Dlibrary.jansi.path=/usr/share/maven/lib/jansi-native -Dmaven.multiModuleProjectDirectory=/home/driver/Desktop/linux_dev/surpizza/server 
java_command: org.codehaus.plexus.classworlds.launcher.Launcher spring-boot:run
java_class_path (initial): /usr/share/maven/boot/plexus-classworlds-2.x.jar
Launcher Type: SUN_STANDARD

[Global flags]
     intx CICompilerCount                          = 4                                         {product} {ergonomic}
     uint ConcGCThreads                            = 3                                         {product} {ergonomic}
     uint G1ConcRefinementThreads                  = 10                                        {product} {ergonomic}
   size_t G1HeapRegionSize                         = 4194304                                   {product} {ergonomic}
    uintx GCDrainStackTargetSize                   = 64                                        {product} {ergonomic}
   size_t InitialHeapSize                          = 528482304                                 {product} {ergonomic}
   size_t MarkStackSize                            = 4194304                                   {product} {ergonomic}
   size_t MaxHeapSize                              = 8401190912                                {product} {ergonomic}
   size_t MaxNewSize                               = 5037359104                                {product} {ergonomic}
   size_t MinHeapDeltaBytes                        = 4194304                                   {product} {ergonomic}
   size_t MinHeapSize                              = 8388608                                   {product} {ergonomic}
    uintx NonNMethodCodeHeapSize                   = 5839372                                {pd product} {ergonomic}
    uintx NonProfiledCodeHeapSize                  = 122909434                              {pd product} {ergonomic}
    uintx ProfiledCodeHeapSize                     = 122909434                              {pd product} {ergonomic}
    uintx ReservedCodeCacheSize                    = 251658240                              {pd product} {ergonomic}
     bool SegmentedCodeCache                       = true                                      {product} {ergonomic}
   size_t SoftMaxHeapSize                          = 8401190912                             {manageable} {ergonomic}
     bool UseCompressedClassPointers               = true                           {product lp64_product} {ergonomic}
     bool UseCompressedOops                        = true                           {product lp64_product} {ergonomic}
     bool UseG1GC                                  = true                                      {product} {ergonomic}

Logging:
Log output configuration:
 #0: stdout all=warning uptime,level,tags
 #1: stderr all=off uptime,level,tags

Environment Variables:
PATH=/home/driver/Desktop/linux_dev/surpizza/server/node_modules/.bin:/home/driver/Desktop/linux_dev/surpizza/server/node_modules/.bin:/home/driver/Desktop/linux_dev/surpizza/node_modules/.bin:/home/driver/Desktop/linux_dev/node_modules/.bin:/home/driver/Desktop/node_modules/.bin:/home/driver/node_modules/.bin:/home/node_modules/.bin:/node_modules/.bin:/home/driver/.nvm/versions/node/v21.5.0/lib/node_modules/npm/node_modules/@npmcli/run-script/lib/node-gyp-bin:/home/driver/.local/share/pnpm:/home/driver/.nvm/versions/node/v21.5.0/bin:/home/driver/.cargo/bin:/usr/local/sbin:/usr/local/bin:/usr/sbin:/usr/bin:/sbin:/bin:/usr/games:/usr/local/games:/snap/bin:/home/driver/scripts:/home/driver/mongodb-database-tools-amazon2-x86_64-100.9.4/bin:/usr/local/go/bin:/home/driver/go/bin:/home/driver/.dotnet
SHELL=/bin/bash
DISPLAY=:0
LANG=en_US.UTF-8
LC_CTYPE=en_US.UTF-8
LC_NUMERIC=it_IT.UTF-8
LC_TIME=it_IT.UTF-8
TERM=xterm-256color

Active Locale:
LC_ALL=LC_CTYPE=en_US.UTF-8;LC_NUMERIC=it_IT.UTF-8;LC_TIME=it_IT.UTF-8;LC_COLLATE=en_US.UTF-8;LC_MONETARY=it_IT.UTF-8;LC_MESSAGES=en_US.UTF-8;LC_PAPER=it_IT.UTF-8;LC_NAME=it_IT.UTF-8;LC_ADDRESS=it_IT.UTF-8;LC_TELEPHONE=it_IT.UTF-8;LC_MEASUREMENT=it_IT.UTF-8;LC_IDENTIFICATION=it_IT.UTF-8
LC_COLLATE=en_US.UTF-8
LC_CTYPE=en_US.UTF-8
LC_MESSAGES=en_US.UTF-8
LC_MONETARY=it_IT.UTF-8
LC_NUMERIC=it_IT.UTF-8
LC_TIME=it_IT.UTF-8

Signal Handlers:
   SIGSEGV: crash_handler in libjvm.so, mask=11100100010111111101111111111110, flags=SA_RESTART|SA_SIGINFO, unblocked
    SIGBUS: crash_handler in libjvm.so, mask=11100100010111111101111111111110, flags=SA_RESTART|SA_SIGINFO, unblocked
    SIGFPE: crash_handler in libjvm.so, mask=11100100010111111101111111111110, flags=SA_RESTART|SA_SIGINFO, unblocked
   SIGPIPE: javaSignalHandler in libjvm.so, mask=11100100010111111101111111111110, flags=SA_RESTART|SA_SIGINFO, blocked
   SIGXFSZ: javaSignalHandler in libjvm.so, mask=11100100010111111101111111111110, flags=SA_RESTART|SA_SIGINFO, blocked
    SIGILL: crash_handler in libjvm.so, mask=11100100010111111101111111111110, flags=SA_RESTART|SA_SIGINFO, unblocked
   SIGUSR2: SR_handler in libjvm.so, mask=00000000000000000000000000000000, flags=SA_RESTART|SA_SIGINFO, blocked
    SIGHUP: UserHandler in libjvm.so, mask=11100100010111111101111111111110, flags=SA_RESTART|SA_SIGINFO, blocked
    SIGINT: UserHandler in libjvm.so, mask=11100100010111111101111111111110, flags=SA_RESTART|SA_SIGINFO, blocked
   SIGTERM: UserHandler in libjvm.so, mask=11100100010111111101111111111110, flags=SA_RESTART|SA_SIGINFO, blocked
   SIGQUIT: UserHandler in libjvm.so, mask=11100100010111111101111111111110, flags=SA_RESTART|SA_SIGINFO, blocked
   SIGTRAP: crash_handler in libjvm.so, mask=11100100010111111101111111111110, flags=SA_RESTART|SA_SIGINFO, unblocked


Periodic native trim disabled


---------------  S Y S T E M  ---------------

OS:
DISTRIB_ID=LinuxMint
DISTRIB_RELEASE=21.3
DISTRIB_CODENAME=virginia
DISTRIB_DESCRIPTION="Linux Mint 21.3 Virginia"
uname: Linux 5.15.0-107-generic #117-Ubuntu SMP Fri Apr 26 12:26:49 UTC 2024 x86_64
OS uptime: 0 days 0:50 hours
libc: glibc 2.35 NPTL 2.35 
rlimit (soft/hard): STACK 8192k/infinity , CORE 0k/infinity , NPROC 127278/127278 , NOFILE 1048576/1048576 , AS infinity/infinity , CPU infinity/infinity , DATA infinity/infinity , FSIZE infinity/infinity , MEMLOCK 4100632k/4100632k
load average: 5,55 1,74 1,03

/proc/meminfo:
MemTotal:       32805060 kB
MemFree:        20815908 kB
MemAvailable:   24982384 kB
Buffers:          288000 kB
Cached:          4243960 kB
SwapCached:            0 kB
Active:          2316544 kB
Inactive:        8667924 kB
Active(anon):       6648 kB
Inactive(anon):  6625456 kB
Active(file):    2309896 kB
Inactive(file):  2042468 kB
Unevictable:          64 kB
Mlocked:              64 kB
SwapTotal:       2097148 kB
SwapFree:        2097148 kB
Dirty:              1228 kB
Writeback:             0 kB
AnonPages:       6452776 kB
Mapped:          1604224 kB
Shmem:            179596 kB
KReclaimable:     276660 kB
Slab:             503872 kB
SReclaimable:     276660 kB
SUnreclaim:       227212 kB
KernelStack:       28968 kB
PageTables:        74852 kB
NFS_Unstable:          0 kB
Bounce:                0 kB
WritebackTmp:          0 kB
CommitLimit:    18499676 kB
Committed_AS:   31997588 kB
VmallocTotal:   34359738367 kB
VmallocUsed:      172972 kB
VmallocChunk:          0 kB
Percpu:            39936 kB
HardwareCorrupted:     0 kB
AnonHugePages:         0 kB
ShmemHugePages:        0 kB
ShmemPmdMapped:        0 kB
FileHugePages:         0 kB
FilePmdMapped:         0 kB
HugePages_Total:       0
HugePages_Free:        0
HugePages_Rsvd:        0
HugePages_Surp:        0
Hugepagesize:       2048 kB
Hugetlb:               0 kB
DirectMap4k:      839404 kB
DirectMap2M:    12740608 kB
DirectMap1G:    20971520 kB

/sys/kernel/mm/transparent_hugepage/enabled: always [madvise] never
/sys/kernel/mm/transparent_hugepage/defrag (defrag/compaction efforts parameter): always defer defer+madvise [madvise] never

Process Memory:
Virtual Size: 11303492K (peak: 11364452K)
Resident Set Size: 50548K (peak: 50548K) (anon: 28816K, file: 21732K, shmem: 0K)
Swapped out: 0K
C-Heap outstanding allocations: 31984K, retained: 2271K
glibc malloc tunables: (default)

/proc/sys/kernel/threads-max (system-wide limit on the number of threads): 254557
/proc/sys/vm/max_map_count (maximum number of memory map areas a process may have): 262144
/proc/sys/kernel/pid_max (system-wide limit on number of process identifiers): 4194304

container (cgroup) information:
container_type: cgroupv2
cpu_cpuset_cpus: not supported
cpu_memory_nodes: not supported
active_processor_count: 12
cpu_quota: not supported
cpu_period: not supported
cpu_shares: not supported
memory_limit_in_bytes: unlimited
memory_and_swap_limit_in_bytes: unlimited
memory_soft_limit_in_bytes: unlimited
memory_usage_in_bytes: 9246676 k
memory_max_usage_in_bytes: not supported
memory_swap_current_in_bytes: unlimited
memory_swap_max_limit_in_bytes: unlimited
maximum number of tasks: unlimited
current number of tasks: 1159

Steal ticks since vm start: 0
Steal ticks percentage since vm start:  0,000

CPU: total 12 (initial active 12) (12 cores per cpu, 2 threads per core) family 23 model 8 stepping 2 microcode 0x800820d, cx8, cmov, fxsr, ht, mmx, 3dnowpref, sse, sse2, sse3, ssse3, sse4a, sse4.1, sse4.2, popcnt, lzcnt, tsc, tscinvbit, avx, avx2, aes, clmul, bmi1, bmi2, adx, sha, fma, vzeroupper, clflush, clflushopt
CPU Model and flags from /proc/cpuinfo:
model name	: AMD Ryzen 5 2600 Six-Core Processor
flags		: fpu vme de pse tsc msr pae mce cx8 apic sep mtrr pge mca cmov pat pse36 clflush mmx fxsr sse sse2 ht syscall nx mmxext fxsr_opt pdpe1gb rdtscp lm constant_tsc rep_good nopl nonstop_tsc cpuid extd_apicid aperfmperf rapl pni pclmulqdq monitor ssse3 fma cx16 sse4_1 sse4_2 movbe popcnt aes xsave avx f16c rdrand lahf_lm cmp_legacy svm extapic cr8_legacy abm sse4a misalignsse 3dnowprefetch osvw skinit wdt tce topoext perfctr_core perfctr_nb bpext perfctr_llc mwaitx cpb hw_pstate ssbd ibpb vmmcall fsgsbase bmi1 avx2 smep bmi2 rdseed adx smap clflushopt sha_ni xsaveopt xsavec xgetbv1 clzero irperf xsaveerptr arat npt lbrv svm_lock nrip_save tsc_scale vmcb_clean flushbyasid decodeassists pausefilter pfthreshold avic v_vmsave_vmload vgif overflow_recov succor smca sme sev sev_es

Online cpus: 0-11
Offline cpus: 12-31
BIOS frequency limitation: <Not Available>
Frequency switch latency (ns): <Not Available>
Available cpu frequencies: <Not Available>
Current governor: <Not Available>
Core performance/turbo boost: <Not Available>

Memory: 4k page, physical 32805060k(20815908k free), swap 2097148k(2097148k free)
Page Sizes: 4k

vm_info: OpenJDK 64-Bit Server VM (17.0.10+7-Ubuntu-122.04.1) for linux-amd64 JRE (17.0.10+7-Ubuntu-122.04.1), built on Feb  5 2024 21:02:31 by "buildd" with gcc 11.4.0

END.
