#
# A fatal error has been detected by the Java Runtime Environment:
#
#  SIGSEGV (0xb) at pc=0x00007f9ecb5aab7b, pid=76370, tid=76370
#
# JRE version: OpenJDK Runtime Environment (17.0.10+7) (build 17.0.10+7-Ubuntu-122.04.1)
# Java VM: OpenJDK 64-Bit Server VM (17.0.10+7-Ubuntu-122.04.1, mixed mode, sharing, tiered, compressed oops, compressed class ptrs, g1 gc, linux-amd64)
# Problematic frame:
# V  [libjvm.so+0xdd0b7b]  SR_handler(int, siginfo_t*, ucontext_t*)+0xab
#
# Core dump will be written. Default location: Core dumps may be processed with "/lib/systemd/systemd-coredump %P %u %g %s %t 9223372036854775808 %h" (or dumping to /home/driver/Desktop/linux_dev/surpizza/server/core.76370)
#
# If you would like to submit a bug report, please visit:
#   Unknown
#

---------------  S U M M A R Y ------------

Command Line: -Dclassworlds.conf=/usr/share/maven/bin/m2.conf -Dmaven.home=/usr/share/maven -Dlibrary.jansi.path=/usr/share/maven/lib/jansi-native -Dmaven.multiModuleProjectDirectory=/home/driver/Desktop/linux_dev/surpizza/server org.codehaus.plexus.classworlds.launcher.Launcher spring-boot:run

Host: AMD Ryzen 5 2600 Six-Core Processor, 12 cores, 31G, Linux Mint 21.3 Virginia
Time: Thu Jun  6 16:28:32 2024 CEST elapsed time: 0.090590 seconds (0d 0h 0m 0s)

---------------  T H R E A D  ---------------

Current thread is native thread

Stack: [0x00007ffec16d7000,0x00007ffec1ed5000],  sp=0x00007ffec1ed0470,  free space=8165k
Native frames: (J=compiled Java code, j=interpreted, Vv=VM code, C=native code)
V  [libjvm.so+0xdd0b7b]  SR_handler(int, siginfo_t*, ucontext_t*)+0xab
C  [libc.so.6+0x42520]


siginfo: si_signo: 11 (SIGSEGV), si_code: 1 (SEGV_MAPERR), si_addr: 0x0000000000000268

Registers:
RAX=0x0000000000000000, RBX=0x00007ffec1ed0480, RCX=0x00007f9ecbbf7c1b, RDX=0x0000000000000000
RSP=0x00007ffec1ed0470, RBP=0x00007ffec1ed0530, RSI=0x00007ffec1ed0480, RDI=0x0000000000000000
R8 =0x0000000000000000, R9 =0x00000000ffffffff, R10=0x0000000000000008, R11=0x0000000000000246
R12=0x00007f9ecbb596c0, R13=0x0000000000000000, R14=0x0000000000000000, R15=0x0000000000000000
RIP=0x00007f9ecb5aab7b, EFLAGS=0x0000000000010246, CSGSFS=0x002b000000000033, ERR=0x0000000000000004
  TRAPNO=0x000000000000000e


Top of Stack: (sp=0x00007ffec1ed0470)
0x00007ffec1ed0470:   00007ffec1ed0670 00007ffec1ed0540
0x00007ffec1ed0480:   00000000000004d8 0000000000000009
0x00007ffec1ed0490:   0000000000000000 0000000000000000
0x00007ffec1ed04a0:   0000000000000000 0000000000000000
0x00007ffec1ed04b0:   0000000000000000 0000000024bbd60a
0x00007ffec1ed04c0:   00007ffec1ed0600 00007f9ecbb777e0
0x00007ffec1ed04d0:   00007f9ecbdca0f0 00007ffec1ed0560
0x00007ffec1ed04e0:   00007ffec1ed0570 00007f9ecbdd7211
0x00007ffec1ed04f0:   0000000000000004 00007f9ecbdcaa50
0x00007ffec1ed0500:   0000000000000001 00007f9eca4a6640
0x00007ffec1ed0510:   0000000000000000 0000000000012a68
0x00007ffec1ed0520:   0000000000000000 0000000000000000
0x00007ffec1ed0530:   00007ffec1ed0b98 00007f9ecbb9e520
0x00007ffec1ed0540:   0000000000000007 0000000000000000
0x00007ffec1ed0550:   0000000000000000 00007ffe00000002
0x00007ffec1ed0560:   0000000000000000 0000000000000000
0x00007ffec1ed0570:   00000000ffffffff 0000000000000000
0x00007ffec1ed0580:   0000000000000246 0000000000000000
0x00007ffec1ed0590:   0000000000012a68 0000000000000000
0x00007ffec1ed05a0:   0000000000000000 00007f9eca4a6910
0x00007ffec1ed05b0:   0000000000000109 00007ffec1ed0b98
0x00007ffec1ed05c0:   00007f9eca4a6640 0000000000012a68
0x00007ffec1ed05d0:   00000000000000ca 00007f9ecbbed117
0x00007ffec1ed05e0:   00007ffec1ed0ad0 00007f9ecbbed115
0x00007ffec1ed05f0:   0000000000000246 002b000000000033
0x00007ffec1ed0600:   0000000000000000 0000000000000000
0x00007ffec1ed0610:   0000000000000000 0000000000000000
0x00007ffec1ed0620:   00007ffec1ed0700 0000000000000000
0x00007ffec1ed0630:   00007ffec1ed0ba0 00007f9ecbde0dae
0x00007ffec1ed0640:   00007f9eca4a6950 0000000000000000
0x00007ffec1ed0650:   0000000000000003 0000000000100000
0x00007ffec1ed0660:   00007f9eca4a6640 0000000000000000 

Instructions: (pc=0x00007f9ecb5aab7b)
0x00007f9ecb5aaa7b:   58 00 00 74 30 48 8d 05 59 82 58 00 48 8d 14 98
0x00007f9ecb5aaa8b:   b8 01 00 00 00 f0 0f c1 02 48 8b 3d 4d 83 58 00
0x00007f9ecb5aaa9b:   48 83 ec 80 be 01 00 00 00 5b 41 5c 5d e9 a3 19
0x00007f9ecb5aaaab:   f2 ff 0f 1f 00 48 83 ec 80 5b 41 5c 5d c3 0f 1f
0x00007f9ecb5aaabb:   80 00 00 00 00 e8 9b df 15 00 84 c0 74 ad e8 22
0x00007f9ecb5aaacb:   1b 48 ff eb a6 f3 0f 1e fa 55 66 48 0f 6e d2 66
0x00007f9ecb5aaadb:   48 0f 6e ce 66 0f 6c ca 48 89 e5 41 57 41 56 41
0x00007f9ecb5aaaeb:   55 41 54 53 48 8d 9d 50 ff ff ff 48 81 ec 98 00
0x00007f9ecb5aaafb:   00 00 0f 29 8d 40 ff ff ff e8 67 12 48 ff 48 89
0x00007f9ecb5aab0b:   df 44 8b 28 49 89 c4 e8 a9 0e 48 ff be 04 00 00
0x00007f9ecb5aab1b:   00 48 89 df e8 ec 10 48 ff be 07 00 00 00 48 89
0x00007f9ecb5aab2b:   df e8 df 10 48 ff be 08 00 00 00 48 89 df e8 d2
0x00007f9ecb5aab3b:   10 48 ff be 0b 00 00 00 48 89 df e8 c5 10 48 ff
0x00007f9ecb5aab4b:   be 05 00 00 00 48 89 df e8 b8 10 48 ff 31 d2 48
0x00007f9ecb5aab5b:   89 de bf 01 00 00 00 e8 39 06 48 ff e8 94 7e 0e
0x00007f9ecb5aab6b:   00 41 89 c0 31 c0 45 84 c0 74 05 e8 95 7e 0e 00
0x00007f9ecb5aab7b:   48 8b 90 68 02 00 00 48 85 d2 74 17 4c 8b b8 30
0x00007f9ecb5aab8b:   02 00 00 41 8b 87 a0 00 00 00 83 f8 01 74 16 45
0x00007f9ecb5aab9b:   89 2c 24 48 81 c4 98 00 00 00 5b 41 5c 41 5d 41
0x00007f9ecb5aabab:   5e 41 5f 5d c3 66 0f 6f 9d 40 ff ff ff ba 02 00
0x00007f9ecb5aabbb:   00 00 be 01 00 00 00 4d 8d b7 a0 00 00 00 4c 89
0x00007f9ecb5aabcb:   f7 41 0f 11 9f a8 00 00 00 e8 77 36 e6 ff 83 f8
0x00007f9ecb5aabdb:   02 74 3a 85 c0 75 0e 66 0f ef c0 41 0f 11 87 a8
0x00007f9ecb5aabeb:   00 00 00 eb aa 48 8d 05 51 37 52 00 be 63 06 00
0x00007f9ecb5aabfb:   00 48 8d 3d 0d b1 27 00 48 8b 00 c6 00 58 e8 52
0x00007f9ecb5aac0b:   13 84 ff e8 8d 6c e6 ff eb cd 0f 1f 00 48 89 df
0x00007f9ecb5aac1b:   e8 a0 0d 48 ff 48 89 da 31 f6 31 ff e8 74 05 48
0x00007f9ecb5aac2b:   ff 8b 35 16 91 53 00 48 89 df e8 76 0a 48 ff be
0x00007f9ecb5aac3b:   01 00 00 00 48 8d 3d ba 81 58 00 e8 05 18 f2 ff
0x00007f9ecb5aac4b:   eb 08 0f 1f 00 83 f8 02 75 3b 48 89 df e8 73 11
0x00007f9ecb5aac5b:   48 ff 31 d2 be 03 00 00 00 4c 89 f7 e8 e4 35 e6
0x00007f9ecb5aac6b:   ff 85 c0 75 e0 be 01 00 00 00 48 8d 3d 84 81 58 



---------------  P R O C E S S  ---------------

VM state: not at safepoint (normal execution)

VM Mutex/Monitor currently owned by a thread: None

Heap address: 0x000000060b400000, size: 8012 MB, Compressed Oops mode: Zero based, Oop shift amount: 3

CDS archive(s) mapped at: [0x00007f9e43000000-0x00007f9e43bc7000-0x00007f9e43bc7000), size 12349440, SharedBaseAddress: 0x00007f9e43000000, ArchiveRelocationMode: 1.
Compressed class space mapped at: 0x00007f9e44000000-0x00007f9e84000000, reserved size: 1073741824
Narrow klass base: 0x00007f9e43000000, Narrow klass shift: 0, Narrow klass range: 0x100000000

GC Precious Log:
<Skipped>

Heap:
 garbage-first heap   total 524288K, used 6535K [0x000000060b400000, 0x0000000800000000)
  region size 4096K, 1 young (4096K), 0 survivors (0K)
 Metaspace       used 558K, committed 704K, reserved 1114112K
  class space    used 43K, committed 128K, reserved 1048576K

Heap Regions: E=young(eden), S=young(survivor), O=old, HS=humongous(starts), HC=humongous(continues), CS=collection set, F=free, OA=open archive, CA=closed archive, TAMS=top-at-mark-start (previous, next)
|   0|0x000000060b400000, 0x000000060b400000, 0x000000060b800000|  0%| F|  |TAMS 0x000000060b400000, 0x000000060b400000| Untracked 
|   1|0x000000060b800000, 0x000000060b800000, 0x000000060bc00000|  0%| F|  |TAMS 0x000000060b800000, 0x000000060b800000| Untracked 
|   2|0x000000060bc00000, 0x000000060bc00000, 0x000000060c000000|  0%| F|  |TAMS 0x000000060bc00000, 0x000000060bc00000| Untracked 
|   3|0x000000060c000000, 0x000000060c000000, 0x000000060c400000|  0%| F|  |TAMS 0x000000060c000000, 0x000000060c000000| Untracked 
|   4|0x000000060c400000, 0x000000060c400000, 0x000000060c800000|  0%| F|  |TAMS 0x000000060c400000, 0x000000060c400000| Untracked 
|   5|0x000000060c800000, 0x000000060c800000, 0x000000060cc00000|  0%| F|  |TAMS 0x000000060c800000, 0x000000060c800000| Untracked 
|   6|0x000000060cc00000, 0x000000060cc00000, 0x000000060d000000|  0%| F|  |TAMS 0x000000060cc00000, 0x000000060cc00000| Untracked 
|   7|0x000000060d000000, 0x000000060d000000, 0x000000060d400000|  0%| F|  |TAMS 0x000000060d000000, 0x000000060d000000| Untracked 
|   8|0x000000060d400000, 0x000000060d400000, 0x000000060d800000|  0%| F|  |TAMS 0x000000060d400000, 0x000000060d400000| Untracked 
|   9|0x000000060d800000, 0x000000060d800000, 0x000000060dc00000|  0%| F|  |TAMS 0x000000060d800000, 0x000000060d800000| Untracked 
|  10|0x000000060dc00000, 0x000000060dc00000, 0x000000060e000000|  0%| F|  |TAMS 0x000000060dc00000, 0x000000060dc00000| Untracked 
|  11|0x000000060e000000, 0x000000060e000000, 0x000000060e400000|  0%| F|  |TAMS 0x000000060e000000, 0x000000060e000000| Untracked 
|  12|0x000000060e400000, 0x000000060e400000, 0x000000060e800000|  0%| F|  |TAMS 0x000000060e400000, 0x000000060e400000| Untracked 
|  13|0x000000060e800000, 0x000000060e800000, 0x000000060ec00000|  0%| F|  |TAMS 0x000000060e800000, 0x000000060e800000| Untracked 
|  14|0x000000060ec00000, 0x000000060ec00000, 0x000000060f000000|  0%| F|  |TAMS 0x000000060ec00000, 0x000000060ec00000| Untracked 
|  15|0x000000060f000000, 0x000000060f000000, 0x000000060f400000|  0%| F|  |TAMS 0x000000060f000000, 0x000000060f000000| Untracked 
|  16|0x000000060f400000, 0x000000060f400000, 0x000000060f800000|  0%| F|  |TAMS 0x000000060f400000, 0x000000060f400000| Untracked 
|  17|0x000000060f800000, 0x000000060f800000, 0x000000060fc00000|  0%| F|  |TAMS 0x000000060f800000, 0x000000060f800000| Untracked 
|  18|0x000000060fc00000, 0x000000060fc00000, 0x0000000610000000|  0%| F|  |TAMS 0x000000060fc00000, 0x000000060fc00000| Untracked 
|  19|0x0000000610000000, 0x0000000610000000, 0x0000000610400000|  0%| F|  |TAMS 0x0000000610000000, 0x0000000610000000| Untracked 
|  20|0x0000000610400000, 0x0000000610400000, 0x0000000610800000|  0%| F|  |TAMS 0x0000000610400000, 0x0000000610400000| Untracked 
|  21|0x0000000610800000, 0x0000000610800000, 0x0000000610c00000|  0%| F|  |TAMS 0x0000000610800000, 0x0000000610800000| Untracked 
|  22|0x0000000610c00000, 0x0000000610c00000, 0x0000000611000000|  0%| F|  |TAMS 0x0000000610c00000, 0x0000000610c00000| Untracked 
|  23|0x0000000611000000, 0x0000000611000000, 0x0000000611400000|  0%| F|  |TAMS 0x0000000611000000, 0x0000000611000000| Untracked 
|  24|0x0000000611400000, 0x0000000611400000, 0x0000000611800000|  0%| F|  |TAMS 0x0000000611400000, 0x0000000611400000| Untracked 
|  25|0x0000000611800000, 0x0000000611800000, 0x0000000611c00000|  0%| F|  |TAMS 0x0000000611800000, 0x0000000611800000| Untracked 
|  26|0x0000000611c00000, 0x0000000611c00000, 0x0000000612000000|  0%| F|  |TAMS 0x0000000611c00000, 0x0000000611c00000| Untracked 
|  27|0x0000000612000000, 0x0000000612000000, 0x0000000612400000|  0%| F|  |TAMS 0x0000000612000000, 0x0000000612000000| Untracked 
|  28|0x0000000612400000, 0x0000000612400000, 0x0000000612800000|  0%| F|  |TAMS 0x0000000612400000, 0x0000000612400000| Untracked 
|  29|0x0000000612800000, 0x0000000612800000, 0x0000000612c00000|  0%| F|  |TAMS 0x0000000612800000, 0x0000000612800000| Untracked 
|  30|0x0000000612c00000, 0x0000000612c00000, 0x0000000613000000|  0%| F|  |TAMS 0x0000000612c00000, 0x0000000612c00000| Untracked 
|  31|0x0000000613000000, 0x0000000613000000, 0x0000000613400000|  0%| F|  |TAMS 0x0000000613000000, 0x0000000613000000| Untracked 
|  32|0x0000000613400000, 0x0000000613400000, 0x0000000613800000|  0%| F|  |TAMS 0x0000000613400000, 0x0000000613400000| Untracked 
|  33|0x0000000613800000, 0x0000000613800000, 0x0000000613c00000|  0%| F|  |TAMS 0x0000000613800000, 0x0000000613800000| Untracked 
|  34|0x0000000613c00000, 0x0000000613c00000, 0x0000000614000000|  0%| F|  |TAMS 0x0000000613c00000, 0x0000000613c00000| Untracked 
|  35|0x0000000614000000, 0x0000000614000000, 0x0000000614400000|  0%| F|  |TAMS 0x0000000614000000, 0x0000000614000000| Untracked 
|  36|0x0000000614400000, 0x0000000614400000, 0x0000000614800000|  0%| F|  |TAMS 0x0000000614400000, 0x0000000614400000| Untracked 
|  37|0x0000000614800000, 0x0000000614800000, 0x0000000614c00000|  0%| F|  |TAMS 0x0000000614800000, 0x0000000614800000| Untracked 
|  38|0x0000000614c00000, 0x0000000614c00000, 0x0000000615000000|  0%| F|  |TAMS 0x0000000614c00000, 0x0000000614c00000| Untracked 
|  39|0x0000000615000000, 0x0000000615000000, 0x0000000615400000|  0%| F|  |TAMS 0x0000000615000000, 0x0000000615000000| Untracked 
|  40|0x0000000615400000, 0x0000000615400000, 0x0000000615800000|  0%| F|  |TAMS 0x0000000615400000, 0x0000000615400000| Untracked 
|  41|0x0000000615800000, 0x0000000615800000, 0x0000000615c00000|  0%| F|  |TAMS 0x0000000615800000, 0x0000000615800000| Untracked 
|  42|0x0000000615c00000, 0x0000000615c00000, 0x0000000616000000|  0%| F|  |TAMS 0x0000000615c00000, 0x0000000615c00000| Untracked 
|  43|0x0000000616000000, 0x0000000616000000, 0x0000000616400000|  0%| F|  |TAMS 0x0000000616000000, 0x0000000616000000| Untracked 
|  44|0x0000000616400000, 0x0000000616400000, 0x0000000616800000|  0%| F|  |TAMS 0x0000000616400000, 0x0000000616400000| Untracked 
|  45|0x0000000616800000, 0x0000000616800000, 0x0000000616c00000|  0%| F|  |TAMS 0x0000000616800000, 0x0000000616800000| Untracked 
|  46|0x0000000616c00000, 0x0000000616c00000, 0x0000000617000000|  0%| F|  |TAMS 0x0000000616c00000, 0x0000000616c00000| Untracked 
|  47|0x0000000617000000, 0x0000000617000000, 0x0000000617400000|  0%| F|  |TAMS 0x0000000617000000, 0x0000000617000000| Untracked 
|  48|0x0000000617400000, 0x0000000617400000, 0x0000000617800000|  0%| F|  |TAMS 0x0000000617400000, 0x0000000617400000| Untracked 
|  49|0x0000000617800000, 0x0000000617800000, 0x0000000617c00000|  0%| F|  |TAMS 0x0000000617800000, 0x0000000617800000| Untracked 
|  50|0x0000000617c00000, 0x0000000617c00000, 0x0000000618000000|  0%| F|  |TAMS 0x0000000617c00000, 0x0000000617c00000| Untracked 
|  51|0x0000000618000000, 0x0000000618000000, 0x0000000618400000|  0%| F|  |TAMS 0x0000000618000000, 0x0000000618000000| Untracked 
|  52|0x0000000618400000, 0x0000000618400000, 0x0000000618800000|  0%| F|  |TAMS 0x0000000618400000, 0x0000000618400000| Untracked 
|  53|0x0000000618800000, 0x0000000618800000, 0x0000000618c00000|  0%| F|  |TAMS 0x0000000618800000, 0x0000000618800000| Untracked 
|  54|0x0000000618c00000, 0x0000000618c00000, 0x0000000619000000|  0%| F|  |TAMS 0x0000000618c00000, 0x0000000618c00000| Untracked 
|  55|0x0000000619000000, 0x0000000619000000, 0x0000000619400000|  0%| F|  |TAMS 0x0000000619000000, 0x0000000619000000| Untracked 
|  56|0x0000000619400000, 0x0000000619400000, 0x0000000619800000|  0%| F|  |TAMS 0x0000000619400000, 0x0000000619400000| Untracked 
|  57|0x0000000619800000, 0x0000000619800000, 0x0000000619c00000|  0%| F|  |TAMS 0x0000000619800000, 0x0000000619800000| Untracked 
|  58|0x0000000619c00000, 0x0000000619c00000, 0x000000061a000000|  0%| F|  |TAMS 0x0000000619c00000, 0x0000000619c00000| Untracked 
|  59|0x000000061a000000, 0x000000061a000000, 0x000000061a400000|  0%| F|  |TAMS 0x000000061a000000, 0x000000061a000000| Untracked 
|  60|0x000000061a400000, 0x000000061a400000, 0x000000061a800000|  0%| F|  |TAMS 0x000000061a400000, 0x000000061a400000| Untracked 
|  61|0x000000061a800000, 0x000000061a800000, 0x000000061ac00000|  0%| F|  |TAMS 0x000000061a800000, 0x000000061a800000| Untracked 
|  62|0x000000061ac00000, 0x000000061ac00000, 0x000000061b000000|  0%| F|  |TAMS 0x000000061ac00000, 0x000000061ac00000| Untracked 
|  63|0x000000061b000000, 0x000000061b000000, 0x000000061b400000|  0%| F|  |TAMS 0x000000061b000000, 0x000000061b000000| Untracked 
|  64|0x000000061b400000, 0x000000061b400000, 0x000000061b800000|  0%| F|  |TAMS 0x000000061b400000, 0x000000061b400000| Untracked 
|  65|0x000000061b800000, 0x000000061b800000, 0x000000061bc00000|  0%| F|  |TAMS 0x000000061b800000, 0x000000061b800000| Untracked 
|  66|0x000000061bc00000, 0x000000061bc00000, 0x000000061c000000|  0%| F|  |TAMS 0x000000061bc00000, 0x000000061bc00000| Untracked 
|  67|0x000000061c000000, 0x000000061c000000, 0x000000061c400000|  0%| F|  |TAMS 0x000000061c000000, 0x000000061c000000| Untracked 
|  68|0x000000061c400000, 0x000000061c400000, 0x000000061c800000|  0%| F|  |TAMS 0x000000061c400000, 0x000000061c400000| Untracked 
|  69|0x000000061c800000, 0x000000061c800000, 0x000000061cc00000|  0%| F|  |TAMS 0x000000061c800000, 0x000000061c800000| Untracked 
|  70|0x000000061cc00000, 0x000000061cc00000, 0x000000061d000000|  0%| F|  |TAMS 0x000000061cc00000, 0x000000061cc00000| Untracked 
|  71|0x000000061d000000, 0x000000061d000000, 0x000000061d400000|  0%| F|  |TAMS 0x000000061d000000, 0x000000061d000000| Untracked 
|  72|0x000000061d400000, 0x000000061d400000, 0x000000061d800000|  0%| F|  |TAMS 0x000000061d400000, 0x000000061d400000| Untracked 
|  73|0x000000061d800000, 0x000000061d800000, 0x000000061dc00000|  0%| F|  |TAMS 0x000000061d800000, 0x000000061d800000| Untracked 
|  74|0x000000061dc00000, 0x000000061dc00000, 0x000000061e000000|  0%| F|  |TAMS 0x000000061dc00000, 0x000000061dc00000| Untracked 
|  75|0x000000061e000000, 0x000000061e000000, 0x000000061e400000|  0%| F|  |TAMS 0x000000061e000000, 0x000000061e000000| Untracked 
|  76|0x000000061e400000, 0x000000061e400000, 0x000000061e800000|  0%| F|  |TAMS 0x000000061e400000, 0x000000061e400000| Untracked 
|  77|0x000000061e800000, 0x000000061e800000, 0x000000061ec00000|  0%| F|  |TAMS 0x000000061e800000, 0x000000061e800000| Untracked 
|  78|0x000000061ec00000, 0x000000061ec00000, 0x000000061f000000|  0%| F|  |TAMS 0x000000061ec00000, 0x000000061ec00000| Untracked 
|  79|0x000000061f000000, 0x000000061f000000, 0x000000061f400000|  0%| F|  |TAMS 0x000000061f000000, 0x000000061f000000| Untracked 
|  80|0x000000061f400000, 0x000000061f400000, 0x000000061f800000|  0%| F|  |TAMS 0x000000061f400000, 0x000000061f400000| Untracked 
|  81|0x000000061f800000, 0x000000061f800000, 0x000000061fc00000|  0%| F|  |TAMS 0x000000061f800000, 0x000000061f800000| Untracked 
|  82|0x000000061fc00000, 0x000000061fc00000, 0x0000000620000000|  0%| F|  |TAMS 0x000000061fc00000, 0x000000061fc00000| Untracked 
|  83|0x0000000620000000, 0x0000000620000000, 0x0000000620400000|  0%| F|  |TAMS 0x0000000620000000, 0x0000000620000000| Untracked 
|  84|0x0000000620400000, 0x0000000620400000, 0x0000000620800000|  0%| F|  |TAMS 0x0000000620400000, 0x0000000620400000| Untracked 
|  85|0x0000000620800000, 0x0000000620800000, 0x0000000620c00000|  0%| F|  |TAMS 0x0000000620800000, 0x0000000620800000| Untracked 
|  86|0x0000000620c00000, 0x0000000620c00000, 0x0000000621000000|  0%| F|  |TAMS 0x0000000620c00000, 0x0000000620c00000| Untracked 
|  87|0x0000000621000000, 0x0000000621000000, 0x0000000621400000|  0%| F|  |TAMS 0x0000000621000000, 0x0000000621000000| Untracked 
|  88|0x0000000621400000, 0x0000000621400000, 0x0000000621800000|  0%| F|  |TAMS 0x0000000621400000, 0x0000000621400000| Untracked 
|  89|0x0000000621800000, 0x0000000621800000, 0x0000000621c00000|  0%| F|  |TAMS 0x0000000621800000, 0x0000000621800000| Untracked 
|  90|0x0000000621c00000, 0x0000000621c00000, 0x0000000622000000|  0%| F|  |TAMS 0x0000000621c00000, 0x0000000621c00000| Untracked 
|  91|0x0000000622000000, 0x0000000622000000, 0x0000000622400000|  0%| F|  |TAMS 0x0000000622000000, 0x0000000622000000| Untracked 
|  92|0x0000000622400000, 0x0000000622400000, 0x0000000622800000|  0%| F|  |TAMS 0x0000000622400000, 0x0000000622400000| Untracked 
|  93|0x0000000622800000, 0x0000000622800000, 0x0000000622c00000|  0%| F|  |TAMS 0x0000000622800000, 0x0000000622800000| Untracked 
|  94|0x0000000622c00000, 0x0000000622c00000, 0x0000000623000000|  0%| F|  |TAMS 0x0000000622c00000, 0x0000000622c00000| Untracked 
|  95|0x0000000623000000, 0x0000000623000000, 0x0000000623400000|  0%| F|  |TAMS 0x0000000623000000, 0x0000000623000000| Untracked 
|  96|0x0000000623400000, 0x0000000623400000, 0x0000000623800000|  0%| F|  |TAMS 0x0000000623400000, 0x0000000623400000| Untracked 
|  97|0x0000000623800000, 0x0000000623800000, 0x0000000623c00000|  0%| F|  |TAMS 0x0000000623800000, 0x0000000623800000| Untracked 
|  98|0x0000000623c00000, 0x0000000623c00000, 0x0000000624000000|  0%| F|  |TAMS 0x0000000623c00000, 0x0000000623c00000| Untracked 
|  99|0x0000000624000000, 0x0000000624000000, 0x0000000624400000|  0%| F|  |TAMS 0x0000000624000000, 0x0000000624000000| Untracked 
| 100|0x0000000624400000, 0x0000000624400000, 0x0000000624800000|  0%| F|  |TAMS 0x0000000624400000, 0x0000000624400000| Untracked 
| 101|0x0000000624800000, 0x0000000624800000, 0x0000000624c00000|  0%| F|  |TAMS 0x0000000624800000, 0x0000000624800000| Untracked 
| 102|0x0000000624c00000, 0x0000000624c00000, 0x0000000625000000|  0%| F|  |TAMS 0x0000000624c00000, 0x0000000624c00000| Untracked 
| 103|0x0000000625000000, 0x0000000625000000, 0x0000000625400000|  0%| F|  |TAMS 0x0000000625000000, 0x0000000625000000| Untracked 
| 104|0x0000000625400000, 0x0000000625400000, 0x0000000625800000|  0%| F|  |TAMS 0x0000000625400000, 0x0000000625400000| Untracked 
| 105|0x0000000625800000, 0x0000000625800000, 0x0000000625c00000|  0%| F|  |TAMS 0x0000000625800000, 0x0000000625800000| Untracked 
| 106|0x0000000625c00000, 0x0000000625c00000, 0x0000000626000000|  0%| F|  |TAMS 0x0000000625c00000, 0x0000000625c00000| Untracked 
| 107|0x0000000626000000, 0x0000000626000000, 0x0000000626400000|  0%| F|  |TAMS 0x0000000626000000, 0x0000000626000000| Untracked 
| 108|0x0000000626400000, 0x0000000626400000, 0x0000000626800000|  0%| F|  |TAMS 0x0000000626400000, 0x0000000626400000| Untracked 
| 109|0x0000000626800000, 0x0000000626800000, 0x0000000626c00000|  0%| F|  |TAMS 0x0000000626800000, 0x0000000626800000| Untracked 
| 110|0x0000000626c00000, 0x0000000626c00000, 0x0000000627000000|  0%| F|  |TAMS 0x0000000626c00000, 0x0000000626c00000| Untracked 
| 111|0x0000000627000000, 0x0000000627000000, 0x0000000627400000|  0%| F|  |TAMS 0x0000000627000000, 0x0000000627000000| Untracked 
| 112|0x0000000627400000, 0x0000000627400000, 0x0000000627800000|  0%| F|  |TAMS 0x0000000627400000, 0x0000000627400000| Untracked 
| 113|0x0000000627800000, 0x0000000627800000, 0x0000000627c00000|  0%| F|  |TAMS 0x0000000627800000, 0x0000000627800000| Untracked 
| 114|0x0000000627c00000, 0x0000000627c00000, 0x0000000628000000|  0%| F|  |TAMS 0x0000000627c00000, 0x0000000627c00000| Untracked 
| 115|0x0000000628000000, 0x0000000628000000, 0x0000000628400000|  0%| F|  |TAMS 0x0000000628000000, 0x0000000628000000| Untracked 
| 116|0x0000000628400000, 0x0000000628400000, 0x0000000628800000|  0%| F|  |TAMS 0x0000000628400000, 0x0000000628400000| Untracked 
| 117|0x0000000628800000, 0x0000000628800000, 0x0000000628c00000|  0%| F|  |TAMS 0x0000000628800000, 0x0000000628800000| Untracked 
| 118|0x0000000628c00000, 0x0000000628c00000, 0x0000000629000000|  0%| F|  |TAMS 0x0000000628c00000, 0x0000000628c00000| Untracked 
| 119|0x0000000629000000, 0x0000000629000000, 0x0000000629400000|  0%| F|  |TAMS 0x0000000629000000, 0x0000000629000000| Untracked 
| 120|0x0000000629400000, 0x0000000629400000, 0x0000000629800000|  0%| F|  |TAMS 0x0000000629400000, 0x0000000629400000| Untracked 
| 121|0x0000000629800000, 0x0000000629800000, 0x0000000629c00000|  0%| F|  |TAMS 0x0000000629800000, 0x0000000629800000| Untracked 
| 122|0x0000000629c00000, 0x0000000629c00000, 0x000000062a000000|  0%| F|  |TAMS 0x0000000629c00000, 0x0000000629c00000| Untracked 
| 123|0x000000062a000000, 0x000000062a000000, 0x000000062a400000|  0%| F|  |TAMS 0x000000062a000000, 0x000000062a000000| Untracked 
| 124|0x000000062a400000, 0x000000062a400000, 0x000000062a800000|  0%| F|  |TAMS 0x000000062a400000, 0x000000062a400000| Untracked 
| 125|0x000000062a800000, 0x000000062aa75d58, 0x000000062ac00000| 61%| E|  |TAMS 0x000000062a800000, 0x000000062a800000| Complete 
|2001|0x00000007ff800000, 0x00000007ffb75000, 0x00000007ffc00000| 86%|OA|  |TAMS 0x00000007ff800000, 0x00000007ff800000| Untracked 
|2002|0x00000007ffc00000, 0x00000007ffc77000, 0x0000000800000000| 11%|CA|  |TAMS 0x00000007ffc00000, 0x00000007ffc00000| Untracked 

Card table byte_map: [0x00007f9eac5eb000,0x00007f9ead591000] _byte_map_base: 0x00007f9ea9591000

Marking Bits (Prev, Next): (CMBitMap*) 0x00007f9ec4043b00, (CMBitMap*) 0x00007f9ec4043b40
 Prev Bits: [0x00007f9ea3915000, 0x00007f9eab645000)
 Next Bits: [0x00007f9e9bbe5000, 0x00007f9ea3915000)

Polling page: 0x00007f9ecbdbe000

Metaspace:

Usage:
  Non-class:    514,30 KB used.
      Class:     43,99 KB used.
       Both:    558,29 KB used.

Virtual space:
  Non-class space:       64,00 MB reserved,     576,00 KB ( <1%) committed,  1 nodes.
      Class space:        1,00 GB reserved,     128,00 KB ( <1%) committed,  1 nodes.
             Both:        1,06 GB reserved,     704,00 KB ( <1%) committed. 

Chunk freelists:
   Non-Class:  11,86 MB
       Class:  15,72 MB
        Both:  27,58 MB

MaxMetaspaceSize: unlimited
CompressedClassSpaceSize: 1,00 GB
Initial GC threshold: 21,00 MB
Current GC threshold: 21,00 MB
CDS: on
MetaspaceReclaimPolicy: balanced
 - commit_granule_bytes: 65536.
 - commit_granule_words: 8192.
 - virtual_space_node_default_size: 8388608.
 - enlarge_chunks_in_place: 1.
 - new_chunks_are_fully_committed: 0.
 - uncommit_free_chunks: 1.
 - use_allocation_guard: 0.
 - handle_deallocations: 1.


Internal statistics:

num_allocs_failed_limit: 0.
num_arena_births: 6.
num_arena_deaths: 0.
num_vsnodes_births: 2.
num_vsnodes_deaths: 0.
num_space_committed: 11.
num_space_uncommitted: 0.
num_chunks_returned_to_freelist: 0.
num_chunks_taken_from_freelist: 20.
num_chunk_merges: 0.
num_chunk_splits: 12.
num_chunks_enlarged: 9.
num_inconsistent_stats: 0.

CodeHeap 'non-profiled nmethods': size=120028Kb used=26Kb max_used=26Kb free=120001Kb
 bounds [0x00007f9eb505a000, 0x00007f9eb52ca000, 0x00007f9ebc591000]
CodeHeap 'profiled nmethods': size=120028Kb used=178Kb max_used=178Kb free=119849Kb
 bounds [0x00007f9ead591000, 0x00007f9ead801000, 0x00007f9eb4ac8000]
CodeHeap 'non-nmethods': size=5704Kb used=1073Kb max_used=1073Kb free=4630Kb
 bounds [0x00007f9eb4ac8000, 0x00007f9eb4d38000, 0x00007f9eb505a000]
 total_blobs=469 nmethods=127 adapters=256
 compilation: enabled
              stopped_count=0, restarted_count=0
 full_count=0

Compilation events (20 events):
Event: 0,074 Thread 0x00007f9ec4152e20  111       4       java.util.zip.ZipFile$Source::zipCoderForPos (39 bytes)
Event: 0,075 Thread 0x00007f9ec4152e20 nmethod 111 0x00007f9eb505ef90 code [0x00007f9eb505f120, 0x00007f9eb505f1d8]
Event: 0,075 Thread 0x00007f9ec4152e20  112   !   4       java.util.zip.ZipFile$Source::checkAndAddEntry (262 bytes)
Event: 0,077 Thread 0x00007f9ec4154360  113       3       jdk.internal.ref.CleanerImpl::getCleanerImpl (13 bytes)
Event: 0,079 Thread 0x00007f9ec4154360 nmethod 113 0x00007f9ead5b5510 code [0x00007f9ead5b56c0, 0x00007f9ead5b5980]
Event: 0,079 Thread 0x00007f9ec4154360  110       3       java.util.Arrays::copyOf (19 bytes)
Event: 0,082 Thread 0x00007f9ec4154360 nmethod 110 0x00007f9ead5b5a90 code [0x00007f9ead5b5c40, 0x00007f9ead5b5f20]
Event: 0,082 Thread 0x00007f9ec4154360  117       3       jdk.internal.util.ArraysSupport::newLength (27 bytes)
Event: 0,082 Thread 0x00007f9ec4154360 nmethod 117 0x00007f9ead5b6090 code [0x00007f9ead5b6240, 0x00007f9ead5b64a0]
Event: 0,082 Thread 0x00007f9ec4154360  116       3       java.lang.AbstractStringBuilder::newCapacity (59 bytes)
Event: 0,082 Thread 0x00007f9ec4154360 nmethod 116 0x00007f9ead5b6590 code [0x00007f9ead5b6760, 0x00007f9ead5b6b50]
Event: 0,082 Thread 0x00007f9ec4154360  114       3       java.lang.ref.Cleaner$1::apply (9 bytes)
Event: 0,082 Thread 0x00007f9ec4154360 nmethod 114 0x00007f9ead5b6d10 code [0x00007f9ead5b6ec0, 0x00007f9ead5b7130]
Event: 0,082 Thread 0x00007f9ec4154360  107       3       java.io.RandomAccessFile::seek (22 bytes)
Event: 0,082 Thread 0x00007f9ec4154360 nmethod 107 0x00007f9ead5b7210 code [0x00007f9ead5b73e0, 0x00007f9ead5b7630]
Event: 0,082 Thread 0x00007f9ec4154360  118       1       sun.nio.fs.NativeBuffer::address (5 bytes)
Event: 0,082 Thread 0x00007f9ec4154360 nmethod 118 0x00007f9eb505f290 code [0x00007f9eb505f420, 0x00007f9eb505f4f0]
Event: 0,082 Thread 0x00007f9ec4154360  109       3       java.io.RandomAccessFile::readFully (45 bytes)
Event: 0,083 Thread 0x00007f9ec4154360 nmethod 109 0x00007f9ead5b7790 code [0x00007f9ead5b7960, 0x00007f9ead5b7cd0]
Event: 0,083 Thread 0x00007f9ec4154360  123   !   3       java.util.jar.JarFile::checkForSpecialAttributes (163 bytes)

GC Heap History (0 events):
No events

Dll operation events (4 events):
Event: 0,001 Loaded shared library /usr/lib/jvm/java-17-openjdk-amd64/lib/libjava.so
Event: 0,010 Loaded shared library /usr/lib/jvm/java-17-openjdk-amd64/lib/libjsvml.so
Event: 0,023 Loaded shared library /usr/lib/jvm/java-17-openjdk-amd64/lib/libnio.so
Event: 0,026 Loaded shared library /usr/lib/jvm/java-17-openjdk-amd64/lib/libzip.so

Deoptimization events (0 events):
No events

Classes unloaded (0 events):
No events

Classes redefined (0 events):
No events

Internal exceptions (0 events):
No events

VM Operations (0 events):
No events

Events (20 events):
Event: 0,050 loading class sun/net/www/protocol/file/FileURLConnection
Event: 0,050 loading class sun/net/www/URLConnection
Event: 0,050 loading class java/net/URLConnection
Event: 0,050 loading class java/net/URLConnection done
Event: 0,050 loading class sun/net/www/URLConnection done
Event: 0,050 loading class sun/net/www/protocol/file/FileURLConnection done
Event: 0,050 loading class sun/net/www/MessageHeader
Event: 0,050 loading class sun/net/www/MessageHeader done
Event: 0,051 loading class java/io/FilePermission$1
Event: 0,051 loading class jdk/internal/access/JavaIOFilePermissionAccess
Event: 0,051 loading class jdk/internal/access/JavaIOFilePermissionAccess done
Event: 0,051 loading class java/io/FilePermission$1 done
Event: 0,054 loading class java/io/FilePermissionCollection
Event: 0,054 loading class java/io/FilePermissionCollection done
Event: 0,054 loading class java/util/Vector
Event: 0,054 loading class java/util/Vector done
Event: 0,054 loading class java/io/FilePermissionCollection$1
Event: 0,054 loading class java/io/FilePermissionCollection$1 done
Event: 0,082 loading class java/lang/IllegalStateException
Event: 0,082 loading class java/lang/IllegalStateException done


Dynamic libraries:
60b400000-62ac00000 rw-p 00000000 00:00 0 
62ac00000-7ff800000 ---p 00000000 00:00 0 
7ff800000-7ffb00000 rw-p 00000000 00:00 0 
7ffb00000-7ffb75000 rw-p 00c76000 08:02 13399095                         /usr/lib/jvm/java-17-openjdk-amd64/lib/server/classes.jsa
7ffb75000-7ffc00000 rw-p 00000000 00:00 0 
7ffc00000-7ffc77000 rw-p 00bff000 08:02 13399095                         /usr/lib/jvm/java-17-openjdk-amd64/lib/server/classes.jsa
7ffc77000-800000000 rw-p 00000000 00:00 0 
55de9f6ed000-55de9f6ee000 r--p 00000000 08:02 13398943                   /usr/lib/jvm/java-17-openjdk-amd64/bin/java
55de9f6ee000-55de9f6ef000 r-xp 00001000 08:02 13398943                   /usr/lib/jvm/java-17-openjdk-amd64/bin/java
55de9f6ef000-55de9f6f0000 r--p 00002000 08:02 13398943                   /usr/lib/jvm/java-17-openjdk-amd64/bin/java
55de9f6f0000-55de9f6f1000 r--p 00002000 08:02 13398943                   /usr/lib/jvm/java-17-openjdk-amd64/bin/java
55de9f6f1000-55de9f6f2000 rw-p 00003000 08:02 13398943                   /usr/lib/jvm/java-17-openjdk-amd64/bin/java
55dea10c0000-55dea112c000 rw-p 00000000 00:00 0                          [heap]
7f9e08000000-7f9e08021000 rw-p 00000000 00:00 0 
7f9e08021000-7f9e0c000000 ---p 00000000 00:00 0 
7f9e10000000-7f9e10021000 rw-p 00000000 00:00 0 
7f9e10021000-7f9e14000000 ---p 00000000 00:00 0 
7f9e14000000-7f9e14021000 rw-p 00000000 00:00 0 
7f9e14021000-7f9e18000000 ---p 00000000 00:00 0 
7f9e18000000-7f9e180b8000 rw-p 00000000 00:00 0 
7f9e180b8000-7f9e1c000000 ---p 00000000 00:00 0 
7f9e1c000000-7f9e1c021000 rw-p 00000000 00:00 0 
7f9e1c021000-7f9e20000000 ---p 00000000 00:00 0 
7f9e20000000-7f9e20021000 rw-p 00000000 00:00 0 
7f9e20021000-7f9e24000000 ---p 00000000 00:00 0 
7f9e24000000-7f9e240e3000 rw-p 00000000 00:00 0 
7f9e240e3000-7f9e28000000 ---p 00000000 00:00 0 
7f9e28000000-7f9e28021000 rw-p 00000000 00:00 0 
7f9e28021000-7f9e2c000000 ---p 00000000 00:00 0 
7f9e2c000000-7f9e2c021000 rw-p 00000000 00:00 0 
7f9e2c021000-7f9e30000000 ---p 00000000 00:00 0 
7f9e30000000-7f9e30021000 rw-p 00000000 00:00 0 
7f9e30021000-7f9e34000000 ---p 00000000 00:00 0 
7f9e34000000-7f9e34021000 rw-p 00000000 00:00 0 
7f9e34021000-7f9e38000000 ---p 00000000 00:00 0 
7f9e38000000-7f9e38021000 rw-p 00000000 00:00 0 
7f9e38021000-7f9e3c000000 ---p 00000000 00:00 0 
7f9e3ebee000-7f9e3f060000 rw-p 00000000 00:00 0 
7f9e3f060000-7f9e3f400000 ---p 00000000 00:00 0 
7f9e3f400000-7f9e3f430000 rw-p 00000000 00:00 0 
7f9e3f430000-7f9e43000000 ---p 00000000 00:00 0 
7f9e43000000-7f9e43bc7000 rw-p 00001000 08:02 13399095                   /usr/lib/jvm/java-17-openjdk-amd64/lib/server/classes.jsa
7f9e43bc7000-7f9e44000000 ---p 00000000 00:00 0 
7f9e44000000-7f9e44010000 rw-p 00000000 00:00 0 
7f9e44010000-7f9e44040000 ---p 00000000 00:00 0 
7f9e44040000-7f9e44050000 rw-p 00000000 00:00 0 
7f9e44050000-7f9e84000000 ---p 00000000 00:00 0 
7f9e84000000-7f9e84021000 rw-p 00000000 00:00 0 
7f9e84021000-7f9e88000000 ---p 00000000 00:00 0 
7f9e88000000-7f9e88021000 rw-p 00000000 00:00 0 
7f9e88021000-7f9e8c000000 ---p 00000000 00:00 0 
7f9e8c000000-7f9e8c021000 rw-p 00000000 00:00 0 
7f9e8c021000-7f9e90000000 ---p 00000000 00:00 0 
7f9e90000000-7f9e90021000 rw-p 00000000 00:00 0 
7f9e90021000-7f9e94000000 ---p 00000000 00:00 0 
7f9e94000000-7f9e94021000 rw-p 00000000 00:00 0 
7f9e94021000-7f9e98000000 ---p 00000000 00:00 0 
7f9e98013000-7f9e98017000 ---p 00000000 00:00 0 
7f9e98017000-7f9e98113000 rw-p 00000000 00:00 0 
7f9e98113000-7f9e98114000 ---p 00000000 00:00 0 
7f9e98114000-7f9e98214000 rw-p 00000000 00:00 0 
7f9e98214000-7f9e98218000 ---p 00000000 00:00 0 
7f9e98218000-7f9e98314000 rw-p 00000000 00:00 0 
7f9e98314000-7f9e98318000 ---p 00000000 00:00 0 
7f9e98318000-7f9e98414000 rw-p 00000000 00:00 0 
7f9e98414000-7f9e98418000 ---p 00000000 00:00 0 
7f9e98418000-7f9e98514000 rw-p 00000000 00:00 0 
7f9e98514000-7f9e98518000 ---p 00000000 00:00 0 
7f9e98518000-7f9e98614000 rw-p 00000000 00:00 0 
7f9e98614000-7f9e98618000 ---p 00000000 00:00 0 
7f9e98618000-7f9e98714000 rw-p 00000000 00:00 0 
7f9e98714000-7f9e98718000 ---p 00000000 00:00 0 
7f9e98718000-7f9e98814000 rw-p 00000000 00:00 0 
7f9e98814000-7f9e98818000 ---p 00000000 00:00 0 
7f9e98818000-7f9e98914000 rw-p 00000000 00:00 0 
7f9e98914000-7f9e98e89000 r--p 00000000 08:02 13374161                   /usr/lib/locale/locale-archive
7f9e98e89000-7f9e98e8d000 ---p 00000000 00:00 0 
7f9e98e8d000-7f9e98f89000 rw-p 00000000 00:00 0 
7f9e98f89000-7f9e98f8d000 ---p 00000000 00:00 0 
7f9e98f8d000-7f9e99089000 rw-p 00000000 00:00 0 
7f9e99089000-7f9e9908a000 ---p 00000000 00:00 0 
7f9e9908a000-7f9e9918a000 rw-p 00000000 00:00 0 
7f9e9918a000-7f9e9918f000 r--p 00000000 08:02 13399077                   /usr/lib/jvm/java-17-openjdk-amd64/lib/libjsvml.so
7f9e9918f000-7f9e991d0000 r-xp 00005000 08:02 13399077                   /usr/lib/jvm/java-17-openjdk-amd64/lib/libjsvml.so
7f9e991d0000-7f9e99259000 r--p 00046000 08:02 13399077                   /usr/lib/jvm/java-17-openjdk-amd64/lib/libjsvml.so
7f9e99259000-7f9e9925a000 r--p 000ce000 08:02 13399077                   /usr/lib/jvm/java-17-openjdk-amd64/lib/libjsvml.so
7f9e9925a000-7f9e9925b000 rw-p 000cf000 08:02 13399077                   /usr/lib/jvm/java-17-openjdk-amd64/lib/libjsvml.so
7f9e9925b000-7f9e992dc000 rw-p 00000000 00:00 0 
7f9e992dc000-7f9e992dd000 ---p 00000000 00:00 0 
7f9e992dd000-7f9e993dd000 rw-p 00000000 00:00 0 
7f9e993dd000-7f9e993de000 ---p 00000000 00:00 0 
7f9e993de000-7f9e9c3c5000 rw-p 00000000 00:00 0 
7f9e9c3c5000-7f9ea38f5000 ---p 00000000 00:00 0 
7f9ea38f5000-7f9ea40f5000 rw-p 00000000 00:00 0 
7f9ea40f5000-7f9eab625000 ---p 00000000 00:00 0 
7f9eab625000-7f9eab741000 rw-p 00000000 00:00 0 
7f9eab741000-7f9eac5e7000 ---p 00000000 00:00 0 
7f9eac5e7000-7f9eac6e7000 rw-p 00000000 00:00 0 
7f9eac6e7000-7f9ead58d000 ---p 00000000 00:00 0 
7f9ead58d000-7f9ead591000 rw-p 00000000 00:00 0 
7f9ead591000-7f9ead801000 rwxp 00000000 00:00 0 
7f9ead801000-7f9eb4ac8000 ---p 00000000 00:00 0 
7f9eb4ac8000-7f9eb4d38000 rwxp 00000000 00:00 0 
7f9eb4d38000-7f9eb505a000 ---p 00000000 00:00 0 
7f9eb505a000-7f9eb52ca000 rwxp 00000000 00:00 0 
7f9eb52ca000-7f9ebc591000 ---p 00000000 00:00 0 
7f9ebc591000-7f9ec4000000 r--s 00000000 08:02 13399092                   /usr/lib/jvm/java-17-openjdk-amd64/lib/modules
7f9ec4000000-7f9ec436b000 rw-p 00000000 00:00 0 
7f9ec436b000-7f9ec8000000 ---p 00000000 00:00 0 
7f9ec8009000-7f9ec800b000 r--p 00000000 08:02 13399091                   /usr/lib/jvm/java-17-openjdk-amd64/lib/libzip.so
7f9ec800b000-7f9ec8010000 r-xp 00002000 08:02 13399091                   /usr/lib/jvm/java-17-openjdk-amd64/lib/libzip.so
7f9ec8010000-7f9ec8012000 r--p 00007000 08:02 13399091                   /usr/lib/jvm/java-17-openjdk-amd64/lib/libzip.so
7f9ec8012000-7f9ec8013000 r--p 00008000 08:02 13399091                   /usr/lib/jvm/java-17-openjdk-amd64/lib/libzip.so
7f9ec8013000-7f9ec8014000 rw-p 00009000 08:02 13399091                   /usr/lib/jvm/java-17-openjdk-amd64/lib/libzip.so
7f9ec8014000-7f9ec80b0000 rw-p 00000000 00:00 0 
7f9ec80b1000-7f9ec80b8000 r--s 00000000 08:02 13515245                   /usr/lib/x86_64-linux-gnu/gconv/gconv-modules.cache
7f9ec80b8000-7f9ec80bc000 r--p 00000000 08:02 13399083                   /usr/lib/jvm/java-17-openjdk-amd64/lib/libnet.so
7f9ec80bc000-7f9ec80ca000 r-xp 00004000 08:02 13399083                   /usr/lib/jvm/java-17-openjdk-amd64/lib/libnet.so
7f9ec80ca000-7f9ec80ce000 r--p 00012000 08:02 13399083                   /usr/lib/jvm/java-17-openjdk-amd64/lib/libnet.so
7f9ec80ce000-7f9ec80cf000 r--p 00015000 08:02 13399083                   /usr/lib/jvm/java-17-openjdk-amd64/lib/libnet.so
7f9ec80cf000-7f9ec80d0000 rw-p 00016000 08:02 13399083                   /usr/lib/jvm/java-17-openjdk-amd64/lib/libnet.so
7f9ec80d0000-7f9ec80d7000 r--p 00000000 08:02 13399084                   /usr/lib/jvm/java-17-openjdk-amd64/lib/libnio.so
7f9ec80d7000-7f9ec80e0000 r-xp 00007000 08:02 13399084                   /usr/lib/jvm/java-17-openjdk-amd64/lib/libnio.so
7f9ec80e0000-7f9ec80e4000 r--p 00010000 08:02 13399084                   /usr/lib/jvm/java-17-openjdk-amd64/lib/libnio.so
7f9ec80e4000-7f9ec80e5000 ---p 00014000 08:02 13399084                   /usr/lib/jvm/java-17-openjdk-amd64/lib/libnio.so
7f9ec80e5000-7f9ec80e6000 r--p 00014000 08:02 13399084                   /usr/lib/jvm/java-17-openjdk-amd64/lib/libnio.so
7f9ec80e6000-7f9ec80e7000 rw-p 00015000 08:02 13399084                   /usr/lib/jvm/java-17-openjdk-amd64/lib/libnio.so
7f9ec80e7000-7f9ec83ea000 rw-p 00000000 00:00 0 
7f9ec83ea000-7f9ec83eb000 ---p 00000000 00:00 0 
7f9ec83eb000-7f9ec84eb000 rw-p 00000000 00:00 0 
7f9ec84eb000-7f9ec84ec000 ---p 00000000 00:00 0 
7f9ec84ec000-7f9ec85ec000 rw-p 00000000 00:00 0 
7f9ec85ec000-7f9ec85ed000 ---p 00000000 00:00 0 
7f9ec85ed000-7f9ec88aa000 rw-p 00000000 00:00 0 
7f9ec88aa000-7f9ec9750000 ---p 00000000 00:00 0 
7f9ec9750000-7f9eca1a2000 rw-p 00000000 00:00 0 
7f9eca1a2000-7f9eca288000 ---p 00000000 00:00 0 
7f9eca288000-7f9eca28d000 rw-p 00000000 00:00 0 
7f9eca28d000-7f9eca373000 ---p 00000000 00:00 0 
7f9eca373000-7f9eca378000 rw-p 00000000 00:00 0 
7f9eca378000-7f9eca37f000 ---p 00000000 00:00 0 
7f9eca37f000-7f9eca38b000 r--p 00000000 08:02 13399070                   /usr/lib/jvm/java-17-openjdk-amd64/lib/libjava.so
7f9eca38b000-7f9eca39e000 r-xp 0000c000 08:02 13399070                   /usr/lib/jvm/java-17-openjdk-amd64/lib/libjava.so
7f9eca39e000-7f9eca3a4000 r--p 0001f000 08:02 13399070                   /usr/lib/jvm/java-17-openjdk-amd64/lib/libjava.so
7f9eca3a4000-7f9eca3a5000 r--p 00024000 08:02 13399070                   /usr/lib/jvm/java-17-openjdk-amd64/lib/libjava.so
7f9eca3a5000-7f9eca3a6000 rw-p 00025000 08:02 13399070                   /usr/lib/jvm/java-17-openjdk-amd64/lib/libjava.so
7f9eca3a6000-7f9eca3a7000 rw-p 00000000 00:00 0 
7f9eca3a7000-7f9eca3ab000 ---p 00000000 00:00 0 
7f9eca3ab000-7f9eca4a7000 rw-p 00000000 00:00 0 
7f9eca4a7000-7f9eca4aa000 r--p 00000000 08:02 13369903                   /usr/lib/x86_64-linux-gnu/libgcc_s.so.1
7f9eca4aa000-7f9eca4c1000 r-xp 00003000 08:02 13369903                   /usr/lib/x86_64-linux-gnu/libgcc_s.so.1
7f9eca4c1000-7f9eca4c5000 r--p 0001a000 08:02 13369903                   /usr/lib/x86_64-linux-gnu/libgcc_s.so.1
7f9eca4c5000-7f9eca4c6000 r--p 0001d000 08:02 13369903                   /usr/lib/x86_64-linux-gnu/libgcc_s.so.1
7f9eca4c6000-7f9eca4c7000 rw-p 0001e000 08:02 13369903                   /usr/lib/x86_64-linux-gnu/libgcc_s.so.1
7f9eca4c7000-7f9eca4d5000 r--p 00000000 08:02 13370571                   /usr/lib/x86_64-linux-gnu/libm.so.6
7f9eca4d5000-7f9eca551000 r-xp 0000e000 08:02 13370571                   /usr/lib/x86_64-linux-gnu/libm.so.6
7f9eca551000-7f9eca5ac000 r--p 0008a000 08:02 13370571                   /usr/lib/x86_64-linux-gnu/libm.so.6
7f9eca5ac000-7f9eca5ad000 r--p 000e4000 08:02 13370571                   /usr/lib/x86_64-linux-gnu/libm.so.6
7f9eca5ad000-7f9eca5ae000 rw-p 000e5000 08:02 13370571                   /usr/lib/x86_64-linux-gnu/libm.so.6
7f9eca5ae000-7f9eca648000 r--p 00000000 08:02 13369612                   /usr/lib/x86_64-linux-gnu/libstdc++.so.6.0.30
7f9eca648000-7f9eca759000 r-xp 0009a000 08:02 13369612                   /usr/lib/x86_64-linux-gnu/libstdc++.so.6.0.30
7f9eca759000-7f9eca7c8000 r--p 001ab000 08:02 13369612                   /usr/lib/x86_64-linux-gnu/libstdc++.so.6.0.30
7f9eca7c8000-7f9eca7c9000 ---p 0021a000 08:02 13369612                   /usr/lib/x86_64-linux-gnu/libstdc++.so.6.0.30
7f9eca7c9000-7f9eca7d4000 r--p 0021a000 08:02 13369612                   /usr/lib/x86_64-linux-gnu/libstdc++.so.6.0.30
7f9eca7d4000-7f9eca7d7000 rw-p 00225000 08:02 13369612                   /usr/lib/x86_64-linux-gnu/libstdc++.so.6.0.30
7f9eca7d7000-7f9eca7da000 rw-p 00000000 00:00 0 
7f9eca7da000-7f9ecaa2b000 r--p 00000000 08:02 13399098                   /usr/lib/jvm/java-17-openjdk-amd64/lib/server/libjvm.so
7f9ecaa2b000-7f9ecb78f000 r-xp 00251000 08:02 13399098                   /usr/lib/jvm/java-17-openjdk-amd64/lib/server/libjvm.so
7f9ecb78f000-7f9ecba11000 r--p 00fb5000 08:02 13399098                   /usr/lib/jvm/java-17-openjdk-amd64/lib/server/libjvm.so
7f9ecba11000-7f9ecba12000 ---p 01237000 08:02 13399098                   /usr/lib/jvm/java-17-openjdk-amd64/lib/server/libjvm.so
7f9ecba12000-7f9ecbaca000 r--p 01237000 08:02 13399098                   /usr/lib/jvm/java-17-openjdk-amd64/lib/server/libjvm.so
7f9ecbaca000-7f9ecbaff000 rw-p 012ef000 08:02 13399098                   /usr/lib/jvm/java-17-openjdk-amd64/lib/server/libjvm.so
7f9ecbaff000-7f9ecbb5c000 rw-p 00000000 00:00 0 
7f9ecbb5c000-7f9ecbb84000 r--p 00000000 08:02 13370567                   /usr/lib/x86_64-linux-gnu/libc.so.6
7f9ecbb84000-7f9ecbd19000 r-xp 00028000 08:02 13370567                   /usr/lib/x86_64-linux-gnu/libc.so.6
7f9ecbd19000-7f9ecbd71000 r--p 001bd000 08:02 13370567                   /usr/lib/x86_64-linux-gnu/libc.so.6
7f9ecbd71000-7f9ecbd72000 ---p 00215000 08:02 13370567                   /usr/lib/x86_64-linux-gnu/libc.so.6
7f9ecbd72000-7f9ecbd76000 r--p 00215000 08:02 13370567                   /usr/lib/x86_64-linux-gnu/libc.so.6
7f9ecbd76000-7f9ecbd78000 rw-p 00219000 08:02 13370567                   /usr/lib/x86_64-linux-gnu/libc.so.6
7f9ecbd78000-7f9ecbd85000 rw-p 00000000 00:00 0 
7f9ecbd85000-7f9ecbd87000 r--p 00000000 08:02 13399074                   /usr/lib/jvm/java-17-openjdk-amd64/lib/libjli.so
7f9ecbd87000-7f9ecbd91000 r-xp 00002000 08:02 13399074                   /usr/lib/jvm/java-17-openjdk-amd64/lib/libjli.so
7f9ecbd91000-7f9ecbd94000 r--p 0000c000 08:02 13399074                   /usr/lib/jvm/java-17-openjdk-amd64/lib/libjli.so
7f9ecbd94000-7f9ecbd95000 r--p 0000e000 08:02 13399074                   /usr/lib/jvm/java-17-openjdk-amd64/lib/libjli.so
7f9ecbd95000-7f9ecbd96000 rw-p 0000f000 08:02 13399074                   /usr/lib/jvm/java-17-openjdk-amd64/lib/libjli.so
7f9ecbd96000-7f9ecbd98000 r--p 00000000 08:02 13402577                   /usr/lib/x86_64-linux-gnu/libz.so.1.2.11
7f9ecbd98000-7f9ecbda9000 r-xp 00002000 08:02 13402577                   /usr/lib/x86_64-linux-gnu/libz.so.1.2.11
7f9ecbda9000-7f9ecbdaf000 r--p 00013000 08:02 13402577                   /usr/lib/x86_64-linux-gnu/libz.so.1.2.11
7f9ecbdaf000-7f9ecbdb0000 ---p 00019000 08:02 13402577                   /usr/lib/x86_64-linux-gnu/libz.so.1.2.11
7f9ecbdb0000-7f9ecbdb1000 r--p 00019000 08:02 13402577                   /usr/lib/x86_64-linux-gnu/libz.so.1.2.11
7f9ecbdb1000-7f9ecbdb2000 rw-p 0001a000 08:02 13402577                   /usr/lib/x86_64-linux-gnu/libz.so.1.2.11
7f9ecbdb6000-7f9ecbdbe000 rw-s 00000000 08:02 3410451                    /tmp/hsperfdata_driver/76370
7f9ecbdbe000-7f9ecbdbf000 ---p 00000000 00:00 0 
7f9ecbdbf000-7f9ecbdc0000 r--p 00000000 00:00 0 
7f9ecbdc0000-7f9ecbdc2000 r--p 00000000 08:02 13399073                   /usr/lib/jvm/java-17-openjdk-amd64/lib/libjimage.so
7f9ecbdc2000-7f9ecbdc5000 r-xp 00002000 08:02 13399073                   /usr/lib/jvm/java-17-openjdk-amd64/lib/libjimage.so
7f9ecbdc5000-7f9ecbdc6000 r--p 00005000 08:02 13399073                   /usr/lib/jvm/java-17-openjdk-amd64/lib/libjimage.so
7f9ecbdc6000-7f9ecbdc7000 ---p 00006000 08:02 13399073                   /usr/lib/jvm/java-17-openjdk-amd64/lib/libjimage.so
7f9ecbdc7000-7f9ecbdc8000 r--p 00006000 08:02 13399073                   /usr/lib/jvm/java-17-openjdk-amd64/lib/libjimage.so
7f9ecbdc8000-7f9ecbdc9000 rw-p 00007000 08:02 13399073                   /usr/lib/jvm/java-17-openjdk-amd64/lib/libjimage.so
7f9ecbdc9000-7f9ecbdcb000 rw-p 00000000 00:00 0 
7f9ecbdcb000-7f9ecbdcd000 r--p 00000000 08:02 13370134                   /usr/lib/x86_64-linux-gnu/ld-linux-x86-64.so.2
7f9ecbdcd000-7f9ecbdf7000 r-xp 00002000 08:02 13370134                   /usr/lib/x86_64-linux-gnu/ld-linux-x86-64.so.2
7f9ecbdf7000-7f9ecbe02000 r--p 0002c000 08:02 13370134                   /usr/lib/x86_64-linux-gnu/ld-linux-x86-64.so.2
7f9ecbe02000-7f9ecbe03000 ---p 00000000 00:00 0 
7f9ecbe03000-7f9ecbe05000 r--p 00037000 08:02 13370134                   /usr/lib/x86_64-linux-gnu/ld-linux-x86-64.so.2
7f9ecbe05000-7f9ecbe07000 rw-p 00039000 08:02 13370134                   /usr/lib/x86_64-linux-gnu/ld-linux-x86-64.so.2
7ffec1eb5000-7ffec1ed7000 rw-p 00000000 00:00 0                          [stack]
7ffec1ede000-7ffec1ee2000 r--p 00000000 00:00 0                          [vvar]
7ffec1ee2000-7ffec1ee4000 r-xp 00000000 00:00 0                          [vdso]
ffffffffff600000-ffffffffff601000 --xp 00000000 00:00 0                  [vsyscall]


VM Arguments:
jvm_args: -Dclassworlds.conf=/usr/share/maven/bin/m2.conf -Dmaven.home=/usr/share/maven -Dlibrary.jansi.path=/usr/share/maven/lib/jansi-native -Dmaven.multiModuleProjectDirectory=/home/driver/Desktop/linux_dev/surpizza/server 
java_command: org.codehaus.plexus.classworlds.launcher.Launcher spring-boot:run
java_class_path (initial): /usr/share/maven/boot/plexus-classworlds-2.x.jar
Launcher Type: SUN_STANDARD

[Global flags]
     intx CICompilerCount                          = 4                                         {product} {ergonomic}
     uint ConcGCThreads                            = 3                                         {product} {ergonomic}
     uint G1ConcRefinementThreads                  = 10                                        {product} {ergonomic}
   size_t G1HeapRegionSize                         = 4194304                                   {product} {ergonomic}
    uintx GCDrainStackTargetSize                   = 64                                        {product} {ergonomic}
   size_t InitialHeapSize                          = 528482304                                 {product} {ergonomic}
   size_t MarkStackSize                            = 4194304                                   {product} {ergonomic}
   size_t MaxHeapSize                              = 8401190912                                {product} {ergonomic}
   size_t MaxNewSize                               = 5037359104                                {product} {ergonomic}
   size_t MinHeapDeltaBytes                        = 4194304                                   {product} {ergonomic}
   size_t MinHeapSize                              = 8388608                                   {product} {ergonomic}
    uintx NonNMethodCodeHeapSize                   = 5839372                                {pd product} {ergonomic}
    uintx NonProfiledCodeHeapSize                  = 122909434                              {pd product} {ergonomic}
    uintx ProfiledCodeHeapSize                     = 122909434                              {pd product} {ergonomic}
    uintx ReservedCodeCacheSize                    = 251658240                              {pd product} {ergonomic}
     bool SegmentedCodeCache                       = true                                      {product} {ergonomic}
   size_t SoftMaxHeapSize                          = 8401190912                             {manageable} {ergonomic}
     bool UseCompressedClassPointers               = true                           {product lp64_product} {ergonomic}
     bool UseCompressedOops                        = true                           {product lp64_product} {ergonomic}
     bool UseG1GC                                  = true                                      {product} {ergonomic}

Logging:
Log output configuration:
 #0: stdout all=warning uptime,level,tags
 #1: stderr all=off uptime,level,tags

Environment Variables:
PATH=/home/driver/Desktop/linux_dev/surpizza/server/node_modules/.bin:/home/driver/Desktop/linux_dev/surpizza/server/node_modules/.bin:/home/driver/Desktop/linux_dev/surpizza/node_modules/.bin:/home/driver/Desktop/linux_dev/node_modules/.bin:/home/driver/Desktop/node_modules/.bin:/home/driver/node_modules/.bin:/home/node_modules/.bin:/node_modules/.bin:/home/driver/.nvm/versions/node/v21.5.0/lib/node_modules/npm/node_modules/@npmcli/run-script/lib/node-gyp-bin:/home/driver/.local/share/pnpm:/home/driver/.nvm/versions/node/v21.5.0/bin:/home/driver/.cargo/bin:/usr/local/sbin:/usr/local/bin:/usr/sbin:/usr/bin:/sbin:/bin:/usr/games:/usr/local/games:/snap/bin:/home/driver/scripts:/home/driver/mongodb-database-tools-amazon2-x86_64-100.9.4/bin:/usr/local/go/bin:/home/driver/go/bin:/home/driver/.dotnet
SHELL=/bin/bash
DISPLAY=:0
LANG=en_US.UTF-8
LC_CTYPE=en_US.UTF-8
LC_NUMERIC=it_IT.UTF-8
LC_TIME=it_IT.UTF-8
TERM=xterm-256color

Active Locale:
LC_ALL=LC_CTYPE=en_US.UTF-8;LC_NUMERIC=it_IT.UTF-8;LC_TIME=it_IT.UTF-8;LC_COLLATE=en_US.UTF-8;LC_MONETARY=it_IT.UTF-8;LC_MESSAGES=en_US.UTF-8;LC_PAPER=it_IT.UTF-8;LC_NAME=it_IT.UTF-8;LC_ADDRESS=it_IT.UTF-8;LC_TELEPHONE=it_IT.UTF-8;LC_MEASUREMENT=it_IT.UTF-8;LC_IDENTIFICATION=it_IT.UTF-8
LC_COLLATE=en_US.UTF-8
LC_CTYPE=en_US.UTF-8
LC_MESSAGES=en_US.UTF-8
LC_MONETARY=it_IT.UTF-8
LC_NUMERIC=it_IT.UTF-8
LC_TIME=it_IT.UTF-8

Signal Handlers:
   SIGSEGV: crash_handler in libjvm.so, mask=11100100010111111101111111111110, flags=SA_RESTART|SA_SIGINFO, unblocked
    SIGBUS: crash_handler in libjvm.so, mask=11100100010111111101111111111110, flags=SA_RESTART|SA_SIGINFO, unblocked
    SIGFPE: crash_handler in libjvm.so, mask=11100100010111111101111111111110, flags=SA_RESTART|SA_SIGINFO, unblocked
   SIGPIPE: javaSignalHandler in libjvm.so, mask=11100100010111111101111111111110, flags=SA_RESTART|SA_SIGINFO, blocked
   SIGXFSZ: javaSignalHandler in libjvm.so, mask=11100100010111111101111111111110, flags=SA_RESTART|SA_SIGINFO, blocked
    SIGILL: crash_handler in libjvm.so, mask=11100100010111111101111111111110, flags=SA_RESTART|SA_SIGINFO, unblocked
   SIGUSR2: SR_handler in libjvm.so, mask=00000000000000000000000000000000, flags=SA_RESTART|SA_SIGINFO, blocked
    SIGHUP: UserHandler in libjvm.so, mask=11100100010111111101111111111110, flags=SA_RESTART|SA_SIGINFO, blocked
    SIGINT: UserHandler in libjvm.so, mask=11100100010111111101111111111110, flags=SA_RESTART|SA_SIGINFO, blocked
   SIGTERM: UserHandler in libjvm.so, mask=11100100010111111101111111111110, flags=SA_RESTART|SA_SIGINFO, blocked
   SIGQUIT: UserHandler in libjvm.so, mask=11100100010111111101111111111110, flags=SA_RESTART|SA_SIGINFO, blocked
   SIGTRAP: crash_handler in libjvm.so, mask=11100100010111111101111111111110, flags=SA_RESTART|SA_SIGINFO, unblocked


Periodic native trim disabled


---------------  S Y S T E M  ---------------

OS:
DISTRIB_ID=LinuxMint
DISTRIB_RELEASE=21.3
DISTRIB_CODENAME=virginia
DISTRIB_DESCRIPTION="Linux Mint 21.3 Virginia"
uname: Linux 5.15.0-107-generic #117-Ubuntu SMP Fri Apr 26 12:26:49 UTC 2024 x86_64
OS uptime: 0 days 1:06 hours
libc: glibc 2.35 NPTL 2.35 
rlimit (soft/hard): STACK 8192k/infinity , CORE 0k/infinity , NPROC 127278/127278 , NOFILE 1048576/1048576 , AS infinity/infinity , CPU infinity/infinity , DATA infinity/infinity , FSIZE infinity/infinity , MEMLOCK 4100632k/4100632k
load average: 0,88 1,24 1,57

/proc/meminfo:
MemTotal:       32805060 kB
MemFree:        19866420 kB
MemAvailable:   24821420 kB
Buffers:          299360 kB
Cached:          5022520 kB
SwapCached:            0 kB
Active:          2336772 kB
Inactive:        9545872 kB
Active(anon):       6632 kB
Inactive(anon):  6757220 kB
Active(file):    2330140 kB
Inactive(file):  2788652 kB
Unevictable:          64 kB
Mlocked:              64 kB
SwapTotal:       2097148 kB
SwapFree:        2097148 kB
Dirty:             49376 kB
Writeback:             0 kB
AnonPages:       6561268 kB
Mapped:          1640356 kB
Shmem:            203048 kB
KReclaimable:     298756 kB
Slab:             531396 kB
SReclaimable:     298756 kB
SUnreclaim:       232640 kB
KernelStack:       29452 kB
PageTables:        78500 kB
NFS_Unstable:          0 kB
Bounce:                0 kB
WritebackTmp:          0 kB
CommitLimit:    18499676 kB
Committed_AS:   34496960 kB
VmallocTotal:   34359738367 kB
VmallocUsed:      175032 kB
VmallocChunk:          0 kB
Percpu:            41088 kB
HardwareCorrupted:     0 kB
AnonHugePages:         0 kB
ShmemHugePages:        0 kB
ShmemPmdMapped:        0 kB
FileHugePages:         0 kB
FilePmdMapped:         0 kB
HugePages_Total:       0
HugePages_Free:        0
HugePages_Rsvd:        0
HugePages_Surp:        0
Hugepagesize:       2048 kB
Hugetlb:               0 kB
DirectMap4k:      857836 kB
DirectMap2M:    12722176 kB
DirectMap1G:    20971520 kB

/sys/kernel/mm/transparent_hugepage/enabled: always [madvise] never
/sys/kernel/mm/transparent_hugepage/defrag (defrag/compaction efforts parameter): always defer defer+madvise [madvise] never

Process Memory:
Virtual Size: 11303492K (peak: 11364452K)
Resident Set Size: 47396K (peak: 47492K) (anon: 26136K, file: 21260K, shmem: 0K)
Swapped out: 0K
C-Heap outstanding allocations: 31598K, retained: 2185K
glibc malloc tunables: (default)

/proc/sys/kernel/threads-max (system-wide limit on the number of threads): 254557
/proc/sys/vm/max_map_count (maximum number of memory map areas a process may have): 262144
/proc/sys/kernel/pid_max (system-wide limit on number of process identifiers): 4194304

container (cgroup) information:
container_type: cgroupv2
cpu_cpuset_cpus: not supported
cpu_memory_nodes: not supported
active_processor_count: 12
cpu_quota: not supported
cpu_period: not supported
cpu_shares: not supported
memory_limit_in_bytes: unlimited
memory_and_swap_limit_in_bytes: unlimited
memory_soft_limit_in_bytes: unlimited
memory_usage_in_bytes: 9401740 k
memory_max_usage_in_bytes: not supported
memory_swap_current_in_bytes: unlimited
memory_swap_max_limit_in_bytes: unlimited
maximum number of tasks: unlimited
current number of tasks: 1206

Steal ticks since vm start: 0
Steal ticks percentage since vm start:  0,000

CPU: total 12 (initial active 12) (12 cores per cpu, 2 threads per core) family 23 model 8 stepping 2 microcode 0x800820d, cx8, cmov, fxsr, ht, mmx, 3dnowpref, sse, sse2, sse3, ssse3, sse4a, sse4.1, sse4.2, popcnt, lzcnt, tsc, tscinvbit, avx, avx2, aes, clmul, bmi1, bmi2, adx, sha, fma, vzeroupper, clflush, clflushopt
CPU Model and flags from /proc/cpuinfo:
model name	: AMD Ryzen 5 2600 Six-Core Processor
flags		: fpu vme de pse tsc msr pae mce cx8 apic sep mtrr pge mca cmov pat pse36 clflush mmx fxsr sse sse2 ht syscall nx mmxext fxsr_opt pdpe1gb rdtscp lm constant_tsc rep_good nopl nonstop_tsc cpuid extd_apicid aperfmperf rapl pni pclmulqdq monitor ssse3 fma cx16 sse4_1 sse4_2 movbe popcnt aes xsave avx f16c rdrand lahf_lm cmp_legacy svm extapic cr8_legacy abm sse4a misalignsse 3dnowprefetch osvw skinit wdt tce topoext perfctr_core perfctr_nb bpext perfctr_llc mwaitx cpb hw_pstate ssbd ibpb vmmcall fsgsbase bmi1 avx2 smep bmi2 rdseed adx smap clflushopt sha_ni xsaveopt xsavec xgetbv1 clzero irperf xsaveerptr arat npt lbrv svm_lock nrip_save tsc_scale vmcb_clean flushbyasid decodeassists pausefilter pfthreshold avic v_vmsave_vmload vgif overflow_recov succor smca sme sev sev_es

Online cpus: 0-11
Offline cpus: 12-31
BIOS frequency limitation: <Not Available>
Frequency switch latency (ns): <Not Available>
Available cpu frequencies: <Not Available>
Current governor: <Not Available>
Core performance/turbo boost: <Not Available>

Memory: 4k page, physical 32805060k(19865412k free), swap 2097148k(2097148k free)
Page Sizes: 4k

vm_info: OpenJDK 64-Bit Server VM (17.0.10+7-Ubuntu-122.04.1) for linux-amd64 JRE (17.0.10+7-Ubuntu-122.04.1), built on Feb  5 2024 21:02:31 by "buildd" with gcc 11.4.0

END.
