#
# A fatal error has been detected by the Java Runtime Environment:
#
#  SIGSEGV (0xb) at pc=0x00007fe02b22eb7b, pid=79446, tid=79446
#
# JRE version: OpenJDK Runtime Environment (17.0.10+7) (build 17.0.10+7-Ubuntu-122.04.1)
# Java VM: OpenJDK 64-Bit Server VM (17.0.10+7-Ubuntu-122.04.1, mixed mode, emulated-client, sharing, tiered, compressed oops, compressed class ptrs, g1 gc, linux-amd64)
# Problematic frame:
# V  [libjvm.so+0xdd0b7b]  SR_handler(int, siginfo_t*, ucontext_t*)+0xab
#
# Core dump will be written. Default location: Core dumps may be processed with "/lib/systemd/systemd-coredump %P %u %g %s %t 9223372036854775808 %h" (or dumping to /home/driver/Desktop/linux_dev/surpizza/server/core.79446)
#
# If you would like to submit a bug report, please visit:
#   Unknown
#

---------------  S U M M A R Y ------------

Command Line: -XX:TieredStopAtLevel=1 com.SurpizzaApplication

Host: AMD Ryzen 5 2600 Six-Core Processor, 12 cores, 31G, Linux Mint 21.3 Virginia
Time: Thu Jun  6 16:31:49 2024 CEST elapsed time: 21.102908 seconds (0d 0h 0m 21s)

---------------  T H R E A D  ---------------

Current thread is native thread

Stack: [0x00007ffc4d229000,0x00007ffc4da25000],  sp=0x00007ffc4da20470,  free space=8157k
Native frames: (J=compiled Java code, j=interpreted, Vv=VM code, C=native code)
V  [libjvm.so+0xdd0b7b]  SR_handler(int, siginfo_t*, ucontext_t*)+0xab
C  [libc.so.6+0x42520]


siginfo: si_signo: 11 (SIGSEGV), si_code: 1 (SEGV_MAPERR), si_addr: 0x0000000000000268

Registers:
RAX=0x0000000000000000, RBX=0x00007ffc4da20480, RCX=0x00007fe02b87bc1b, RDX=0x0000000000000000
RSP=0x00007ffc4da20470, RBP=0x00007ffc4da20530, RSI=0x00007ffc4da20480, RDI=0x0000000000000000
R8 =0x0000000000000000, R9 =0x00000000ffffffff, R10=0x0000000000000008, R11=0x0000000000000246
R12=0x00007fe02b7dd6c0, R13=0x0000000000000000, R14=0x0000000000000000, R15=0x0000000000000000
RIP=0x00007fe02b22eb7b, EFLAGS=0x0000000000010246, CSGSFS=0x002b000000000033, ERR=0x0000000000000004
  TRAPNO=0x000000000000000e


Top of Stack: (sp=0x00007ffc4da20470)
0x00007ffc4da20470:   00007ffc4da20670 00007ffc4da20540
0x00007ffc4da20480:   00000000000004d8 0000000000000009
0x00007ffc4da20490:   0000000000026000 adeb0fd4d7fcf500
0x00007ffc4da204a0:   0000000000000000 0000000000000000
0x00007ffc4da204b0:   0000000000000000 0000000024bbd60a
0x00007ffc4da204c0:   00007ffc4da20600 00007fe02b7fb7e0
0x00007ffc4da204d0:   00007fe02ba4e0f0 00007ffc4da20560
0x00007ffc4da204e0:   00007ffc4da20570 00007fe02ba5b211
0x00007ffc4da204f0:   0000000000000004 00007fe02ba4ea50
0x00007ffc4da20500:   0000000000000001 00007fe02a12a640
0x00007ffc4da20510:   0000000000000000 0000000000013657
0x00007ffc4da20520:   0000000000000000 0000000000000000
0x00007ffc4da20530:   00007ffc4da20ba8 00007fe02b822520
0x00007ffc4da20540:   0000000000000007 0000000000000000
0x00007ffc4da20550:   0000000000000000 00007fe000000002
0x00007ffc4da20560:   0000000000000000 0000000000000000
0x00007ffc4da20570:   00000000ffffffff 0000000000000000
0x00007ffc4da20580:   0000000000000246 0000000000000000
0x00007ffc4da20590:   0000000000013657 0000000000000000
0x00007ffc4da205a0:   0000000000000000 00007fe02a12a910
0x00007ffc4da205b0:   0000000000000109 00007ffc4da20ba8
0x00007ffc4da205c0:   00007fe02a12a640 0000000000013657
0x00007ffc4da205d0:   00000000000000ca 00007fe02b871117
0x00007ffc4da205e0:   00007ffc4da20ae0 00007fe02b871115
0x00007ffc4da205f0:   0000000000000246 002b000000000033
0x00007ffc4da20600:   0000000000000004 000000000000000e
0x00007ffc4da20610:   0000000000000004 0000000000000008
0x00007ffc4da20620:   00007ffc4da20700 0000000000000000
0x00007ffc4da20630:   00007ffc4da20bb0 00007fe02ba64dae
0x00007ffc4da20640:   00007fe02a12a950 0000000000000000
0x00007ffc4da20650:   0000000000000003 0000000000100000
0x00007ffc4da20660:   00007fe02a12a640 0000000000000004 

Instructions: (pc=0x00007fe02b22eb7b)
0x00007fe02b22ea7b:   58 00 00 74 30 48 8d 05 59 82 58 00 48 8d 14 98
0x00007fe02b22ea8b:   b8 01 00 00 00 f0 0f c1 02 48 8b 3d 4d 83 58 00
0x00007fe02b22ea9b:   48 83 ec 80 be 01 00 00 00 5b 41 5c 5d e9 a3 19
0x00007fe02b22eaab:   f2 ff 0f 1f 00 48 83 ec 80 5b 41 5c 5d c3 0f 1f
0x00007fe02b22eabb:   80 00 00 00 00 e8 9b df 15 00 84 c0 74 ad e8 22
0x00007fe02b22eacb:   1b 48 ff eb a6 f3 0f 1e fa 55 66 48 0f 6e d2 66
0x00007fe02b22eadb:   48 0f 6e ce 66 0f 6c ca 48 89 e5 41 57 41 56 41
0x00007fe02b22eaeb:   55 41 54 53 48 8d 9d 50 ff ff ff 48 81 ec 98 00
0x00007fe02b22eafb:   00 00 0f 29 8d 40 ff ff ff e8 67 12 48 ff 48 89
0x00007fe02b22eb0b:   df 44 8b 28 49 89 c4 e8 a9 0e 48 ff be 04 00 00
0x00007fe02b22eb1b:   00 48 89 df e8 ec 10 48 ff be 07 00 00 00 48 89
0x00007fe02b22eb2b:   df e8 df 10 48 ff be 08 00 00 00 48 89 df e8 d2
0x00007fe02b22eb3b:   10 48 ff be 0b 00 00 00 48 89 df e8 c5 10 48 ff
0x00007fe02b22eb4b:   be 05 00 00 00 48 89 df e8 b8 10 48 ff 31 d2 48
0x00007fe02b22eb5b:   89 de bf 01 00 00 00 e8 39 06 48 ff e8 94 7e 0e
0x00007fe02b22eb6b:   00 41 89 c0 31 c0 45 84 c0 74 05 e8 95 7e 0e 00
0x00007fe02b22eb7b:   48 8b 90 68 02 00 00 48 85 d2 74 17 4c 8b b8 30
0x00007fe02b22eb8b:   02 00 00 41 8b 87 a0 00 00 00 83 f8 01 74 16 45
0x00007fe02b22eb9b:   89 2c 24 48 81 c4 98 00 00 00 5b 41 5c 41 5d 41
0x00007fe02b22ebab:   5e 41 5f 5d c3 66 0f 6f 9d 40 ff ff ff ba 02 00
0x00007fe02b22ebbb:   00 00 be 01 00 00 00 4d 8d b7 a0 00 00 00 4c 89
0x00007fe02b22ebcb:   f7 41 0f 11 9f a8 00 00 00 e8 77 36 e6 ff 83 f8
0x00007fe02b22ebdb:   02 74 3a 85 c0 75 0e 66 0f ef c0 41 0f 11 87 a8
0x00007fe02b22ebeb:   00 00 00 eb aa 48 8d 05 51 37 52 00 be 63 06 00
0x00007fe02b22ebfb:   00 48 8d 3d 0d b1 27 00 48 8b 00 c6 00 58 e8 52
0x00007fe02b22ec0b:   13 84 ff e8 8d 6c e6 ff eb cd 0f 1f 00 48 89 df
0x00007fe02b22ec1b:   e8 a0 0d 48 ff 48 89 da 31 f6 31 ff e8 74 05 48
0x00007fe02b22ec2b:   ff 8b 35 16 91 53 00 48 89 df e8 76 0a 48 ff be
0x00007fe02b22ec3b:   01 00 00 00 48 8d 3d ba 81 58 00 e8 05 18 f2 ff
0x00007fe02b22ec4b:   eb 08 0f 1f 00 83 f8 02 75 3b 48 89 df e8 73 11
0x00007fe02b22ec5b:   48 ff 31 d2 be 03 00 00 00 4c 89 f7 e8 e4 35 e6
0x00007fe02b22ec6b:   ff 85 c0 75 e0 be 01 00 00 00 48 8d 3d 84 81 58 



---------------  P R O C E S S  ---------------

VM state: not at safepoint (normal execution)

VM Mutex/Monitor currently owned by a thread: None

Heap address: 0x000000060b400000, size: 8012 MB, Compressed Oops mode: Zero based, Oop shift amount: 3

CDS archive(s) mapped at: [0x00007fdfaf000000-0x00007fdfafbc7000-0x00007fdfafbc7000), size 12349440, SharedBaseAddress: 0x00007fdfaf000000, ArchiveRelocationMode: 1.
Compressed class space mapped at: 0x00007fdfb0000000-0x00007fdff0000000, reserved size: 1073741824
Narrow klass base: 0x00007fdfaf000000, Narrow klass shift: 0, Narrow klass range: 0x100000000

GC Precious Log:
<Skipped>

Heap:
 garbage-first heap   total 81920K, used 54268K [0x000000060b400000, 0x0000000800000000)
  region size 4096K, 12 young (49152K), 3 survivors (12288K)
 Metaspace       used 25282K, committed 25664K, reserved 1114112K
  class space    used 3519K, committed 3712K, reserved 1048576K

Heap Regions: E=young(eden), S=young(survivor), O=old, HS=humongous(starts), HC=humongous(continues), CS=collection set, F=free, OA=open archive, CA=closed archive, TAMS=top-at-mark-start (previous, next)
|   0|0x000000060b400000, 0x000000060b7c1200, 0x000000060b800000| 93%| O|  |TAMS 0x000000060b7c1200, 0x000000060b400000| Untracked 
|   1|0x000000060b800000, 0x000000060b800000, 0x000000060bc00000|  0%| F|  |TAMS 0x000000060b800000, 0x000000060b800000| Untracked 
|   2|0x000000060bc00000, 0x000000060bd520b0, 0x000000060c000000| 33%| S|CS|TAMS 0x000000060bc00000, 0x000000060bc00000| Complete 
|   3|0x000000060c000000, 0x000000060c400000, 0x000000060c400000|100%| S|CS|TAMS 0x000000060c000000, 0x000000060c000000| Complete 
|   4|0x000000060c400000, 0x000000060c800000, 0x000000060c800000|100%| S|CS|TAMS 0x000000060c400000, 0x000000060c400000| Complete 
|   5|0x000000060c800000, 0x000000060c800000, 0x000000060cc00000|  0%| F|  |TAMS 0x000000060c800000, 0x000000060c800000| Untracked 
|   6|0x000000060cc00000, 0x000000060cc00000, 0x000000060d000000|  0%| F|  |TAMS 0x000000060cc00000, 0x000000060cc00000| Untracked 
|   7|0x000000060d000000, 0x000000060d000000, 0x000000060d400000|  0%| F|  |TAMS 0x000000060d000000, 0x000000060d000000| Untracked 
|   8|0x000000060d400000, 0x000000060d400000, 0x000000060d800000|  0%| F|  |TAMS 0x000000060d400000, 0x000000060d400000| Untracked 
|   9|0x000000060d800000, 0x000000060dc00000, 0x000000060dc00000|100%| E|  |TAMS 0x000000060d800000, 0x000000060d800000| Complete 
|  10|0x000000060dc00000, 0x000000060e000000, 0x000000060e000000|100%| E|CS|TAMS 0x000000060dc00000, 0x000000060dc00000| Complete 
|  11|0x000000060e000000, 0x000000060e400000, 0x000000060e400000|100%| E|CS|TAMS 0x000000060e000000, 0x000000060e000000| Complete 
|  12|0x000000060e400000, 0x000000060e800000, 0x000000060e800000|100%| E|CS|TAMS 0x000000060e400000, 0x000000060e400000| Complete 
|  13|0x000000060e800000, 0x000000060ec00000, 0x000000060ec00000|100%| E|CS|TAMS 0x000000060e800000, 0x000000060e800000| Complete 
|  14|0x000000060ec00000, 0x000000060f000000, 0x000000060f000000|100%| E|CS|TAMS 0x000000060ec00000, 0x000000060ec00000| Complete 
| 123|0x000000062a000000, 0x000000062a400000, 0x000000062a400000|100%| E|CS|TAMS 0x000000062a000000, 0x000000062a000000| Complete 
| 124|0x000000062a400000, 0x000000062a800000, 0x000000062a800000|100%| E|CS|TAMS 0x000000062a400000, 0x000000062a400000| Complete 
| 125|0x000000062a800000, 0x000000062ac00000, 0x000000062ac00000|100%| E|CS|TAMS 0x000000062a800000, 0x000000062a800000| Complete 
|2001|0x00000007ff800000, 0x00000007ffb75000, 0x00000007ffc00000| 86%|OA|  |TAMS 0x00000007ffb75000, 0x00000007ff800000| Untracked 
|2002|0x00000007ffc00000, 0x00000007ffc77000, 0x0000000800000000| 11%|CA|  |TAMS 0x00000007ffc77000, 0x00000007ffc00000| Untracked 

Card table byte_map: [0x00007fe0185eb000,0x00007fe019591000] _byte_map_base: 0x00007fe015591000

Marking Bits (Prev, Next): (CMBitMap*) 0x00007fe024043d60, (CMBitMap*) 0x00007fe024043d20
 Prev Bits: [0x00007fe007be5000, 0x00007fe00f915000)
 Next Bits: [0x00007fe00f915000, 0x00007fe017645000)

Polling page: 0x00007fe02ba42000

Metaspace:

Usage:
  Non-class:     21,25 MB used.
      Class:      3,44 MB used.
       Both:     24,69 MB used.

Virtual space:
  Non-class space:       64,00 MB reserved,      21,44 MB ( 33%) committed,  1 nodes.
      Class space:        1,00 GB reserved,       3,62 MB ( <1%) committed,  1 nodes.
             Both:        1,06 GB reserved,      25,06 MB (  2%) committed. 

Chunk freelists:
   Non-Class:  10,31 MB
       Class:  12,38 MB
        Both:  22,69 MB

MaxMetaspaceSize: unlimited
CompressedClassSpaceSize: 1,00 GB
Initial GC threshold: 21,00 MB
Current GC threshold: 35,31 MB
CDS: on
MetaspaceReclaimPolicy: balanced
 - commit_granule_bytes: 65536.
 - commit_granule_words: 8192.
 - virtual_space_node_default_size: 8388608.
 - enlarge_chunks_in_place: 1.
 - new_chunks_are_fully_committed: 0.
 - uncommit_free_chunks: 1.
 - use_allocation_guard: 0.
 - handle_deallocations: 1.


Internal statistics:

num_allocs_failed_limit: 3.
num_arena_births: 554.
num_arena_deaths: 0.
num_vsnodes_births: 2.
num_vsnodes_deaths: 0.
num_space_committed: 401.
num_space_uncommitted: 0.
num_chunks_returned_to_freelist: 3.
num_chunks_taken_from_freelist: 1532.
num_chunk_merges: 3.
num_chunk_splits: 1035.
num_chunks_enlarged: 743.
num_inconsistent_stats: 0.

CodeCache: size=49152Kb used=6489Kb max_used=8178Kb free=42663Kb
 bounds [0x00007fe019591000, 0x00007fe019d91000, 0x00007fe01c591000]
 total_blobs=3920 nmethods=3410 adapters=438
 compilation: enabled
              stopped_count=0, restarted_count=0
 full_count=0

Compilation events (20 events):
Event: 1,373 Thread 0x00007fdf9009c820 3401       1       org.springframework.core.SerializableTypeWrapper::unwrap (36 bytes)
Event: 1,373 Thread 0x00007fdf9009c820 nmethod 3401 0x00007fe019d8a210 code [0x00007fe019d8a3c0, 0x00007fe019d8a590]
Event: 1,373 Thread 0x00007fdf9020c3f0 3402       1       java.util.TreeMap::successor (66 bytes)
Event: 1,373 Thread 0x00007fdf9009c820 3403       1       org.springframework.boot.autoconfigure.condition.ConditionEvaluationReport$$Lambda$720/0x00007fdfb039e380::accept (20 bytes)
Event: 1,373 Thread 0x00007fdf902124b0 3404       1       org.springframework.boot.autoconfigure.condition.ConditionEvaluationReport::lambda$addNoMatchOutcomeToAncestors$2 (41 bytes)
Event: 1,373 Thread 0x00007fdf9020c3f0 nmethod 3402 0x00007fe019d8a690 code [0x00007fe019d8a840, 0x00007fe019d8a9d0]
Event: 1,373 Thread 0x00007fdf9009c820 nmethod 3403 0x00007fe019d8ab10 code [0x00007fe019d8acc0, 0x00007fe019d8ae20]
Event: 1,374 Thread 0x00007fdf902124b0 nmethod 3404 0x00007fe019d8af10 code [0x00007fe019d8b120, 0x00007fe019d8b6b0]
Event: 1,376 Thread 0x00007fdf902124b0 3405       1       java.util.TreeMap::forEach (58 bytes)
Event: 1,376 Thread 0x00007fdf9020c3f0 3406       1       org.springframework.boot.autoconfigure.condition.ConditionEvaluationReport$ConditionAndOutcome::getOutcome (5 bytes)
Event: 1,376 Thread 0x00007fdf9020c3f0 nmethod 3406 0x00007fe019d8b990 code [0x00007fe019d8bb20, 0x00007fe019d8bbf0]
Event: 1,377 Thread 0x00007fdf902124b0 nmethod 3405 0x00007fe019d8bc90 code [0x00007fe019d8be60, 0x00007fe019d8c130]
Event: 1,377 Thread 0x00007fdf9009c820 3407   !   1       org.springframework.beans.factory.support.AbstractBeanFactory::adaptBeanInstance (98 bytes)
Event: 1,378 Thread 0x00007fdf9009c820 nmethod 3407 0x00007fe019d8c310 code [0x00007fe019d8c540, 0x00007fe019d8ccc0]
Event: 1,379 Thread 0x00007fdf9020c3f0 3408       1       org.springframework.core.ResolvableType::isAssignableFrom (36 bytes)
Event: 1,379 Thread 0x00007fdf9020c3f0 nmethod 3408 0x00007fe019d8d110 code [0x00007fe019d8d2e0, 0x00007fe019d8d520]
Event: 1,380 Thread 0x00007fdf9020c3f0 3409       1       sun.reflect.generics.reflectiveObjects.ParameterizedTypeImpl::getRawType (5 bytes)
Event: 1,380 Thread 0x00007fdf9020c3f0 nmethod 3409 0x00007fe019d8d610 code [0x00007fe019d8d7a0, 0x00007fe019d8d870]
Event: 21,060 Thread 0x00007fe024152a10 3410       1       java.util.TreeMap::getFirstEntry (26 bytes)
Event: 21,060 Thread 0x00007fe024152a10 nmethod 3410 0x00007fe01971f710 code [0x00007fe01971f8a0, 0x00007fe01971f990]

GC Heap History (10 events):
Event: 0,344 GC heap before
{Heap before GC invocations=0 (full 0):
 garbage-first heap   total 524288K, used 28592K [0x000000060b400000, 0x0000000800000000)
  region size 4096K, 6 young (24576K), 0 survivors (0K)
 Metaspace       used 5969K, committed 6208K, reserved 1114112K
  class space    used 848K, committed 960K, reserved 1048576K
}
Event: 0,346 GC heap after
{Heap after GC invocations=1 (full 0):
 garbage-first heap   total 524288K, used 8053K [0x000000060b400000, 0x0000000800000000)
  region size 4096K, 1 young (4096K), 1 survivors (4096K)
 Metaspace       used 5969K, committed 6208K, reserved 1114112K
  class space    used 848K, committed 960K, reserved 1048576K
}
Event: 0,479 GC heap before
{Heap before GC invocations=1 (full 0):
 garbage-first heap   total 524288K, used 32629K [0x000000060b400000, 0x0000000800000000)
  region size 4096K, 7 young (28672K), 1 survivors (4096K)
 Metaspace       used 11516K, committed 11840K, reserved 1114112K
  class space    used 1560K, committed 1728K, reserved 1048576K
}
Event: 0,482 GC heap after
{Heap after GC invocations=2 (full 0):
 garbage-first heap   total 524288K, used 9664K [0x000000060b400000, 0x0000000800000000)
  region size 4096K, 1 young (4096K), 1 survivors (4096K)
 Metaspace       used 11516K, committed 11840K, reserved 1114112K
  class space    used 1560K, committed 1728K, reserved 1048576K
}
Event: 0,946 GC heap before
{Heap before GC invocations=2 (full 0):
 garbage-first heap   total 524288K, used 62912K [0x000000060b400000, 0x0000000800000000)
  region size 4096K, 14 young (57344K), 1 survivors (4096K)
 Metaspace       used 20439K, committed 20736K, reserved 1114112K
  class space    used 2858K, committed 3008K, reserved 1048576K
}
Event: 0,949 GC heap after
{Heap after GC invocations=3 (full 0):
 garbage-first heap   total 524288K, used 14014K [0x000000060b400000, 0x0000000800000000)
  region size 4096K, 2 young (8192K), 2 survivors (8192K)
 Metaspace       used 20439K, committed 20736K, reserved 1114112K
  class space    used 2858K, committed 3008K, reserved 1048576K
}
Event: 0,979 GC heap before
{Heap before GC invocations=3 (full 0):
 garbage-first heap   total 524288K, used 14014K [0x000000060b400000, 0x0000000800000000)
  region size 4096K, 3 young (12288K), 2 survivors (8192K)
 Metaspace       used 21204K, committed 21504K, reserved 1114112K
  class space    used 2932K, committed 3072K, reserved 1048576K
}
Event: 0,982 GC heap after
{Heap after GC invocations=4 (full 0):
 garbage-first heap   total 524288K, used 14491K [0x000000060b400000, 0x0000000800000000)
  region size 4096K, 2 young (8192K), 2 survivors (8192K)
 Metaspace       used 21204K, committed 21504K, reserved 1114112K
  class space    used 2932K, committed 3072K, reserved 1048576K
}
Event: 1,234 GC heap before
{Heap before GC invocations=5 (full 0):
 garbage-first heap   total 81920K, used 55451K [0x000000060b400000, 0x0000000800000000)
  region size 4096K, 13 young (53248K), 2 survivors (8192K)
 Metaspace       used 23612K, committed 24000K, reserved 1114112K
  class space    used 3282K, committed 3456K, reserved 1048576K
}
Event: 1,238 GC heap after
{Heap after GC invocations=6 (full 0):
 garbage-first heap   total 81920K, used 17404K [0x000000060b400000, 0x0000000800000000)
  region size 4096K, 3 young (12288K), 3 survivors (12288K)
 Metaspace       used 23612K, committed 24000K, reserved 1114112K
  class space    used 3282K, committed 3456K, reserved 1048576K
}

Dll operation events (9 events):
Event: 0,001 Loaded shared library /usr/lib/jvm/java-17-openjdk-amd64/lib/libjava.so
Event: 0,010 Loaded shared library /usr/lib/jvm/java-17-openjdk-amd64/lib/libjsvml.so
Event: 0,019 Loaded shared library /usr/lib/jvm/java-17-openjdk-amd64/lib/libnio.so
Event: 0,022 Loaded shared library /usr/lib/jvm/java-17-openjdk-amd64/lib/libzip.so
Event: 0,064 Loaded shared library /usr/lib/jvm/java-17-openjdk-amd64/lib/libjimage.so
Event: 0,080 Loaded shared library /usr/lib/jvm/java-17-openjdk-amd64/lib/libnet.so
Event: 1,006 Loaded shared library /usr/lib/jvm/java-17-openjdk-amd64/lib/libmanagement.so
Event: 1,007 Loaded shared library /usr/lib/jvm/java-17-openjdk-amd64/lib/libmanagement_ext.so
Event: 1,367 Loaded shared library /usr/lib/jvm/java-17-openjdk-amd64/lib/libextnet.so

Deoptimization events (4 events):
Event: 1,059 Thread 0x00007fdf3c000ef0 DEOPT PACKING pc=0x00007fe019adf781 sp=0x00007fdfaa1c4500
Event: 1,059 Thread 0x00007fe02492ebf0 DEOPT PACKING pc=0x00007fe019ab9b96 sp=0x00007fdfaa2c4510
Event: 1,059 Thread 0x00007fdf3c000ef0 DEOPT UNPACKING pc=0x00007fe0195e7e2f sp=0x00007fdfaa1c39b8 mode 3
Event: 1,059 Thread 0x00007fe02492ebf0 DEOPT UNPACKING pc=0x00007fe0195e7e2f sp=0x00007fdfaa2c3988 mode 3

Classes unloaded (0 events):
No events

Classes redefined (0 events):
No events

Internal exceptions (20 events):
Event: 0,886 Thread 0x00007fe024014b50 Exception <a 'java/lang/IncompatibleClassChangeError'{0x0000000627963d98}: Found class java.lang.Object, but interface was expected> (0x0000000627963d98) 
thrown [./src/hotspot/share/interpreter/linkResolver.cpp, line 826]
Event: 0,887 Thread 0x00007fe024014b50 Exception <a 'java/lang/NoSuchMethodError'{0x00000006279748d0}: 'int java.lang.invoke.DirectMethodHandle$Holder.invokeSpecialIFC(java.lang.Object, java.lang.Object, java.lang.Object)'> (0x00000006279748d0) 
thrown [./src/hotspot/share/interpreter/linkResolver.cpp, line 758]
Event: 0,888 Thread 0x00007fe024014b50 Exception <a 'java/lang/NoSuchMethodError'{0x000000062798d0f8}: 'void java.lang.invoke.DirectMethodHandle$Holder.invokeStatic(java.lang.Object, int, java.lang.Object)'> (0x000000062798d0f8) 
thrown [./src/hotspot/share/interpreter/linkResolver.cpp, line 758]
Event: 0,892 Thread 0x00007fe024014b50 Exception <a 'java/lang/NoSuchMethodError'{0x00000006279e76c8}: 'void java.lang.invoke.DirectMethodHandle$Holder.invokeVirtual(java.lang.Object, java.lang.Object, int)'> (0x00000006279e76c8) 
thrown [./src/hotspot/share/interpreter/linkResolver.cpp, line 758]
Event: 0,892 Thread 0x00007fe024014b50 Exception <a 'java/lang/NoSuchMethodError'{0x00000006279ed920}: 'void java.lang.invoke.DirectMethodHandle$Holder.invokeStatic(java.lang.Object, java.lang.Object, java.lang.Object, int, java.lang.Object)'> (0x00000006279ed920) 
thrown [./src/hotspot/share/interpreter/linkResolver.cpp, line 758]
Event: 0,892 Thread 0x00007fe024014b50 Exception <a 'java/lang/NoSuchMethodError'{0x00000006279f4da0}: 'java.lang.Object java.lang.invoke.DirectMethodHandle$Holder.newInvokeSpecial(java.lang.Object, java.lang.Object, java.lang.Object, int)'> (0x00000006279f4da0) 
thrown [./src/hotspot/share/interpreter/linkResolver.cpp, line 758]
Event: 0,892 Thread 0x00007fe024014b50 Exception <a 'java/lang/NoSuchMethodError'{0x00000006279f9088}: 'java.lang.Object java.lang.invoke.DirectMethodHandle$Holder.invokeSpecial(java.lang.Object, java.lang.Object, java.lang.Object, java.lang.Object, int)'> (0x00000006279f9088) 
thrown [./src/hotspot/share/interpreter/linkResolver.cpp, line 758]
Event: 0,893 Thread 0x00007fe024014b50 Exception <a 'java/lang/NoSuchMethodError'{0x00000006279fcc50}: 'java.lang.Object java.lang.invoke.Invokers$Holder.linkToTargetMethod(java.lang.Object, java.lang.Object, int, java.lang.Object)'> (0x00000006279fcc50) 
thrown [./src/hotspot/share/interpreter/linkResolver.cpp, line 758]
Event: 0,993 Thread 0x00007fe024014b50 Exception <a 'java/lang/NoSuchMethodError'{0x000000062a88ce18}: 'java.lang.Object java.lang.invoke.DirectMethodHandle$Holder.invokeSpecial(java.lang.Object, java.lang.Object, long, java.lang.Object, java.lang.Object, java.lang.Object, java.lang.Object, java.lang.Object, java.lang.Object)'> (0x000000062a88ce18) 
thrown [./src/hotspot/share/interpreter/linkResolver.cpp, line 758]
Event: 0,993 Thread 0x00007fe024014b50 Exception <a 'java/lang/NoSuchMethodError'{0x000000062a891940}: 'java.lang.Object java.lang.invoke.DelegatingMethodHandle$Holder.reinvoke_L(java.lang.Object, long, java.lang.Object, java.lang.Object, java.lang.Object, java.lang.Object, java.lang.Object, java.lang.Object)'> (0x000000062a891940) 
thrown [./src/hotspot/share/interpreter/linkResolver.cpp, line 758]
Event: 1,012 Thread 0x00007fe024014b50 Exception <a 'java/io/FileNotFoundException'{0x000000062a9e81a0}> (0x000000062a9e81a0) 
thrown [./src/hotspot/share/prims/jni.cpp, line 516]
Event: 1,025 Thread 0x00007fe024014b50 Exception <a 'java/lang/NoSuchMethodError'{0x000000062aaf69b0}: 'int java.lang.invoke.DirectMethodHandle$Holder.invokeInterface(java.lang.Object, java.lang.Object, java.lang.Object, java.lang.Object)'> (0x000000062aaf69b0) 
thrown [./src/hotspot/share/interpreter/linkResolver.cpp, line 758]
Event: 1,049 Thread 0x00007fe024014b50 Exception <a 'java/lang/NoSuchMethodError'{0x000000060ee07930}: 'long java.lang.invoke.DirectMethodHandle$Holder.invokeVirtual(java.lang.Object, java.lang.Object)'> (0x000000060ee07930) 
thrown [./src/hotspot/share/interpreter/linkResolver.cpp, line 758]
Event: 1,301 Thread 0x00007fe024014b50 Exception <a 'java/lang/IncompatibleClassChangeError'{0x000000060e32a0f0}: Found class java.lang.Object, but interface was expected> (0x000000060e32a0f0) 
thrown [./src/hotspot/share/interpreter/linkResolver.cpp, line 826]
Event: 1,313 Thread 0x00007fe024014b50 Exception <a 'java/lang/NoSuchMethodError'{0x000000060dc6a9d0}: 'void java.lang.invoke.DirectMethodHandle$Holder.invokeVirtual(java.lang.Object, java.lang.Object, long)'> (0x000000060dc6a9d0) 
thrown [./src/hotspot/share/interpreter/linkResolver.cpp, line 758]
Event: 1,342 Thread 0x00007fe024014b50 Exception <a 'java/lang/NoSuchMethodError'{0x000000060df985d0}: 'int java.lang.invoke.DirectMethodHandle$Holder.invokeStaticInit(java.lang.Object, java.lang.Object, java.lang.Object, java.lang.Object)'> (0x000000060df985d0) 
thrown [./src/hotspot/share/interpreter/linkResolver.cpp, line 758]
Event: 1,363 Thread 0x00007fe024014b50 Exception <a 'java/lang/NoSuchMethodError'{0x000000060d9eceb8}: 'java.lang.Object java.lang.invoke.DirectMethodHandle$Holder.newInvokeSpecial(java.lang.Object, java.lang.Object, int, java.lang.Object, java.lang.Object)'> (0x000000060d9eceb8) 
thrown [./src/hotspot/share/interpreter/linkResolver.cpp, line 758]
Event: 1,364 Thread 0x00007fe024014b50 Exception <a 'java/lang/NoSuchMethodError'{0x000000060d9f8530}: 'java.lang.Object java.lang.invoke.DirectMethodHandle$Holder.invokeSpecial(java.lang.Object, java.lang.Object, int, java.lang.Object, int, java.lang.Object)'> (0x000000060d9f8530) 
thrown [./src/hotspot/share/interpreter/linkResolver.cpp, line 758]
Event: 1,364 Thread 0x00007fe024014b50 Exception <a 'java/lang/NoSuchMethodError'{0x000000060da00338}: 'java.lang.Object java.lang.invoke.DirectMethodHandle$Holder.newInvokeSpecial(java.lang.Object, java.lang.Object, int, java.lang.Object, int)'> (0x000000060da00338) 
thrown [./src/hotspot/share/interpreter/linkResolver.cpp, line 758]
Event: 1,364 Thread 0x00007fe024014b50 Exception <a 'java/lang/NoSuchMethodError'{0x000000060da04438}: 'java.lang.Object java.lang.invoke.DirectMethodHandle$Holder.invokeSpecial(java.lang.Object, java.lang.Object, java.lang.Object, int, java.lang.Object, int)'> (0x000000060da04438) 
thrown [./src/hotspot/share/interpreter/linkResolver.cpp, line 758]

VM Operations (20 events):
Event: 1,036 Executing VM operation: HandshakeAllThreads
Event: 1,036 Executing VM operation: HandshakeAllThreads done
Event: 1,036 Executing VM operation: HandshakeAllThreads
Event: 1,036 Executing VM operation: HandshakeAllThreads done
Event: 1,050 Executing VM operation: HandshakeAllThreads
Event: 1,050 Executing VM operation: HandshakeAllThreads done
Event: 1,054 Executing VM operation: HandshakeAllThreads
Event: 1,054 Executing VM operation: HandshakeAllThreads done
Event: 1,144 Executing VM operation: HandshakeAllThreads
Event: 1,144 Executing VM operation: HandshakeAllThreads done
Event: 1,153 Executing VM operation: HandshakeAllThreads
Event: 1,153 Executing VM operation: HandshakeAllThreads done
Event: 1,171 Executing VM operation: HandshakeAllThreads
Event: 1,171 Executing VM operation: HandshakeAllThreads done
Event: 1,234 Executing VM operation: G1CollectForAllocation
Event: 1,238 Executing VM operation: G1CollectForAllocation done
Event: 1,323 Executing VM operation: HandshakeAllThreads
Event: 1,323 Executing VM operation: HandshakeAllThreads done
Event: 2,323 Executing VM operation: Cleanup
Event: 2,323 Executing VM operation: Cleanup done

Events (20 events):
Event: 1,370 loading class sun/nio/ch/Interruptible done
Event: 1,370 loading class java/nio/channels/spi/AbstractSelector$1 done
Event: 1,371 Thread 0x00007fe024a41fd0 Thread added: 0x00007fe024a41fd0
Event: 1,371 Protecting memory [0x00007fdfa91c4000,0x00007fdfa91c8000] with protection modes 0
Event: 1,371 loading class java/nio/channels/spi/AbstractInterruptibleChannel$1
Event: 1,371 loading class java/nio/channels/spi/AbstractInterruptibleChannel$1 done
Event: 1,371 loading class java/util/TreeMap$ValueSpliterator
Event: 1,371 loading class java/util/TreeMap$TreeMapSpliterator
Event: 1,371 loading class java/util/TreeMap$TreeMapSpliterator done
Event: 1,371 loading class java/util/TreeMap$ValueSpliterator done
Event: 1,380 loading class java/util/IdentityHashMap$KeySpliterator
Event: 1,380 loading class java/util/IdentityHashMap$IdentityHashMapSpliterator
Event: 1,380 loading class java/util/IdentityHashMap$IdentityHashMapSpliterator done
Event: 1,380 loading class java/util/IdentityHashMap$KeySpliterator done
Event: 1,380 Thread 0x00007fe024014b50 Thread exited: 0x00007fe024014b50
Event: 1,380 Protecting memory [0x00007fe02a02b000,0x00007fe02a02f000] with protection modes 0
Event: 1,380 Thread 0x00007fe024014b50 Thread added: 0x00007fe024014b50
Event: 6,380 Thread 0x00007fdf902124b0 Thread exited: 0x00007fdf902124b0
Event: 6,380 Thread 0x00007fdf9020c3f0 Thread exited: 0x00007fdf9020c3f0
Event: 11,380 Thread 0x00007fdf9009c820 Thread exited: 0x00007fdf9009c820


Dynamic libraries:
60b400000-60f000000 rw-p 00000000 00:00 0 
60f000000-62a000000 ---p 00000000 00:00 0 
62a000000-62ac00000 rw-p 00000000 00:00 0 
62ac00000-7ff800000 ---p 00000000 00:00 0 
7ff800000-7ffb00000 rw-p 00000000 00:00 0 
7ffb00000-7ffb75000 rw-p 00c76000 08:02 13399095                         /usr/lib/jvm/java-17-openjdk-amd64/lib/server/classes.jsa
7ffb75000-7ffc00000 rw-p 00000000 00:00 0 
7ffc00000-7ffc77000 rw-p 00bff000 08:02 13399095                         /usr/lib/jvm/java-17-openjdk-amd64/lib/server/classes.jsa
7ffc77000-800000000 rw-p 00000000 00:00 0 
55fdfb632000-55fdfb633000 r--p 00000000 08:02 13398943                   /usr/lib/jvm/java-17-openjdk-amd64/bin/java
55fdfb633000-55fdfb634000 r-xp 00001000 08:02 13398943                   /usr/lib/jvm/java-17-openjdk-amd64/bin/java
55fdfb634000-55fdfb635000 r--p 00002000 08:02 13398943                   /usr/lib/jvm/java-17-openjdk-amd64/bin/java
55fdfb635000-55fdfb636000 r--p 00002000 08:02 13398943                   /usr/lib/jvm/java-17-openjdk-amd64/bin/java
55fdfb636000-55fdfb637000 rw-p 00003000 08:02 13398943                   /usr/lib/jvm/java-17-openjdk-amd64/bin/java
55fdfbfc4000-55fdfc031000 rw-p 00000000 00:00 0                          [heap]
7fdf04000000-7fdf04021000 rw-p 00000000 00:00 0 
7fdf04021000-7fdf08000000 ---p 00000000 00:00 0 
7fdf0c000000-7fdf0c021000 rw-p 00000000 00:00 0 
7fdf0c021000-7fdf10000000 ---p 00000000 00:00 0 
7fdf10000000-7fdf10021000 rw-p 00000000 00:00 0 
7fdf10021000-7fdf14000000 ---p 00000000 00:00 0 
7fdf14000000-7fdf14021000 rw-p 00000000 00:00 0 
7fdf14021000-7fdf18000000 ---p 00000000 00:00 0 
7fdf18000000-7fdf18021000 rw-p 00000000 00:00 0 
7fdf18021000-7fdf1c000000 ---p 00000000 00:00 0 
7fdf1c000000-7fdf1c021000 rw-p 00000000 00:00 0 
7fdf1c021000-7fdf20000000 ---p 00000000 00:00 0 
7fdf20000000-7fdf20021000 rw-p 00000000 00:00 0 
7fdf20021000-7fdf24000000 ---p 00000000 00:00 0 
7fdf24000000-7fdf24021000 rw-p 00000000 00:00 0 
7fdf24021000-7fdf28000000 ---p 00000000 00:00 0 
7fdf28000000-7fdf28021000 rw-p 00000000 00:00 0 
7fdf28021000-7fdf2c000000 ---p 00000000 00:00 0 
7fdf2c000000-7fdf2c021000 rw-p 00000000 00:00 0 
7fdf2c021000-7fdf30000000 ---p 00000000 00:00 0 
7fdf30000000-7fdf30021000 rw-p 00000000 00:00 0 
7fdf30021000-7fdf34000000 ---p 00000000 00:00 0 
7fdf34000000-7fdf34021000 rw-p 00000000 00:00 0 
7fdf34021000-7fdf38000000 ---p 00000000 00:00 0 
7fdf38000000-7fdf38021000 rw-p 00000000 00:00 0 
7fdf38021000-7fdf3c000000 ---p 00000000 00:00 0 
7fdf3c000000-7fdf3c021000 rw-p 00000000 00:00 0 
7fdf3c021000-7fdf40000000 ---p 00000000 00:00 0 
7fdf40000000-7fdf40021000 rw-p 00000000 00:00 0 
7fdf40021000-7fdf44000000 ---p 00000000 00:00 0 
7fdf44000000-7fdf44219000 rw-p 00000000 00:00 0 
7fdf44219000-7fdf48000000 ---p 00000000 00:00 0 
7fdf48000000-7fdf48021000 rw-p 00000000 00:00 0 
7fdf48021000-7fdf4c000000 ---p 00000000 00:00 0 
7fdf4c000000-7fdf4c021000 rw-p 00000000 00:00 0 
7fdf4c021000-7fdf50000000 ---p 00000000 00:00 0 
7fdf50000000-7fdf50021000 rw-p 00000000 00:00 0 
7fdf50021000-7fdf54000000 ---p 00000000 00:00 0 
7fdf54000000-7fdf54021000 rw-p 00000000 00:00 0 
7fdf54021000-7fdf58000000 ---p 00000000 00:00 0 
7fdf58000000-7fdf58021000 rw-p 00000000 00:00 0 
7fdf58021000-7fdf5c000000 ---p 00000000 00:00 0 
7fdf5c000000-7fdf5c021000 rw-p 00000000 00:00 0 
7fdf5c021000-7fdf60000000 ---p 00000000 00:00 0 
7fdf60000000-7fdf60021000 rw-p 00000000 00:00 0 
7fdf60021000-7fdf64000000 ---p 00000000 00:00 0 
7fdf64000000-7fdf64021000 rw-p 00000000 00:00 0 
7fdf64021000-7fdf68000000 ---p 00000000 00:00 0 
7fdf68000000-7fdf68021000 rw-p 00000000 00:00 0 
7fdf68021000-7fdf6c000000 ---p 00000000 00:00 0 
7fdf6c000000-7fdf6c021000 rw-p 00000000 00:00 0 
7fdf6c021000-7fdf70000000 ---p 00000000 00:00 0 
7fdf70000000-7fdf70021000 rw-p 00000000 00:00 0 
7fdf70021000-7fdf74000000 ---p 00000000 00:00 0 
7fdf74000000-7fdf741a4000 rw-p 00000000 00:00 0 
7fdf741a4000-7fdf78000000 ---p 00000000 00:00 0 
7fdf78000000-7fdf78023000 rw-p 00000000 00:00 0 
7fdf78023000-7fdf7c000000 ---p 00000000 00:00 0 
7fdf7c000000-7fdf7c021000 rw-p 00000000 00:00 0 
7fdf7c021000-7fdf80000000 ---p 00000000 00:00 0 
7fdf80000000-7fdf80021000 rw-p 00000000 00:00 0 
7fdf80021000-7fdf84000000 ---p 00000000 00:00 0 
7fdf84000000-7fdf84021000 rw-p 00000000 00:00 0 
7fdf84021000-7fdf88000000 ---p 00000000 00:00 0 
7fdf88000000-7fdf88021000 rw-p 00000000 00:00 0 
7fdf88021000-7fdf8c000000 ---p 00000000 00:00 0 
7fdf8c000000-7fdf8c021000 rw-p 00000000 00:00 0 
7fdf8c021000-7fdf90000000 ---p 00000000 00:00 0 
7fdf90000000-7fdf9022e000 rw-p 00000000 00:00 0 
7fdf9022e000-7fdf94000000 ---p 00000000 00:00 0 
7fdf94000000-7fdf94021000 rw-p 00000000 00:00 0 
7fdf94021000-7fdf98000000 ---p 00000000 00:00 0 
7fdf98000000-7fdf98021000 rw-p 00000000 00:00 0 
7fdf98021000-7fdf9c000000 ---p 00000000 00:00 0 
7fdf9c000000-7fdf9c021000 rw-p 00000000 00:00 0 
7fdf9c021000-7fdfa0000000 ---p 00000000 00:00 0 
7fdfa0000000-7fdfa0021000 rw-p 00000000 00:00 0 
7fdfa0021000-7fdfa4000000 ---p 00000000 00:00 0 
7fdfa4000000-7fdfa4021000 rw-p 00000000 00:00 0 
7fdfa4021000-7fdfa8000000 ---p 00000000 00:00 0 
7fdfa8de3000-7fdfa91c4000 rw-p 00000000 00:00 0 
7fdfa91c4000-7fdfa91c8000 ---p 00000000 00:00 0 
7fdfa91c8000-7fdfa92c4000 rw-p 00000000 00:00 0 
7fdfa92c4000-7fdfa92c8000 ---p 00000000 00:00 0 
7fdfa92c8000-7fdfa93c4000 rw-p 00000000 00:00 0 
7fdfa93c4000-7fdfa93c8000 ---p 00000000 00:00 0 
7fdfa93c8000-7fdfa94c4000 rw-p 00000000 00:00 0 
7fdfa94c4000-7fdfa94c8000 ---p 00000000 00:00 0 
7fdfa94c8000-7fdfa95c4000 rw-p 00000000 00:00 0 
7fdfa95c4000-7fdfa95c8000 ---p 00000000 00:00 0 
7fdfa95c8000-7fdfa96c4000 rw-p 00000000 00:00 0 
7fdfa96c4000-7fdfa96c8000 ---p 00000000 00:00 0 
7fdfa96c8000-7fdfa97c4000 rw-p 00000000 00:00 0 
7fdfa97c4000-7fdfa97c8000 ---p 00000000 00:00 0 
7fdfa97c8000-7fdfa98c4000 rw-p 00000000 00:00 0 
7fdfa98c4000-7fdfa98c8000 ---p 00000000 00:00 0 
7fdfa98c8000-7fdfa99c4000 rw-p 00000000 00:00 0 
7fdfa99c4000-7fdfa99c8000 ---p 00000000 00:00 0 
7fdfa99c8000-7fdfa9ac4000 rw-p 00000000 00:00 0 
7fdfa9ac4000-7fdfa9ac8000 ---p 00000000 00:00 0 
7fdfa9ac8000-7fdfa9bc4000 rw-p 00000000 00:00 0 
7fdfa9bc4000-7fdfa9bc8000 ---p 00000000 00:00 0 
7fdfa9bc8000-7fdfa9cc4000 rw-p 00000000 00:00 0 
7fdfa9cc4000-7fdfa9cc8000 ---p 00000000 00:00 0 
7fdfa9cc8000-7fdfa9dc4000 rw-p 00000000 00:00 0 
7fdfa9dc4000-7fdfa9dc8000 ---p 00000000 00:00 0 
7fdfa9dc8000-7fdfa9ec4000 rw-p 00000000 00:00 0 
7fdfa9ec4000-7fdfa9ec5000 ---p 00000000 00:00 0 
7fdfa9ec5000-7fdfa9fc5000 rw-p 00000000 00:00 0 
7fdfa9fc5000-7fdfa9fc6000 ---p 00000000 00:00 0 
7fdfa9fc6000-7fdfaa0c6000 rw-p 00000000 00:00 0 
7fdfaa0c6000-7fdfaa0ca000 ---p 00000000 00:00 0 
7fdfaa0ca000-7fdfaa1c6000 rw-p 00000000 00:00 0 
7fdfaa1c6000-7fdfaa1ca000 ---p 00000000 00:00 0 
7fdfaa1ca000-7fdfaa2c6000 rw-p 00000000 00:00 0 
7fdfaa2c6000-7fdfaa2c7000 ---p 00000000 00:00 0 
7fdfaa2c7000-7fdfaa3c7000 rw-p 00000000 00:00 0 
7fdfaa3c7000-7fdfaa3c8000 ---p 00000000 00:00 0 
7fdfaa3c8000-7fdfaa4c8000 rw-p 00000000 00:00 0 
7fdfaa4c8000-7fdfaa4c9000 ---p 00000000 00:00 0 
7fdfaa4c9000-7fdfaa5c9000 rw-p 00000000 00:00 0 
7fdfaa5c9000-7fdfaa5ca000 ---p 00000000 00:00 0 
7fdfaa5ca000-7fdfaa6ca000 rw-p 00000000 00:00 0 
7fdfaa6ca000-7fdfaa6cb000 ---p 00000000 00:00 0 
7fdfaa6cb000-7fdfaa7cb000 rw-p 00000000 00:00 0 
7fdfaa7cb000-7fdfaa7cc000 ---p 00000000 00:00 0 
7fdfaa7cc000-7fdfaa8cc000 rw-p 00000000 00:00 0 
7fdfaa8cc000-7fdfaa8cd000 ---p 00000000 00:00 0 
7fdfaa8cd000-7fdfaa9cd000 rw-p 00000000 00:00 0 
7fdfaa9cd000-7fdfaa9ce000 ---p 00000000 00:00 0 
7fdfaa9ce000-7fdfaaace000 rw-p 00000000 00:00 0 
7fdfaaace000-7fdfaaacf000 ---p 00000000 00:00 0 
7fdfaaacf000-7fdfaabcf000 rw-p 00000000 00:00 0 
7fdfaabcf000-7fdfaabd3000 ---p 00000000 00:00 0 
7fdfaabd3000-7fdfaaccf000 rw-p 00000000 00:00 0 
7fdfaaccf000-7fdfaacd3000 ---p 00000000 00:00 0 
7fdfaacd3000-7fdfaadcf000 rw-p 00000000 00:00 0 
7fdfaadcf000-7fdfaadd3000 ---p 00000000 00:00 0 
7fdfaadd3000-7fdfaaf00000 rw-p 00000000 00:00 0 
7fdfaaf00000-7fdfaaf04000 ---p 00000000 00:00 0 
7fdfaaf04000-7fdfab400000 rw-p 00000000 00:00 0 
7fdfab400000-7fdfac530000 rw-p 00000000 00:00 0 
7fdfac530000-7fdfac580000 ---p 00000000 00:00 0 
7fdfac580000-7fdfac5c0000 rw-p 00000000 00:00 0 
7fdfac5c0000-7fdfaf000000 ---p 00000000 00:00 0 
7fdfaf000000-7fdfafbc7000 rw-p 00001000 08:02 13399095                   /usr/lib/jvm/java-17-openjdk-amd64/lib/server/classes.jsa
7fdfafbc7000-7fdfb0000000 ---p 00000000 00:00 0 
7fdfb0000000-7fdfb0040000 rw-p 00000000 00:00 0 
7fdfb0040000-7fdfb0080000 rw-p 00000000 00:00 0 
7fdfb0080000-7fdfb00e0000 rw-p 00000000 00:00 0 
7fdfb00e0000-7fdfb0100000 rw-p 00000000 00:00 0 
7fdfb0100000-7fdfb0240000 rw-p 00000000 00:00 0 
7fdfb0240000-7fdfb0280000 rw-p 00000000 00:00 0 
7fdfb0280000-7fdfb03a0000 rw-p 00000000 00:00 0 
7fdfb03a0000-7fdff0000000 ---p 00000000 00:00 0 
7fdff0000000-7fdff0021000 rw-p 00000000 00:00 0 
7fdff0021000-7fdff4000000 ---p 00000000 00:00 0 
7fdff4000000-7fdff4021000 rw-p 00000000 00:00 0 
7fdff4021000-7fdff8000000 ---p 00000000 00:00 0 
7fdff8000000-7fdff8021000 rw-p 00000000 00:00 0 
7fdff8021000-7fdffc000000 ---p 00000000 00:00 0 
7fdffc000000-7fdffc021000 rw-p 00000000 00:00 0 
7fdffc021000-7fe000000000 ---p 00000000 00:00 0 
7fe000000000-7fe000021000 rw-p 00000000 00:00 0 
7fe000021000-7fe004000000 ---p 00000000 00:00 0 
7fe00400a000-7fe004011000 r--s 00000000 08:02 13515245                   /usr/lib/x86_64-linux-gnu/gconv/gconv-modules.cache
7fe004011000-7fe004012000 ---p 00000000 00:00 0 
7fe004012000-7fe004112000 rw-p 00000000 00:00 0 
7fe004112000-7fe004116000 ---p 00000000 00:00 0 
7fe004116000-7fe004212000 rw-p 00000000 00:00 0 
7fe004212000-7fe004216000 ---p 00000000 00:00 0 
7fe004216000-7fe004312000 rw-p 00000000 00:00 0 
7fe004312000-7fe004316000 ---p 00000000 00:00 0 
7fe004316000-7fe004412000 rw-p 00000000 00:00 0 
7fe004412000-7fe004416000 ---p 00000000 00:00 0 
7fe004416000-7fe004512000 rw-p 00000000 00:00 0 
7fe004512000-7fe004516000 ---p 00000000 00:00 0 
7fe004516000-7fe004612000 rw-p 00000000 00:00 0 
7fe004612000-7fe004616000 ---p 00000000 00:00 0 
7fe004616000-7fe004712000 rw-p 00000000 00:00 0 
7fe004712000-7fe004c87000 r--p 00000000 08:02 13374161                   /usr/lib/locale/locale-archive
7fe004c87000-7fe004c8b000 ---p 00000000 00:00 0 
7fe004c8b000-7fe004d87000 rw-p 00000000 00:00 0 
7fe004d87000-7fe004d8b000 ---p 00000000 00:00 0 
7fe004d8b000-7fe004e87000 rw-p 00000000 00:00 0 
7fe004e87000-7fe004e88000 ---p 00000000 00:00 0 
7fe004e88000-7fe004f88000 rw-p 00000000 00:00 0 
7fe004f88000-7fe004f8d000 r--p 00000000 08:02 13399077                   /usr/lib/jvm/java-17-openjdk-amd64/lib/libjsvml.so
7fe004f8d000-7fe004fce000 r-xp 00005000 08:02 13399077                   /usr/lib/jvm/java-17-openjdk-amd64/lib/libjsvml.so
7fe004fce000-7fe005057000 r--p 00046000 08:02 13399077                   /usr/lib/jvm/java-17-openjdk-amd64/lib/libjsvml.so
7fe005057000-7fe005058000 r--p 000ce000 08:02 13399077                   /usr/lib/jvm/java-17-openjdk-amd64/lib/libjsvml.so
7fe005058000-7fe005059000 rw-p 000cf000 08:02 13399077                   /usr/lib/jvm/java-17-openjdk-amd64/lib/libjsvml.so
7fe005059000-7fe0050da000 rw-p 00000000 00:00 0 
7fe0050da000-7fe0050db000 ---p 00000000 00:00 0 
7fe0050db000-7fe0051db000 rw-p 00000000 00:00 0 
7fe0051db000-7fe0051dc000 ---p 00000000 00:00 0 
7fe0051dc000-7fe007cd5000 rw-p 00000000 00:00 0 
7fe007cd5000-7fe008395000 ---p 00000000 00:00 0 
7fe008395000-7fe0083c5000 rw-p 00000000 00:00 0 
7fe0083c5000-7fe00f8f5000 ---p 00000000 00:00 0 
7fe00f8f5000-7fe00fa05000 rw-p 00000000 00:00 0 
7fe00fa05000-7fe0100c5000 ---p 00000000 00:00 0 
7fe0100c5000-7fe0100f5000 rw-p 00000000 00:00 0 
7fe0100f5000-7fe017625000 ---p 00000000 00:00 0 
7fe017625000-7fe017663000 rw-p 00000000 00:00 0 
7fe017663000-7fe01773b000 ---p 00000000 00:00 0 
7fe01773b000-7fe017741000 rw-p 00000000 00:00 0 
7fe017741000-7fe0185e7000 ---p 00000000 00:00 0 
7fe0185e7000-7fe018609000 rw-p 00000000 00:00 0 
7fe018609000-7fe0186e1000 ---p 00000000 00:00 0 
7fe0186e1000-7fe0186e7000 rw-p 00000000 00:00 0 
7fe0186e7000-7fe01958d000 ---p 00000000 00:00 0 
7fe01958d000-7fe019591000 rw-p 00000000 00:00 0 
7fe019591000-7fe019d91000 rwxp 00000000 00:00 0 
7fe019d91000-7fe01c591000 ---p 00000000 00:00 0 
7fe01c591000-7fe024000000 r--s 00000000 08:02 13399092                   /usr/lib/jvm/java-17-openjdk-amd64/lib/modules
7fe024000000-7fe024a49000 rw-p 00000000 00:00 0 
7fe024a49000-7fe028000000 ---p 00000000 00:00 0 
7fe028003000-7fe028004000 r--p 00000000 08:02 13399063                   /usr/lib/jvm/java-17-openjdk-amd64/lib/libextnet.so
7fe028004000-7fe028005000 r-xp 00001000 08:02 13399063                   /usr/lib/jvm/java-17-openjdk-amd64/lib/libextnet.so
7fe028005000-7fe028006000 r--p 00002000 08:02 13399063                   /usr/lib/jvm/java-17-openjdk-amd64/lib/libextnet.so
7fe028006000-7fe028007000 r--p 00002000 08:02 13399063                   /usr/lib/jvm/java-17-openjdk-amd64/lib/libextnet.so
7fe028007000-7fe028008000 rw-p 00003000 08:02 13399063                   /usr/lib/jvm/java-17-openjdk-amd64/lib/libextnet.so
7fe028008000-7fe02800a000 r--p 00000000 08:02 13399081                   /usr/lib/jvm/java-17-openjdk-amd64/lib/libmanagement_ext.so
7fe02800a000-7fe02800d000 r-xp 00002000 08:02 13399081                   /usr/lib/jvm/java-17-openjdk-amd64/lib/libmanagement_ext.so
7fe02800d000-7fe02800f000 r--p 00005000 08:02 13399081                   /usr/lib/jvm/java-17-openjdk-amd64/lib/libmanagement_ext.so
7fe02800f000-7fe028010000 r--p 00006000 08:02 13399081                   /usr/lib/jvm/java-17-openjdk-amd64/lib/libmanagement_ext.so
7fe028010000-7fe028011000 rw-p 00007000 08:02 13399081                   /usr/lib/jvm/java-17-openjdk-amd64/lib/libmanagement_ext.so
7fe028011000-7fe028013000 r--p 00000000 08:02 13399091                   /usr/lib/jvm/java-17-openjdk-amd64/lib/libzip.so
7fe028013000-7fe028018000 r-xp 00002000 08:02 13399091                   /usr/lib/jvm/java-17-openjdk-amd64/lib/libzip.so
7fe028018000-7fe02801a000 r--p 00007000 08:02 13399091                   /usr/lib/jvm/java-17-openjdk-amd64/lib/libzip.so
7fe02801a000-7fe02801b000 r--p 00008000 08:02 13399091                   /usr/lib/jvm/java-17-openjdk-amd64/lib/libzip.so
7fe02801b000-7fe02801c000 rw-p 00009000 08:02 13399091                   /usr/lib/jvm/java-17-openjdk-amd64/lib/libzip.so
7fe02801c000-7fe0280b8000 rw-p 00000000 00:00 0 
7fe0280ba000-7fe0280bc000 r--p 00000000 08:02 13399079                   /usr/lib/jvm/java-17-openjdk-amd64/lib/libmanagement.so
7fe0280bc000-7fe0280bd000 r-xp 00002000 08:02 13399079                   /usr/lib/jvm/java-17-openjdk-amd64/lib/libmanagement.so
7fe0280bd000-7fe0280be000 r--p 00003000 08:02 13399079                   /usr/lib/jvm/java-17-openjdk-amd64/lib/libmanagement.so
7fe0280be000-7fe0280bf000 r--p 00003000 08:02 13399079                   /usr/lib/jvm/java-17-openjdk-amd64/lib/libmanagement.so
7fe0280bf000-7fe0280c0000 rw-p 00004000 08:02 13399079                   /usr/lib/jvm/java-17-openjdk-amd64/lib/libmanagement.so
7fe0280c0000-7fe0280c4000 r--p 00000000 08:02 13399083                   /usr/lib/jvm/java-17-openjdk-amd64/lib/libnet.so
7fe0280c4000-7fe0280d2000 r-xp 00004000 08:02 13399083                   /usr/lib/jvm/java-17-openjdk-amd64/lib/libnet.so
7fe0280d2000-7fe0280d6000 r--p 00012000 08:02 13399083                   /usr/lib/jvm/java-17-openjdk-amd64/lib/libnet.so
7fe0280d6000-7fe0280d7000 r--p 00015000 08:02 13399083                   /usr/lib/jvm/java-17-openjdk-amd64/lib/libnet.so
7fe0280d7000-7fe0280d8000 rw-p 00016000 08:02 13399083                   /usr/lib/jvm/java-17-openjdk-amd64/lib/libnet.so
7fe0280d8000-7fe0280df000 r--p 00000000 08:02 13399084                   /usr/lib/jvm/java-17-openjdk-amd64/lib/libnio.so
7fe0280df000-7fe0280e8000 r-xp 00007000 08:02 13399084                   /usr/lib/jvm/java-17-openjdk-amd64/lib/libnio.so
7fe0280e8000-7fe0280ec000 r--p 00010000 08:02 13399084                   /usr/lib/jvm/java-17-openjdk-amd64/lib/libnio.so
7fe0280ec000-7fe0280ed000 ---p 00014000 08:02 13399084                   /usr/lib/jvm/java-17-openjdk-amd64/lib/libnio.so
7fe0280ed000-7fe0280ee000 r--p 00014000 08:02 13399084                   /usr/lib/jvm/java-17-openjdk-amd64/lib/libnio.so
7fe0280ee000-7fe0280ef000 rw-p 00015000 08:02 13399084                   /usr/lib/jvm/java-17-openjdk-amd64/lib/libnio.so
7fe0280ef000-7fe0281f0000 rw-p 00000000 00:00 0 
7fe0281f0000-7fe0281f1000 ---p 00000000 00:00 0 
7fe0281f1000-7fe0282f1000 rw-p 00000000 00:00 0 
7fe0282f1000-7fe0282f2000 ---p 00000000 00:00 0 
7fe0282f2000-7fe0283f2000 rw-p 00000000 00:00 0 
7fe0283f2000-7fe0283f3000 ---p 00000000 00:00 0 
7fe0283f3000-7fe0285d2000 rw-p 00000000 00:00 0 
7fe0285d2000-7fe0286aa000 ---p 00000000 00:00 0 
7fe0286aa000-7fe0286b0000 rw-p 00000000 00:00 0 
7fe0286b0000-7fe029556000 ---p 00000000 00:00 0 
7fe029556000-7fe029fb3000 rw-p 00000000 00:00 0 
7fe029fb3000-7fe02a003000 ---p 00000000 00:00 0 
7fe02a003000-7fe02a00f000 r--p 00000000 08:02 13399070                   /usr/lib/jvm/java-17-openjdk-amd64/lib/libjava.so
7fe02a00f000-7fe02a022000 r-xp 0000c000 08:02 13399070                   /usr/lib/jvm/java-17-openjdk-amd64/lib/libjava.so
7fe02a022000-7fe02a028000 r--p 0001f000 08:02 13399070                   /usr/lib/jvm/java-17-openjdk-amd64/lib/libjava.so
7fe02a028000-7fe02a029000 r--p 00024000 08:02 13399070                   /usr/lib/jvm/java-17-openjdk-amd64/lib/libjava.so
7fe02a029000-7fe02a02a000 rw-p 00025000 08:02 13399070                   /usr/lib/jvm/java-17-openjdk-amd64/lib/libjava.so
7fe02a02a000-7fe02a02b000 rw-p 00000000 00:00 0 
7fe02a02b000-7fe02a02f000 ---p 00000000 00:00 0 
7fe02a02f000-7fe02a12b000 rw-p 00000000 00:00 0 
7fe02a12b000-7fe02a12e000 r--p 00000000 08:02 13369903                   /usr/lib/x86_64-linux-gnu/libgcc_s.so.1
7fe02a12e000-7fe02a145000 r-xp 00003000 08:02 13369903                   /usr/lib/x86_64-linux-gnu/libgcc_s.so.1
7fe02a145000-7fe02a149000 r--p 0001a000 08:02 13369903                   /usr/lib/x86_64-linux-gnu/libgcc_s.so.1
7fe02a149000-7fe02a14a000 r--p 0001d000 08:02 13369903                   /usr/lib/x86_64-linux-gnu/libgcc_s.so.1
7fe02a14a000-7fe02a14b000 rw-p 0001e000 08:02 13369903                   /usr/lib/x86_64-linux-gnu/libgcc_s.so.1
7fe02a14b000-7fe02a159000 r--p 00000000 08:02 13370571                   /usr/lib/x86_64-linux-gnu/libm.so.6
7fe02a159000-7fe02a1d5000 r-xp 0000e000 08:02 13370571                   /usr/lib/x86_64-linux-gnu/libm.so.6
7fe02a1d5000-7fe02a230000 r--p 0008a000 08:02 13370571                   /usr/lib/x86_64-linux-gnu/libm.so.6
7fe02a230000-7fe02a231000 r--p 000e4000 08:02 13370571                   /usr/lib/x86_64-linux-gnu/libm.so.6
7fe02a231000-7fe02a232000 rw-p 000e5000 08:02 13370571                   /usr/lib/x86_64-linux-gnu/libm.so.6
7fe02a232000-7fe02a2cc000 r--p 00000000 08:02 13369612                   /usr/lib/x86_64-linux-gnu/libstdc++.so.6.0.30
7fe02a2cc000-7fe02a3dd000 r-xp 0009a000 08:02 13369612                   /usr/lib/x86_64-linux-gnu/libstdc++.so.6.0.30
7fe02a3dd000-7fe02a44c000 r--p 001ab000 08:02 13369612                   /usr/lib/x86_64-linux-gnu/libstdc++.so.6.0.30
7fe02a44c000-7fe02a44d000 ---p 0021a000 08:02 13369612                   /usr/lib/x86_64-linux-gnu/libstdc++.so.6.0.30
7fe02a44d000-7fe02a458000 r--p 0021a000 08:02 13369612                   /usr/lib/x86_64-linux-gnu/libstdc++.so.6.0.30
7fe02a458000-7fe02a45b000 rw-p 00225000 08:02 13369612                   /usr/lib/x86_64-linux-gnu/libstdc++.so.6.0.30
7fe02a45b000-7fe02a45e000 rw-p 00000000 00:00 0 
7fe02a45e000-7fe02a6af000 r--p 00000000 08:02 13399098                   /usr/lib/jvm/java-17-openjdk-amd64/lib/server/libjvm.so
7fe02a6af000-7fe02b413000 r-xp 00251000 08:02 13399098                   /usr/lib/jvm/java-17-openjdk-amd64/lib/server/libjvm.so
7fe02b413000-7fe02b695000 r--p 00fb5000 08:02 13399098                   /usr/lib/jvm/java-17-openjdk-amd64/lib/server/libjvm.so
7fe02b695000-7fe02b696000 ---p 01237000 08:02 13399098                   /usr/lib/jvm/java-17-openjdk-amd64/lib/server/libjvm.so
7fe02b696000-7fe02b74e000 r--p 01237000 08:02 13399098                   /usr/lib/jvm/java-17-openjdk-amd64/lib/server/libjvm.so
7fe02b74e000-7fe02b783000 rw-p 012ef000 08:02 13399098                   /usr/lib/jvm/java-17-openjdk-amd64/lib/server/libjvm.so
7fe02b783000-7fe02b7e0000 rw-p 00000000 00:00 0 
7fe02b7e0000-7fe02b808000 r--p 00000000 08:02 13370567                   /usr/lib/x86_64-linux-gnu/libc.so.6
7fe02b808000-7fe02b99d000 r-xp 00028000 08:02 13370567                   /usr/lib/x86_64-linux-gnu/libc.so.6
7fe02b99d000-7fe02b9f5000 r--p 001bd000 08:02 13370567                   /usr/lib/x86_64-linux-gnu/libc.so.6
7fe02b9f5000-7fe02b9f6000 ---p 00215000 08:02 13370567                   /usr/lib/x86_64-linux-gnu/libc.so.6
7fe02b9f6000-7fe02b9fa000 r--p 00215000 08:02 13370567                   /usr/lib/x86_64-linux-gnu/libc.so.6
7fe02b9fa000-7fe02b9fc000 rw-p 00219000 08:02 13370567                   /usr/lib/x86_64-linux-gnu/libc.so.6
7fe02b9fc000-7fe02ba09000 rw-p 00000000 00:00 0 
7fe02ba09000-7fe02ba0b000 r--p 00000000 08:02 13399074                   /usr/lib/jvm/java-17-openjdk-amd64/lib/libjli.so
7fe02ba0b000-7fe02ba15000 r-xp 00002000 08:02 13399074                   /usr/lib/jvm/java-17-openjdk-amd64/lib/libjli.so
7fe02ba15000-7fe02ba18000 r--p 0000c000 08:02 13399074                   /usr/lib/jvm/java-17-openjdk-amd64/lib/libjli.so
7fe02ba18000-7fe02ba19000 r--p 0000e000 08:02 13399074                   /usr/lib/jvm/java-17-openjdk-amd64/lib/libjli.so
7fe02ba19000-7fe02ba1a000 rw-p 0000f000 08:02 13399074                   /usr/lib/jvm/java-17-openjdk-amd64/lib/libjli.so
7fe02ba1a000-7fe02ba1c000 r--p 00000000 08:02 13402577                   /usr/lib/x86_64-linux-gnu/libz.so.1.2.11
7fe02ba1c000-7fe02ba2d000 r-xp 00002000 08:02 13402577                   /usr/lib/x86_64-linux-gnu/libz.so.1.2.11
7fe02ba2d000-7fe02ba33000 r--p 00013000 08:02 13402577                   /usr/lib/x86_64-linux-gnu/libz.so.1.2.11
7fe02ba33000-7fe02ba34000 ---p 00019000 08:02 13402577                   /usr/lib/x86_64-linux-gnu/libz.so.1.2.11
7fe02ba34000-7fe02ba35000 r--p 00019000 08:02 13402577                   /usr/lib/x86_64-linux-gnu/libz.so.1.2.11
7fe02ba35000-7fe02ba36000 rw-p 0001a000 08:02 13402577                   /usr/lib/x86_64-linux-gnu/libz.so.1.2.11
7fe02ba3a000-7fe02ba42000 rw-s 00000000 08:02 3410163                    /tmp/hsperfdata_driver/79446
7fe02ba42000-7fe02ba43000 ---p 00000000 00:00 0 
7fe02ba43000-7fe02ba44000 r--p 00000000 00:00 0 
7fe02ba44000-7fe02ba46000 r--p 00000000 08:02 13399073                   /usr/lib/jvm/java-17-openjdk-amd64/lib/libjimage.so
7fe02ba46000-7fe02ba49000 r-xp 00002000 08:02 13399073                   /usr/lib/jvm/java-17-openjdk-amd64/lib/libjimage.so
7fe02ba49000-7fe02ba4a000 r--p 00005000 08:02 13399073                   /usr/lib/jvm/java-17-openjdk-amd64/lib/libjimage.so
7fe02ba4a000-7fe02ba4b000 ---p 00006000 08:02 13399073                   /usr/lib/jvm/java-17-openjdk-amd64/lib/libjimage.so
7fe02ba4b000-7fe02ba4c000 r--p 00006000 08:02 13399073                   /usr/lib/jvm/java-17-openjdk-amd64/lib/libjimage.so
7fe02ba4c000-7fe02ba4d000 rw-p 00007000 08:02 13399073                   /usr/lib/jvm/java-17-openjdk-amd64/lib/libjimage.so
7fe02ba4d000-7fe02ba4f000 rw-p 00000000 00:00 0 
7fe02ba4f000-7fe02ba51000 r--p 00000000 08:02 13370134                   /usr/lib/x86_64-linux-gnu/ld-linux-x86-64.so.2
7fe02ba51000-7fe02ba7b000 r-xp 00002000 08:02 13370134                   /usr/lib/x86_64-linux-gnu/ld-linux-x86-64.so.2
7fe02ba7b000-7fe02ba86000 r--p 0002c000 08:02 13370134                   /usr/lib/x86_64-linux-gnu/ld-linux-x86-64.so.2
7fe02ba86000-7fe02ba87000 ---p 00000000 00:00 0 
7fe02ba87000-7fe02ba89000 r--p 00037000 08:02 13370134                   /usr/lib/x86_64-linux-gnu/ld-linux-x86-64.so.2
7fe02ba89000-7fe02ba8b000 rw-p 00039000 08:02 13370134                   /usr/lib/x86_64-linux-gnu/ld-linux-x86-64.so.2
7ffc4da06000-7ffc4da29000 rw-p 00000000 00:00 0                          [stack]
7ffc4da96000-7ffc4da9a000 r--p 00000000 00:00 0                          [vvar]
7ffc4da9a000-7ffc4da9c000 r-xp 00000000 00:00 0                          [vdso]
ffffffffff600000-ffffffffff601000 --xp 00000000 00:00 0                  [vsyscall]


VM Arguments:
jvm_args: -XX:TieredStopAtLevel=1 
java_command: com.SurpizzaApplication
java_class_path (initial): /home/driver/Desktop/linux_dev/surpizza/server/target/classes:/home/driver/.m2/repository/org/springframework/boot/spring-boot/3.3.0/spring-boot-3.3.0.jar:/home/driver/.m2/repository/org/springframework/boot/spring-boot-autoconfigure/3.3.0/spring-boot-autoconfigure-3.3.0.jar:/home/driver/.m2/repository/ch/qos/logback/logback-classic/1.5.6/logback-classic-1.5.6.jar:/home/driver/.m2/repository/ch/qos/logback/logback-core/1.5.6/logback-core-1.5.6.jar:/home/driver/.m2/repository/org/apache/logging/log4j/log4j-to-slf4j/2.23.1/log4j-to-slf4j-2.23.1.jar:/home/driver/.m2/repository/org/apache/logging/log4j/log4j-api/2.23.1/log4j-api-2.23.1.jar:/home/driver/.m2/repository/org/slf4j/jul-to-slf4j/2.0.13/jul-to-slf4j-2.0.13.jar:/home/driver/.m2/repository/jakarta/annotation/jakarta.annotation-api/2.1.1/jakarta.annotation-api-2.1.1.jar:/home/driver/.m2/repository/org/yaml/snakeyaml/2.2/snakeyaml-2.2.jar:/home/driver/.m2/repository/com/fasterxml/jackson/core/jackson-databind/2.17.1/jackson-databind-2.17.1.jar:/home/driver/.m2/repository/com/fasterxml/jackson/core/jackson-annotations/2.17.1/jackson-annotations-2.17.1.jar:/home/driver/.m2/repository/com/fasterxml/jackson/core/jackson-core/2.17.1/jackson-core-2.17.1.jar:/home/driver/.m2/repository/com/fasterxml/jackson/datatype/jackson-datatype-jdk8/2.17.1/jackson-datatype-jdk8-2.17.1.jar:/home/driver/.m2/repository/com/fasterxml/jackson/datatype/jackson-datatype-jsr310/2.17.1/jackson-datatype-jsr310-2.17.1.jar:/home/driver/.m2/repository/com/fasterxml/jackson/module/jackson-module-parameter-names/2.17.1/jackson-module-parameter-names-2.17.1.jar:/home/driver/.m2/repository/org/apache/tomcat/embed/tomcat-embed-core/10.1.24/tomcat-embed-core-10.1.24.jar:/home/driver/.m2/repository/org/apache/tomcat/embed/tomcat-embed-el/10.1.24/tomcat-embed-el-10.1.24.jar:/home/driver/.m2/repository/org/apache/tomcat/embed/tomcat-embed-websocket/10.1.24/tomcat-embed-websocket-10.1.24.jar:/home/driver/.m2/repository/org/spr
Launcher Type: SUN_STANDARD

[Global flags]
     intx CICompilerCount                          = 4                                         {product} {ergonomic}
     uint ConcGCThreads                            = 3                                         {product} {ergonomic}
     uint G1ConcRefinementThreads                  = 10                                        {product} {ergonomic}
   size_t G1HeapRegionSize                         = 4194304                                   {product} {ergonomic}
    uintx GCDrainStackTargetSize                   = 64                                        {product} {ergonomic}
   size_t InitialHeapSize                          = 528482304                                 {product} {ergonomic}
   size_t MarkStackSize                            = 4194304                                   {product} {ergonomic}
   size_t MaxHeapSize                              = 8401190912                                {product} {ergonomic}
   size_t MaxNewSize                               = 5037359104                                {product} {ergonomic}
   size_t MinHeapDeltaBytes                        = 4194304                                   {product} {ergonomic}
   size_t MinHeapSize                              = 8388608                                   {product} {ergonomic}
    uintx NonProfiledCodeHeapSize                  = 0                                      {pd product} {ergonomic}
     bool ProfileInterpreter                       = false                                  {pd product} {command line}
    uintx ProfiledCodeHeapSize                     = 0                                      {pd product} {ergonomic}
   size_t SoftMaxHeapSize                          = 8401190912                             {manageable} {ergonomic}
     intx TieredStopAtLevel                        = 1                                         {product} {command line}
     bool UseCompressedClassPointers               = true                           {product lp64_product} {ergonomic}
     bool UseCompressedOops                        = true                           {product lp64_product} {ergonomic}
     bool UseG1GC                                  = true                                      {product} {ergonomic}

Logging:
Log output configuration:
 #0: stdout all=warning uptime,level,tags
 #1: stderr all=off uptime,level,tags

Environment Variables:
PATH=/home/driver/Desktop/linux_dev/surpizza/server/node_modules/.bin:/home/driver/Desktop/linux_dev/surpizza/server/node_modules/.bin:/home/driver/Desktop/linux_dev/surpizza/node_modules/.bin:/home/driver/Desktop/linux_dev/node_modules/.bin:/home/driver/Desktop/node_modules/.bin:/home/driver/node_modules/.bin:/home/node_modules/.bin:/node_modules/.bin:/home/driver/.nvm/versions/node/v21.5.0/lib/node_modules/npm/node_modules/@npmcli/run-script/lib/node-gyp-bin:/home/driver/.local/share/pnpm:/home/driver/.nvm/versions/node/v21.5.0/bin:/home/driver/.cargo/bin:/usr/local/sbin:/usr/local/bin:/usr/sbin:/usr/bin:/sbin:/bin:/usr/games:/usr/local/games:/snap/bin:/home/driver/scripts:/home/driver/mongodb-database-tools-amazon2-x86_64-100.9.4/bin:/usr/local/go/bin:/home/driver/go/bin:/home/driver/.dotnet
SHELL=/bin/bash
DISPLAY=:0
LANG=en_US.UTF-8
LC_CTYPE=en_US.UTF-8
LC_NUMERIC=it_IT.UTF-8
LC_TIME=it_IT.UTF-8
TERM=xterm-256color

Active Locale:
LC_ALL=LC_CTYPE=en_US.UTF-8;LC_NUMERIC=it_IT.UTF-8;LC_TIME=it_IT.UTF-8;LC_COLLATE=en_US.UTF-8;LC_MONETARY=it_IT.UTF-8;LC_MESSAGES=en_US.UTF-8;LC_PAPER=it_IT.UTF-8;LC_NAME=it_IT.UTF-8;LC_ADDRESS=it_IT.UTF-8;LC_TELEPHONE=it_IT.UTF-8;LC_MEASUREMENT=it_IT.UTF-8;LC_IDENTIFICATION=it_IT.UTF-8
LC_COLLATE=en_US.UTF-8
LC_CTYPE=en_US.UTF-8
LC_MESSAGES=en_US.UTF-8
LC_MONETARY=it_IT.UTF-8
LC_NUMERIC=it_IT.UTF-8
LC_TIME=it_IT.UTF-8

Signal Handlers:
   SIGSEGV: crash_handler in libjvm.so, mask=11100100010111111101111111111110, flags=SA_RESTART|SA_SIGINFO, unblocked
    SIGBUS: crash_handler in libjvm.so, mask=11100100010111111101111111111110, flags=SA_RESTART|SA_SIGINFO, unblocked
    SIGFPE: crash_handler in libjvm.so, mask=11100100010111111101111111111110, flags=SA_RESTART|SA_SIGINFO, unblocked
   SIGPIPE: javaSignalHandler in libjvm.so, mask=11100100010111111101111111111110, flags=SA_RESTART|SA_SIGINFO, blocked
   SIGXFSZ: javaSignalHandler in libjvm.so, mask=11100100010111111101111111111110, flags=SA_RESTART|SA_SIGINFO, blocked
    SIGILL: crash_handler in libjvm.so, mask=11100100010111111101111111111110, flags=SA_RESTART|SA_SIGINFO, unblocked
   SIGUSR2: SR_handler in libjvm.so, mask=00100000000000000000000000000000, flags=SA_RESTART|SA_SIGINFO, blocked
    SIGHUP: UserHandler in libjvm.so, mask=11100100010111111101111111111110, flags=SA_RESTART|SA_SIGINFO, blocked
    SIGINT: UserHandler in libjvm.so, mask=11100100010111111101111111111110, flags=SA_RESTART|SA_SIGINFO, blocked
   SIGTERM: UserHandler in libjvm.so, mask=11100100010111111101111111111110, flags=SA_RESTART|SA_SIGINFO, blocked
   SIGQUIT: UserHandler in libjvm.so, mask=11100100010111111101111111111110, flags=SA_RESTART|SA_SIGINFO, blocked
   SIGTRAP: crash_handler in libjvm.so, mask=11100100010111111101111111111110, flags=SA_RESTART|SA_SIGINFO, unblocked


Periodic native trim disabled


---------------  S Y S T E M  ---------------

OS:
DISTRIB_ID=LinuxMint
DISTRIB_RELEASE=21.3
DISTRIB_CODENAME=virginia
DISTRIB_DESCRIPTION="Linux Mint 21.3 Virginia"
uname: Linux 5.15.0-107-generic #117-Ubuntu SMP Fri Apr 26 12:26:49 UTC 2024 x86_64
OS uptime: 0 days 1:10 hours
libc: glibc 2.35 NPTL 2.35 
rlimit (soft/hard): STACK 8192k/infinity , CORE 0k/infinity , NPROC 127278/127278 , NOFILE 1048576/1048576 , AS infinity/infinity , CPU infinity/infinity , DATA infinity/infinity , FSIZE infinity/infinity , MEMLOCK 4100632k/4100632k
load average: 1,55 2,08 1,94

/proc/meminfo:
MemTotal:       32805060 kB
MemFree:        19734636 kB
MemAvailable:   24847840 kB
Buffers:          301316 kB
Cached:          5191004 kB
SwapCached:            0 kB
Active:          2344036 kB
Inactive:        9662936 kB
Active(anon):       6636 kB
Inactive(anon):  6728500 kB
Active(file):    2337400 kB
Inactive(file):  2934436 kB
Unevictable:          64 kB
Mlocked:              64 kB
SwapTotal:       2097148 kB
SwapFree:        2097148 kB
Dirty:                36 kB
Writeback:             0 kB
AnonPages:       6514492 kB
Mapped:          1646328 kB
Shmem:            220484 kB
KReclaimable:     303916 kB
Slab:             539064 kB
SReclaimable:     303916 kB
SUnreclaim:       235148 kB
KernelStack:       29344 kB
PageTables:        77920 kB
NFS_Unstable:          0 kB
Bounce:                0 kB
WritebackTmp:          0 kB
CommitLimit:    18499676 kB
Committed_AS:   33877844 kB
VmallocTotal:   34359738367 kB
VmallocUsed:      174444 kB
VmallocChunk:          0 kB
Percpu:            41472 kB
HardwareCorrupted:     0 kB
AnonHugePages:         0 kB
ShmemHugePages:        0 kB
ShmemPmdMapped:        0 kB
FileHugePages:         0 kB
FilePmdMapped:         0 kB
HugePages_Total:       0
HugePages_Free:        0
HugePages_Rsvd:        0
HugePages_Surp:        0
Hugepagesize:       2048 kB
Hugetlb:               0 kB
DirectMap4k:      870124 kB
DirectMap2M:    13758464 kB
DirectMap1G:    19922944 kB

/sys/kernel/mm/transparent_hugepage/enabled: always [madvise] never
/sys/kernel/mm/transparent_hugepage/defrag (defrag/compaction efforts parameter): always defer defer+madvise [madvise] never

Process Memory:
Virtual Size: 12969152K (peak: 13030536K)
Resident Set Size: 155016K (peak: 155016K) (anon: 133480K, file: 21536K, shmem: 0K)
Swapped out: 0K
C-Heap outstanding allocations: 40478K, retained: 8473K
glibc malloc tunables: (default)

/proc/sys/kernel/threads-max (system-wide limit on the number of threads): 254557
/proc/sys/vm/max_map_count (maximum number of memory map areas a process may have): 262144
/proc/sys/kernel/pid_max (system-wide limit on number of process identifiers): 4194304

container (cgroup) information:
container_type: cgroupv2
cpu_cpuset_cpus: not supported
cpu_memory_nodes: not supported
active_processor_count: 12
cpu_quota: not supported
cpu_period: not supported
cpu_shares: not supported
memory_limit_in_bytes: unlimited
memory_and_swap_limit_in_bytes: unlimited
memory_soft_limit_in_bytes: unlimited
memory_usage_in_bytes: 9380564 k
memory_max_usage_in_bytes: not supported
memory_swap_current_in_bytes: unlimited
memory_swap_max_limit_in_bytes: unlimited
maximum number of tasks: unlimited
current number of tasks: 1188

Steal ticks since vm start: 0
Steal ticks percentage since vm start:  0,000

CPU: total 12 (initial active 12) (12 cores per cpu, 2 threads per core) family 23 model 8 stepping 2 microcode 0x800820d, cx8, cmov, fxsr, ht, mmx, 3dnowpref, sse, sse2, sse3, ssse3, sse4a, sse4.1, sse4.2, popcnt, lzcnt, tsc, tscinvbit, avx, avx2, aes, clmul, bmi1, bmi2, adx, sha, fma, vzeroupper, clflush, clflushopt
CPU Model and flags from /proc/cpuinfo:
model name	: AMD Ryzen 5 2600 Six-Core Processor
flags		: fpu vme de pse tsc msr pae mce cx8 apic sep mtrr pge mca cmov pat pse36 clflush mmx fxsr sse sse2 ht syscall nx mmxext fxsr_opt pdpe1gb rdtscp lm constant_tsc rep_good nopl nonstop_tsc cpuid extd_apicid aperfmperf rapl pni pclmulqdq monitor ssse3 fma cx16 sse4_1 sse4_2 movbe popcnt aes xsave avx f16c rdrand lahf_lm cmp_legacy svm extapic cr8_legacy abm sse4a misalignsse 3dnowprefetch osvw skinit wdt tce topoext perfctr_core perfctr_nb bpext perfctr_llc mwaitx cpb hw_pstate ssbd ibpb vmmcall fsgsbase bmi1 avx2 smep bmi2 rdseed adx smap clflushopt sha_ni xsaveopt xsavec xgetbv1 clzero irperf xsaveerptr arat npt lbrv svm_lock nrip_save tsc_scale vmcb_clean flushbyasid decodeassists pausefilter pfthreshold avic v_vmsave_vmload vgif overflow_recov succor smca sme sev sev_es

Online cpus: 0-11
Offline cpus: 12-31
BIOS frequency limitation: <Not Available>
Frequency switch latency (ns): <Not Available>
Available cpu frequencies: <Not Available>
Current governor: <Not Available>
Core performance/turbo boost: <Not Available>

Memory: 4k page, physical 32805060k(19731980k free), swap 2097148k(2097148k free)
Page Sizes: 4k

vm_info: OpenJDK 64-Bit Server VM (17.0.10+7-Ubuntu-122.04.1) for linux-amd64 JRE (17.0.10+7-Ubuntu-122.04.1), built on Feb  5 2024 21:02:31 by "buildd" with gcc 11.4.0

END.
