#
# A fatal error has been detected by the Java Runtime Environment:
#
#  SIGSEGV (0xb) at pc=0x00007fa3a5777b7b, pid=58604, tid=58604
#
# JRE version: OpenJDK Runtime Environment (17.0.10+7) (build 17.0.10+7-Ubuntu-122.04.1)
# Java VM: OpenJDK 64-Bit Server VM (17.0.10+7-Ubuntu-122.04.1, mixed mode, sharing, tiered, compressed oops, compressed class ptrs, g1 gc, linux-amd64)
# Problematic frame:
# V  [libjvm.so+0xdd0b7b]  SR_handler(int, siginfo_t*, ucontext_t*)+0xab
#
# Core dump will be written. Default location: Core dumps may be processed with "/lib/systemd/systemd-coredump %P %u %g %s %t 9223372036854775808 %h" (or dumping to /home/driver/Desktop/linux_dev/surpizza/server/core.58604)
#
# If you would like to submit a bug report, please visit:
#   Unknown
#

---------------  S U M M A R Y ------------

Command Line: -Dclassworlds.conf=/usr/share/maven/bin/m2.conf -Dmaven.home=/usr/share/maven -Dlibrary.jansi.path=/usr/share/maven/lib/jansi-native -Dmaven.multiModuleProjectDirectory=/home/driver/Desktop/linux_dev/surpizza/server org.codehaus.plexus.classworlds.launcher.Launcher spring-boot:run

Host: AMD Ryzen 5 2600 Six-Core Processor, 12 cores, 31G, Linux Mint 21.3 Virginia
Time: Thu Jun  6 16:12:05 2024 CEST elapsed time: 5.254411 seconds (0d 0h 0m 5s)

---------------  T H R E A D  ---------------

Current thread is native thread

Stack: [0x00007ffe82076000,0x00007ffe82873000],  sp=0x00007ffe8286e330,  free space=8160k
Native frames: (J=compiled Java code, j=interpreted, Vv=VM code, C=native code)
V  [libjvm.so+0xdd0b7b]  SR_handler(int, siginfo_t*, ucontext_t*)+0xab
C  [libc.so.6+0x42520]


siginfo: si_signo: 11 (SIGSEGV), si_code: 1 (SEGV_MAPERR), si_addr: 0x0000000000000268

Registers:
RAX=0x0000000000000000, RBX=0x00007ffe8286e340, RCX=0x00007fa3a5dc4c1b, RDX=0x0000000000000000
RSP=0x00007ffe8286e330, RBP=0x00007ffe8286e3f0, RSI=0x00007ffe8286e340, RDI=0x0000000000000000
R8 =0x0000000000000000, R9 =0x00000000ffffffff, R10=0x0000000000000008, R11=0x0000000000000246
R12=0x00007fa3a5d266c0, R13=0x0000000000000000, R14=0x0000000000000000, R15=0x0000000000000000
RIP=0x00007fa3a5777b7b, EFLAGS=0x0000000000010246, CSGSFS=0x002b000000000033, ERR=0x0000000000000004
  TRAPNO=0x000000000000000e


Top of Stack: (sp=0x00007ffe8286e330)
0x00007ffe8286e330:   00007ffe8286e530 00007ffe8286e400
0x00007ffe8286e340:   00000000000004d8 0000000000000009
0x00007ffe8286e350:   0000000000000000 0000000000000000
0x00007ffe8286e360:   0000000000000000 0000000000000000
0x00007ffe8286e370:   0000000000000000 0000000024bbd60a
0x00007ffe8286e380:   00007ffe8286e4c0 00007fa3a5d447e0
0x00007ffe8286e390:   00007fa3a5f970f0 00007ffe8286e420
0x00007ffe8286e3a0:   00007ffe8286e430 00007fa3a5fa4211
0x00007ffe8286e3b0:   0000000000000004 00007fa3a5f97a50
0x00007ffe8286e3c0:   0000000000000001 00007fa3a4673640
0x00007ffe8286e3d0:   0000000000000000 000000000000e4ff
0x00007ffe8286e3e0:   0000000000000000 0000000000000000
0x00007ffe8286e3f0:   00007ffe8286ea58 00007fa3a5d6b520
0x00007ffe8286e400:   0000000000000007 0000000000000000
0x00007ffe8286e410:   0000000000000000 00007ffe00000002
0x00007ffe8286e420:   0000000000000000 0000000000000000
0x00007ffe8286e430:   00000000ffffffff 0000000000000000
0x00007ffe8286e440:   0000000000000246 0000000000000000
0x00007ffe8286e450:   000000000000e4ff 0000000000000000
0x00007ffe8286e460:   0000000000000000 00007fa3a4673910
0x00007ffe8286e470:   0000000000000109 00007ffe8286ea58
0x00007ffe8286e480:   00007fa3a4673640 000000000000e4ff
0x00007ffe8286e490:   00000000000000ca 00007fa3a5dba117
0x00007ffe8286e4a0:   00007ffe8286e990 00007fa3a5dba115
0x00007ffe8286e4b0:   0000000000000246 002b000000000033
0x00007ffe8286e4c0:   0000000000000000 0000000000000000
0x00007ffe8286e4d0:   0000000000000000 0000000000000000
0x00007ffe8286e4e0:   00007ffe8286e5c0 0000000000000000
0x00007ffe8286e4f0:   00007ffe8286ea60 00007fa3a5faddae
0x00007ffe8286e500:   00007fa3a4673950 0000000000000000
0x00007ffe8286e510:   0000000000000003 0000000000100000
0x00007ffe8286e520:   00007fa3a4673640 0000000000000000 

Instructions: (pc=0x00007fa3a5777b7b)
0x00007fa3a5777a7b:   58 00 00 74 30 48 8d 05 59 82 58 00 48 8d 14 98
0x00007fa3a5777a8b:   b8 01 00 00 00 f0 0f c1 02 48 8b 3d 4d 83 58 00
0x00007fa3a5777a9b:   48 83 ec 80 be 01 00 00 00 5b 41 5c 5d e9 a3 19
0x00007fa3a5777aab:   f2 ff 0f 1f 00 48 83 ec 80 5b 41 5c 5d c3 0f 1f
0x00007fa3a5777abb:   80 00 00 00 00 e8 9b df 15 00 84 c0 74 ad e8 22
0x00007fa3a5777acb:   1b 48 ff eb a6 f3 0f 1e fa 55 66 48 0f 6e d2 66
0x00007fa3a5777adb:   48 0f 6e ce 66 0f 6c ca 48 89 e5 41 57 41 56 41
0x00007fa3a5777aeb:   55 41 54 53 48 8d 9d 50 ff ff ff 48 81 ec 98 00
0x00007fa3a5777afb:   00 00 0f 29 8d 40 ff ff ff e8 67 12 48 ff 48 89
0x00007fa3a5777b0b:   df 44 8b 28 49 89 c4 e8 a9 0e 48 ff be 04 00 00
0x00007fa3a5777b1b:   00 48 89 df e8 ec 10 48 ff be 07 00 00 00 48 89
0x00007fa3a5777b2b:   df e8 df 10 48 ff be 08 00 00 00 48 89 df e8 d2
0x00007fa3a5777b3b:   10 48 ff be 0b 00 00 00 48 89 df e8 c5 10 48 ff
0x00007fa3a5777b4b:   be 05 00 00 00 48 89 df e8 b8 10 48 ff 31 d2 48
0x00007fa3a5777b5b:   89 de bf 01 00 00 00 e8 39 06 48 ff e8 94 7e 0e
0x00007fa3a5777b6b:   00 41 89 c0 31 c0 45 84 c0 74 05 e8 95 7e 0e 00
0x00007fa3a5777b7b:   48 8b 90 68 02 00 00 48 85 d2 74 17 4c 8b b8 30
0x00007fa3a5777b8b:   02 00 00 41 8b 87 a0 00 00 00 83 f8 01 74 16 45
0x00007fa3a5777b9b:   89 2c 24 48 81 c4 98 00 00 00 5b 41 5c 41 5d 41
0x00007fa3a5777bab:   5e 41 5f 5d c3 66 0f 6f 9d 40 ff ff ff ba 02 00
0x00007fa3a5777bbb:   00 00 be 01 00 00 00 4d 8d b7 a0 00 00 00 4c 89
0x00007fa3a5777bcb:   f7 41 0f 11 9f a8 00 00 00 e8 77 36 e6 ff 83 f8
0x00007fa3a5777bdb:   02 74 3a 85 c0 75 0e 66 0f ef c0 41 0f 11 87 a8
0x00007fa3a5777beb:   00 00 00 eb aa 48 8d 05 51 37 52 00 be 63 06 00
0x00007fa3a5777bfb:   00 48 8d 3d 0d b1 27 00 48 8b 00 c6 00 58 e8 52
0x00007fa3a5777c0b:   13 84 ff e8 8d 6c e6 ff eb cd 0f 1f 00 48 89 df
0x00007fa3a5777c1b:   e8 a0 0d 48 ff 48 89 da 31 f6 31 ff e8 74 05 48
0x00007fa3a5777c2b:   ff 8b 35 16 91 53 00 48 89 df e8 76 0a 48 ff be
0x00007fa3a5777c3b:   01 00 00 00 48 8d 3d ba 81 58 00 e8 05 18 f2 ff
0x00007fa3a5777c4b:   eb 08 0f 1f 00 83 f8 02 75 3b 48 89 df e8 73 11
0x00007fa3a5777c5b:   48 ff 31 d2 be 03 00 00 00 4c 89 f7 e8 e4 35 e6
0x00007fa3a5777c6b:   ff 85 c0 75 e0 be 01 00 00 00 48 8d 3d 84 81 58 



---------------  P R O C E S S  ---------------

VM state: not at safepoint (normal execution)

VM Mutex/Monitor currently owned by a thread: None

Heap address: 0x000000060b400000, size: 8012 MB, Compressed Oops mode: Zero based, Oop shift amount: 3

CDS archive(s) mapped at: [0x00007fa317000000-0x00007fa317bc7000-0x00007fa317bc7000), size 12349440, SharedBaseAddress: 0x00007fa317000000, ArchiveRelocationMode: 1.
Compressed class space mapped at: 0x00007fa318000000-0x00007fa358000000, reserved size: 1073741824
Narrow klass base: 0x00007fa317000000, Narrow klass shift: 0, Narrow klass range: 0x100000000

GC Precious Log:
<Skipped>

Heap:
 garbage-first heap   total 524288K, used 165001K [0x000000060b400000, 0x0000000800000000)
  region size 4096K, 32 young (131072K), 1 survivors (4096K)
 Metaspace       used 16166K, committed 16512K, reserved 1114112K
  class space    used 1789K, committed 1984K, reserved 1048576K

Heap Regions: E=young(eden), S=young(survivor), O=old, HS=humongous(starts), HC=humongous(continues), CS=collection set, F=free, OA=open archive, CA=closed archive, TAMS=top-at-mark-start (previous, next)
|   0|0x000000060b400000, 0x000000060b6c3000, 0x000000060b800000| 69%| O|  |TAMS 0x000000060b400000, 0x000000060b400000| Untracked 
|   1|0x000000060b800000, 0x000000060bc00000, 0x000000060bc00000|100%|HS|  |TAMS 0x000000060b800000, 0x000000060b800000| Complete 
|   2|0x000000060bc00000, 0x000000060c000000, 0x000000060c000000|100%|HC|  |TAMS 0x000000060bc00000, 0x000000060bc00000| Complete 
|   3|0x000000060c000000, 0x000000060c400000, 0x000000060c400000|100%|HS|  |TAMS 0x000000060c000000, 0x000000060c000000| Complete 
|   4|0x000000060c400000, 0x000000060c800000, 0x000000060c800000|100%|HC|  |TAMS 0x000000060c400000, 0x000000060c400000| Complete 
|   5|0x000000060c800000, 0x000000060cc00000, 0x000000060cc00000|100%|HC|  |TAMS 0x000000060c800000, 0x000000060c800000| Complete 
|   6|0x000000060cc00000, 0x000000060d000000, 0x000000060d000000|100%|HS|  |TAMS 0x000000060cc00000, 0x000000060cc00000| Complete 
|   7|0x000000060d000000, 0x000000060d400000, 0x000000060d400000|100%|HC|  |TAMS 0x000000060d000000, 0x000000060d000000| Complete 
|   8|0x000000060d400000, 0x000000060d800000, 0x000000060d800000|100%|HC|  |TAMS 0x000000060d400000, 0x000000060d400000| Complete 
|   9|0x000000060d800000, 0x000000060d800000, 0x000000060dc00000|  0%| F|  |TAMS 0x000000060d800000, 0x000000060d800000| Untracked 
|  10|0x000000060dc00000, 0x000000060dc00000, 0x000000060e000000|  0%| F|  |TAMS 0x000000060dc00000, 0x000000060dc00000| Untracked 
|  11|0x000000060e000000, 0x000000060e000000, 0x000000060e400000|  0%| F|  |TAMS 0x000000060e000000, 0x000000060e000000| Untracked 
|  12|0x000000060e400000, 0x000000060e400000, 0x000000060e800000|  0%| F|  |TAMS 0x000000060e400000, 0x000000060e400000| Untracked 
|  13|0x000000060e800000, 0x000000060e800000, 0x000000060ec00000|  0%| F|  |TAMS 0x000000060e800000, 0x000000060e800000| Untracked 
|  14|0x000000060ec00000, 0x000000060ec00000, 0x000000060f000000|  0%| F|  |TAMS 0x000000060ec00000, 0x000000060ec00000| Untracked 
|  15|0x000000060f000000, 0x000000060f000000, 0x000000060f400000|  0%| F|  |TAMS 0x000000060f000000, 0x000000060f000000| Untracked 
|  16|0x000000060f400000, 0x000000060f400000, 0x000000060f800000|  0%| F|  |TAMS 0x000000060f400000, 0x000000060f400000| Untracked 
|  17|0x000000060f800000, 0x000000060f800000, 0x000000060fc00000|  0%| F|  |TAMS 0x000000060f800000, 0x000000060f800000| Untracked 
|  18|0x000000060fc00000, 0x000000060fc00000, 0x0000000610000000|  0%| F|  |TAMS 0x000000060fc00000, 0x000000060fc00000| Untracked 
|  19|0x0000000610000000, 0x0000000610000000, 0x0000000610400000|  0%| F|  |TAMS 0x0000000610000000, 0x0000000610000000| Untracked 
|  20|0x0000000610400000, 0x0000000610400000, 0x0000000610800000|  0%| F|  |TAMS 0x0000000610400000, 0x0000000610400000| Untracked 
|  21|0x0000000610800000, 0x0000000610800000, 0x0000000610c00000|  0%| F|  |TAMS 0x0000000610800000, 0x0000000610800000| Untracked 
|  22|0x0000000610c00000, 0x0000000610c00000, 0x0000000611000000|  0%| F|  |TAMS 0x0000000610c00000, 0x0000000610c00000| Untracked 
|  23|0x0000000611000000, 0x0000000611000000, 0x0000000611400000|  0%| F|  |TAMS 0x0000000611000000, 0x0000000611000000| Untracked 
|  24|0x0000000611400000, 0x0000000611400000, 0x0000000611800000|  0%| F|  |TAMS 0x0000000611400000, 0x0000000611400000| Untracked 
|  25|0x0000000611800000, 0x0000000611800000, 0x0000000611c00000|  0%| F|  |TAMS 0x0000000611800000, 0x0000000611800000| Untracked 
|  26|0x0000000611c00000, 0x0000000611c00000, 0x0000000612000000|  0%| F|  |TAMS 0x0000000611c00000, 0x0000000611c00000| Untracked 
|  27|0x0000000612000000, 0x0000000612000000, 0x0000000612400000|  0%| F|  |TAMS 0x0000000612000000, 0x0000000612000000| Untracked 
|  28|0x0000000612400000, 0x0000000612400000, 0x0000000612800000|  0%| F|  |TAMS 0x0000000612400000, 0x0000000612400000| Untracked 
|  29|0x0000000612800000, 0x0000000612800000, 0x0000000612c00000|  0%| F|  |TAMS 0x0000000612800000, 0x0000000612800000| Untracked 
|  30|0x0000000612c00000, 0x0000000612c00000, 0x0000000613000000|  0%| F|  |TAMS 0x0000000612c00000, 0x0000000612c00000| Untracked 
|  31|0x0000000613000000, 0x0000000613000000, 0x0000000613400000|  0%| F|  |TAMS 0x0000000613000000, 0x0000000613000000| Untracked 
|  32|0x0000000613400000, 0x0000000613400000, 0x0000000613800000|  0%| F|  |TAMS 0x0000000613400000, 0x0000000613400000| Untracked 
|  33|0x0000000613800000, 0x0000000613800000, 0x0000000613c00000|  0%| F|  |TAMS 0x0000000613800000, 0x0000000613800000| Untracked 
|  34|0x0000000613c00000, 0x0000000613c00000, 0x0000000614000000|  0%| F|  |TAMS 0x0000000613c00000, 0x0000000613c00000| Untracked 
|  35|0x0000000614000000, 0x0000000614000000, 0x0000000614400000|  0%| F|  |TAMS 0x0000000614000000, 0x0000000614000000| Untracked 
|  36|0x0000000614400000, 0x0000000614400000, 0x0000000614800000|  0%| F|  |TAMS 0x0000000614400000, 0x0000000614400000| Untracked 
|  37|0x0000000614800000, 0x0000000614800000, 0x0000000614c00000|  0%| F|  |TAMS 0x0000000614800000, 0x0000000614800000| Untracked 
|  38|0x0000000614c00000, 0x0000000614c00000, 0x0000000615000000|  0%| F|  |TAMS 0x0000000614c00000, 0x0000000614c00000| Untracked 
|  39|0x0000000615000000, 0x0000000615000000, 0x0000000615400000|  0%| F|  |TAMS 0x0000000615000000, 0x0000000615000000| Untracked 
|  40|0x0000000615400000, 0x0000000615400000, 0x0000000615800000|  0%| F|  |TAMS 0x0000000615400000, 0x0000000615400000| Untracked 
|  41|0x0000000615800000, 0x0000000615800000, 0x0000000615c00000|  0%| F|  |TAMS 0x0000000615800000, 0x0000000615800000| Untracked 
|  42|0x0000000615c00000, 0x0000000615c00000, 0x0000000616000000|  0%| F|  |TAMS 0x0000000615c00000, 0x0000000615c00000| Untracked 
|  43|0x0000000616000000, 0x0000000616000000, 0x0000000616400000|  0%| F|  |TAMS 0x0000000616000000, 0x0000000616000000| Untracked 
|  44|0x0000000616400000, 0x0000000616400000, 0x0000000616800000|  0%| F|  |TAMS 0x0000000616400000, 0x0000000616400000| Untracked 
|  45|0x0000000616800000, 0x0000000616800000, 0x0000000616c00000|  0%| F|  |TAMS 0x0000000616800000, 0x0000000616800000| Untracked 
|  46|0x0000000616c00000, 0x0000000616c00000, 0x0000000617000000|  0%| F|  |TAMS 0x0000000616c00000, 0x0000000616c00000| Untracked 
|  47|0x0000000617000000, 0x0000000617000000, 0x0000000617400000|  0%| F|  |TAMS 0x0000000617000000, 0x0000000617000000| Untracked 
|  48|0x0000000617400000, 0x0000000617400000, 0x0000000617800000|  0%| F|  |TAMS 0x0000000617400000, 0x0000000617400000| Untracked 
|  49|0x0000000617800000, 0x0000000617800000, 0x0000000617c00000|  0%| F|  |TAMS 0x0000000617800000, 0x0000000617800000| Untracked 
|  50|0x0000000617c00000, 0x0000000617c00000, 0x0000000618000000|  0%| F|  |TAMS 0x0000000617c00000, 0x0000000617c00000| Untracked 
|  51|0x0000000618000000, 0x0000000618000000, 0x0000000618400000|  0%| F|  |TAMS 0x0000000618000000, 0x0000000618000000| Untracked 
|  52|0x0000000618400000, 0x0000000618400000, 0x0000000618800000|  0%| F|  |TAMS 0x0000000618400000, 0x0000000618400000| Untracked 
|  53|0x0000000618800000, 0x0000000618800000, 0x0000000618c00000|  0%| F|  |TAMS 0x0000000618800000, 0x0000000618800000| Untracked 
|  54|0x0000000618c00000, 0x0000000618c00000, 0x0000000619000000|  0%| F|  |TAMS 0x0000000618c00000, 0x0000000618c00000| Untracked 
|  55|0x0000000619000000, 0x0000000619000000, 0x0000000619400000|  0%| F|  |TAMS 0x0000000619000000, 0x0000000619000000| Untracked 
|  56|0x0000000619400000, 0x0000000619400000, 0x0000000619800000|  0%| F|  |TAMS 0x0000000619400000, 0x0000000619400000| Untracked 
|  57|0x0000000619800000, 0x0000000619800000, 0x0000000619c00000|  0%| F|  |TAMS 0x0000000619800000, 0x0000000619800000| Untracked 
|  58|0x0000000619c00000, 0x0000000619c00000, 0x000000061a000000|  0%| F|  |TAMS 0x0000000619c00000, 0x0000000619c00000| Untracked 
|  59|0x000000061a000000, 0x000000061a000000, 0x000000061a400000|  0%| F|  |TAMS 0x000000061a000000, 0x000000061a000000| Untracked 
|  60|0x000000061a400000, 0x000000061a400000, 0x000000061a800000|  0%| F|  |TAMS 0x000000061a400000, 0x000000061a400000| Untracked 
|  61|0x000000061a800000, 0x000000061a800000, 0x000000061ac00000|  0%| F|  |TAMS 0x000000061a800000, 0x000000061a800000| Untracked 
|  62|0x000000061ac00000, 0x000000061ac00000, 0x000000061b000000|  0%| F|  |TAMS 0x000000061ac00000, 0x000000061ac00000| Untracked 
|  63|0x000000061b000000, 0x000000061b000000, 0x000000061b400000|  0%| F|  |TAMS 0x000000061b000000, 0x000000061b000000| Untracked 
|  64|0x000000061b400000, 0x000000061b400000, 0x000000061b800000|  0%| F|  |TAMS 0x000000061b400000, 0x000000061b400000| Untracked 
|  65|0x000000061b800000, 0x000000061b800000, 0x000000061bc00000|  0%| F|  |TAMS 0x000000061b800000, 0x000000061b800000| Untracked 
|  66|0x000000061bc00000, 0x000000061bc00000, 0x000000061c000000|  0%| F|  |TAMS 0x000000061bc00000, 0x000000061bc00000| Untracked 
|  67|0x000000061c000000, 0x000000061c000000, 0x000000061c400000|  0%| F|  |TAMS 0x000000061c000000, 0x000000061c000000| Untracked 
|  68|0x000000061c400000, 0x000000061c400000, 0x000000061c800000|  0%| F|  |TAMS 0x000000061c400000, 0x000000061c400000| Untracked 
|  69|0x000000061c800000, 0x000000061c800000, 0x000000061cc00000|  0%| F|  |TAMS 0x000000061c800000, 0x000000061c800000| Untracked 
|  70|0x000000061cc00000, 0x000000061cc00000, 0x000000061d000000|  0%| F|  |TAMS 0x000000061cc00000, 0x000000061cc00000| Untracked 
|  71|0x000000061d000000, 0x000000061d000000, 0x000000061d400000|  0%| F|  |TAMS 0x000000061d000000, 0x000000061d000000| Untracked 
|  72|0x000000061d400000, 0x000000061d400000, 0x000000061d800000|  0%| F|  |TAMS 0x000000061d400000, 0x000000061d400000| Untracked 
|  73|0x000000061d800000, 0x000000061d800000, 0x000000061dc00000|  0%| F|  |TAMS 0x000000061d800000, 0x000000061d800000| Untracked 
|  74|0x000000061dc00000, 0x000000061dc00000, 0x000000061e000000|  0%| F|  |TAMS 0x000000061dc00000, 0x000000061dc00000| Untracked 
|  75|0x000000061e000000, 0x000000061e000000, 0x000000061e400000|  0%| F|  |TAMS 0x000000061e000000, 0x000000061e000000| Untracked 
|  76|0x000000061e400000, 0x000000061e400000, 0x000000061e800000|  0%| F|  |TAMS 0x000000061e400000, 0x000000061e400000| Untracked 
|  77|0x000000061e800000, 0x000000061e800000, 0x000000061ec00000|  0%| F|  |TAMS 0x000000061e800000, 0x000000061e800000| Untracked 
|  78|0x000000061ec00000, 0x000000061ec00000, 0x000000061f000000|  0%| F|  |TAMS 0x000000061ec00000, 0x000000061ec00000| Untracked 
|  79|0x000000061f000000, 0x000000061f000000, 0x000000061f400000|  0%| F|  |TAMS 0x000000061f000000, 0x000000061f000000| Untracked 
|  80|0x000000061f400000, 0x000000061f400000, 0x000000061f800000|  0%| F|  |TAMS 0x000000061f400000, 0x000000061f400000| Untracked 
|  81|0x000000061f800000, 0x000000061f800000, 0x000000061fc00000|  0%| F|  |TAMS 0x000000061f800000, 0x000000061f800000| Untracked 
|  82|0x000000061fc00000, 0x000000061fc00000, 0x0000000620000000|  0%| F|  |TAMS 0x000000061fc00000, 0x000000061fc00000| Untracked 
|  83|0x0000000620000000, 0x0000000620000000, 0x0000000620400000|  0%| F|  |TAMS 0x0000000620000000, 0x0000000620000000| Untracked 
|  84|0x0000000620400000, 0x0000000620400000, 0x0000000620800000|  0%| F|  |TAMS 0x0000000620400000, 0x0000000620400000| Untracked 
|  85|0x0000000620800000, 0x0000000620800000, 0x0000000620c00000|  0%| F|  |TAMS 0x0000000620800000, 0x0000000620800000| Untracked 
|  86|0x0000000620c00000, 0x0000000620c00000, 0x0000000621000000|  0%| F|  |TAMS 0x0000000620c00000, 0x0000000620c00000| Untracked 
|  87|0x0000000621000000, 0x0000000621000000, 0x0000000621400000|  0%| F|  |TAMS 0x0000000621000000, 0x0000000621000000| Untracked 
|  88|0x0000000621400000, 0x0000000621400000, 0x0000000621800000|  0%| F|  |TAMS 0x0000000621400000, 0x0000000621400000| Untracked 
|  89|0x0000000621800000, 0x0000000621800000, 0x0000000621c00000|  0%| F|  |TAMS 0x0000000621800000, 0x0000000621800000| Untracked 
|  90|0x0000000621c00000, 0x0000000621c00000, 0x0000000622000000|  0%| F|  |TAMS 0x0000000621c00000, 0x0000000621c00000| Untracked 
|  91|0x0000000622000000, 0x0000000622000000, 0x0000000622400000|  0%| F|  |TAMS 0x0000000622000000, 0x0000000622000000| Untracked 
|  92|0x0000000622400000, 0x0000000622400000, 0x0000000622800000|  0%| F|  |TAMS 0x0000000622400000, 0x0000000622400000| Untracked 
|  93|0x0000000622800000, 0x0000000622800000, 0x0000000622c00000|  0%| F|  |TAMS 0x0000000622800000, 0x0000000622800000| Untracked 
|  94|0x0000000622c00000, 0x0000000622c00800, 0x0000000623000000|  0%| E|  |TAMS 0x0000000622c00000, 0x0000000622c00000| Complete 
|  95|0x0000000623000000, 0x0000000623400000, 0x0000000623400000|100%| E|CS|TAMS 0x0000000623000000, 0x0000000623000000| Complete 
|  96|0x0000000623400000, 0x0000000623800000, 0x0000000623800000|100%| E|CS|TAMS 0x0000000623400000, 0x0000000623400000| Complete 
|  97|0x0000000623800000, 0x0000000623c00000, 0x0000000623c00000|100%| E|CS|TAMS 0x0000000623800000, 0x0000000623800000| Complete 
|  98|0x0000000623c00000, 0x0000000624000000, 0x0000000624000000|100%| E|CS|TAMS 0x0000000623c00000, 0x0000000623c00000| Complete 
|  99|0x0000000624000000, 0x0000000624400000, 0x0000000624400000|100%| E|CS|TAMS 0x0000000624000000, 0x0000000624000000| Complete 
| 100|0x0000000624400000, 0x0000000624800000, 0x0000000624800000|100%| E|CS|TAMS 0x0000000624400000, 0x0000000624400000| Complete 
| 101|0x0000000624800000, 0x0000000624c00000, 0x0000000624c00000|100%| E|CS|TAMS 0x0000000624800000, 0x0000000624800000| Complete 
| 102|0x0000000624c00000, 0x0000000625000000, 0x0000000625000000|100%| E|CS|TAMS 0x0000000624c00000, 0x0000000624c00000| Complete 
| 103|0x0000000625000000, 0x0000000625400000, 0x0000000625400000|100%| E|CS|TAMS 0x0000000625000000, 0x0000000625000000| Complete 
| 104|0x0000000625400000, 0x0000000625800000, 0x0000000625800000|100%| E|CS|TAMS 0x0000000625400000, 0x0000000625400000| Complete 
| 105|0x0000000625800000, 0x0000000625c00000, 0x0000000625c00000|100%| E|CS|TAMS 0x0000000625800000, 0x0000000625800000| Complete 
| 106|0x0000000625c00000, 0x0000000626000000, 0x0000000626000000|100%| E|CS|TAMS 0x0000000625c00000, 0x0000000625c00000| Complete 
| 107|0x0000000626000000, 0x0000000626400000, 0x0000000626400000|100%| E|CS|TAMS 0x0000000626000000, 0x0000000626000000| Complete 
| 108|0x0000000626400000, 0x0000000626800000, 0x0000000626800000|100%| E|CS|TAMS 0x0000000626400000, 0x0000000626400000| Complete 
| 109|0x0000000626800000, 0x0000000626c00000, 0x0000000626c00000|100%| E|CS|TAMS 0x0000000626800000, 0x0000000626800000| Complete 
| 110|0x0000000626c00000, 0x0000000627000000, 0x0000000627000000|100%| E|CS|TAMS 0x0000000626c00000, 0x0000000626c00000| Complete 
| 111|0x0000000627000000, 0x0000000627400000, 0x0000000627400000|100%| E|CS|TAMS 0x0000000627000000, 0x0000000627000000| Complete 
| 112|0x0000000627400000, 0x0000000627800000, 0x0000000627800000|100%| E|CS|TAMS 0x0000000627400000, 0x0000000627400000| Complete 
| 113|0x0000000627800000, 0x0000000627c00000, 0x0000000627c00000|100%| E|CS|TAMS 0x0000000627800000, 0x0000000627800000| Complete 
| 114|0x0000000627c00000, 0x0000000628000000, 0x0000000628000000|100%| E|CS|TAMS 0x0000000627c00000, 0x0000000627c00000| Complete 
| 115|0x0000000628000000, 0x0000000628400000, 0x0000000628400000|100%| E|CS|TAMS 0x0000000628000000, 0x0000000628000000| Complete 
| 116|0x0000000628400000, 0x0000000628800000, 0x0000000628800000|100%| E|CS|TAMS 0x0000000628400000, 0x0000000628400000| Complete 
| 117|0x0000000628800000, 0x0000000628a72f60, 0x0000000628c00000| 61%| S|CS|TAMS 0x0000000628800000, 0x0000000628800000| Complete 
| 118|0x0000000628c00000, 0x0000000629000000, 0x0000000629000000|100%| E|CS|TAMS 0x0000000628c00000, 0x0000000628c00000| Complete 
| 119|0x0000000629000000, 0x0000000629400000, 0x0000000629400000|100%| E|CS|TAMS 0x0000000629000000, 0x0000000629000000| Complete 
| 120|0x0000000629400000, 0x0000000629800000, 0x0000000629800000|100%| E|CS|TAMS 0x0000000629400000, 0x0000000629400000| Complete 
| 121|0x0000000629800000, 0x0000000629c00000, 0x0000000629c00000|100%| E|CS|TAMS 0x0000000629800000, 0x0000000629800000| Complete 
| 122|0x0000000629c00000, 0x000000062a000000, 0x000000062a000000|100%| E|CS|TAMS 0x0000000629c00000, 0x0000000629c00000| Complete 
| 123|0x000000062a000000, 0x000000062a400000, 0x000000062a400000|100%| E|CS|TAMS 0x000000062a000000, 0x000000062a000000| Complete 
| 124|0x000000062a400000, 0x000000062a800000, 0x000000062a800000|100%| E|CS|TAMS 0x000000062a400000, 0x000000062a400000| Complete 
| 125|0x000000062a800000, 0x000000062ac00000, 0x000000062ac00000|100%| E|CS|TAMS 0x000000062a800000, 0x000000062a800000| Complete 
|2001|0x00000007ff800000, 0x00000007ffb75000, 0x00000007ffc00000| 86%|OA|  |TAMS 0x00000007ff800000, 0x00000007ff800000| Untracked 
|2002|0x00000007ffc00000, 0x00000007ffc77000, 0x0000000800000000| 11%|CA|  |TAMS 0x00000007ffc00000, 0x00000007ffc00000| Untracked 

Card table byte_map: [0x00007fa386f3e000,0x00007fa387ee4000] _byte_map_base: 0x00007fa383ee4000

Marking Bits (Prev, Next): (CMBitMap*) 0x00007fa3a0043b00, (CMBitMap*) 0x00007fa3a0043b40
 Prev Bits: [0x00007fa37e268000, 0x00007fa385f98000)
 Next Bits: [0x00007fa376538000, 0x00007fa37e268000)

Polling page: 0x00007fa3a5f8b000

Metaspace:

Usage:
  Non-class:     14,04 MB used.
      Class:      1,75 MB used.
       Both:     15,79 MB used.

Virtual space:
  Non-class space:       64,00 MB reserved,      14,19 MB ( 22%) committed,  1 nodes.
      Class space:        1,00 GB reserved,       1,94 MB ( <1%) committed,  1 nodes.
             Both:        1,06 GB reserved,      16,12 MB (  1%) committed. 

Chunk freelists:
   Non-Class:  1,46 MB
       Class:  13,99 MB
        Both:  15,46 MB

MaxMetaspaceSize: unlimited
CompressedClassSpaceSize: 1,00 GB
Initial GC threshold: 21,00 MB
Current GC threshold: 21,00 MB
CDS: on
MetaspaceReclaimPolicy: balanced
 - commit_granule_bytes: 65536.
 - commit_granule_words: 8192.
 - virtual_space_node_default_size: 8388608.
 - enlarge_chunks_in_place: 1.
 - new_chunks_are_fully_committed: 0.
 - uncommit_free_chunks: 1.
 - use_allocation_guard: 0.
 - handle_deallocations: 1.


Internal statistics:

num_allocs_failed_limit: 0.
num_arena_births: 126.
num_arena_deaths: 0.
num_vsnodes_births: 2.
num_vsnodes_deaths: 0.
num_space_committed: 258.
num_space_uncommitted: 0.
num_chunks_returned_to_freelist: 0.
num_chunks_taken_from_freelist: 689.
num_chunk_merges: 0.
num_chunk_splits: 483.
num_chunks_enlarged: 370.
num_inconsistent_stats: 0.

CodeHeap 'non-profiled nmethods': size=120028Kb used=2033Kb max_used=2033Kb free=117994Kb
 bounds [0x00007fa39105a000, 0x00007fa3912ca000, 0x00007fa398591000]
CodeHeap 'profiled nmethods': size=120028Kb used=7756Kb max_used=7756Kb free=112271Kb
 bounds [0x00007fa389591000, 0x00007fa389d31000, 0x00007fa390ac8000]
CodeHeap 'non-nmethods': size=5704Kb used=1171Kb max_used=1234Kb free=4532Kb
 bounds [0x00007fa390ac8000, 0x00007fa390d38000, 0x00007fa39105a000]
 total_blobs=4279 nmethods=3816 adapters=376
 compilation: enabled
              stopped_count=0, restarted_count=0
 full_count=0

Compilation events (20 events):
Event: 1,744 Thread 0x00007fa3a0154360 nmethod 3804 0x00007fa389d1b990 code [0x00007fa389d1bc20, 0x00007fa389d1c720]
Event: 1,744 Thread 0x00007fa3a0154360 3807       1       java.lang.invoke.LambdaForm$Name::index (5 bytes)
Event: 1,744 Thread 0x00007fa3a0154360 nmethod 3807 0x00007fa391249490 code [0x00007fa391249620, 0x00007fa3912496f0]
Event: 1,744 Thread 0x00007fa3a0154360 3808       3       java.lang.invoke.LambdaForm$Name::initIndex (26 bytes)
Event: 1,744 Thread 0x00007fa3a0152e20 nmethod 3797 0x00007fa391249790 code [0x00007fa391249920, 0x00007fa391249b68]
Event: 1,744 Thread 0x00007fa3a0154360 nmethod 3808 0x00007fa389d1cb90 code [0x00007fa389d1cd40, 0x00007fa389d1cef0]
Event: 1,744 Thread 0x00007fa3a0154360 3809       3       jdk.internal.org.objectweb.asm.Type::<init> (26 bytes)
Event: 1,744 Thread 0x00007fa3a0154360 nmethod 3809 0x00007fa389d1cf90 code [0x00007fa389d1d140, 0x00007fa389d1d310]
Event: 1,746 Thread 0x00007fa3a0154360 3810       3       sun.invoke.util.Wrapper::forPrimitiveType (49 bytes)
Event: 1,747 Thread 0x00007fa3a0154360 nmethod 3810 0x00007fa389d1d410 code [0x00007fa389d1d780, 0x00007fa389d1eb00]
Event: 1,747 Thread 0x00007fa3a0154360 3811       3       java.lang.invoke.MemberName$Factory::resolveOrFail (79 bytes)
Event: 1,747 Thread 0x00007fa3a0154360 nmethod 3811 0x00007fa389d1f210 code [0x00007fa389d1f420, 0x00007fa389d1fb30]
Event: 1,748 Thread 0x00007fa3a0154360 3814       3       java.lang.invoke.MemberName::isCallerSensitive (8 bytes)
Event: 1,748 Thread 0x00007fa2e4005c60 nmethod 3768 0x00007fa39124a310 code [0x00007fa39124a5a0, 0x00007fa39124cb00]
Event: 1,748 Thread 0x00007fa3a0154360 nmethod 3814 0x00007fa389d1fd90 code [0x00007fa389d1ff40, 0x00007fa389d20170]
Event: 1,749 Thread 0x00007fa3a0154360 3816       3       jdk.internal.org.objectweb.asm.Type::getArgumentTypes (154 bytes)
Event: 1,751 Thread 0x00007fa3a0154360 nmethod 3816 0x00007fa389d20290 code [0x00007fa389d20780, 0x00007fa389d231c0]
Event: 1,751 Thread 0x00007fa3a0154360 3817       1       java.lang.invoke.InfoFromMemberName::getReferenceKind (5 bytes)
Event: 1,751 Thread 0x00007fa3a0154360 nmethod 3817 0x00007fa39124e210 code [0x00007fa39124e3a0, 0x00007fa39124e470]
Event: 1,757 Thread 0x00007fa2f0141d10 nmethod 3624 0x00007fa39124e510 code [0x00007fa39124e860, 0x00007fa391252d70]

GC Heap History (4 events):
Event: 0,433 GC heap before
{Heap before GC invocations=0 (full 0):
 garbage-first heap   total 524288K, used 28592K [0x000000060b400000, 0x0000000800000000)
  region size 4096K, 6 young (24576K), 0 survivors (0K)
 Metaspace       used 5184K, committed 5376K, reserved 1114112K
  class space    used 616K, committed 704K, reserved 1048576K
}
Event: 0,436 GC heap after
{Heap after GC invocations=1 (full 0):
 garbage-first heap   total 524288K, used 7104K [0x000000060b400000, 0x0000000800000000)
  region size 4096K, 1 young (4096K), 1 survivors (4096K)
 Metaspace       used 5184K, committed 5376K, reserved 1114112K
  class space    used 616K, committed 704K, reserved 1048576K
}
Event: 0,845 GC heap before
{Heap before GC invocations=1 (full 0):
 garbage-first heap   total 524288K, used 35776K [0x000000060b400000, 0x0000000800000000)
  region size 4096K, 8 young (32768K), 1 survivors (4096K)
 Metaspace       used 11397K, committed 11584K, reserved 1114112K
  class space    used 1391K, committed 1472K, reserved 1048576K
}
Event: 0,849 GC heap after
{Heap after GC invocations=2 (full 0):
 garbage-first heap   total 524288K, used 9351K [0x000000060b400000, 0x0000000800000000)
  region size 4096K, 1 young (4096K), 1 survivors (4096K)
 Metaspace       used 11397K, committed 11584K, reserved 1114112K
  class space    used 1391K, committed 1472K, reserved 1048576K
}

Dll operation events (7 events):
Event: 0,002 Loaded shared library /usr/lib/jvm/java-17-openjdk-amd64/lib/libjava.so
Event: 0,017 Loaded shared library /usr/lib/jvm/java-17-openjdk-amd64/lib/libjsvml.so
Event: 0,027 Loaded shared library /usr/lib/jvm/java-17-openjdk-amd64/lib/libnio.so
Event: 0,030 Loaded shared library /usr/lib/jvm/java-17-openjdk-amd64/lib/libzip.so
Event: 0,105 Loaded shared library /usr/lib/jvm/java-17-openjdk-amd64/lib/libjimage.so
Event: 0,150 Loaded shared library /usr/lib/jvm/java-17-openjdk-amd64/lib/libverify.so
Event: 0,843 Loaded shared library /usr/lib/jvm/java-17-openjdk-amd64/lib/libnet.so

Deoptimization events (20 events):
Event: 1,715 Thread 0x00007fa3a0014430 Uncommon trap: trap_request=0xffffffde fr.pc=0x00007fa3910fe4c0 relative=0x0000000000000080
Event: 1,715 Thread 0x00007fa3a0014430 Uncommon trap: reason=class_check action=maybe_recompile pc=0x00007fa3910fe4c0 method=com.google.inject.internal.MoreTypes.getRawType(Ljava/lang/reflect/Type;)Ljava/lang/Class; @ 13 c2
Event: 1,715 Thread 0x00007fa3a0014430 DEOPT PACKING pc=0x00007fa3910fe4c0 sp=0x00007fa3a46711c0
Event: 1,715 Thread 0x00007fa3a0014430 DEOPT UNPACKING pc=0x00007fa390b1e699 sp=0x00007fa3a4671170 mode 2
Event: 1,716 Thread 0x00007fa3a0014430 Uncommon trap: trap_request=0xffffffde fr.pc=0x00007fa3910fe4c0 relative=0x0000000000000080
Event: 1,716 Thread 0x00007fa3a0014430 Uncommon trap: reason=class_check action=maybe_recompile pc=0x00007fa3910fe4c0 method=com.google.inject.internal.MoreTypes.getRawType(Ljava/lang/reflect/Type;)Ljava/lang/Class; @ 13 c2
Event: 1,716 Thread 0x00007fa3a0014430 DEOPT PACKING pc=0x00007fa3910fe4c0 sp=0x00007fa3a46711c0
Event: 1,716 Thread 0x00007fa3a0014430 DEOPT UNPACKING pc=0x00007fa390b1e699 sp=0x00007fa3a4671170 mode 2
Event: 1,730 Thread 0x00007fa3a0014430 Uncommon trap: trap_request=0xffffff45 fr.pc=0x00007fa391238b48 relative=0x0000000000000588
Event: 1,730 Thread 0x00007fa3a0014430 Uncommon trap: reason=unstable_if action=reinterpret pc=0x00007fa391238b48 method=java.util.jar.Manifest$FastInputStream.readLine([BII)I @ 130 c2
Event: 1,730 Thread 0x00007fa3a0014430 DEOPT PACKING pc=0x00007fa391238b48 sp=0x00007fa3a4670d40
Event: 1,730 Thread 0x00007fa3a0014430 DEOPT UNPACKING pc=0x00007fa390b1e699 sp=0x00007fa3a4670cd0 mode 2
Event: 1,737 Thread 0x00007fa3a0014430 Uncommon trap: trap_request=0xffffffde fr.pc=0x00007fa391183b18 relative=0x0000000000000078
Event: 1,737 Thread 0x00007fa3a0014430 Uncommon trap: reason=class_check action=maybe_recompile pc=0x00007fa391183b18 method=java.util.Collections$UnmodifiableMap$UnmodifiableEntrySet$1.hasNext()Z @ 4 c2
Event: 1,737 Thread 0x00007fa3a0014430 DEOPT PACKING pc=0x00007fa391183b18 sp=0x00007fa3a4671350
Event: 1,737 Thread 0x00007fa3a0014430 DEOPT UNPACKING pc=0x00007fa390b1e699 sp=0x00007fa3a4671300 mode 2
Event: 1,749 Thread 0x00007fa3a0014430 Uncommon trap: trap_request=0xffffffde fr.pc=0x00007fa3911b9778 relative=0x0000000000000538
Event: 1,749 Thread 0x00007fa3a0014430 Uncommon trap: reason=class_check action=maybe_recompile pc=0x00007fa3911b9778 method=java.util.Hashtable.get(Ljava/lang/Object;)Ljava/lang/Object; @ 6 c2
Event: 1,749 Thread 0x00007fa3a0014430 DEOPT PACKING pc=0x00007fa3911b9778 sp=0x00007fa3a46711f0
Event: 1,749 Thread 0x00007fa3a0014430 DEOPT UNPACKING pc=0x00007fa390b1e699 sp=0x00007fa3a46711a0 mode 2

Classes unloaded (0 events):
No events

Classes redefined (0 events):
No events

Internal exceptions (20 events):
Event: 1,050 Thread 0x00007fa3a0014430 Implicit null exception at 0x00007fa3910c6758 to 0x00007fa3910c67ea
Event: 1,203 Thread 0x00007fa3a0014430 Implicit null exception at 0x00007fa3910ba96d to 0x00007fa3910bab30
Event: 1,203 Thread 0x00007fa3a0014430 Implicit null exception at 0x00007fa3910d7baf to 0x00007fa3910d7c29
Event: 1,484 Thread 0x00007fa3a0014430 Exception <a 'java/lang/NoSuchMethodError'{0x0000000625164f58}: 'java.lang.Object java.lang.invoke.DirectMethodHandle$Holder.invokeInterface(java.lang.Object, java.lang.Object)'> (0x0000000625164f58) 
thrown [./src/hotspot/share/interpreter/linkResolver.cpp, line 758]
Event: 1,514 Thread 0x00007fa3a0014430 Exception <a 'java/lang/NoSuchMethodError'{0x00000006252c4118}: 'void java.lang.invoke.DirectMethodHandle$Holder.invokeVirtual(java.lang.Object, java.lang.Object)'> (0x00000006252c4118) 
thrown [./src/hotspot/share/interpreter/linkResolver.cpp, line 758]
Event: 1,515 Thread 0x00007fa3a0014430 Exception <a 'java/lang/NoSuchMethodError'{0x00000006252cca50}: 'int java.lang.invoke.DirectMethodHandle$Holder.invokeSpecial(java.lang.Object, java.lang.Object, java.lang.Object, java.lang.Object)'> (0x00000006252cca50) 
thrown [./src/hotspot/share/interpreter/linkResolver.cpp, line 758]
Event: 1,707 Thread 0x00007fa3a0014430 Exception <a 'java/lang/NoClassDefFoundError'{0x00000006236c5d58}: org/codehaus/plexus/util/io/CachingOutputStream> (0x00000006236c5d58) 
thrown [./src/hotspot/share/classfile/systemDictionary.cpp, line 245]
Event: 1,718 Thread 0x00007fa3a0014430 Exception <a 'java/lang/NoSuchMethodError'{0x00000006237814f0}: 'int java.lang.invoke.DirectMethodHandle$Holder.invokeStaticInit(java.lang.Object, java.lang.Object)'> (0x00000006237814f0) 
thrown [./src/hotspot/share/interpreter/linkResolver.cpp, line 758]
Event: 1,720 Thread 0x00007fa3a0014430 Exception <a 'java/lang/NoSuchMethodError'{0x0000000623791910}: 'int java.lang.invoke.DirectMethodHandle$Holder.invokeStatic(java.lang.Object, java.lang.Object, java.lang.Object, java.lang.Object)'> (0x0000000623791910) 
thrown [./src/hotspot/share/interpreter/linkResolver.cpp, line 758]
Event: 1,720 Thread 0x00007fa3a0014430 Exception <a 'java/lang/NoSuchMethodError'{0x0000000623795290}: 'java.lang.Object java.lang.invoke.Invokers$Holder.invokeExact_MT(java.lang.Object, java.lang.Object, java.lang.Object, java.lang.Object, java.lang.Object, java.lang.Object)'> (0x0000000623795290) 
thrown [./src/hotspot/share/interpreter/linkResolver.cpp, line 758]
Event: 1,735 Thread 0x00007fa3a0014430 Exception <a 'java/lang/NoSuchMethodError'{0x0000000623248f80}: 'void java.lang.invoke.DirectMethodHandle$Holder.invokeStatic(java.lang.Object, java.lang.Object)'> (0x0000000623248f80) 
thrown [./src/hotspot/share/interpreter/linkResolver.cpp, line 758]
Event: 1,740 Thread 0x00007fa3a0014430 Exception <a 'java/lang/NoSuchMethodError'{0x0000000623262b60}: 'java.lang.Object java.lang.invoke.DirectMethodHandle$Holder.invokeStaticInit(java.lang.Object)'> (0x0000000623262b60) 
thrown [./src/hotspot/share/interpreter/linkResolver.cpp, line 758]
Event: 1,741 Thread 0x00007fa3a0014430 Exception <a 'java/lang/NoSuchMethodError'{0x000000062326c4d8}: 'java.lang.Object java.lang.invoke.DirectMethodHandle$Holder.invokeStaticInit(java.lang.Object, java.lang.Object, long, java.lang.Object)'> (0x000000062326c4d8) 
thrown [./src/hotspot/share/interpreter/linkResolver.cpp, line 758]
Event: 1,742 Thread 0x00007fa3a0014430 Exception <a 'java/lang/NoSuchMethodError'{0x0000000623272da0}: 'java.lang.Object java.lang.invoke.DirectMethodHandle$Holder.newInvokeSpecial(java.lang.Object, java.lang.Object, long)'> (0x0000000623272da0) 
thrown [./src/hotspot/share/interpreter/linkResolver.cpp, line 758]
Event: 1,742 Thread 0x00007fa3a0014430 Exception <a 'java/lang/NoSuchMethodError'{0x0000000623277090}: 'java.lang.Object java.lang.invoke.Invokers$Holder.linkToTargetMethod(java.lang.Object, long, java.lang.Object)'> (0x0000000623277090) 
thrown [./src/hotspot/share/interpreter/linkResolver.cpp, line 758]
Event: 1,744 Thread 0x00007fa3a0014430 Exception <a 'java/lang/NoSuchMethodError'{0x000000062327ea70}: 'java.lang.Object java.lang.invoke.DirectMethodHandle$Holder.newInvokeSpecial(java.lang.Object, java.lang.Object, java.lang.Object, int)'> (0x000000062327ea70) 
thrown [./src/hotspot/share/interpreter/linkResolver.cpp, line 758]
Event: 1,744 Thread 0x00007fa3a0014430 Exception <a 'java/lang/NoSuchMethodError'{0x0000000623282e50}: 'java.lang.Object java.lang.invoke.DirectMethodHandle$Holder.invokeSpecial(java.lang.Object, java.lang.Object, java.lang.Object, java.lang.Object, int)'> (0x0000000623282e50) 
thrown [./src/hotspot/share/interpreter/linkResolver.cpp, line 758]
Event: 1,744 Thread 0x00007fa3a0014430 Exception <a 'java/lang/NoSuchMethodError'{0x0000000623286a18}: 'java.lang.Object java.lang.invoke.Invokers$Holder.linkToTargetMethod(java.lang.Object, java.lang.Object, int, java.lang.Object)'> (0x0000000623286a18) 
thrown [./src/hotspot/share/interpreter/linkResolver.cpp, line 758]
Event: 1,748 Thread 0x00007fa3a0014430 Exception <a 'java/lang/NoSuchMethodError'{0x00000006232917d8}: 'int java.lang.invoke.DirectMethodHandle$Holder.invokeVirtual(java.lang.Object, java.lang.Object)'> (0x00000006232917d8) 
thrown [./src/hotspot/share/interpreter/linkResolver.cpp, line 758]
Event: 1,749 Thread 0x00007fa3a0014430 Exception <a 'java/lang/NoSuchMethodError'{0x000000062329b800}: 'void java.lang.invoke.DirectMethodHandle$Holder.invokeStatic(java.lang.Object, java.lang.Object, java.lang.Object)'> (0x000000062329b800) 
thrown [./src/hotspot/share/interpreter/linkResolver.cpp, line 758]

VM Operations (20 events):
Event: 1,205 Executing VM operation: ICBufferFull
Event: 1,205 Executing VM operation: ICBufferFull done
Event: 1,266 Executing VM operation: HandshakeAllThreads
Event: 1,266 Executing VM operation: HandshakeAllThreads done
Event: 1,285 Executing VM operation: ICBufferFull
Event: 1,285 Executing VM operation: ICBufferFull done
Event: 1,294 Executing VM operation: HandshakeAllThreads
Event: 1,294 Executing VM operation: HandshakeAllThreads done
Event: 1,458 Executing VM operation: HandshakeAllThreads
Event: 1,459 Executing VM operation: HandshakeAllThreads done
Event: 1,512 Executing VM operation: HandshakeAllThreads
Event: 1,512 Executing VM operation: HandshakeAllThreads done
Event: 1,512 Executing VM operation: HandshakeAllThreads
Event: 1,513 Executing VM operation: HandshakeAllThreads done
Event: 1,596 Executing VM operation: ICBufferFull
Event: 1,596 Executing VM operation: ICBufferFull done
Event: 1,745 Executing VM operation: HandshakeAllThreads
Event: 1,746 Executing VM operation: HandshakeAllThreads done
Event: 2,746 Executing VM operation: Cleanup
Event: 2,746 Executing VM operation: Cleanup done

Events (20 events):
Event: 1,747 loading class java/lang/Thread$State
Event: 1,747 loading class java/lang/Thread$State done
Event: 1,747 Thread 0x00007fa3a0c8d990 Thread added: 0x00007fa3a0c8d990
Event: 1,747 Protecting memory [0x00007fa365665000,0x00007fa365669000] with protection modes 0
Event: 1,747 loading class java/util/concurrent/CompletableFuture$UniHandle
Event: 1,747 loading class java/util/concurrent/CompletableFuture$UniCompletion
Event: 1,747 loading class java/util/concurrent/CompletableFuture$UniCompletion done
Event: 1,747 loading class java/util/concurrent/CompletableFuture$UniHandle done
Event: 1,747 loading class jdk/internal/event/ProcessStartEvent
Event: 1,747 loading class jdk/internal/event/ProcessStartEvent done
Event: 1,748 loading class sun/misc/Signal
Event: 1,748 loading class sun/misc/Signal done
Event: 1,748 loading class sun/misc/SignalHandler
Event: 1,748 loading class sun/misc/SignalHandler done
Event: 1,749 loading class sun/invoke/util/VerifyAccess$1
Event: 1,749 loading class sun/invoke/util/VerifyAccess$1 done
Event: 1,749 loading class sun/misc/Signal$InternalMiscHandler
Event: 1,749 loading class sun/misc/Signal$InternalMiscHandler done
Event: 1,749 loading class sun/misc/Signal$SunMiscHandler
Event: 1,749 loading class sun/misc/Signal$SunMiscHandler done


Dynamic libraries:
60b400000-62ac00000 rw-p 00000000 00:00 0 
62ac00000-7ff800000 ---p 00000000 00:00 0 
7ff800000-7ffb00000 rw-p 00000000 00:00 0 
7ffb00000-7ffb75000 rw-p 00c76000 08:02 13399095                         /usr/lib/jvm/java-17-openjdk-amd64/lib/server/classes.jsa
7ffb75000-7ffc00000 rw-p 00000000 00:00 0 
7ffc00000-7ffc77000 rw-p 00bff000 08:02 13399095                         /usr/lib/jvm/java-17-openjdk-amd64/lib/server/classes.jsa
7ffc77000-800000000 rw-p 00000000 00:00 0 
561efbe63000-561efbe64000 r--p 00000000 08:02 13398943                   /usr/lib/jvm/java-17-openjdk-amd64/bin/java
561efbe64000-561efbe65000 r-xp 00001000 08:02 13398943                   /usr/lib/jvm/java-17-openjdk-amd64/bin/java
561efbe65000-561efbe66000 r--p 00002000 08:02 13398943                   /usr/lib/jvm/java-17-openjdk-amd64/bin/java
561efbe66000-561efbe67000 r--p 00002000 08:02 13398943                   /usr/lib/jvm/java-17-openjdk-amd64/bin/java
561efbe67000-561efbe68000 rw-p 00003000 08:02 13398943                   /usr/lib/jvm/java-17-openjdk-amd64/bin/java
561efc3af000-561efc553000 rw-p 00000000 00:00 0                          [heap]
7fa2b0000000-7fa2b0021000 rw-p 00000000 00:00 0 
7fa2b0021000-7fa2b4000000 ---p 00000000 00:00 0 
7fa2b8000000-7fa2b8021000 rw-p 00000000 00:00 0 
7fa2b8021000-7fa2bc000000 ---p 00000000 00:00 0 
7fa2bc000000-7fa2bc021000 rw-p 00000000 00:00 0 
7fa2bc021000-7fa2c0000000 ---p 00000000 00:00 0 
7fa2c0000000-7fa2c0021000 rw-p 00000000 00:00 0 
7fa2c0021000-7fa2c4000000 ---p 00000000 00:00 0 
7fa2c4000000-7fa2c4021000 rw-p 00000000 00:00 0 
7fa2c4021000-7fa2c8000000 ---p 00000000 00:00 0 
7fa2c8000000-7fa2c8021000 rw-p 00000000 00:00 0 
7fa2c8021000-7fa2cc000000 ---p 00000000 00:00 0 
7fa2cc000000-7fa2cc021000 rw-p 00000000 00:00 0 
7fa2cc021000-7fa2d0000000 ---p 00000000 00:00 0 
7fa2d0000000-7fa2d0021000 rw-p 00000000 00:00 0 
7fa2d0021000-7fa2d4000000 ---p 00000000 00:00 0 
7fa2d4000000-7fa2d4021000 rw-p 00000000 00:00 0 
7fa2d4021000-7fa2d8000000 ---p 00000000 00:00 0 
7fa2d8000000-7fa2d8c53000 rw-p 00000000 00:00 0 
7fa2d8c53000-7fa2dc000000 ---p 00000000 00:00 0 
7fa2dc000000-7fa2dc021000 rw-p 00000000 00:00 0 
7fa2dc021000-7fa2e0000000 ---p 00000000 00:00 0 
7fa2e0000000-7fa2e0021000 rw-p 00000000 00:00 0 
7fa2e0021000-7fa2e4000000 ---p 00000000 00:00 0 
7fa2e4000000-7fa2e4aa9000 rw-p 00000000 00:00 0 
7fa2e4aa9000-7fa2e8000000 ---p 00000000 00:00 0 
7fa2e8000000-7fa2e8021000 rw-p 00000000 00:00 0 
7fa2e8021000-7fa2ec000000 ---p 00000000 00:00 0 
7fa2ec000000-7fa2ec021000 rw-p 00000000 00:00 0 
7fa2ec021000-7fa2f0000000 ---p 00000000 00:00 0 
7fa2f0000000-7fa2f0624000 rw-p 00000000 00:00 0 
7fa2f0624000-7fa2f4000000 ---p 00000000 00:00 0 
7fa2f4000000-7fa2f4021000 rw-p 00000000 00:00 0 
7fa2f4021000-7fa2f8000000 ---p 00000000 00:00 0 
7fa2f8000000-7fa2f8021000 rw-p 00000000 00:00 0 
7fa2f8021000-7fa2fc000000 ---p 00000000 00:00 0 
7fa2fc000000-7fa2fce18000 rw-p 00000000 00:00 0 
7fa2fce18000-7fa300000000 ---p 00000000 00:00 0 
7fa300000000-7fa300021000 rw-p 00000000 00:00 0 
7fa300021000-7fa304000000 ---p 00000000 00:00 0 
7fa304000000-7fa304021000 rw-p 00000000 00:00 0 
7fa304021000-7fa308000000 ---p 00000000 00:00 0 
7fa308000000-7fa308021000 rw-p 00000000 00:00 0 
7fa308021000-7fa30c000000 ---p 00000000 00:00 0 
7fa30c000000-7fa30c021000 rw-p 00000000 00:00 0 
7fa30c021000-7fa310000000 ---p 00000000 00:00 0 
7fa310000000-7fa310021000 rw-p 00000000 00:00 0 
7fa310021000-7fa314000000 ---p 00000000 00:00 0 
7fa317000000-7fa317bc7000 rw-p 00001000 08:02 13399095                   /usr/lib/jvm/java-17-openjdk-amd64/lib/server/classes.jsa
7fa317bc7000-7fa318000000 ---p 00000000 00:00 0 
7fa318000000-7fa318040000 rw-p 00000000 00:00 0 
7fa318040000-7fa318080000 rw-p 00000000 00:00 0 
7fa318080000-7fa3181c0000 rw-p 00000000 00:00 0 
7fa3181c0000-7fa3181e0000 rw-p 00000000 00:00 0 
7fa3181e0000-7fa318200000 ---p 00000000 00:00 0 
7fa318200000-7fa318210000 rw-p 00000000 00:00 0 
7fa318210000-7fa358000000 ---p 00000000 00:00 0 
7fa358000000-7fa358021000 rw-p 00000000 00:00 0 
7fa358021000-7fa35c000000 ---p 00000000 00:00 0 
7fa35c000000-7fa35c3a0000 rw-p 00000000 00:00 0 
7fa35c3a0000-7fa35c400000 ---p 00000000 00:00 0 
7fa35c400000-7fa35ce90000 rw-p 00000000 00:00 0 
7fa35ce90000-7fa360000000 ---p 00000000 00:00 0 
7fa360000000-7fa360021000 rw-p 00000000 00:00 0 
7fa360021000-7fa364000000 ---p 00000000 00:00 0 
7fa3653d8000-7fa365665000 rw-p 00000000 00:00 0 
7fa365665000-7fa365669000 ---p 00000000 00:00 0 
7fa365669000-7fa365687000 rw-p 00000000 00:00 0 
7fa365687000-7fa365688000 ---p 00000000 00:00 0 
7fa365688000-7fa365788000 rw-p 00000000 00:00 0 
7fa365788000-7fa365789000 ---p 00000000 00:00 0 
7fa365789000-7fa365889000 rw-p 00000000 00:00 0 
7fa365889000-7fa36588a000 ---p 00000000 00:00 0 
7fa36588a000-7fa36598a000 rw-p 00000000 00:00 0 
7fa36598a000-7fa36598b000 ---p 00000000 00:00 0 
7fa36598b000-7fa365a8b000 rw-p 00000000 00:00 0 
7fa365a8b000-7fa365a8c000 ---p 00000000 00:00 0 
7fa365a8c000-7fa365b8c000 rw-p 00000000 00:00 0 
7fa365b8c000-7fa365b8d000 ---p 00000000 00:00 0 
7fa365b8d000-7fa365c8d000 rw-p 00000000 00:00 0 
7fa365c8d000-7fa365c8e000 ---p 00000000 00:00 0 
7fa365c8e000-7fa365d8e000 rw-p 00000000 00:00 0 
7fa365d8e000-7fa365d8f000 ---p 00000000 00:00 0 
7fa365d8f000-7fa365e8f000 rw-p 00000000 00:00 0 
7fa365e8f000-7fa365e90000 ---p 00000000 00:00 0 
7fa365e90000-7fa365f90000 rw-p 00000000 00:00 0 
7fa365f90000-7fa365f94000 ---p 00000000 00:00 0 
7fa365f94000-7fa366090000 rw-p 00000000 00:00 0 
7fa366090000-7fa366094000 ---p 00000000 00:00 0 
7fa366094000-7fa366190000 rw-p 00000000 00:00 0 
7fa366190000-7fa366194000 ---p 00000000 00:00 0 
7fa366194000-7fa366290000 rw-p 00000000 00:00 0 
7fa366290000-7fa366291000 ---p 00000000 00:00 0 
7fa366291000-7fa366391000 rw-p 00000000 00:00 0 
7fa366391000-7fa366395000 ---p 00000000 00:00 0 
7fa366395000-7fa366491000 rw-p 00000000 00:00 0 
7fa366491000-7fa366495000 ---p 00000000 00:00 0 
7fa366495000-7fa366591000 rw-p 00000000 00:00 0 
7fa366591000-7fa366595000 ---p 00000000 00:00 0 
7fa366595000-7fa366691000 rw-p 00000000 00:00 0 
7fa366691000-7fa366695000 ---p 00000000 00:00 0 
7fa366695000-7fa366791000 rw-p 00000000 00:00 0 
7fa366791000-7fa366795000 ---p 00000000 00:00 0 
7fa366795000-7fa366891000 rw-p 00000000 00:00 0 
7fa366891000-7fa366895000 ---p 00000000 00:00 0 
7fa366895000-7fa366991000 rw-p 00000000 00:00 0 
7fa366991000-7fa366995000 ---p 00000000 00:00 0 
7fa366995000-7fa366a91000 rw-p 00000000 00:00 0 
7fa366a91000-7fa367006000 r--p 00000000 08:02 13374161                   /usr/lib/locale/locale-archive
7fa367006000-7fa36700a000 ---p 00000000 00:00 0 
7fa36700a000-7fa367106000 rw-p 00000000 00:00 0 
7fa367106000-7fa36710a000 ---p 00000000 00:00 0 
7fa36710a000-7fa367206000 rw-p 00000000 00:00 0 
7fa367206000-7fa367207000 ---p 00000000 00:00 0 
7fa367207000-7fa367307000 rw-p 00000000 00:00 0 
7fa367307000-7fa36730c000 r--p 00000000 08:02 13399077                   /usr/lib/jvm/java-17-openjdk-amd64/lib/libjsvml.so
7fa36730c000-7fa36734d000 r-xp 00005000 08:02 13399077                   /usr/lib/jvm/java-17-openjdk-amd64/lib/libjsvml.so
7fa36734d000-7fa3673d6000 r--p 00046000 08:02 13399077                   /usr/lib/jvm/java-17-openjdk-amd64/lib/libjsvml.so
7fa3673d6000-7fa3673d7000 r--p 000ce000 08:02 13399077                   /usr/lib/jvm/java-17-openjdk-amd64/lib/libjsvml.so
7fa3673d7000-7fa3673d8000 rw-p 000cf000 08:02 13399077                   /usr/lib/jvm/java-17-openjdk-amd64/lib/libjsvml.so
7fa3673d8000-7fa3674f5000 rw-p 00000000 00:00 0 
7fa3674f5000-7fa3674f6000 ---p 00000000 00:00 0 
7fa3674f6000-7fa3675f6000 rw-p 00000000 00:00 0 
7fa3675f6000-7fa3675f7000 ---p 00000000 00:00 0 
7fa3675f7000-7fa368000000 rw-p 00000000 00:00 0 
7fa368000000-7fa368021000 rw-p 00000000 00:00 0 
7fa368021000-7fa36c000000 ---p 00000000 00:00 0 
7fa36c000000-7fa36c021000 rw-p 00000000 00:00 0 
7fa36c021000-7fa370000000 ---p 00000000 00:00 0 
7fa370000000-7fa370021000 rw-p 00000000 00:00 0 
7fa370021000-7fa374000000 ---p 00000000 00:00 0 
7fa374013000-7fa37401a000 r--s 00000000 08:02 13515245                   /usr/lib/x86_64-linux-gnu/gconv/gconv-modules.cache
7fa37401a000-7fa37401e000 r--p 00000000 08:02 13399090                   /usr/lib/jvm/java-17-openjdk-amd64/lib/libverify.so
7fa37401e000-7fa374025000 r-xp 00004000 08:02 13399090                   /usr/lib/jvm/java-17-openjdk-amd64/lib/libverify.so
7fa374025000-7fa374027000 r--p 0000b000 08:02 13399090                   /usr/lib/jvm/java-17-openjdk-amd64/lib/libverify.so
7fa374027000-7fa374029000 r--p 0000c000 08:02 13399090                   /usr/lib/jvm/java-17-openjdk-amd64/lib/libverify.so
7fa374029000-7fa37402a000 rw-p 0000e000 08:02 13399090                   /usr/lib/jvm/java-17-openjdk-amd64/lib/libverify.so
7fa37402a000-7fa37405b000 rw-p 00000000 00:00 0 
7fa37405b000-7fa37405f000 r--p 00000000 08:02 13399083                   /usr/lib/jvm/java-17-openjdk-amd64/lib/libnet.so
7fa37405f000-7fa37406d000 r-xp 00004000 08:02 13399083                   /usr/lib/jvm/java-17-openjdk-amd64/lib/libnet.so
7fa37406d000-7fa374071000 r--p 00012000 08:02 13399083                   /usr/lib/jvm/java-17-openjdk-amd64/lib/libnet.so
7fa374071000-7fa374072000 r--p 00015000 08:02 13399083                   /usr/lib/jvm/java-17-openjdk-amd64/lib/libnet.so
7fa374072000-7fa374073000 rw-p 00016000 08:02 13399083                   /usr/lib/jvm/java-17-openjdk-amd64/lib/libnet.so
7fa374073000-7fa376174000 rw-p 00000000 00:00 0 
7fa376174000-7fa376175000 ---p 00000000 00:00 0 
7fa376175000-7fa376275000 rw-p 00000000 00:00 0 
7fa376275000-7fa376276000 ---p 00000000 00:00 0 
7fa376276000-7fa376376000 rw-p 00000000 00:00 0 
7fa376376000-7fa376377000 ---p 00000000 00:00 0 
7fa376377000-7fa376d18000 rw-p 00000000 00:00 0 
7fa376d18000-7fa37e248000 ---p 00000000 00:00 0 
7fa37e248000-7fa37ea48000 rw-p 00000000 00:00 0 
7fa37ea48000-7fa385f78000 ---p 00000000 00:00 0 
7fa385f78000-7fa386094000 rw-p 00000000 00:00 0 
7fa386094000-7fa386f3a000 ---p 00000000 00:00 0 
7fa386f3a000-7fa38703a000 rw-p 00000000 00:00 0 
7fa38703a000-7fa387ee0000 ---p 00000000 00:00 0 
7fa387ee0000-7fa387fe0000 rw-p 00000000 00:00 0 
7fa387fe0000-7fa388e86000 ---p 00000000 00:00 0 
7fa388e86000-7fa389591000 rw-p 00000000 00:00 0 
7fa389591000-7fa389d31000 rwxp 00000000 00:00 0 
7fa389d31000-7fa390ac8000 ---p 00000000 00:00 0 
7fa390ac8000-7fa390d38000 rwxp 00000000 00:00 0 
7fa390d38000-7fa39105a000 ---p 00000000 00:00 0 
7fa39105a000-7fa3912ca000 rwxp 00000000 00:00 0 
7fa3912ca000-7fa398591000 ---p 00000000 00:00 0 
7fa398591000-7fa3a0000000 r--s 00000000 08:02 13399092                   /usr/lib/jvm/java-17-openjdk-amd64/lib/modules
7fa3a0000000-7fa3a0ca1000 rw-p 00000000 00:00 0 
7fa3a0ca1000-7fa3a4000000 ---p 00000000 00:00 0 
7fa3a4006000-7fa3a4008000 r--p 00000000 08:02 13399091                   /usr/lib/jvm/java-17-openjdk-amd64/lib/libzip.so
7fa3a4008000-7fa3a400d000 r-xp 00002000 08:02 13399091                   /usr/lib/jvm/java-17-openjdk-amd64/lib/libzip.so
7fa3a400d000-7fa3a400f000 r--p 00007000 08:02 13399091                   /usr/lib/jvm/java-17-openjdk-amd64/lib/libzip.so
7fa3a400f000-7fa3a4010000 r--p 00008000 08:02 13399091                   /usr/lib/jvm/java-17-openjdk-amd64/lib/libzip.so
7fa3a4010000-7fa3a4011000 rw-p 00009000 08:02 13399091                   /usr/lib/jvm/java-17-openjdk-amd64/lib/libzip.so
7fa3a4011000-7fa3a4018000 r--p 00000000 08:02 13399084                   /usr/lib/jvm/java-17-openjdk-amd64/lib/libnio.so
7fa3a4018000-7fa3a4021000 r-xp 00007000 08:02 13399084                   /usr/lib/jvm/java-17-openjdk-amd64/lib/libnio.so
7fa3a4021000-7fa3a4025000 r--p 00010000 08:02 13399084                   /usr/lib/jvm/java-17-openjdk-amd64/lib/libnio.so
7fa3a4025000-7fa3a4026000 ---p 00014000 08:02 13399084                   /usr/lib/jvm/java-17-openjdk-amd64/lib/libnio.so
7fa3a4026000-7fa3a4027000 r--p 00014000 08:02 13399084                   /usr/lib/jvm/java-17-openjdk-amd64/lib/libnio.so
7fa3a4027000-7fa3a4028000 rw-p 00015000 08:02 13399084                   /usr/lib/jvm/java-17-openjdk-amd64/lib/libnio.so
7fa3a4028000-7fa3a436f000 rw-p 00000000 00:00 0 
7fa3a436f000-7fa3a4455000 ---p 00000000 00:00 0 
7fa3a4455000-7fa3a4465000 rw-p 00000000 00:00 0 
7fa3a4465000-7fa3a4540000 ---p 00000000 00:00 0 
7fa3a4540000-7fa3a4545000 rw-p 00000000 00:00 0 
7fa3a4545000-7fa3a454c000 ---p 00000000 00:00 0 
7fa3a454c000-7fa3a4558000 r--p 00000000 08:02 13399070                   /usr/lib/jvm/java-17-openjdk-amd64/lib/libjava.so
7fa3a4558000-7fa3a456b000 r-xp 0000c000 08:02 13399070                   /usr/lib/jvm/java-17-openjdk-amd64/lib/libjava.so
7fa3a456b000-7fa3a4571000 r--p 0001f000 08:02 13399070                   /usr/lib/jvm/java-17-openjdk-amd64/lib/libjava.so
7fa3a4571000-7fa3a4572000 r--p 00024000 08:02 13399070                   /usr/lib/jvm/java-17-openjdk-amd64/lib/libjava.so
7fa3a4572000-7fa3a4573000 rw-p 00025000 08:02 13399070                   /usr/lib/jvm/java-17-openjdk-amd64/lib/libjava.so
7fa3a4573000-7fa3a4574000 rw-p 00000000 00:00 0 
7fa3a4574000-7fa3a4578000 ---p 00000000 00:00 0 
7fa3a4578000-7fa3a4674000 rw-p 00000000 00:00 0 
7fa3a4674000-7fa3a4677000 r--p 00000000 08:02 13369903                   /usr/lib/x86_64-linux-gnu/libgcc_s.so.1
7fa3a4677000-7fa3a468e000 r-xp 00003000 08:02 13369903                   /usr/lib/x86_64-linux-gnu/libgcc_s.so.1
7fa3a468e000-7fa3a4692000 r--p 0001a000 08:02 13369903                   /usr/lib/x86_64-linux-gnu/libgcc_s.so.1
7fa3a4692000-7fa3a4693000 r--p 0001d000 08:02 13369903                   /usr/lib/x86_64-linux-gnu/libgcc_s.so.1
7fa3a4693000-7fa3a4694000 rw-p 0001e000 08:02 13369903                   /usr/lib/x86_64-linux-gnu/libgcc_s.so.1
7fa3a4694000-7fa3a46a2000 r--p 00000000 08:02 13370571                   /usr/lib/x86_64-linux-gnu/libm.so.6
7fa3a46a2000-7fa3a471e000 r-xp 0000e000 08:02 13370571                   /usr/lib/x86_64-linux-gnu/libm.so.6
7fa3a471e000-7fa3a4779000 r--p 0008a000 08:02 13370571                   /usr/lib/x86_64-linux-gnu/libm.so.6
7fa3a4779000-7fa3a477a000 r--p 000e4000 08:02 13370571                   /usr/lib/x86_64-linux-gnu/libm.so.6
7fa3a477a000-7fa3a477b000 rw-p 000e5000 08:02 13370571                   /usr/lib/x86_64-linux-gnu/libm.so.6
7fa3a477b000-7fa3a4815000 r--p 00000000 08:02 13369612                   /usr/lib/x86_64-linux-gnu/libstdc++.so.6.0.30
7fa3a4815000-7fa3a4926000 r-xp 0009a000 08:02 13369612                   /usr/lib/x86_64-linux-gnu/libstdc++.so.6.0.30
7fa3a4926000-7fa3a4995000 r--p 001ab000 08:02 13369612                   /usr/lib/x86_64-linux-gnu/libstdc++.so.6.0.30
7fa3a4995000-7fa3a4996000 ---p 0021a000 08:02 13369612                   /usr/lib/x86_64-linux-gnu/libstdc++.so.6.0.30
7fa3a4996000-7fa3a49a1000 r--p 0021a000 08:02 13369612                   /usr/lib/x86_64-linux-gnu/libstdc++.so.6.0.30
7fa3a49a1000-7fa3a49a4000 rw-p 00225000 08:02 13369612                   /usr/lib/x86_64-linux-gnu/libstdc++.so.6.0.30
7fa3a49a4000-7fa3a49a7000 rw-p 00000000 00:00 0 
7fa3a49a7000-7fa3a4bf8000 r--p 00000000 08:02 13399098                   /usr/lib/jvm/java-17-openjdk-amd64/lib/server/libjvm.so
7fa3a4bf8000-7fa3a595c000 r-xp 00251000 08:02 13399098                   /usr/lib/jvm/java-17-openjdk-amd64/lib/server/libjvm.so
7fa3a595c000-7fa3a5bde000 r--p 00fb5000 08:02 13399098                   /usr/lib/jvm/java-17-openjdk-amd64/lib/server/libjvm.so
7fa3a5bde000-7fa3a5bdf000 ---p 01237000 08:02 13399098                   /usr/lib/jvm/java-17-openjdk-amd64/lib/server/libjvm.so
7fa3a5bdf000-7fa3a5c97000 r--p 01237000 08:02 13399098                   /usr/lib/jvm/java-17-openjdk-amd64/lib/server/libjvm.so
7fa3a5c97000-7fa3a5ccc000 rw-p 012ef000 08:02 13399098                   /usr/lib/jvm/java-17-openjdk-amd64/lib/server/libjvm.so
7fa3a5ccc000-7fa3a5d29000 rw-p 00000000 00:00 0 
7fa3a5d29000-7fa3a5d51000 r--p 00000000 08:02 13370567                   /usr/lib/x86_64-linux-gnu/libc.so.6
7fa3a5d51000-7fa3a5ee6000 r-xp 00028000 08:02 13370567                   /usr/lib/x86_64-linux-gnu/libc.so.6
7fa3a5ee6000-7fa3a5f3e000 r--p 001bd000 08:02 13370567                   /usr/lib/x86_64-linux-gnu/libc.so.6
7fa3a5f3e000-7fa3a5f3f000 ---p 00215000 08:02 13370567                   /usr/lib/x86_64-linux-gnu/libc.so.6
7fa3a5f3f000-7fa3a5f43000 r--p 00215000 08:02 13370567                   /usr/lib/x86_64-linux-gnu/libc.so.6
7fa3a5f43000-7fa3a5f45000 rw-p 00219000 08:02 13370567                   /usr/lib/x86_64-linux-gnu/libc.so.6
7fa3a5f45000-7fa3a5f52000 rw-p 00000000 00:00 0 
7fa3a5f52000-7fa3a5f54000 r--p 00000000 08:02 13399074                   /usr/lib/jvm/java-17-openjdk-amd64/lib/libjli.so
7fa3a5f54000-7fa3a5f5e000 r-xp 00002000 08:02 13399074                   /usr/lib/jvm/java-17-openjdk-amd64/lib/libjli.so
7fa3a5f5e000-7fa3a5f61000 r--p 0000c000 08:02 13399074                   /usr/lib/jvm/java-17-openjdk-amd64/lib/libjli.so
7fa3a5f61000-7fa3a5f62000 r--p 0000e000 08:02 13399074                   /usr/lib/jvm/java-17-openjdk-amd64/lib/libjli.so
7fa3a5f62000-7fa3a5f63000 rw-p 0000f000 08:02 13399074                   /usr/lib/jvm/java-17-openjdk-amd64/lib/libjli.so
7fa3a5f63000-7fa3a5f65000 r--p 00000000 08:02 13402577                   /usr/lib/x86_64-linux-gnu/libz.so.1.2.11
7fa3a5f65000-7fa3a5f76000 r-xp 00002000 08:02 13402577                   /usr/lib/x86_64-linux-gnu/libz.so.1.2.11
7fa3a5f76000-7fa3a5f7c000 r--p 00013000 08:02 13402577                   /usr/lib/x86_64-linux-gnu/libz.so.1.2.11
7fa3a5f7c000-7fa3a5f7d000 ---p 00019000 08:02 13402577                   /usr/lib/x86_64-linux-gnu/libz.so.1.2.11
7fa3a5f7d000-7fa3a5f7e000 r--p 00019000 08:02 13402577                   /usr/lib/x86_64-linux-gnu/libz.so.1.2.11
7fa3a5f7e000-7fa3a5f7f000 rw-p 0001a000 08:02 13402577                   /usr/lib/x86_64-linux-gnu/libz.so.1.2.11
7fa3a5f83000-7fa3a5f8b000 rw-s 00000000 08:02 3407892                    /tmp/hsperfdata_driver/58604
7fa3a5f8b000-7fa3a5f8c000 ---p 00000000 00:00 0 
7fa3a5f8c000-7fa3a5f8d000 r--p 00000000 00:00 0 
7fa3a5f8d000-7fa3a5f8f000 r--p 00000000 08:02 13399073                   /usr/lib/jvm/java-17-openjdk-amd64/lib/libjimage.so
7fa3a5f8f000-7fa3a5f92000 r-xp 00002000 08:02 13399073                   /usr/lib/jvm/java-17-openjdk-amd64/lib/libjimage.so
7fa3a5f92000-7fa3a5f93000 r--p 00005000 08:02 13399073                   /usr/lib/jvm/java-17-openjdk-amd64/lib/libjimage.so
7fa3a5f93000-7fa3a5f94000 ---p 00006000 08:02 13399073                   /usr/lib/jvm/java-17-openjdk-amd64/lib/libjimage.so
7fa3a5f94000-7fa3a5f95000 r--p 00006000 08:02 13399073                   /usr/lib/jvm/java-17-openjdk-amd64/lib/libjimage.so
7fa3a5f95000-7fa3a5f96000 rw-p 00007000 08:02 13399073                   /usr/lib/jvm/java-17-openjdk-amd64/lib/libjimage.so
7fa3a5f96000-7fa3a5f98000 rw-p 00000000 00:00 0 
7fa3a5f98000-7fa3a5f9a000 r--p 00000000 08:02 13370134                   /usr/lib/x86_64-linux-gnu/ld-linux-x86-64.so.2
7fa3a5f9a000-7fa3a5fc4000 r-xp 00002000 08:02 13370134                   /usr/lib/x86_64-linux-gnu/ld-linux-x86-64.so.2
7fa3a5fc4000-7fa3a5fcf000 r--p 0002c000 08:02 13370134                   /usr/lib/x86_64-linux-gnu/ld-linux-x86-64.so.2
7fa3a5fcf000-7fa3a5fd0000 ---p 00000000 00:00 0 
7fa3a5fd0000-7fa3a5fd2000 r--p 00037000 08:02 13370134                   /usr/lib/x86_64-linux-gnu/ld-linux-x86-64.so.2
7fa3a5fd2000-7fa3a5fd4000 rw-p 00039000 08:02 13370134                   /usr/lib/x86_64-linux-gnu/ld-linux-x86-64.so.2
7ffe82854000-7ffe82876000 rw-p 00000000 00:00 0                          [stack]
7ffe82897000-7ffe8289b000 r--p 00000000 00:00 0                          [vvar]
7ffe8289b000-7ffe8289d000 r-xp 00000000 00:00 0                          [vdso]
ffffffffff600000-ffffffffff601000 --xp 00000000 00:00 0                  [vsyscall]


VM Arguments:
jvm_args: -Dclassworlds.conf=/usr/share/maven/bin/m2.conf -Dmaven.home=/usr/share/maven -Dlibrary.jansi.path=/usr/share/maven/lib/jansi-native -Dmaven.multiModuleProjectDirectory=/home/driver/Desktop/linux_dev/surpizza/server 
java_command: org.codehaus.plexus.classworlds.launcher.Launcher spring-boot:run
java_class_path (initial): /usr/share/maven/boot/plexus-classworlds-2.x.jar
Launcher Type: SUN_STANDARD

[Global flags]
     intx CICompilerCount                          = 4                                         {product} {ergonomic}
     uint ConcGCThreads                            = 3                                         {product} {ergonomic}
     uint G1ConcRefinementThreads                  = 10                                        {product} {ergonomic}
   size_t G1HeapRegionSize                         = 4194304                                   {product} {ergonomic}
    uintx GCDrainStackTargetSize                   = 64                                        {product} {ergonomic}
   size_t InitialHeapSize                          = 528482304                                 {product} {ergonomic}
   size_t MarkStackSize                            = 4194304                                   {product} {ergonomic}
   size_t MaxHeapSize                              = 8401190912                                {product} {ergonomic}
   size_t MaxNewSize                               = 5037359104                                {product} {ergonomic}
   size_t MinHeapDeltaBytes                        = 4194304                                   {product} {ergonomic}
   size_t MinHeapSize                              = 8388608                                   {product} {ergonomic}
    uintx NonNMethodCodeHeapSize                   = 5839372                                {pd product} {ergonomic}
    uintx NonProfiledCodeHeapSize                  = 122909434                              {pd product} {ergonomic}
    uintx ProfiledCodeHeapSize                     = 122909434                              {pd product} {ergonomic}
    uintx ReservedCodeCacheSize                    = 251658240                              {pd product} {ergonomic}
     bool SegmentedCodeCache                       = true                                      {product} {ergonomic}
   size_t SoftMaxHeapSize                          = 8401190912                             {manageable} {ergonomic}
     bool UseCompressedClassPointers               = true                           {product lp64_product} {ergonomic}
     bool UseCompressedOops                        = true                           {product lp64_product} {ergonomic}
     bool UseG1GC                                  = true                                      {product} {ergonomic}

Logging:
Log output configuration:
 #0: stdout all=warning uptime,level,tags
 #1: stderr all=off uptime,level,tags

Environment Variables:
PATH=/home/driver/Desktop/linux_dev/surpizza/server/node_modules/.bin:/home/driver/Desktop/linux_dev/surpizza/server/node_modules/.bin:/home/driver/Desktop/linux_dev/surpizza/node_modules/.bin:/home/driver/Desktop/linux_dev/node_modules/.bin:/home/driver/Desktop/node_modules/.bin:/home/driver/node_modules/.bin:/home/node_modules/.bin:/node_modules/.bin:/home/driver/.nvm/versions/node/v21.5.0/lib/node_modules/npm/node_modules/@npmcli/run-script/lib/node-gyp-bin:/home/driver/.local/share/pnpm:/home/driver/.nvm/versions/node/v21.5.0/bin:/home/driver/.cargo/bin:/usr/local/sbin:/usr/local/bin:/usr/sbin:/usr/bin:/sbin:/bin:/usr/games:/usr/local/games:/snap/bin:/home/driver/scripts:/home/driver/mongodb-database-tools-amazon2-x86_64-100.9.4/bin:/usr/local/go/bin:/home/driver/go/bin:/home/driver/.dotnet
SHELL=/bin/bash
DISPLAY=:0
LANG=en_US.UTF-8
LC_CTYPE=en_US.UTF-8
LC_NUMERIC=it_IT.UTF-8
LC_TIME=it_IT.UTF-8
TERM=xterm-256color

Active Locale:
LC_ALL=LC_CTYPE=en_US.UTF-8;LC_NUMERIC=it_IT.UTF-8;LC_TIME=it_IT.UTF-8;LC_COLLATE=en_US.UTF-8;LC_MONETARY=it_IT.UTF-8;LC_MESSAGES=en_US.UTF-8;LC_PAPER=it_IT.UTF-8;LC_NAME=it_IT.UTF-8;LC_ADDRESS=it_IT.UTF-8;LC_TELEPHONE=it_IT.UTF-8;LC_MEASUREMENT=it_IT.UTF-8;LC_IDENTIFICATION=it_IT.UTF-8
LC_COLLATE=en_US.UTF-8
LC_CTYPE=en_US.UTF-8
LC_MESSAGES=en_US.UTF-8
LC_MONETARY=it_IT.UTF-8
LC_NUMERIC=it_IT.UTF-8
LC_TIME=it_IT.UTF-8

Signal Handlers:
   SIGSEGV: crash_handler in libjvm.so, mask=11100100010111111101111111111110, flags=SA_RESTART|SA_SIGINFO, unblocked
    SIGBUS: crash_handler in libjvm.so, mask=11100100010111111101111111111110, flags=SA_RESTART|SA_SIGINFO, unblocked
    SIGFPE: crash_handler in libjvm.so, mask=11100100010111111101111111111110, flags=SA_RESTART|SA_SIGINFO, unblocked
   SIGPIPE: javaSignalHandler in libjvm.so, mask=11100100010111111101111111111110, flags=SA_RESTART|SA_SIGINFO, blocked
   SIGXFSZ: javaSignalHandler in libjvm.so, mask=11100100010111111101111111111110, flags=SA_RESTART|SA_SIGINFO, blocked
    SIGILL: crash_handler in libjvm.so, mask=11100100010111111101111111111110, flags=SA_RESTART|SA_SIGINFO, unblocked
   SIGUSR2: SR_handler in libjvm.so, mask=00000000000000000000000000000000, flags=SA_RESTART|SA_SIGINFO, blocked
    SIGHUP: UserHandler in libjvm.so, mask=11100100010111111101111111111110, flags=SA_RESTART|SA_SIGINFO, blocked
    SIGINT: UserHandler in libjvm.so, mask=11100100010111111101111111111110, flags=SA_RESTART|SA_SIGINFO, blocked
   SIGTERM: UserHandler in libjvm.so, mask=11100100010111111101111111111110, flags=SA_RESTART|SA_SIGINFO, blocked
   SIGQUIT: UserHandler in libjvm.so, mask=11100100010111111101111111111110, flags=SA_RESTART|SA_SIGINFO, blocked
   SIGTRAP: crash_handler in libjvm.so, mask=11100100010111111101111111111110, flags=SA_RESTART|SA_SIGINFO, unblocked


Periodic native trim disabled


---------------  S Y S T E M  ---------------

OS:
DISTRIB_ID=LinuxMint
DISTRIB_RELEASE=21.3
DISTRIB_CODENAME=virginia
DISTRIB_DESCRIPTION="Linux Mint 21.3 Virginia"
uname: Linux 5.15.0-107-generic #117-Ubuntu SMP Fri Apr 26 12:26:49 UTC 2024 x86_64
OS uptime: 0 days 0:50 hours
libc: glibc 2.35 NPTL 2.35 
rlimit (soft/hard): STACK 8192k/infinity , CORE 0k/infinity , NPROC 127278/127278 , NOFILE 1048576/1048576 , AS infinity/infinity , CPU infinity/infinity , DATA infinity/infinity , FSIZE infinity/infinity , MEMLOCK 4100632k/4100632k
load average: 5,55 1,74 1,03

/proc/meminfo:
MemTotal:       32805060 kB
MemFree:        20836352 kB
MemAvailable:   25002824 kB
Buffers:          287956 kB
Cached:          4244000 kB
SwapCached:            0 kB
Active:          2316540 kB
Inactive:        8644112 kB
Active(anon):       6644 kB
Inactive(anon):  6601648 kB
Active(file):    2309896 kB
Inactive(file):  2042464 kB
Unevictable:          64 kB
Mlocked:              64 kB
SwapTotal:       2097148 kB
SwapFree:        2097148 kB
Dirty:              1224 kB
Writeback:             0 kB
AnonPages:       6428916 kB
Mapped:          1601596 kB
Shmem:            179596 kB
KReclaimable:     276660 kB
Slab:             503864 kB
SReclaimable:     276660 kB
SUnreclaim:       227204 kB
KernelStack:       28804 kB
PageTables:        74488 kB
NFS_Unstable:          0 kB
Bounce:                0 kB
WritebackTmp:          0 kB
CommitLimit:    18499676 kB
Committed_AS:   31942280 kB
VmallocTotal:   34359738367 kB
VmallocUsed:      172860 kB
VmallocChunk:          0 kB
Percpu:            39552 kB
HardwareCorrupted:     0 kB
AnonHugePages:         0 kB
ShmemHugePages:        0 kB
ShmemPmdMapped:        0 kB
FileHugePages:         0 kB
FilePmdMapped:         0 kB
HugePages_Total:       0
HugePages_Free:        0
HugePages_Rsvd:        0
HugePages_Surp:        0
Hugepagesize:       2048 kB
Hugetlb:               0 kB
DirectMap4k:      823020 kB
DirectMap2M:    12756992 kB
DirectMap1G:    20971520 kB

/sys/kernel/mm/transparent_hugepage/enabled: always [madvise] never
/sys/kernel/mm/transparent_hugepage/defrag (defrag/compaction efforts parameter): always defer defer+madvise [madvise] never

Process Memory:
Virtual Size: 12101312K (peak: 12162812K)
Resident Set Size: 270108K (peak: 271688K) (anon: 247252K, file: 22856K, shmem: 0K)
Swapped out: 0K
C-Heap outstanding allocations: 39230K, retained: 37345K
glibc malloc tunables: (default)

/proc/sys/kernel/threads-max (system-wide limit on the number of threads): 254557
/proc/sys/vm/max_map_count (maximum number of memory map areas a process may have): 262144
/proc/sys/kernel/pid_max (system-wide limit on number of process identifiers): 4194304

container (cgroup) information:
container_type: cgroupv2
cpu_cpuset_cpus: not supported
cpu_memory_nodes: not supported
active_processor_count: 12
cpu_quota: not supported
cpu_period: not supported
cpu_shares: not supported
memory_limit_in_bytes: unlimited
memory_and_swap_limit_in_bytes: unlimited
memory_soft_limit_in_bytes: unlimited
memory_usage_in_bytes: 9224908 k
memory_max_usage_in_bytes: not supported
memory_swap_current_in_bytes: unlimited
memory_swap_max_limit_in_bytes: unlimited
maximum number of tasks: unlimited
current number of tasks: 1156

Steal ticks since vm start: 0
Steal ticks percentage since vm start:  0,000

CPU: total 12 (initial active 12) (12 cores per cpu, 2 threads per core) family 23 model 8 stepping 2 microcode 0x800820d, cx8, cmov, fxsr, ht, mmx, 3dnowpref, sse, sse2, sse3, ssse3, sse4a, sse4.1, sse4.2, popcnt, lzcnt, tsc, tscinvbit, avx, avx2, aes, clmul, bmi1, bmi2, adx, sha, fma, vzeroupper, clflush, clflushopt
CPU Model and flags from /proc/cpuinfo:
model name	: AMD Ryzen 5 2600 Six-Core Processor
flags		: fpu vme de pse tsc msr pae mce cx8 apic sep mtrr pge mca cmov pat pse36 clflush mmx fxsr sse sse2 ht syscall nx mmxext fxsr_opt pdpe1gb rdtscp lm constant_tsc rep_good nopl nonstop_tsc cpuid extd_apicid aperfmperf rapl pni pclmulqdq monitor ssse3 fma cx16 sse4_1 sse4_2 movbe popcnt aes xsave avx f16c rdrand lahf_lm cmp_legacy svm extapic cr8_legacy abm sse4a misalignsse 3dnowprefetch osvw skinit wdt tce topoext perfctr_core perfctr_nb bpext perfctr_llc mwaitx cpb hw_pstate ssbd ibpb vmmcall fsgsbase bmi1 avx2 smep bmi2 rdseed adx smap clflushopt sha_ni xsaveopt xsavec xgetbv1 clzero irperf xsaveerptr arat npt lbrv svm_lock nrip_save tsc_scale vmcb_clean flushbyasid decodeassists pausefilter pfthreshold avic v_vmsave_vmload vgif overflow_recov succor smca sme sev sev_es

Online cpus: 0-11
Offline cpus: 12-31
BIOS frequency limitation: <Not Available>
Frequency switch latency (ns): <Not Available>
Available cpu frequencies: <Not Available>
Current governor: <Not Available>
Core performance/turbo boost: <Not Available>

Memory: 4k page, physical 32805060k(20836352k free), swap 2097148k(2097148k free)
Page Sizes: 4k

vm_info: OpenJDK 64-Bit Server VM (17.0.10+7-Ubuntu-122.04.1) for linux-amd64 JRE (17.0.10+7-Ubuntu-122.04.1), built on Feb  5 2024 21:02:31 by "buildd" with gcc 11.4.0

END.
