#
# A fatal error has been detected by the Java Runtime Environment:
#
#  SIGSEGV (0xb) at pc=0x00007f912d09cb7b, pid=59218, tid=59218
#
# JRE version: OpenJDK Runtime Environment (17.0.10+7) (build 17.0.10+7-Ubuntu-122.04.1)
# Java VM: OpenJDK 64-Bit Server VM (17.0.10+7-Ubuntu-122.04.1, mixed mode, emulated-client, sharing, tiered, compressed oops, compressed class ptrs, g1 gc, linux-amd64)
# Problematic frame:
# V  [libjvm.so+0xdd0b7b]  SR_handler(int, siginfo_t*, ucontext_t*)+0xab
#
# Core dump will be written. Default location: Core dumps may be processed with "/lib/systemd/systemd-coredump %P %u %g %s %t 9223372036854775808 %h" (or dumping to /home/driver/Desktop/linux_dev/surpizza/server/core.59218)
#
# If you would like to submit a bug report, please visit:
#   Unknown
#

---------------  S U M M A R Y ------------

Command Line: -XX:TieredStopAtLevel=1 com.SurpizzaApplication

Host: AMD Ryzen 5 2600 Six-Core Processor, 12 cores, 31G, Linux Mint 21.3 Virginia
Time: Thu Jun  6 16:15:52 2024 CEST elapsed time: 214.052986 seconds (0d 0h 3m 34s)

---------------  T H R E A D  ---------------

Current thread is native thread

Stack: [0x00007ffd38a84000,0x00007ffd39281000],  sp=0x00007ffd3927ba70,  free space=8158k
Native frames: (J=compiled Java code, j=interpreted, Vv=VM code, C=native code)
V  [libjvm.so+0xdd0b7b]  SR_handler(int, siginfo_t*, ucontext_t*)+0xab
C  [libc.so.6+0x42520]


siginfo: si_signo: 11 (SIGSEGV), si_code: 1 (SEGV_MAPERR), si_addr: 0x0000000000000268

Registers:
RAX=0x0000000000000000, RBX=0x00007ffd3927ba80, RCX=0x00007f912d6e9c1b, RDX=0x0000000000000000
RSP=0x00007ffd3927ba70, RBP=0x00007ffd3927bb30, RSI=0x00007ffd3927ba80, RDI=0x0000000000000000
R8 =0x0000000000000000, R9 =0x00000000ffffffff, R10=0x0000000000000008, R11=0x0000000000000246
R12=0x00007f912d64b6c0, R13=0x0000000000000000, R14=0x0000000000000000, R15=0x0000000000000000
RIP=0x00007f912d09cb7b, EFLAGS=0x0000000000010246, CSGSFS=0x002b000000000033, ERR=0x0000000000000004
  TRAPNO=0x000000000000000e


Top of Stack: (sp=0x00007ffd3927ba70)
0x00007ffd3927ba70:   00007ffd3927bc70 00007ffd3927bb40
0x00007ffd3927ba80:   00000000000004d8 0000000000000009
0x00007ffd3927ba90:   0000000000026000 fe1f58a3e19c3800
0x00007ffd3927baa0:   0000000000000000 0000000000000000
0x00007ffd3927bab0:   0000000000000000 0000000024bbd60a
0x00007ffd3927bac0:   00007ffd3927bc00 00007f912d6697e0
0x00007ffd3927bad0:   00007f912d8bc0f0 00007ffd3927bb60
0x00007ffd3927bae0:   00007ffd3927bb70 00007f912d8c9211
0x00007ffd3927baf0:   0000000000000004 00007f912d8bca50
0x00007ffd3927bb00:   0000000000000001 00007f912bf98640
0x00007ffd3927bb10:   0000000000000000 000000000000e753
0x00007ffd3927bb20:   0000000000000000 0000000000000000
0x00007ffd3927bb30:   00007ffd3927c1a8 00007f912d690520
0x00007ffd3927bb40:   0000000000000007 0000000000000000
0x00007ffd3927bb50:   0000000000000000 00007f9100000002
0x00007ffd3927bb60:   0000000000000000 0000000000000000
0x00007ffd3927bb70:   00000000ffffffff 0000000000000000
0x00007ffd3927bb80:   0000000000000246 0000000000000000
0x00007ffd3927bb90:   000000000000e753 0000000000000000
0x00007ffd3927bba0:   0000000000000000 00007f912bf98910
0x00007ffd3927bbb0:   0000000000000109 00007ffd3927c1a8
0x00007ffd3927bbc0:   00007f912bf98640 000000000000e753
0x00007ffd3927bbd0:   00000000000000ca 00007f912d6df117
0x00007ffd3927bbe0:   00007ffd3927c0e0 00007f912d6df115
0x00007ffd3927bbf0:   0000000000000246 002b000000000033
0x00007ffd3927bc00:   0000000000000004 000000000000000e
0x00007ffd3927bc10:   0000000000000004 0000000000000008
0x00007ffd3927bc20:   00007ffd3927bd00 0000000000000000
0x00007ffd3927bc30:   00007ffd3927c1b0 00007f912d8d2dae
0x00007ffd3927bc40:   00007f912bf98950 0000000000000000
0x00007ffd3927bc50:   0000000000000003 0000000000100000
0x00007ffd3927bc60:   00007f912bf98640 0000000000000004 

Instructions: (pc=0x00007f912d09cb7b)
0x00007f912d09ca7b:   58 00 00 74 30 48 8d 05 59 82 58 00 48 8d 14 98
0x00007f912d09ca8b:   b8 01 00 00 00 f0 0f c1 02 48 8b 3d 4d 83 58 00
0x00007f912d09ca9b:   48 83 ec 80 be 01 00 00 00 5b 41 5c 5d e9 a3 19
0x00007f912d09caab:   f2 ff 0f 1f 00 48 83 ec 80 5b 41 5c 5d c3 0f 1f
0x00007f912d09cabb:   80 00 00 00 00 e8 9b df 15 00 84 c0 74 ad e8 22
0x00007f912d09cacb:   1b 48 ff eb a6 f3 0f 1e fa 55 66 48 0f 6e d2 66
0x00007f912d09cadb:   48 0f 6e ce 66 0f 6c ca 48 89 e5 41 57 41 56 41
0x00007f912d09caeb:   55 41 54 53 48 8d 9d 50 ff ff ff 48 81 ec 98 00
0x00007f912d09cafb:   00 00 0f 29 8d 40 ff ff ff e8 67 12 48 ff 48 89
0x00007f912d09cb0b:   df 44 8b 28 49 89 c4 e8 a9 0e 48 ff be 04 00 00
0x00007f912d09cb1b:   00 48 89 df e8 ec 10 48 ff be 07 00 00 00 48 89
0x00007f912d09cb2b:   df e8 df 10 48 ff be 08 00 00 00 48 89 df e8 d2
0x00007f912d09cb3b:   10 48 ff be 0b 00 00 00 48 89 df e8 c5 10 48 ff
0x00007f912d09cb4b:   be 05 00 00 00 48 89 df e8 b8 10 48 ff 31 d2 48
0x00007f912d09cb5b:   89 de bf 01 00 00 00 e8 39 06 48 ff e8 94 7e 0e
0x00007f912d09cb6b:   00 41 89 c0 31 c0 45 84 c0 74 05 e8 95 7e 0e 00
0x00007f912d09cb7b:   48 8b 90 68 02 00 00 48 85 d2 74 17 4c 8b b8 30
0x00007f912d09cb8b:   02 00 00 41 8b 87 a0 00 00 00 83 f8 01 74 16 45
0x00007f912d09cb9b:   89 2c 24 48 81 c4 98 00 00 00 5b 41 5c 41 5d 41
0x00007f912d09cbab:   5e 41 5f 5d c3 66 0f 6f 9d 40 ff ff ff ba 02 00
0x00007f912d09cbbb:   00 00 be 01 00 00 00 4d 8d b7 a0 00 00 00 4c 89
0x00007f912d09cbcb:   f7 41 0f 11 9f a8 00 00 00 e8 77 36 e6 ff 83 f8
0x00007f912d09cbdb:   02 74 3a 85 c0 75 0e 66 0f ef c0 41 0f 11 87 a8
0x00007f912d09cbeb:   00 00 00 eb aa 48 8d 05 51 37 52 00 be 63 06 00
0x00007f912d09cbfb:   00 48 8d 3d 0d b1 27 00 48 8b 00 c6 00 58 e8 52
0x00007f912d09cc0b:   13 84 ff e8 8d 6c e6 ff eb cd 0f 1f 00 48 89 df
0x00007f912d09cc1b:   e8 a0 0d 48 ff 48 89 da 31 f6 31 ff e8 74 05 48
0x00007f912d09cc2b:   ff 8b 35 16 91 53 00 48 89 df e8 76 0a 48 ff be
0x00007f912d09cc3b:   01 00 00 00 48 8d 3d ba 81 58 00 e8 05 18 f2 ff
0x00007f912d09cc4b:   eb 08 0f 1f 00 83 f8 02 75 3b 48 89 df e8 73 11
0x00007f912d09cc5b:   48 ff 31 d2 be 03 00 00 00 4c 89 f7 e8 e4 35 e6
0x00007f912d09cc6b:   ff 85 c0 75 e0 be 01 00 00 00 48 8d 3d 84 81 58 



---------------  P R O C E S S  ---------------

VM state: not at safepoint (normal execution)

VM Mutex/Monitor currently owned by a thread: None

Heap address: 0x000000060b400000, size: 8012 MB, Compressed Oops mode: Zero based, Oop shift amount: 3

CDS archive(s) mapped at: [0x00007f90ab000000-0x00007f90abbc7000-0x00007f90abbc7000), size 12349440, SharedBaseAddress: 0x00007f90ab000000, ArchiveRelocationMode: 1.
Compressed class space mapped at: 0x00007f90ac000000-0x00007f90ec000000, reserved size: 1073741824
Narrow klass base: 0x00007f90ab000000, Narrow klass shift: 0, Narrow klass range: 0x100000000

GC Precious Log:
<Skipped>

Heap:
 garbage-first heap   total 81920K, used 36765K [0x000000060b400000, 0x0000000800000000)
  region size 4096K, 6 young (24576K), 1 survivors (4096K)
 Metaspace       used 33178K, committed 33664K, reserved 1114112K
  class space    used 4509K, committed 4736K, reserved 1048576K

Heap Regions: E=young(eden), S=young(survivor), O=old, HS=humongous(starts), HC=humongous(continues), CS=collection set, F=free, OA=open archive, CA=closed archive, TAMS=top-at-mark-start (previous, next)
|   0|0x000000060b400000, 0x000000060b7bd200, 0x000000060b800000| 93%| O|  |TAMS 0x000000060b7bd200, 0x000000060b400000| Untracked 
|   1|0x000000060b800000, 0x000000060bc00000, 0x000000060bc00000|100%| O|  |TAMS 0x000000060b800000, 0x000000060b800000| Untracked 
|   2|0x000000060bc00000, 0x000000060bc00000, 0x000000060c000000|  0%| F|  |TAMS 0x000000060bc00000, 0x000000060bc00000| Untracked 
|   3|0x000000060c000000, 0x000000060c000000, 0x000000060c400000|  0%| F|  |TAMS 0x000000060c000000, 0x000000060c000000| Untracked 
|   4|0x000000060c400000, 0x000000060c400000, 0x000000060c800000|  0%| F|  |TAMS 0x000000060c400000, 0x000000060c400000| Untracked 
|   5|0x000000060c800000, 0x000000060c993400, 0x000000060cc00000| 39%| O|  |TAMS 0x000000060c800000, 0x000000060c800000| Untracked 
|   6|0x000000060cc00000, 0x000000060cc00000, 0x000000060d000000|  0%| F|  |TAMS 0x000000060cc00000, 0x000000060cc00000| Untracked 
|   7|0x000000060d000000, 0x000000060d000000, 0x000000060d400000|  0%| F|  |TAMS 0x000000060d000000, 0x000000060d000000| Untracked 
|   8|0x000000060d400000, 0x000000060d7abc30, 0x000000060d800000| 91%| S|CS|TAMS 0x000000060d400000, 0x000000060d400000| Complete 
|   9|0x000000060d800000, 0x000000060d800000, 0x000000060dc00000|  0%| F|  |TAMS 0x000000060d800000, 0x000000060d800000| Untracked 
|  10|0x000000060dc00000, 0x000000060dc00000, 0x000000060e000000|  0%| F|  |TAMS 0x000000060dc00000, 0x000000060dc00000| Untracked 
|  11|0x000000060e000000, 0x000000060e000000, 0x000000060e400000|  0%| F|  |TAMS 0x000000060e000000, 0x000000060e000000| Untracked 
|  12|0x000000060e400000, 0x000000060e400000, 0x000000060e800000|  0%| F|  |TAMS 0x000000060e400000, 0x000000060e400000| Untracked 
|  13|0x000000060e800000, 0x000000060eaff318, 0x000000060ec00000| 74%| E|  |TAMS 0x000000060e800000, 0x000000060e800000| Complete 
|  14|0x000000060ec00000, 0x000000060f000000, 0x000000060f000000|100%| E|  |TAMS 0x000000060ec00000, 0x000000060ec00000| Complete 
| 123|0x000000062a000000, 0x000000062a400000, 0x000000062a400000|100%| E|CS|TAMS 0x000000062a000000, 0x000000062a000000| Complete 
| 124|0x000000062a400000, 0x000000062a800000, 0x000000062a800000|100%| E|CS|TAMS 0x000000062a400000, 0x000000062a400000| Complete 
| 125|0x000000062a800000, 0x000000062ac00000, 0x000000062ac00000|100%| E|CS|TAMS 0x000000062a800000, 0x000000062a800000| Complete 
|2001|0x00000007ff800000, 0x00000007ffb75000, 0x00000007ffc00000| 86%|OA|  |TAMS 0x00000007ffb75000, 0x00000007ff800000| Untracked 
|2002|0x00000007ffc00000, 0x00000007ffc77000, 0x0000000800000000| 11%|CA|  |TAMS 0x00000007ffc77000, 0x00000007ffc00000| Untracked 

Card table byte_map: [0x00007f911a645000,0x00007f911b5eb000] _byte_map_base: 0x00007f91175eb000

Marking Bits (Prev, Next): (CMBitMap*) 0x00007f9124043d60, (CMBitMap*) 0x00007f9124043d20
 Prev Bits: [0x00007f9109c3f000, 0x00007f911196f000)
 Next Bits: [0x00007f911196f000, 0x00007f911969f000)

Polling page: 0x00007f912d8b0000

Metaspace:

Usage:
  Non-class:     28,00 MB used.
      Class:      4,40 MB used.
       Both:     32,40 MB used.

Virtual space:
  Non-class space:       64,00 MB reserved,      28,25 MB ( 44%) committed,  1 nodes.
      Class space:        1,00 GB reserved,       4,62 MB ( <1%) committed,  1 nodes.
             Both:        1,06 GB reserved,      32,88 MB (  3%) committed. 

Chunk freelists:
   Non-Class:  2,83 MB
       Class:  11,20 MB
        Both:  14,03 MB

MaxMetaspaceSize: unlimited
CompressedClassSpaceSize: 1,00 GB
Initial GC threshold: 21,00 MB
Current GC threshold: 35,25 MB
CDS: on
MetaspaceReclaimPolicy: balanced
 - commit_granule_bytes: 65536.
 - commit_granule_words: 8192.
 - virtual_space_node_default_size: 8388608.
 - enlarge_chunks_in_place: 1.
 - new_chunks_are_fully_committed: 0.
 - uncommit_free_chunks: 1.
 - use_allocation_guard: 0.
 - handle_deallocations: 1.


Internal statistics:

num_allocs_failed_limit: 3.
num_arena_births: 596.
num_arena_deaths: 0.
num_vsnodes_births: 2.
num_vsnodes_deaths: 0.
num_space_committed: 526.
num_space_uncommitted: 0.
num_chunks_returned_to_freelist: 3.
num_chunks_taken_from_freelist: 1684.
num_chunk_merges: 3.
num_chunk_splits: 1149.
num_chunks_enlarged: 834.
num_inconsistent_stats: 0.

CodeCache: size=49152Kb used=7660Kb max_used=8656Kb free=41492Kb
 bounds [0x00007f9128e71000, 0x00007f91296f1000, 0x00007f912be71000]
 total_blobs=4670 nmethods=4105 adapters=493
 compilation: enabled
              stopped_count=0, restarted_count=0
 full_count=0

Compilation events (20 events):
Event: 203,350 Thread 0x00007f9124152a10 4095       1       java.util.concurrent.ScheduledThreadPoolExecutor$DelayedWorkQueue::take (5 bytes)
Event: 203,350 Thread 0x00007f9124152a10 nmethod 4095 0x00007f9128fe2b90 code [0x00007f9128fe2d20, 0x00007f9128fe2e00]
Event: 205,349 Thread 0x00007f9124152a10 4097       1       java.util.concurrent.ScheduledThreadPoolExecutor$DelayedWorkQueue::finishPoll (43 bytes)
Event: 205,349 Thread 0x00007f9124152a10 nmethod 4097 0x00007f9128fe2690 code [0x00007f9128fe2840, 0x00007f9128fe2a40]
Event: 205,349 Thread 0x00007f9124152a10 4098       1       java.util.concurrent.ThreadPoolExecutor$Worker::lock (6 bytes)
Event: 205,349 Thread 0x00007f9124152a10 nmethod 4098 0x00007f9128fe2290 code [0x00007f9128fe2440, 0x00007f9128fe2600]
Event: 205,349 Thread 0x00007f9124152a10 4099       1       java.util.concurrent.ThreadPoolExecutor$Worker::tryAcquire (20 bytes)
Event: 205,350 Thread 0x00007f9124152a10 nmethod 4099 0x00007f9128fe1f10 code [0x00007f9128fe20a0, 0x00007f9128fe2210]
Event: 205,350 Thread 0x00007f9124152a10 4100       1       java.util.concurrent.ThreadPoolExecutor::beforeExecute (1 bytes)
Event: 205,350 Thread 0x00007f9124152a10 nmethod 4100 0x00007f9128fe1c10 code [0x00007f9128fe1da0, 0x00007f9128fe1e50]
Event: 205,350 Thread 0x00007f9124152a10 4101       1       java.util.concurrent.ScheduledThreadPoolExecutor$ScheduledFutureTask::run (57 bytes)
Event: 205,350 Thread 0x00007f9124152a10 nmethod 4101 0x00007f9128fe1690 code [0x00007f9128fe1880, 0x00007f9128fe1ab0]
Event: 205,350 Thread 0x00007f9124152a10 4102       1       java.util.concurrent.ScheduledThreadPoolExecutor$ScheduledFutureTask::isPeriodic (15 bytes)
Event: 205,350 Thread 0x00007f9124152a10 nmethod 4102 0x00007f9128fe1390 code [0x00007f9128fe1520, 0x00007f9128fe1610]
Event: 205,350 Thread 0x00007f9124152a10 4103   !   1       java.util.concurrent.FutureTask::runAndReset (125 bytes)
Event: 205,351 Thread 0x00007f9124152a10 nmethod 4103 0x00007f9128fe0290 code [0x00007f9128fe0500, 0x00007f9128fe0e90]
Event: 206,349 Thread 0x00007f9124152a10 4104       1       java.util.concurrent.ScheduledThreadPoolExecutor$DelayedWorkQueue::siftDown (119 bytes)
Event: 206,350 Thread 0x00007f9124152a10 nmethod 4104 0x00007f9128fdf590 code [0x00007f9128fdf7a0, 0x00007f9128fdfe70]
Event: 211,349 Thread 0x00007f9124152a10 4105       1       java.util.concurrent.locks.AbstractQueuedSynchronizer$ConditionObject::unlinkCancelledWaiters (91 bytes)
Event: 211,349 Thread 0x00007f9124152a10 nmethod 4105 0x00007f9128fdf010 code [0x00007f9128fdf1c0, 0x00007f9128fdf490]

GC Heap History (12 events):
Event: 0,330 GC heap before
{Heap before GC invocations=0 (full 0):
 garbage-first heap   total 524288K, used 28592K [0x000000060b400000, 0x0000000800000000)
  region size 4096K, 6 young (24576K), 0 survivors (0K)
 Metaspace       used 5907K, committed 6144K, reserved 1114112K
  class space    used 837K, committed 960K, reserved 1048576K
}
Event: 0,332 GC heap after
{Heap after GC invocations=1 (full 0):
 garbage-first heap   total 524288K, used 8070K [0x000000060b400000, 0x0000000800000000)
  region size 4096K, 1 young (4096K), 1 survivors (4096K)
 Metaspace       used 5907K, committed 6144K, reserved 1114112K
  class space    used 837K, committed 960K, reserved 1048576K
}
Event: 0,471 GC heap before
{Heap before GC invocations=1 (full 0):
 garbage-first heap   total 524288K, used 32646K [0x000000060b400000, 0x0000000800000000)
  region size 4096K, 7 young (28672K), 1 survivors (4096K)
 Metaspace       used 11516K, committed 11840K, reserved 1114112K
  class space    used 1559K, committed 1728K, reserved 1048576K
}
Event: 0,473 GC heap after
{Heap after GC invocations=2 (full 0):
 garbage-first heap   total 524288K, used 9619K [0x000000060b400000, 0x0000000800000000)
  region size 4096K, 1 young (4096K), 1 survivors (4096K)
 Metaspace       used 11516K, committed 11840K, reserved 1114112K
  class space    used 1559K, committed 1728K, reserved 1048576K
}
Event: 0,933 GC heap before
{Heap before GC invocations=2 (full 0):
 garbage-first heap   total 524288K, used 62867K [0x000000060b400000, 0x0000000800000000)
  region size 4096K, 14 young (57344K), 1 survivors (4096K)
 Metaspace       used 20218K, committed 20608K, reserved 1114112K
  class space    used 2840K, committed 3008K, reserved 1048576K
}
Event: 0,936 GC heap after
{Heap after GC invocations=3 (full 0):
 garbage-first heap   total 524288K, used 14043K [0x000000060b400000, 0x0000000800000000)
  region size 4096K, 2 young (8192K), 2 survivors (8192K)
 Metaspace       used 20218K, committed 20608K, reserved 1114112K
  class space    used 2840K, committed 3008K, reserved 1048576K
}
Event: 0,969 GC heap before
{Heap before GC invocations=3 (full 0):
 garbage-first heap   total 524288K, used 14043K [0x000000060b400000, 0x0000000800000000)
  region size 4096K, 3 young (12288K), 2 survivors (8192K)
 Metaspace       used 21121K, committed 21504K, reserved 1114112K
  class space    used 2932K, committed 3136K, reserved 1048576K
}
Event: 0,971 GC heap after
{Heap after GC invocations=4 (full 0):
 garbage-first heap   total 524288K, used 14621K [0x000000060b400000, 0x0000000800000000)
  region size 4096K, 2 young (8192K), 2 survivors (8192K)
 Metaspace       used 21121K, committed 21504K, reserved 1114112K
  class space    used 2932K, committed 3136K, reserved 1048576K
}
Event: 1,188 GC heap before
{Heap before GC invocations=5 (full 0):
 garbage-first heap   total 81920K, used 55581K [0x000000060b400000, 0x0000000800000000)
  region size 4096K, 13 young (53248K), 2 survivors (8192K)
 Metaspace       used 23665K, committed 24128K, reserved 1114112K
  class space    used 3293K, committed 3520K, reserved 1048576K
}
Event: 1,192 GC heap after
{Heap after GC invocations=6 (full 0):
 garbage-first heap   total 81920K, used 17357K [0x000000060b400000, 0x0000000800000000)
  region size 4096K, 3 young (12288K), 3 survivors (12288K)
 Metaspace       used 23665K, committed 24128K, reserved 1114112K
  class space    used 3293K, committed 3520K, reserved 1048576K
}
Event: 4,744 GC heap before
{Heap before GC invocations=6 (full 0):
 garbage-first heap   total 81920K, used 50125K [0x000000060b400000, 0x0000000800000000)
  region size 4096K, 12 young (49152K), 3 survivors (12288K)
 Metaspace       used 25980K, committed 26496K, reserved 1114112K
  class space    used 3606K, committed 3840K, reserved 1048576K
}
Event: 4,748 GC heap after
{Heap after GC invocations=7 (full 0):
 garbage-first heap   total 81920K, used 17312K [0x000000060b400000, 0x0000000800000000)
  region size 4096K, 1 young (4096K), 1 survivors (4096K)
 Metaspace       used 25980K, committed 26496K, reserved 1114112K
  class space    used 3606K, committed 3840K, reserved 1048576K
}

Dll operation events (9 events):
Event: 0,001 Loaded shared library /usr/lib/jvm/java-17-openjdk-amd64/lib/libjava.so
Event: 0,010 Loaded shared library /usr/lib/jvm/java-17-openjdk-amd64/lib/libjsvml.so
Event: 0,020 Loaded shared library /usr/lib/jvm/java-17-openjdk-amd64/lib/libnio.so
Event: 0,023 Loaded shared library /usr/lib/jvm/java-17-openjdk-amd64/lib/libzip.so
Event: 0,064 Loaded shared library /usr/lib/jvm/java-17-openjdk-amd64/lib/libjimage.so
Event: 0,078 Loaded shared library /usr/lib/jvm/java-17-openjdk-amd64/lib/libnet.so
Event: 1,001 Loaded shared library /usr/lib/jvm/java-17-openjdk-amd64/lib/libmanagement.so
Event: 1,001 Loaded shared library /usr/lib/jvm/java-17-openjdk-amd64/lib/libmanagement_ext.so
Event: 1,342 Loaded shared library /usr/lib/jvm/java-17-openjdk-amd64/lib/libextnet.so

Deoptimization events (4 events):
Event: 1,050 Thread 0x00007f903c001710 DEOPT PACKING pc=0x00007f912939fa96 sp=0x00007f90f90f4540
Event: 1,050 Thread 0x00007f903c001710 DEOPT UNPACKING pc=0x00007f9128ec7e2f sp=0x00007f90f90f39b8 mode 3
Event: 1,052 Thread 0x00007f9124014b50 DEOPT PACKING pc=0x00007f91293cfc01 sp=0x00007f912bf96e00
Event: 1,052 Thread 0x00007f9124014b50 DEOPT UNPACKING pc=0x00007f9128ec7e2f sp=0x00007f912bf962b0 mode 3

Classes unloaded (0 events):
No events

Classes redefined (0 events):
No events

Internal exceptions (20 events):
Event: 0,886 Thread 0x00007f9124014b50 Exception <a 'java/lang/NoSuchMethodError'{0x0000000627a86148}: 'void java.lang.invoke.DirectMethodHandle$Holder.invokeStatic(java.lang.Object, int, java.lang.Object)'> (0x0000000627a86148) 
thrown [./src/hotspot/share/interpreter/linkResolver.cpp, line 758]
Event: 0,889 Thread 0x00007f9124014b50 Exception <a 'java/lang/NoSuchMethodError'{0x0000000627ae06f8}: 'void java.lang.invoke.DirectMethodHandle$Holder.invokeVirtual(java.lang.Object, java.lang.Object, int)'> (0x0000000627ae06f8) 
thrown [./src/hotspot/share/interpreter/linkResolver.cpp, line 758]
Event: 0,890 Thread 0x00007f9124014b50 Exception <a 'java/lang/NoSuchMethodError'{0x0000000627ae6950}: 'void java.lang.invoke.DirectMethodHandle$Holder.invokeStatic(java.lang.Object, java.lang.Object, java.lang.Object, int, java.lang.Object)'> (0x0000000627ae6950) 
thrown [./src/hotspot/share/interpreter/linkResolver.cpp, line 758]
Event: 0,890 Thread 0x00007f9124014b50 Exception <a 'java/lang/NoSuchMethodError'{0x0000000627aeddd0}: 'java.lang.Object java.lang.invoke.DirectMethodHandle$Holder.newInvokeSpecial(java.lang.Object, java.lang.Object, java.lang.Object, int)'> (0x0000000627aeddd0) 
thrown [./src/hotspot/share/interpreter/linkResolver.cpp, line 758]
Event: 0,890 Thread 0x00007f9124014b50 Exception <a 'java/lang/NoSuchMethodError'{0x0000000627af20b8}: 'java.lang.Object java.lang.invoke.DirectMethodHandle$Holder.invokeSpecial(java.lang.Object, java.lang.Object, java.lang.Object, java.lang.Object, int)'> (0x0000000627af20b8) 
thrown [./src/hotspot/share/interpreter/linkResolver.cpp, line 758]
Event: 0,890 Thread 0x00007f9124014b50 Exception <a 'java/lang/NoSuchMethodError'{0x0000000627af5c80}: 'java.lang.Object java.lang.invoke.Invokers$Holder.linkToTargetMethod(java.lang.Object, java.lang.Object, int, java.lang.Object)'> (0x0000000627af5c80) 
thrown [./src/hotspot/share/interpreter/linkResolver.cpp, line 758]
Event: 0,988 Thread 0x00007f9124014b50 Exception <a 'java/lang/NoSuchMethodError'{0x000000062a9366c0}: 'java.lang.Object java.lang.invoke.DirectMethodHandle$Holder.invokeSpecial(java.lang.Object, java.lang.Object, long, java.lang.Object, java.lang.Object, java.lang.Object, java.lang.Object, java.lang.Object, java.lang.Object)'> (0x000000062a9366c0) 
thrown [./src/hotspot/share/interpreter/linkResolver.cpp, line 758]
Event: 0,989 Thread 0x00007f9124014b50 Exception <a 'java/lang/NoSuchMethodError'{0x000000062a93b1e8}: 'java.lang.Object java.lang.invoke.DelegatingMethodHandle$Holder.reinvoke_L(java.lang.Object, long, java.lang.Object, java.lang.Object, java.lang.Object, java.lang.Object, java.lang.Object, java.lang.Object)'> (0x000000062a93b1e8) 
thrown [./src/hotspot/share/interpreter/linkResolver.cpp, line 758]
Event: 1,006 Thread 0x00007f9124014b50 Exception <a 'java/io/FileNotFoundException'{0x000000062aa93ef0}> (0x000000062aa93ef0) 
thrown [./src/hotspot/share/prims/jni.cpp, line 516]
Event: 1,018 Thread 0x00007f9124014b50 Exception <a 'java/lang/NoSuchMethodError'{0x000000062abaec50}: 'int java.lang.invoke.DirectMethodHandle$Holder.invokeInterface(java.lang.Object, java.lang.Object, java.lang.Object, java.lang.Object)'> (0x000000062abaec50) 
thrown [./src/hotspot/share/interpreter/linkResolver.cpp, line 758]
Event: 1,040 Thread 0x00007f9124014b50 Exception <a 'java/lang/NoSuchMethodError'{0x000000060ed77a40}: 'long java.lang.invoke.DirectMethodHandle$Holder.invokeVirtual(java.lang.Object, java.lang.Object)'> (0x000000060ed77a40) 
thrown [./src/hotspot/share/interpreter/linkResolver.cpp, line 758]
Event: 1,247 Thread 0x00007f9124014b50 Exception <a 'java/lang/IncompatibleClassChangeError'{0x000000060e1a7970}: Found class java.lang.Object, but interface was expected> (0x000000060e1a7970) 
thrown [./src/hotspot/share/interpreter/linkResolver.cpp, line 826]
Event: 1,260 Thread 0x00007f9124014b50 Exception <a 'java/lang/NoSuchMethodError'{0x000000060e2e8f18}: 'void java.lang.invoke.DirectMethodHandle$Holder.invokeVirtual(java.lang.Object, java.lang.Object, long)'> (0x000000060e2e8f18) 
thrown [./src/hotspot/share/interpreter/linkResolver.cpp, line 758]
Event: 1,288 Thread 0x00007f9124014b50 Exception <a 'java/lang/NoSuchMethodError'{0x000000060de17718}: 'int java.lang.invoke.DirectMethodHandle$Holder.invokeStaticInit(java.lang.Object, java.lang.Object, java.lang.Object, java.lang.Object)'> (0x000000060de17718) 
thrown [./src/hotspot/share/interpreter/linkResolver.cpp, line 758]
Event: 1,336 Thread 0x00007f9124014b50 Exception <a 'java/lang/NoSuchMethodError'{0x000000060d8462d0}: 'java.lang.Object java.lang.invoke.DirectMethodHandle$Holder.newInvokeSpecial(java.lang.Object, java.lang.Object, int, java.lang.Object, java.lang.Object)'> (0x000000060d8462d0) 
thrown [./src/hotspot/share/interpreter/linkResolver.cpp, line 758]
Event: 1,336 Thread 0x00007f9124014b50 Exception <a 'java/lang/NoSuchMethodError'{0x000000060d851948}: 'java.lang.Object java.lang.invoke.DirectMethodHandle$Holder.invokeSpecial(java.lang.Object, java.lang.Object, int, java.lang.Object, int, java.lang.Object)'> (0x000000060d851948) 
thrown [./src/hotspot/share/interpreter/linkResolver.cpp, line 758]
Event: 1,337 Thread 0x00007f9124014b50 Exception <a 'java/lang/NoSuchMethodError'{0x000000060d859750}: 'java.lang.Object java.lang.invoke.DirectMethodHandle$Holder.newInvokeSpecial(java.lang.Object, java.lang.Object, int, java.lang.Object, int)'> (0x000000060d859750) 
thrown [./src/hotspot/share/interpreter/linkResolver.cpp, line 758]
Event: 1,337 Thread 0x00007f9124014b50 Exception <a 'java/lang/NoSuchMethodError'{0x000000060d85d850}: 'java.lang.Object java.lang.invoke.DirectMethodHandle$Holder.invokeSpecial(java.lang.Object, java.lang.Object, java.lang.Object, int, java.lang.Object, int)'> (0x000000060d85d850) 
thrown [./src/hotspot/share/interpreter/linkResolver.cpp, line 758]
Event: 4,742 Thread 0x00007f9124959400 Exception <a 'java/lang/NoSuchMethodError'{0x000000060dbb7b18}: 'java.lang.Object java.lang.invoke.DirectMethodHandle$Holder.invokeSpecial(java.lang.Object, java.lang.Object, java.lang.Object, java.lang.Object, java.lang.Object, long)'> (0x000000060dbb7b18) 
thrown [./src/hotspot/share/interpreter/linkResolver.cpp, line 758]
Event: 4,742 Thread 0x00007f9124959400 Exception <a 'java/lang/NoSuchMethodError'{0x000000060dbbb558}: 'java.lang.Object java.lang.invoke.Invokers$Holder.linkToTargetMethod(java.lang.Object, java.lang.Object, java.lang.Object, long, java.lang.Object)'> (0x000000060dbbb558) 
thrown [./src/hotspot/share/interpreter/linkResolver.cpp, line 758]

VM Operations (20 events):
Event: 8,618 Executing VM operation: Cleanup
Event: 8,618 Executing VM operation: Cleanup done
Event: 11,618 Executing VM operation: Cleanup
Event: 11,618 Executing VM operation: Cleanup done
Event: 25,619 Executing VM operation: Cleanup
Event: 25,619 Executing VM operation: Cleanup done
Event: 60,034 Executing VM operation: HandshakeAllThreads
Event: 60,034 Executing VM operation: HandshakeAllThreads done
Event: 82,036 Executing VM operation: Cleanup
Event: 82,036 Executing VM operation: Cleanup done
Event: 92,036 Executing VM operation: Cleanup
Event: 92,036 Executing VM operation: Cleanup done
Event: 187,045 Executing VM operation: Cleanup
Event: 187,045 Executing VM operation: Cleanup done
Event: 202,046 Executing VM operation: Cleanup
Event: 202,046 Executing VM operation: Cleanup done
Event: 203,046 Executing VM operation: Cleanup
Event: 203,046 Executing VM operation: Cleanup done
Event: 207,047 Executing VM operation: Cleanup
Event: 207,047 Executing VM operation: Cleanup done

Events (20 events):
Event: 7,613 loading class sun/net/www/http/ClientVector
Event: 7,613 Protecting memory [0x00007f90f99ff000,0x00007f90f9a03000] with protection modes 0
Event: 7,613 loading class sun/net/www/http/ClientVector done
Event: 7,613 loading class sun/net/www/http/KeepAliveEntry
Event: 7,613 loading class sun/net/www/http/KeepAliveEntry done
Event: 7,614 loading class java/io/OutputStream$1
Event: 7,614 loading class java/io/OutputStream$1 done
Event: 7,620 loading class java/util/stream/LongStream
Event: 7,620 loading class java/util/stream/LongStream done
Event: 7,620 loading class java/util/stream/DoubleStream
Event: 7,620 loading class java/util/stream/DoubleStream done
Event: 12,617 Thread 0x00007f90901f5530 Thread exited: 0x00007f90901f5530
Event: 12,617 Thread 0x00007f909009c800 Thread exited: 0x00007f909009c800
Event: 17,613 loading class sun/security/ssl/Alert
Event: 17,613 loading class sun/security/ssl/Alert done
Event: 17,613 loading class sun/security/ssl/Alert$AlertConsumer
Event: 17,613 loading class sun/security/ssl/Alert$AlertConsumer done
Event: 17,613 loading class sun/security/ssl/Alert$Level
Event: 17,613 loading class sun/security/ssl/Alert$Level done
Event: 17,615 Thread 0x00007f903414b320 Thread exited: 0x00007f903414b320


Dynamic libraries:
60b400000-60f000000 rw-p 00000000 00:00 0 
60f000000-62a000000 ---p 00000000 00:00 0 
62a000000-62ac00000 rw-p 00000000 00:00 0 
62ac00000-7ff800000 ---p 00000000 00:00 0 
7ff800000-7ffb00000 rw-p 00000000 00:00 0 
7ffb00000-7ffb75000 rw-p 00c76000 08:02 13399095                         /usr/lib/jvm/java-17-openjdk-amd64/lib/server/classes.jsa
7ffb75000-7ffc00000 rw-p 00000000 00:00 0 
7ffc00000-7ffc77000 rw-p 00bff000 08:02 13399095                         /usr/lib/jvm/java-17-openjdk-amd64/lib/server/classes.jsa
7ffc77000-800000000 rw-p 00000000 00:00 0 
5564078ba000-5564078bb000 r--p 00000000 08:02 13398943                   /usr/lib/jvm/java-17-openjdk-amd64/bin/java
5564078bb000-5564078bc000 r-xp 00001000 08:02 13398943                   /usr/lib/jvm/java-17-openjdk-amd64/bin/java
5564078bc000-5564078bd000 r--p 00002000 08:02 13398943                   /usr/lib/jvm/java-17-openjdk-amd64/bin/java
5564078bd000-5564078be000 r--p 00002000 08:02 13398943                   /usr/lib/jvm/java-17-openjdk-amd64/bin/java
5564078be000-5564078bf000 rw-p 00003000 08:02 13398943                   /usr/lib/jvm/java-17-openjdk-amd64/bin/java
556407dee000-556407e5b000 rw-p 00000000 00:00 0                          [heap]
7f9004000000-7f9004021000 rw-p 00000000 00:00 0 
7f9004021000-7f9008000000 ---p 00000000 00:00 0 
7f900c000000-7f900c021000 rw-p 00000000 00:00 0 
7f900c021000-7f9010000000 ---p 00000000 00:00 0 
7f9010000000-7f9010021000 rw-p 00000000 00:00 0 
7f9010021000-7f9014000000 ---p 00000000 00:00 0 
7f9014000000-7f9014021000 rw-p 00000000 00:00 0 
7f9014021000-7f9018000000 ---p 00000000 00:00 0 
7f9018000000-7f9018021000 rw-p 00000000 00:00 0 
7f9018021000-7f901c000000 ---p 00000000 00:00 0 
7f901c000000-7f901c021000 rw-p 00000000 00:00 0 
7f901c021000-7f9020000000 ---p 00000000 00:00 0 
7f9020000000-7f9020021000 rw-p 00000000 00:00 0 
7f9020021000-7f9024000000 ---p 00000000 00:00 0 
7f9024000000-7f9024021000 rw-p 00000000 00:00 0 
7f9024021000-7f9028000000 ---p 00000000 00:00 0 
7f9028000000-7f9028021000 rw-p 00000000 00:00 0 
7f9028021000-7f902c000000 ---p 00000000 00:00 0 
7f902c000000-7f902c021000 rw-p 00000000 00:00 0 
7f902c021000-7f9030000000 ---p 00000000 00:00 0 
7f9030000000-7f9030021000 rw-p 00000000 00:00 0 
7f9030021000-7f9034000000 ---p 00000000 00:00 0 
7f9034000000-7f9034166000 rw-p 00000000 00:00 0 
7f9034166000-7f9038000000 ---p 00000000 00:00 0 
7f9038000000-7f9038021000 rw-p 00000000 00:00 0 
7f9038021000-7f903c000000 ---p 00000000 00:00 0 
7f903c000000-7f903c021000 rw-p 00000000 00:00 0 
7f903c021000-7f9040000000 ---p 00000000 00:00 0 
7f9040000000-7f9040021000 rw-p 00000000 00:00 0 
7f9040021000-7f9044000000 ---p 00000000 00:00 0 
7f9044000000-7f9044212000 rw-p 00000000 00:00 0 
7f9044212000-7f9048000000 ---p 00000000 00:00 0 
7f9048000000-7f9048021000 rw-p 00000000 00:00 0 
7f9048021000-7f904c000000 ---p 00000000 00:00 0 
7f904c000000-7f904c021000 rw-p 00000000 00:00 0 
7f904c021000-7f9050000000 ---p 00000000 00:00 0 
7f9050000000-7f9050021000 rw-p 00000000 00:00 0 
7f9050021000-7f9054000000 ---p 00000000 00:00 0 
7f9054000000-7f9054021000 rw-p 00000000 00:00 0 
7f9054021000-7f9058000000 ---p 00000000 00:00 0 
7f9058000000-7f9058021000 rw-p 00000000 00:00 0 
7f9058021000-7f905c000000 ---p 00000000 00:00 0 
7f905c000000-7f905c021000 rw-p 00000000 00:00 0 
7f905c021000-7f9060000000 ---p 00000000 00:00 0 
7f9060000000-7f9060021000 rw-p 00000000 00:00 0 
7f9060021000-7f9064000000 ---p 00000000 00:00 0 
7f9064000000-7f9064021000 rw-p 00000000 00:00 0 
7f9064021000-7f9068000000 ---p 00000000 00:00 0 
7f9068000000-7f9068021000 rw-p 00000000 00:00 0 
7f9068021000-7f906c000000 ---p 00000000 00:00 0 
7f906c000000-7f906c026000 rw-p 00000000 00:00 0 
7f906c026000-7f9070000000 ---p 00000000 00:00 0 
7f9070000000-7f9070021000 rw-p 00000000 00:00 0 
7f9070021000-7f9074000000 ---p 00000000 00:00 0 
7f9074000000-7f907418a000 rw-p 00000000 00:00 0 
7f907418a000-7f9078000000 ---p 00000000 00:00 0 
7f9078000000-7f9078096000 rw-p 00000000 00:00 0 
7f9078096000-7f907c000000 ---p 00000000 00:00 0 
7f907c000000-7f907c021000 rw-p 00000000 00:00 0 
7f907c021000-7f9080000000 ---p 00000000 00:00 0 
7f9080000000-7f9080021000 rw-p 00000000 00:00 0 
7f9080021000-7f9084000000 ---p 00000000 00:00 0 
7f9084000000-7f9084021000 rw-p 00000000 00:00 0 
7f9084021000-7f9088000000 ---p 00000000 00:00 0 
7f9088000000-7f9088021000 rw-p 00000000 00:00 0 
7f9088021000-7f908c000000 ---p 00000000 00:00 0 
7f908c000000-7f908c021000 rw-p 00000000 00:00 0 
7f908c021000-7f9090000000 ---p 00000000 00:00 0 
7f9090000000-7f909021b000 rw-p 00000000 00:00 0 
7f909021b000-7f9094000000 ---p 00000000 00:00 0 
7f9094000000-7f9094021000 rw-p 00000000 00:00 0 
7f9094021000-7f9098000000 ---p 00000000 00:00 0 
7f9098000000-7f9098021000 rw-p 00000000 00:00 0 
7f9098021000-7f909c000000 ---p 00000000 00:00 0 
7f909c000000-7f909c021000 rw-p 00000000 00:00 0 
7f909c021000-7f90a0000000 ---p 00000000 00:00 0 
7f90a0000000-7f90a0021000 rw-p 00000000 00:00 0 
7f90a0021000-7f90a4000000 ---p 00000000 00:00 0 
7f90a4000000-7f90a4021000 rw-p 00000000 00:00 0 
7f90a4021000-7f90a8000000 ---p 00000000 00:00 0 
7f90aab1f000-7f90aaf00000 rw-p 00000000 00:00 0 
7f90aaf00000-7f90aaf04000 ---p 00000000 00:00 0 
7f90aaf04000-7f90ab000000 rw-p 00000000 00:00 0 
7f90ab000000-7f90abbc7000 rw-p 00001000 08:02 13399095                   /usr/lib/jvm/java-17-openjdk-amd64/lib/server/classes.jsa
7f90abbc7000-7f90ac000000 ---p 00000000 00:00 0 
7f90ac000000-7f90ac040000 rw-p 00000000 00:00 0 
7f90ac040000-7f90ac080000 rw-p 00000000 00:00 0 
7f90ac080000-7f90ac0e0000 rw-p 00000000 00:00 0 
7f90ac0e0000-7f90ac100000 rw-p 00000000 00:00 0 
7f90ac100000-7f90ac2c0000 rw-p 00000000 00:00 0 
7f90ac2c0000-7f90ac300000 rw-p 00000000 00:00 0 
7f90ac300000-7f90ac440000 rw-p 00000000 00:00 0 
7f90ac440000-7f90ac460000 rw-p 00000000 00:00 0 
7f90ac460000-7f90ac490000 rw-p 00000000 00:00 0 
7f90ac490000-7f90ac4c0000 ---p 00000000 00:00 0 
7f90ac4c0000-7f90ac4d0000 rw-p 00000000 00:00 0 
7f90ac4d0000-7f90ec000000 ---p 00000000 00:00 0 
7f90ec000000-7f90ec021000 rw-p 00000000 00:00 0 
7f90ec021000-7f90f0000000 ---p 00000000 00:00 0 
7f90f0000000-7f90f0400000 rw-p 00000000 00:00 0 
7f90f0400000-7f90f1500000 rw-p 00000000 00:00 0 
7f90f1500000-7f90f1600000 rw-p 00000000 00:00 0 
7f90f1600000-7f90f17e0000 rw-p 00000000 00:00 0 
7f90f17e0000-7f90f1840000 rw-p 00000000 00:00 0 
7f90f1840000-7f90f1880000 rw-p 00000000 00:00 0 
7f90f1880000-7f90f1900000 rw-p 00000000 00:00 0 
7f90f1900000-7f90f1b00000 rw-p 00000000 00:00 0 
7f90f1b00000-7f90f1b40000 rw-p 00000000 00:00 0 
7f90f1b40000-7f90f1b80000 rw-p 00000000 00:00 0 
7f90f1b80000-7f90f1c30000 rw-p 00000000 00:00 0 
7f90f1c30000-7f90f1d00000 ---p 00000000 00:00 0 
7f90f1d00000-7f90f1d10000 rw-p 00000000 00:00 0 
7f90f1d10000-7f90f4000000 ---p 00000000 00:00 0 
7f90f4000000-7f90f4021000 rw-p 00000000 00:00 0 
7f90f4021000-7f90f8000000 ---p 00000000 00:00 0 
7f90f80f4000-7f90f80f8000 ---p 00000000 00:00 0 
7f90f80f8000-7f90f81f4000 rw-p 00000000 00:00 0 
7f90f81f4000-7f90f81f8000 ---p 00000000 00:00 0 
7f90f81f8000-7f90f82f4000 rw-p 00000000 00:00 0 
7f90f82f4000-7f90f82f8000 ---p 00000000 00:00 0 
7f90f82f8000-7f90f83f4000 rw-p 00000000 00:00 0 
7f90f83f4000-7f90f83f8000 ---p 00000000 00:00 0 
7f90f83f8000-7f90f84f4000 rw-p 00000000 00:00 0 
7f90f84f4000-7f90f84f8000 ---p 00000000 00:00 0 
7f90f84f8000-7f90f85f4000 rw-p 00000000 00:00 0 
7f90f85f4000-7f90f85f8000 ---p 00000000 00:00 0 
7f90f85f8000-7f90f86f4000 rw-p 00000000 00:00 0 
7f90f86f4000-7f90f86f8000 ---p 00000000 00:00 0 
7f90f86f8000-7f90f87f4000 rw-p 00000000 00:00 0 
7f90f87f4000-7f90f87f8000 ---p 00000000 00:00 0 
7f90f87f8000-7f90f88f4000 rw-p 00000000 00:00 0 
7f90f88f4000-7f90f88f8000 ---p 00000000 00:00 0 
7f90f88f8000-7f90f89f4000 rw-p 00000000 00:00 0 
7f90f89f4000-7f90f89f8000 ---p 00000000 00:00 0 
7f90f89f8000-7f90f8af4000 rw-p 00000000 00:00 0 
7f90f8af4000-7f90f8af8000 ---p 00000000 00:00 0 
7f90f8af8000-7f90f8bf4000 rw-p 00000000 00:00 0 
7f90f8bf4000-7f90f8bf8000 ---p 00000000 00:00 0 
7f90f8bf8000-7f90f8cf4000 rw-p 00000000 00:00 0 
7f90f8cf4000-7f90f8cf5000 ---p 00000000 00:00 0 
7f90f8cf5000-7f90f8df5000 rw-p 00000000 00:00 0 
7f90f8df5000-7f90f8df6000 ---p 00000000 00:00 0 
7f90f8df6000-7f90f8ef6000 rw-p 00000000 00:00 0 
7f90f8ef6000-7f90f8efa000 ---p 00000000 00:00 0 
7f90f8efa000-7f90f8ff6000 rw-p 00000000 00:00 0 
7f90f8ff6000-7f90f8ffa000 ---p 00000000 00:00 0 
7f90f8ffa000-7f90f90f6000 rw-p 00000000 00:00 0 
7f90f90f6000-7f90f90f7000 ---p 00000000 00:00 0 
7f90f90f7000-7f90f91f7000 rw-p 00000000 00:00 0 
7f90f91f7000-7f90f91f8000 ---p 00000000 00:00 0 
7f90f91f8000-7f90f92f8000 rw-p 00000000 00:00 0 
7f90f92f8000-7f90f92f9000 ---p 00000000 00:00 0 
7f90f92f9000-7f90f93f9000 rw-p 00000000 00:00 0 
7f90f93f9000-7f90f93fa000 ---p 00000000 00:00 0 
7f90f93fa000-7f90f94fa000 rw-p 00000000 00:00 0 
7f90f94fa000-7f90f94fb000 ---p 00000000 00:00 0 
7f90f94fb000-7f90f95fb000 rw-p 00000000 00:00 0 
7f90f95fb000-7f90f95fc000 ---p 00000000 00:00 0 
7f90f95fc000-7f90f96fc000 rw-p 00000000 00:00 0 
7f90f96fc000-7f90f96fd000 ---p 00000000 00:00 0 
7f90f96fd000-7f90f97fd000 rw-p 00000000 00:00 0 
7f90f97fd000-7f90f97fe000 ---p 00000000 00:00 0 
7f90f97fe000-7f90f98fe000 rw-p 00000000 00:00 0 
7f90f98fe000-7f90f98ff000 ---p 00000000 00:00 0 
7f90f98ff000-7f90f99ff000 rw-p 00000000 00:00 0 
7f90f99ff000-7f90f9a03000 ---p 00000000 00:00 0 
7f90f9a03000-7f90f9aff000 rw-p 00000000 00:00 0 
7f90f9aff000-7f90f9b03000 ---p 00000000 00:00 0 
7f90f9b03000-7f90f9bff000 rw-p 00000000 00:00 0 
7f90f9bff000-7f90f9c03000 ---p 00000000 00:00 0 
7f90f9c03000-7f90f9cff000 rw-p 00000000 00:00 0 
7f90f9cff000-7f90f9d03000 ---p 00000000 00:00 0 
7f90f9d03000-7f90f9dff000 rw-p 00000000 00:00 0 
7f90f9dff000-7f90f9e00000 ---p 00000000 00:00 0 
7f90f9e00000-7f90f9f00000 rw-p 00000000 00:00 0 
7f90f9f00000-7f90f9f04000 ---p 00000000 00:00 0 
7f90f9f04000-7f90fc000000 rw-p 00000000 00:00 0 
7f90fc000000-7f90fc021000 rw-p 00000000 00:00 0 
7f90fc021000-7f9100000000 ---p 00000000 00:00 0 
7f9100000000-7f9100021000 rw-p 00000000 00:00 0 
7f9100021000-7f9104000000 ---p 00000000 00:00 0 
7f9104000000-7f9104021000 rw-p 00000000 00:00 0 
7f9104021000-7f9108000000 ---p 00000000 00:00 0 
7f9108031000-7f9108032000 r--p 00000000 08:02 13401954                   /usr/lib/x86_64-linux-gnu/libnss_mdns4_minimal.so.2
7f9108032000-7f9108034000 r-xp 00001000 08:02 13401954                   /usr/lib/x86_64-linux-gnu/libnss_mdns4_minimal.so.2
7f9108034000-7f9108035000 r--p 00003000 08:02 13401954                   /usr/lib/x86_64-linux-gnu/libnss_mdns4_minimal.so.2
7f9108035000-7f9108036000 r--p 00003000 08:02 13401954                   /usr/lib/x86_64-linux-gnu/libnss_mdns4_minimal.so.2
7f9108036000-7f9108037000 rw-p 00004000 08:02 13401954                   /usr/lib/x86_64-linux-gnu/libnss_mdns4_minimal.so.2
7f9108047000-7f910804e000 r--s 00000000 08:02 13515245                   /usr/lib/x86_64-linux-gnu/gconv/gconv-modules.cache
7f910804e000-7f910804f000 r--p 00000000 08:02 13399063                   /usr/lib/jvm/java-17-openjdk-amd64/lib/libextnet.so
7f910804f000-7f9108050000 r-xp 00001000 08:02 13399063                   /usr/lib/jvm/java-17-openjdk-amd64/lib/libextnet.so
7f9108050000-7f9108051000 r--p 00002000 08:02 13399063                   /usr/lib/jvm/java-17-openjdk-amd64/lib/libextnet.so
7f9108051000-7f9108052000 r--p 00002000 08:02 13399063                   /usr/lib/jvm/java-17-openjdk-amd64/lib/libextnet.so
7f9108052000-7f9108053000 rw-p 00003000 08:02 13399063                   /usr/lib/jvm/java-17-openjdk-amd64/lib/libextnet.so
7f9108053000-7f9108055000 r--p 00000000 08:02 13399081                   /usr/lib/jvm/java-17-openjdk-amd64/lib/libmanagement_ext.so
7f9108055000-7f9108058000 r-xp 00002000 08:02 13399081                   /usr/lib/jvm/java-17-openjdk-amd64/lib/libmanagement_ext.so
7f9108058000-7f910805a000 r--p 00005000 08:02 13399081                   /usr/lib/jvm/java-17-openjdk-amd64/lib/libmanagement_ext.so
7f910805a000-7f910805b000 r--p 00006000 08:02 13399081                   /usr/lib/jvm/java-17-openjdk-amd64/lib/libmanagement_ext.so
7f910805b000-7f910805c000 rw-p 00007000 08:02 13399081                   /usr/lib/jvm/java-17-openjdk-amd64/lib/libmanagement_ext.so
7f910805c000-7f910805e000 r--p 00000000 08:02 13399091                   /usr/lib/jvm/java-17-openjdk-amd64/lib/libzip.so
7f910805e000-7f9108063000 r-xp 00002000 08:02 13399091                   /usr/lib/jvm/java-17-openjdk-amd64/lib/libzip.so
7f9108063000-7f9108065000 r--p 00007000 08:02 13399091                   /usr/lib/jvm/java-17-openjdk-amd64/lib/libzip.so
7f9108065000-7f9108066000 r--p 00008000 08:02 13399091                   /usr/lib/jvm/java-17-openjdk-amd64/lib/libzip.so
7f9108066000-7f9108067000 rw-p 00009000 08:02 13399091                   /usr/lib/jvm/java-17-openjdk-amd64/lib/libzip.so
7f9108067000-7f9108098000 rw-p 00000000 00:00 0 
7f9108098000-7f910809c000 ---p 00000000 00:00 0 
7f910809c000-7f9108198000 rw-p 00000000 00:00 0 
7f9108198000-7f910819c000 ---p 00000000 00:00 0 
7f910819c000-7f9108298000 rw-p 00000000 00:00 0 
7f9108298000-7f910829c000 ---p 00000000 00:00 0 
7f910829c000-7f9108398000 rw-p 00000000 00:00 0 
7f9108398000-7f910839c000 ---p 00000000 00:00 0 
7f910839c000-7f9108498000 rw-p 00000000 00:00 0 
7f9108498000-7f910849c000 ---p 00000000 00:00 0 
7f910849c000-7f9108598000 rw-p 00000000 00:00 0 
7f9108598000-7f9108b0d000 r--p 00000000 08:02 13374161                   /usr/lib/locale/locale-archive
7f9108b0d000-7f9108b11000 ---p 00000000 00:00 0 
7f9108b11000-7f9108c0d000 rw-p 00000000 00:00 0 
7f9108c0d000-7f9108c11000 ---p 00000000 00:00 0 
7f9108c11000-7f9108d0d000 rw-p 00000000 00:00 0 
7f9108d0d000-7f9108d0e000 ---p 00000000 00:00 0 
7f9108d0e000-7f9108e0e000 rw-p 00000000 00:00 0 
7f9108e0e000-7f9108e13000 r--p 00000000 08:02 13399077                   /usr/lib/jvm/java-17-openjdk-amd64/lib/libjsvml.so
7f9108e13000-7f9108e54000 r-xp 00005000 08:02 13399077                   /usr/lib/jvm/java-17-openjdk-amd64/lib/libjsvml.so
7f9108e54000-7f9108edd000 r--p 00046000 08:02 13399077                   /usr/lib/jvm/java-17-openjdk-amd64/lib/libjsvml.so
7f9108edd000-7f9108ede000 r--p 000ce000 08:02 13399077                   /usr/lib/jvm/java-17-openjdk-amd64/lib/libjsvml.so
7f9108ede000-7f9108edf000 rw-p 000cf000 08:02 13399077                   /usr/lib/jvm/java-17-openjdk-amd64/lib/libjsvml.so
7f9108edf000-7f9108ffc000 rw-p 00000000 00:00 0 
7f9108ffe000-7f9109000000 r--p 00000000 08:02 13399079                   /usr/lib/jvm/java-17-openjdk-amd64/lib/libmanagement.so
7f9109000000-7f9109001000 r-xp 00002000 08:02 13399079                   /usr/lib/jvm/java-17-openjdk-amd64/lib/libmanagement.so
7f9109001000-7f9109002000 r--p 00003000 08:02 13399079                   /usr/lib/jvm/java-17-openjdk-amd64/lib/libmanagement.so
7f9109002000-7f9109003000 r--p 00003000 08:02 13399079                   /usr/lib/jvm/java-17-openjdk-amd64/lib/libmanagement.so
7f9109003000-7f9109004000 rw-p 00004000 08:02 13399079                   /usr/lib/jvm/java-17-openjdk-amd64/lib/libmanagement.so
7f9109004000-7f9109008000 r--p 00000000 08:02 13399083                   /usr/lib/jvm/java-17-openjdk-amd64/lib/libnet.so
7f9109008000-7f9109016000 r-xp 00004000 08:02 13399083                   /usr/lib/jvm/java-17-openjdk-amd64/lib/libnet.so
7f9109016000-7f910901a000 r--p 00012000 08:02 13399083                   /usr/lib/jvm/java-17-openjdk-amd64/lib/libnet.so
7f910901a000-7f910901b000 r--p 00015000 08:02 13399083                   /usr/lib/jvm/java-17-openjdk-amd64/lib/libnet.so
7f910901b000-7f910901c000 rw-p 00016000 08:02 13399083                   /usr/lib/jvm/java-17-openjdk-amd64/lib/libnet.so
7f910901c000-7f9109023000 r--p 00000000 08:02 13399084                   /usr/lib/jvm/java-17-openjdk-amd64/lib/libnio.so
7f9109023000-7f910902c000 r-xp 00007000 08:02 13399084                   /usr/lib/jvm/java-17-openjdk-amd64/lib/libnio.so
7f910902c000-7f9109030000 r--p 00010000 08:02 13399084                   /usr/lib/jvm/java-17-openjdk-amd64/lib/libnio.so
7f9109030000-7f9109031000 ---p 00014000 08:02 13399084                   /usr/lib/jvm/java-17-openjdk-amd64/lib/libnio.so
7f9109031000-7f9109032000 r--p 00014000 08:02 13399084                   /usr/lib/jvm/java-17-openjdk-amd64/lib/libnio.so
7f9109032000-7f9109033000 rw-p 00015000 08:02 13399084                   /usr/lib/jvm/java-17-openjdk-amd64/lib/libnio.so
7f9109033000-7f9109034000 ---p 00000000 00:00 0 
7f9109034000-7f9109134000 rw-p 00000000 00:00 0 
7f9109134000-7f9109135000 ---p 00000000 00:00 0 
7f9109135000-7f9109d2f000 rw-p 00000000 00:00 0 
7f9109d2f000-7f910a3ef000 ---p 00000000 00:00 0 
7f910a3ef000-7f910a41f000 rw-p 00000000 00:00 0 
7f910a41f000-7f911194f000 ---p 00000000 00:00 0 
7f911194f000-7f9111a5f000 rw-p 00000000 00:00 0 
7f9111a5f000-7f911211f000 ---p 00000000 00:00 0 
7f911211f000-7f911214f000 rw-p 00000000 00:00 0 
7f911214f000-7f911967f000 ---p 00000000 00:00 0 
7f911967f000-7f91196bd000 rw-p 00000000 00:00 0 
7f91196bd000-7f9119795000 ---p 00000000 00:00 0 
7f9119795000-7f911979b000 rw-p 00000000 00:00 0 
7f911979b000-7f911a641000 ---p 00000000 00:00 0 
7f911a641000-7f911a663000 rw-p 00000000 00:00 0 
7f911a663000-7f911a73b000 ---p 00000000 00:00 0 
7f911a73b000-7f911a741000 rw-p 00000000 00:00 0 
7f911a741000-7f911b5e7000 ---p 00000000 00:00 0 
7f911b5e7000-7f911b609000 rw-p 00000000 00:00 0 
7f911b609000-7f911b6e1000 ---p 00000000 00:00 0 
7f911b6e1000-7f911b6e7000 rw-p 00000000 00:00 0 
7f911b6e7000-7f911c58d000 ---p 00000000 00:00 0 
7f911c58d000-7f911c591000 rw-p 00000000 00:00 0 
7f911c591000-7f9124000000 r--s 00000000 08:02 13399092                   /usr/lib/jvm/java-17-openjdk-amd64/lib/modules
7f9124000000-7f9124a71000 rw-p 00000000 00:00 0 
7f9124a71000-7f9128000000 ---p 00000000 00:00 0 
7f9128004000-7f9128005000 ---p 00000000 00:00 0 
7f9128005000-7f9128105000 rw-p 00000000 00:00 0 
7f9128105000-7f9128106000 ---p 00000000 00:00 0 
7f9128106000-7f9128206000 rw-p 00000000 00:00 0 
7f9128206000-7f9128207000 ---p 00000000 00:00 0 
7f9128207000-7f9128e22000 rw-p 00000000 00:00 0 
7f9128e22000-7f9128e71000 ---p 00000000 00:00 0 
7f9128e71000-7f91296f1000 rwxp 00000000 00:00 0 
7f91296f1000-7f912be71000 ---p 00000000 00:00 0 
7f912be71000-7f912be7d000 r--p 00000000 08:02 13399070                   /usr/lib/jvm/java-17-openjdk-amd64/lib/libjava.so
7f912be7d000-7f912be90000 r-xp 0000c000 08:02 13399070                   /usr/lib/jvm/java-17-openjdk-amd64/lib/libjava.so
7f912be90000-7f912be96000 r--p 0001f000 08:02 13399070                   /usr/lib/jvm/java-17-openjdk-amd64/lib/libjava.so
7f912be96000-7f912be97000 r--p 00024000 08:02 13399070                   /usr/lib/jvm/java-17-openjdk-amd64/lib/libjava.so
7f912be97000-7f912be98000 rw-p 00025000 08:02 13399070                   /usr/lib/jvm/java-17-openjdk-amd64/lib/libjava.so
7f912be98000-7f912be99000 rw-p 00000000 00:00 0 
7f912be99000-7f912be9d000 ---p 00000000 00:00 0 
7f912be9d000-7f912bf99000 rw-p 00000000 00:00 0 
7f912bf99000-7f912bf9c000 r--p 00000000 08:02 13369903                   /usr/lib/x86_64-linux-gnu/libgcc_s.so.1
7f912bf9c000-7f912bfb3000 r-xp 00003000 08:02 13369903                   /usr/lib/x86_64-linux-gnu/libgcc_s.so.1
7f912bfb3000-7f912bfb7000 r--p 0001a000 08:02 13369903                   /usr/lib/x86_64-linux-gnu/libgcc_s.so.1
7f912bfb7000-7f912bfb8000 r--p 0001d000 08:02 13369903                   /usr/lib/x86_64-linux-gnu/libgcc_s.so.1
7f912bfb8000-7f912bfb9000 rw-p 0001e000 08:02 13369903                   /usr/lib/x86_64-linux-gnu/libgcc_s.so.1
7f912bfb9000-7f912bfc7000 r--p 00000000 08:02 13370571                   /usr/lib/x86_64-linux-gnu/libm.so.6
7f912bfc7000-7f912c043000 r-xp 0000e000 08:02 13370571                   /usr/lib/x86_64-linux-gnu/libm.so.6
7f912c043000-7f912c09e000 r--p 0008a000 08:02 13370571                   /usr/lib/x86_64-linux-gnu/libm.so.6
7f912c09e000-7f912c09f000 r--p 000e4000 08:02 13370571                   /usr/lib/x86_64-linux-gnu/libm.so.6
7f912c09f000-7f912c0a0000 rw-p 000e5000 08:02 13370571                   /usr/lib/x86_64-linux-gnu/libm.so.6
7f912c0a0000-7f912c13a000 r--p 00000000 08:02 13369612                   /usr/lib/x86_64-linux-gnu/libstdc++.so.6.0.30
7f912c13a000-7f912c24b000 r-xp 0009a000 08:02 13369612                   /usr/lib/x86_64-linux-gnu/libstdc++.so.6.0.30
7f912c24b000-7f912c2ba000 r--p 001ab000 08:02 13369612                   /usr/lib/x86_64-linux-gnu/libstdc++.so.6.0.30
7f912c2ba000-7f912c2bb000 ---p 0021a000 08:02 13369612                   /usr/lib/x86_64-linux-gnu/libstdc++.so.6.0.30
7f912c2bb000-7f912c2c6000 r--p 0021a000 08:02 13369612                   /usr/lib/x86_64-linux-gnu/libstdc++.so.6.0.30
7f912c2c6000-7f912c2c9000 rw-p 00225000 08:02 13369612                   /usr/lib/x86_64-linux-gnu/libstdc++.so.6.0.30
7f912c2c9000-7f912c2cc000 rw-p 00000000 00:00 0 
7f912c2cc000-7f912c51d000 r--p 00000000 08:02 13399098                   /usr/lib/jvm/java-17-openjdk-amd64/lib/server/libjvm.so
7f912c51d000-7f912d281000 r-xp 00251000 08:02 13399098                   /usr/lib/jvm/java-17-openjdk-amd64/lib/server/libjvm.so
7f912d281000-7f912d503000 r--p 00fb5000 08:02 13399098                   /usr/lib/jvm/java-17-openjdk-amd64/lib/server/libjvm.so
7f912d503000-7f912d504000 ---p 01237000 08:02 13399098                   /usr/lib/jvm/java-17-openjdk-amd64/lib/server/libjvm.so
7f912d504000-7f912d5bc000 r--p 01237000 08:02 13399098                   /usr/lib/jvm/java-17-openjdk-amd64/lib/server/libjvm.so
7f912d5bc000-7f912d5f1000 rw-p 012ef000 08:02 13399098                   /usr/lib/jvm/java-17-openjdk-amd64/lib/server/libjvm.so
7f912d5f1000-7f912d64e000 rw-p 00000000 00:00 0 
7f912d64e000-7f912d676000 r--p 00000000 08:02 13370567                   /usr/lib/x86_64-linux-gnu/libc.so.6
7f912d676000-7f912d80b000 r-xp 00028000 08:02 13370567                   /usr/lib/x86_64-linux-gnu/libc.so.6
7f912d80b000-7f912d863000 r--p 001bd000 08:02 13370567                   /usr/lib/x86_64-linux-gnu/libc.so.6
7f912d863000-7f912d864000 ---p 00215000 08:02 13370567                   /usr/lib/x86_64-linux-gnu/libc.so.6
7f912d864000-7f912d868000 r--p 00215000 08:02 13370567                   /usr/lib/x86_64-linux-gnu/libc.so.6
7f912d868000-7f912d86a000 rw-p 00219000 08:02 13370567                   /usr/lib/x86_64-linux-gnu/libc.so.6
7f912d86a000-7f912d877000 rw-p 00000000 00:00 0 
7f912d877000-7f912d879000 r--p 00000000 08:02 13399074                   /usr/lib/jvm/java-17-openjdk-amd64/lib/libjli.so
7f912d879000-7f912d883000 r-xp 00002000 08:02 13399074                   /usr/lib/jvm/java-17-openjdk-amd64/lib/libjli.so
7f912d883000-7f912d886000 r--p 0000c000 08:02 13399074                   /usr/lib/jvm/java-17-openjdk-amd64/lib/libjli.so
7f912d886000-7f912d887000 r--p 0000e000 08:02 13399074                   /usr/lib/jvm/java-17-openjdk-amd64/lib/libjli.so
7f912d887000-7f912d888000 rw-p 0000f000 08:02 13399074                   /usr/lib/jvm/java-17-openjdk-amd64/lib/libjli.so
7f912d888000-7f912d88a000 r--p 00000000 08:02 13402577                   /usr/lib/x86_64-linux-gnu/libz.so.1.2.11
7f912d88a000-7f912d89b000 r-xp 00002000 08:02 13402577                   /usr/lib/x86_64-linux-gnu/libz.so.1.2.11
7f912d89b000-7f912d8a1000 r--p 00013000 08:02 13402577                   /usr/lib/x86_64-linux-gnu/libz.so.1.2.11
7f912d8a1000-7f912d8a2000 ---p 00019000 08:02 13402577                   /usr/lib/x86_64-linux-gnu/libz.so.1.2.11
7f912d8a2000-7f912d8a3000 r--p 00019000 08:02 13402577                   /usr/lib/x86_64-linux-gnu/libz.so.1.2.11
7f912d8a3000-7f912d8a4000 rw-p 0001a000 08:02 13402577                   /usr/lib/x86_64-linux-gnu/libz.so.1.2.11
7f912d8a8000-7f912d8b0000 rw-s 00000000 08:02 3410163                    /tmp/hsperfdata_driver/59218
7f912d8b0000-7f912d8b1000 ---p 00000000 00:00 0 
7f912d8b1000-7f912d8b2000 r--p 00000000 00:00 0 
7f912d8b2000-7f912d8b4000 r--p 00000000 08:02 13399073                   /usr/lib/jvm/java-17-openjdk-amd64/lib/libjimage.so
7f912d8b4000-7f912d8b7000 r-xp 00002000 08:02 13399073                   /usr/lib/jvm/java-17-openjdk-amd64/lib/libjimage.so
7f912d8b7000-7f912d8b8000 r--p 00005000 08:02 13399073                   /usr/lib/jvm/java-17-openjdk-amd64/lib/libjimage.so
7f912d8b8000-7f912d8b9000 ---p 00006000 08:02 13399073                   /usr/lib/jvm/java-17-openjdk-amd64/lib/libjimage.so
7f912d8b9000-7f912d8ba000 r--p 00006000 08:02 13399073                   /usr/lib/jvm/java-17-openjdk-amd64/lib/libjimage.so
7f912d8ba000-7f912d8bb000 rw-p 00007000 08:02 13399073                   /usr/lib/jvm/java-17-openjdk-amd64/lib/libjimage.so
7f912d8bb000-7f912d8bd000 rw-p 00000000 00:00 0 
7f912d8bd000-7f912d8bf000 r--p 00000000 08:02 13370134                   /usr/lib/x86_64-linux-gnu/ld-linux-x86-64.so.2
7f912d8bf000-7f912d8e9000 r-xp 00002000 08:02 13370134                   /usr/lib/x86_64-linux-gnu/ld-linux-x86-64.so.2
7f912d8e9000-7f912d8f4000 r--p 0002c000 08:02 13370134                   /usr/lib/x86_64-linux-gnu/ld-linux-x86-64.so.2
7f912d8f4000-7f912d8f5000 ---p 00000000 00:00 0 
7f912d8f5000-7f912d8f7000 r--p 00037000 08:02 13370134                   /usr/lib/x86_64-linux-gnu/ld-linux-x86-64.so.2
7f912d8f7000-7f912d8f9000 rw-p 00039000 08:02 13370134                   /usr/lib/x86_64-linux-gnu/ld-linux-x86-64.so.2
7ffd39261000-7ffd39284000 rw-p 00000000 00:00 0                          [stack]
7ffd3930b000-7ffd3930f000 r--p 00000000 00:00 0                          [vvar]
7ffd3930f000-7ffd39311000 r-xp 00000000 00:00 0                          [vdso]
ffffffffff600000-ffffffffff601000 --xp 00000000 00:00 0                  [vsyscall]


VM Arguments:
jvm_args: -XX:TieredStopAtLevel=1 
java_command: com.SurpizzaApplication
java_class_path (initial): /home/driver/Desktop/linux_dev/surpizza/server/target/classes:/home/driver/.m2/repository/org/springframework/boot/spring-boot/3.3.0/spring-boot-3.3.0.jar:/home/driver/.m2/repository/org/springframework/boot/spring-boot-autoconfigure/3.3.0/spring-boot-autoconfigure-3.3.0.jar:/home/driver/.m2/repository/ch/qos/logback/logback-classic/1.5.6/logback-classic-1.5.6.jar:/home/driver/.m2/repository/ch/qos/logback/logback-core/1.5.6/logback-core-1.5.6.jar:/home/driver/.m2/repository/org/apache/logging/log4j/log4j-to-slf4j/2.23.1/log4j-to-slf4j-2.23.1.jar:/home/driver/.m2/repository/org/apache/logging/log4j/log4j-api/2.23.1/log4j-api-2.23.1.jar:/home/driver/.m2/repository/org/slf4j/jul-to-slf4j/2.0.13/jul-to-slf4j-2.0.13.jar:/home/driver/.m2/repository/jakarta/annotation/jakarta.annotation-api/2.1.1/jakarta.annotation-api-2.1.1.jar:/home/driver/.m2/repository/org/yaml/snakeyaml/2.2/snakeyaml-2.2.jar:/home/driver/.m2/repository/com/fasterxml/jackson/core/jackson-databind/2.17.1/jackson-databind-2.17.1.jar:/home/driver/.m2/repository/com/fasterxml/jackson/core/jackson-annotations/2.17.1/jackson-annotations-2.17.1.jar:/home/driver/.m2/repository/com/fasterxml/jackson/core/jackson-core/2.17.1/jackson-core-2.17.1.jar:/home/driver/.m2/repository/com/fasterxml/jackson/datatype/jackson-datatype-jdk8/2.17.1/jackson-datatype-jdk8-2.17.1.jar:/home/driver/.m2/repository/com/fasterxml/jackson/datatype/jackson-datatype-jsr310/2.17.1/jackson-datatype-jsr310-2.17.1.jar:/home/driver/.m2/repository/com/fasterxml/jackson/module/jackson-module-parameter-names/2.17.1/jackson-module-parameter-names-2.17.1.jar:/home/driver/.m2/repository/org/apache/tomcat/embed/tomcat-embed-core/10.1.24/tomcat-embed-core-10.1.24.jar:/home/driver/.m2/repository/org/apache/tomcat/embed/tomcat-embed-el/10.1.24/tomcat-embed-el-10.1.24.jar:/home/driver/.m2/repository/org/apache/tomcat/embed/tomcat-embed-websocket/10.1.24/tomcat-embed-websocket-10.1.24.jar:/home/driver/.m2/repository/org/spr
Launcher Type: SUN_STANDARD

[Global flags]
     intx CICompilerCount                          = 4                                         {product} {ergonomic}
     uint ConcGCThreads                            = 3                                         {product} {ergonomic}
     uint G1ConcRefinementThreads                  = 10                                        {product} {ergonomic}
   size_t G1HeapRegionSize                         = 4194304                                   {product} {ergonomic}
    uintx GCDrainStackTargetSize                   = 64                                        {product} {ergonomic}
   size_t InitialHeapSize                          = 528482304                                 {product} {ergonomic}
   size_t MarkStackSize                            = 4194304                                   {product} {ergonomic}
   size_t MaxHeapSize                              = 8401190912                                {product} {ergonomic}
   size_t MaxNewSize                               = 5037359104                                {product} {ergonomic}
   size_t MinHeapDeltaBytes                        = 4194304                                   {product} {ergonomic}
   size_t MinHeapSize                              = 8388608                                   {product} {ergonomic}
    uintx NonProfiledCodeHeapSize                  = 0                                      {pd product} {ergonomic}
     bool ProfileInterpreter                       = false                                  {pd product} {command line}
    uintx ProfiledCodeHeapSize                     = 0                                      {pd product} {ergonomic}
   size_t SoftMaxHeapSize                          = 8401190912                             {manageable} {ergonomic}
     intx TieredStopAtLevel                        = 1                                         {product} {command line}
     bool UseCompressedClassPointers               = true                           {product lp64_product} {ergonomic}
     bool UseCompressedOops                        = true                           {product lp64_product} {ergonomic}
     bool UseG1GC                                  = true                                      {product} {ergonomic}

Logging:
Log output configuration:
 #0: stdout all=warning uptime,level,tags
 #1: stderr all=off uptime,level,tags

Environment Variables:
PATH=/home/driver/Desktop/linux_dev/surpizza/server/node_modules/.bin:/home/driver/Desktop/linux_dev/surpizza/server/node_modules/.bin:/home/driver/Desktop/linux_dev/surpizza/node_modules/.bin:/home/driver/Desktop/linux_dev/node_modules/.bin:/home/driver/Desktop/node_modules/.bin:/home/driver/node_modules/.bin:/home/node_modules/.bin:/node_modules/.bin:/home/driver/.nvm/versions/node/v21.5.0/lib/node_modules/npm/node_modules/@npmcli/run-script/lib/node-gyp-bin:/home/driver/.local/share/pnpm:/home/driver/.nvm/versions/node/v21.5.0/bin:/home/driver/.cargo/bin:/usr/local/sbin:/usr/local/bin:/usr/sbin:/usr/bin:/sbin:/bin:/usr/games:/usr/local/games:/snap/bin:/home/driver/scripts:/home/driver/mongodb-database-tools-amazon2-x86_64-100.9.4/bin:/usr/local/go/bin:/home/driver/go/bin:/home/driver/.dotnet
SHELL=/bin/bash
DISPLAY=:0
LANG=en_US.UTF-8
LC_CTYPE=en_US.UTF-8
LC_NUMERIC=it_IT.UTF-8
LC_TIME=it_IT.UTF-8
TERM=xterm-256color

Active Locale:
LC_ALL=LC_CTYPE=en_US.UTF-8;LC_NUMERIC=it_IT.UTF-8;LC_TIME=it_IT.UTF-8;LC_COLLATE=en_US.UTF-8;LC_MONETARY=it_IT.UTF-8;LC_MESSAGES=en_US.UTF-8;LC_PAPER=it_IT.UTF-8;LC_NAME=it_IT.UTF-8;LC_ADDRESS=it_IT.UTF-8;LC_TELEPHONE=it_IT.UTF-8;LC_MEASUREMENT=it_IT.UTF-8;LC_IDENTIFICATION=it_IT.UTF-8
LC_COLLATE=en_US.UTF-8
LC_CTYPE=en_US.UTF-8
LC_MESSAGES=en_US.UTF-8
LC_MONETARY=it_IT.UTF-8
LC_NUMERIC=it_IT.UTF-8
LC_TIME=it_IT.UTF-8

Signal Handlers:
   SIGSEGV: crash_handler in libjvm.so, mask=11100100010111111101111111111110, flags=SA_RESTART|SA_SIGINFO, unblocked
    SIGBUS: crash_handler in libjvm.so, mask=11100100010111111101111111111110, flags=SA_RESTART|SA_SIGINFO, unblocked
    SIGFPE: crash_handler in libjvm.so, mask=11100100010111111101111111111110, flags=SA_RESTART|SA_SIGINFO, unblocked
   SIGPIPE: javaSignalHandler in libjvm.so, mask=11100100010111111101111111111110, flags=SA_RESTART|SA_SIGINFO, blocked
   SIGXFSZ: javaSignalHandler in libjvm.so, mask=11100100010111111101111111111110, flags=SA_RESTART|SA_SIGINFO, blocked
    SIGILL: crash_handler in libjvm.so, mask=11100100010111111101111111111110, flags=SA_RESTART|SA_SIGINFO, unblocked
   SIGUSR2: SR_handler in libjvm.so, mask=00100000000000000000000000000000, flags=SA_RESTART|SA_SIGINFO, blocked
    SIGHUP: UserHandler in libjvm.so, mask=11100100010111111101111111111110, flags=SA_RESTART|SA_SIGINFO, blocked
    SIGINT: UserHandler in libjvm.so, mask=11100100010111111101111111111110, flags=SA_RESTART|SA_SIGINFO, blocked
   SIGTERM: UserHandler in libjvm.so, mask=11100100010111111101111111111110, flags=SA_RESTART|SA_SIGINFO, blocked
   SIGQUIT: UserHandler in libjvm.so, mask=11100100010111111101111111111110, flags=SA_RESTART|SA_SIGINFO, blocked
   SIGTRAP: crash_handler in libjvm.so, mask=11100100010111111101111111111110, flags=SA_RESTART|SA_SIGINFO, unblocked


Periodic native trim disabled


---------------  S Y S T E M  ---------------

OS:
DISTRIB_ID=LinuxMint
DISTRIB_RELEASE=21.3
DISTRIB_CODENAME=virginia
DISTRIB_DESCRIPTION="Linux Mint 21.3 Virginia"
uname: Linux 5.15.0-107-generic #117-Ubuntu SMP Fri Apr 26 12:26:49 UTC 2024 x86_64
OS uptime: 0 days 0:54 hours
libc: glibc 2.35 NPTL 2.35 
rlimit (soft/hard): STACK 8192k/infinity , CORE 0k/infinity , NPROC 127278/127278 , NOFILE 1048576/1048576 , AS infinity/infinity , CPU infinity/infinity , DATA infinity/infinity , FSIZE infinity/infinity , MEMLOCK 4100632k/4100632k
load average: 1,51 2,21 1,46

/proc/meminfo:
MemTotal:       32805060 kB
MemFree:        20654240 kB
MemAvailable:   25050260 kB
Buffers:          290604 kB
Cached:          4465144 kB
SwapCached:            0 kB
Active:          2324680 kB
Inactive:        8800756 kB
Active(anon):       6624 kB
Inactive(anon):  6543700 kB
Active(file):    2318056 kB
Inactive(file):  2257056 kB
Unevictable:          64 kB
Mlocked:              64 kB
SwapTotal:       2097148 kB
SwapFree:        2097148 kB
Dirty:               116 kB
Writeback:             0 kB
AnonPages:       6369900 kB
Mapped:          1607212 kB
Shmem:            180624 kB
KReclaimable:     283456 kB
Slab:             512988 kB
SReclaimable:     283456 kB
SUnreclaim:       229532 kB
KernelStack:       28764 kB
PageTables:        76920 kB
NFS_Unstable:          0 kB
Bounce:                0 kB
WritebackTmp:          0 kB
CommitLimit:    18499676 kB
Committed_AS:   33004024 kB
VmallocTotal:   34359738367 kB
VmallocUsed:      172924 kB
VmallocChunk:          0 kB
Percpu:            40320 kB
HardwareCorrupted:     0 kB
AnonHugePages:         0 kB
ShmemHugePages:        0 kB
ShmemPmdMapped:        0 kB
FileHugePages:         0 kB
FilePmdMapped:         0 kB
HugePages_Total:       0
HugePages_Free:        0
HugePages_Rsvd:        0
HugePages_Surp:        0
Hugepagesize:       2048 kB
Hugetlb:               0 kB
DirectMap4k:      855788 kB
DirectMap2M:    12724224 kB
DirectMap1G:    20971520 kB

/sys/kernel/mm/transparent_hugepage/enabled: always [madvise] never
/sys/kernel/mm/transparent_hugepage/defrag (defrag/compaction efforts parameter): always defer defer+madvise [madvise] never

Process Memory:
Virtual Size: 12969176K (peak: 13030536K)
Resident Set Size: 171148K (peak: 171148K) (anon: 149248K, file: 21900K, shmem: 0K)
Swapped out: 0K
C-Heap outstanding allocations: 42546K, retained: 8137K
glibc malloc tunables: (default)

/proc/sys/kernel/threads-max (system-wide limit on the number of threads): 254557
/proc/sys/vm/max_map_count (maximum number of memory map areas a process may have): 262144
/proc/sys/kernel/pid_max (system-wide limit on number of process identifiers): 4194304

container (cgroup) information:
container_type: cgroupv2
cpu_cpuset_cpus: not supported
cpu_memory_nodes: not supported
active_processor_count: 12
cpu_quota: not supported
cpu_period: not supported
cpu_shares: not supported
memory_limit_in_bytes: unlimited
memory_and_swap_limit_in_bytes: unlimited
memory_soft_limit_in_bytes: unlimited
memory_usage_in_bytes: 9180460 k
memory_max_usage_in_bytes: not supported
memory_swap_current_in_bytes: unlimited
memory_swap_max_limit_in_bytes: unlimited
maximum number of tasks: unlimited
current number of tasks: 1158

Steal ticks since vm start: 0
Steal ticks percentage since vm start:  0,000

CPU: total 12 (initial active 12) (12 cores per cpu, 2 threads per core) family 23 model 8 stepping 2 microcode 0x800820d, cx8, cmov, fxsr, ht, mmx, 3dnowpref, sse, sse2, sse3, ssse3, sse4a, sse4.1, sse4.2, popcnt, lzcnt, tsc, tscinvbit, avx, avx2, aes, clmul, bmi1, bmi2, adx, sha, fma, vzeroupper, clflush, clflushopt
CPU Model and flags from /proc/cpuinfo:
model name	: AMD Ryzen 5 2600 Six-Core Processor
flags		: fpu vme de pse tsc msr pae mce cx8 apic sep mtrr pge mca cmov pat pse36 clflush mmx fxsr sse sse2 ht syscall nx mmxext fxsr_opt pdpe1gb rdtscp lm constant_tsc rep_good nopl nonstop_tsc cpuid extd_apicid aperfmperf rapl pni pclmulqdq monitor ssse3 fma cx16 sse4_1 sse4_2 movbe popcnt aes xsave avx f16c rdrand lahf_lm cmp_legacy svm extapic cr8_legacy abm sse4a misalignsse 3dnowprefetch osvw skinit wdt tce topoext perfctr_core perfctr_nb bpext perfctr_llc mwaitx cpb hw_pstate ssbd ibpb vmmcall fsgsbase bmi1 avx2 smep bmi2 rdseed adx smap clflushopt sha_ni xsaveopt xsavec xgetbv1 clzero irperf xsaveerptr arat npt lbrv svm_lock nrip_save tsc_scale vmcb_clean flushbyasid decodeassists pausefilter pfthreshold avic v_vmsave_vmload vgif overflow_recov succor smca sme sev sev_es

Online cpus: 0-11
Offline cpus: 12-31
BIOS frequency limitation: <Not Available>
Frequency switch latency (ns): <Not Available>
Available cpu frequencies: <Not Available>
Current governor: <Not Available>
Core performance/turbo boost: <Not Available>

Memory: 4k page, physical 32805060k(20654240k free), swap 2097148k(2097148k free)
Page Sizes: 4k

vm_info: OpenJDK 64-Bit Server VM (17.0.10+7-Ubuntu-122.04.1) for linux-amd64 JRE (17.0.10+7-Ubuntu-122.04.1), built on Feb  5 2024 21:02:31 by "buildd" with gcc 11.4.0

END.
