#
# A fatal error has been detected by the Java Runtime Environment:
#
#  SIGSEGV (0xb) at pc=0x00007f0f36c58b7b, pid=79370, tid=79370
#
# JRE version: OpenJDK Runtime Environment (17.0.10+7) (build 17.0.10+7-Ubuntu-122.04.1)
# Java VM: OpenJDK 64-Bit Server VM (17.0.10+7-Ubuntu-122.04.1, mixed mode, sharing, tiered, compressed oops, compressed class ptrs, g1 gc, linux-amd64)
# Problematic frame:
# V  [libjvm.so+0xdd0b7b]  SR_handler(int, siginfo_t*, ucontext_t*)+0xab
#
# Core dump will be written. Default location: Core dumps may be processed with "/lib/systemd/systemd-coredump %P %u %g %s %t 9223372036854775808 %h" (or dumping to /home/driver/Desktop/linux_dev/surpizza/server/core.79370)
#
# If you would like to submit a bug report, please visit:
#   Unknown
#

---------------  S U M M A R Y ------------

Command Line: -Dclassworlds.conf=/usr/share/maven/bin/m2.conf -Dmaven.home=/usr/share/maven -Dlibrary.jansi.path=/usr/share/maven/lib/jansi-native -Dmaven.multiModuleProjectDirectory=/home/driver/Desktop/linux_dev/surpizza/server org.codehaus.plexus.classworlds.launcher.Launcher spring-boot:run

Host: AMD Ryzen 5 2600 Six-Core Processor, 12 cores, 31G, Linux Mint 21.3 Virginia
Time: Thu Jun  6 16:31:49 2024 CEST elapsed time: 22.729446 seconds (0d 0h 0m 22s)

---------------  T H R E A D  ---------------

Current thread is native thread

Stack: [0x00007ffcb36de000,0x00007ffcb3edb000],  sp=0x00007ffcb3ed5ab0,  free space=8158k
Native frames: (J=compiled Java code, j=interpreted, Vv=VM code, C=native code)
V  [libjvm.so+0xdd0b7b]  SR_handler(int, siginfo_t*, ucontext_t*)+0xab
C  [libc.so.6+0x42520]


siginfo: si_signo: 11 (SIGSEGV), si_code: 1 (SEGV_MAPERR), si_addr: 0x0000000000000268

Registers:
RAX=0x0000000000000000, RBX=0x00007ffcb3ed5ac0, RCX=0x00007f0f372a5c1b, RDX=0x0000000000000000
RSP=0x00007ffcb3ed5ab0, RBP=0x00007ffcb3ed5b70, RSI=0x00007ffcb3ed5ac0, RDI=0x0000000000000000
R8 =0x0000000000000000, R9 =0x00000000ffffffff, R10=0x0000000000000008, R11=0x0000000000000246
R12=0x00007f0f372076c0, R13=0x0000000000000000, R14=0x0000000000000000, R15=0x0000000000000000
RIP=0x00007f0f36c58b7b, EFLAGS=0x0000000000010246, CSGSFS=0x002b000000000033, ERR=0x0000000000000004
  TRAPNO=0x000000000000000e


Top of Stack: (sp=0x00007ffcb3ed5ab0)
0x00007ffcb3ed5ab0:   00007ffcb3ed5cb0 00007ffcb3ed5b80
0x00007ffcb3ed5ac0:   00000000000004d8 0000000000000009
0x00007ffcb3ed5ad0:   0000000000000000 0000000000000000
0x00007ffcb3ed5ae0:   0000000000000000 0000000000000000
0x00007ffcb3ed5af0:   0000000000000000 0000000024bbd60a
0x00007ffcb3ed5b00:   00007ffcb3ed5c40 00007f0f372257e0
0x00007ffcb3ed5b10:   00007f0f374780f0 00007ffcb3ed5ba0
0x00007ffcb3ed5b20:   00007ffcb3ed5bb0 00007f0f37485211
0x00007ffcb3ed5b30:   0000000000000004 00007f0f37478a50
0x00007ffcb3ed5b40:   0000000000000001 00007f0f35b54640
0x00007ffcb3ed5b50:   0000000000000000 000000000001361d
0x00007ffcb3ed5b60:   0000000000000000 0000000000000000
0x00007ffcb3ed5b70:   00007ffcb3ed61d8 00007f0f3724c520
0x00007ffcb3ed5b80:   0000000000000007 0000000000000000
0x00007ffcb3ed5b90:   0000000000000000 00007ffc00000002
0x00007ffcb3ed5ba0:   0000000000000000 0000000000000000
0x00007ffcb3ed5bb0:   00000000ffffffff 0000000000000000
0x00007ffcb3ed5bc0:   0000000000000246 0000000000000000
0x00007ffcb3ed5bd0:   000000000001361d 0000000000000000
0x00007ffcb3ed5be0:   0000000000000000 00007f0f35b54910
0x00007ffcb3ed5bf0:   0000000000000109 00007ffcb3ed61d8
0x00007ffcb3ed5c00:   00007f0f35b54640 000000000001361d
0x00007ffcb3ed5c10:   00000000000000ca 00007f0f3729b117
0x00007ffcb3ed5c20:   00007ffcb3ed6110 00007f0f3729b115
0x00007ffcb3ed5c30:   0000000000000246 002b000000000033
0x00007ffcb3ed5c40:   0000000000000000 0000000000000000
0x00007ffcb3ed5c50:   0000000000000000 0000000000000000
0x00007ffcb3ed5c60:   00007ffcb3ed5d40 0000000000000000
0x00007ffcb3ed5c70:   00007ffcb3ed61e0 00007f0f3748edae
0x00007ffcb3ed5c80:   00007f0f35b54950 0000000000000000
0x00007ffcb3ed5c90:   0000000000000003 0000000000100000
0x00007ffcb3ed5ca0:   00007f0f35b54640 0000000000000000 

Instructions: (pc=0x00007f0f36c58b7b)
0x00007f0f36c58a7b:   58 00 00 74 30 48 8d 05 59 82 58 00 48 8d 14 98
0x00007f0f36c58a8b:   b8 01 00 00 00 f0 0f c1 02 48 8b 3d 4d 83 58 00
0x00007f0f36c58a9b:   48 83 ec 80 be 01 00 00 00 5b 41 5c 5d e9 a3 19
0x00007f0f36c58aab:   f2 ff 0f 1f 00 48 83 ec 80 5b 41 5c 5d c3 0f 1f
0x00007f0f36c58abb:   80 00 00 00 00 e8 9b df 15 00 84 c0 74 ad e8 22
0x00007f0f36c58acb:   1b 48 ff eb a6 f3 0f 1e fa 55 66 48 0f 6e d2 66
0x00007f0f36c58adb:   48 0f 6e ce 66 0f 6c ca 48 89 e5 41 57 41 56 41
0x00007f0f36c58aeb:   55 41 54 53 48 8d 9d 50 ff ff ff 48 81 ec 98 00
0x00007f0f36c58afb:   00 00 0f 29 8d 40 ff ff ff e8 67 12 48 ff 48 89
0x00007f0f36c58b0b:   df 44 8b 28 49 89 c4 e8 a9 0e 48 ff be 04 00 00
0x00007f0f36c58b1b:   00 48 89 df e8 ec 10 48 ff be 07 00 00 00 48 89
0x00007f0f36c58b2b:   df e8 df 10 48 ff be 08 00 00 00 48 89 df e8 d2
0x00007f0f36c58b3b:   10 48 ff be 0b 00 00 00 48 89 df e8 c5 10 48 ff
0x00007f0f36c58b4b:   be 05 00 00 00 48 89 df e8 b8 10 48 ff 31 d2 48
0x00007f0f36c58b5b:   89 de bf 01 00 00 00 e8 39 06 48 ff e8 94 7e 0e
0x00007f0f36c58b6b:   00 41 89 c0 31 c0 45 84 c0 74 05 e8 95 7e 0e 00
0x00007f0f36c58b7b:   48 8b 90 68 02 00 00 48 85 d2 74 17 4c 8b b8 30
0x00007f0f36c58b8b:   02 00 00 41 8b 87 a0 00 00 00 83 f8 01 74 16 45
0x00007f0f36c58b9b:   89 2c 24 48 81 c4 98 00 00 00 5b 41 5c 41 5d 41
0x00007f0f36c58bab:   5e 41 5f 5d c3 66 0f 6f 9d 40 ff ff ff ba 02 00
0x00007f0f36c58bbb:   00 00 be 01 00 00 00 4d 8d b7 a0 00 00 00 4c 89
0x00007f0f36c58bcb:   f7 41 0f 11 9f a8 00 00 00 e8 77 36 e6 ff 83 f8
0x00007f0f36c58bdb:   02 74 3a 85 c0 75 0e 66 0f ef c0 41 0f 11 87 a8
0x00007f0f36c58beb:   00 00 00 eb aa 48 8d 05 51 37 52 00 be 63 06 00
0x00007f0f36c58bfb:   00 48 8d 3d 0d b1 27 00 48 8b 00 c6 00 58 e8 52
0x00007f0f36c58c0b:   13 84 ff e8 8d 6c e6 ff eb cd 0f 1f 00 48 89 df
0x00007f0f36c58c1b:   e8 a0 0d 48 ff 48 89 da 31 f6 31 ff e8 74 05 48
0x00007f0f36c58c2b:   ff 8b 35 16 91 53 00 48 89 df e8 76 0a 48 ff be
0x00007f0f36c58c3b:   01 00 00 00 48 8d 3d ba 81 58 00 e8 05 18 f2 ff
0x00007f0f36c58c4b:   eb 08 0f 1f 00 83 f8 02 75 3b 48 89 df e8 73 11
0x00007f0f36c58c5b:   48 ff 31 d2 be 03 00 00 00 4c 89 f7 e8 e4 35 e6
0x00007f0f36c58c6b:   ff 85 c0 75 e0 be 01 00 00 00 48 8d 3d 84 81 58 



---------------  P R O C E S S  ---------------

VM state: not at safepoint (normal execution)

VM Mutex/Monitor currently owned by a thread: None

Heap address: 0x000000060b400000, size: 8012 MB, Compressed Oops mode: Zero based, Oop shift amount: 3

CDS archive(s) mapped at: [0x00007f0eaf000000-0x00007f0eafbc7000-0x00007f0eafbc7000), size 12349440, SharedBaseAddress: 0x00007f0eaf000000, ArchiveRelocationMode: 1.
Compressed class space mapped at: 0x00007f0eb0000000-0x00007f0ef0000000, reserved size: 1073741824
Narrow klass base: 0x00007f0eaf000000, Narrow klass shift: 0, Narrow klass range: 0x100000000

GC Precious Log:
<Skipped>

Heap:
 garbage-first heap   total 524288K, used 165010K [0x000000060b400000, 0x0000000800000000)
  region size 4096K, 32 young (131072K), 1 survivors (4096K)
 Metaspace       used 16199K, committed 16512K, reserved 1114112K
  class space    used 1789K, committed 1984K, reserved 1048576K

Heap Regions: E=young(eden), S=young(survivor), O=old, HS=humongous(starts), HC=humongous(continues), CS=collection set, F=free, OA=open archive, CA=closed archive, TAMS=top-at-mark-start (previous, next)
|   0|0x000000060b400000, 0x000000060b6bf800, 0x000000060b800000| 68%| O|  |TAMS 0x000000060b400000, 0x000000060b400000| Untracked 
|   1|0x000000060b800000, 0x000000060bc00000, 0x000000060bc00000|100%|HS|  |TAMS 0x000000060b800000, 0x000000060b800000| Complete 
|   2|0x000000060bc00000, 0x000000060c000000, 0x000000060c000000|100%|HC|  |TAMS 0x000000060bc00000, 0x000000060bc00000| Complete 
|   3|0x000000060c000000, 0x000000060c400000, 0x000000060c400000|100%|HS|  |TAMS 0x000000060c000000, 0x000000060c000000| Complete 
|   4|0x000000060c400000, 0x000000060c800000, 0x000000060c800000|100%|HC|  |TAMS 0x000000060c400000, 0x000000060c400000| Complete 
|   5|0x000000060c800000, 0x000000060cc00000, 0x000000060cc00000|100%|HC|  |TAMS 0x000000060c800000, 0x000000060c800000| Complete 
|   6|0x000000060cc00000, 0x000000060d000000, 0x000000060d000000|100%|HS|  |TAMS 0x000000060cc00000, 0x000000060cc00000| Complete 
|   7|0x000000060d000000, 0x000000060d400000, 0x000000060d400000|100%|HC|  |TAMS 0x000000060d000000, 0x000000060d000000| Complete 
|   8|0x000000060d400000, 0x000000060d800000, 0x000000060d800000|100%|HC|  |TAMS 0x000000060d400000, 0x000000060d400000| Complete 
|   9|0x000000060d800000, 0x000000060d800000, 0x000000060dc00000|  0%| F|  |TAMS 0x000000060d800000, 0x000000060d800000| Untracked 
|  10|0x000000060dc00000, 0x000000060dc00000, 0x000000060e000000|  0%| F|  |TAMS 0x000000060dc00000, 0x000000060dc00000| Untracked 
|  11|0x000000060e000000, 0x000000060e000000, 0x000000060e400000|  0%| F|  |TAMS 0x000000060e000000, 0x000000060e000000| Untracked 
|  12|0x000000060e400000, 0x000000060e400000, 0x000000060e800000|  0%| F|  |TAMS 0x000000060e400000, 0x000000060e400000| Untracked 
|  13|0x000000060e800000, 0x000000060e800000, 0x000000060ec00000|  0%| F|  |TAMS 0x000000060e800000, 0x000000060e800000| Untracked 
|  14|0x000000060ec00000, 0x000000060ec00000, 0x000000060f000000|  0%| F|  |TAMS 0x000000060ec00000, 0x000000060ec00000| Untracked 
|  15|0x000000060f000000, 0x000000060f000000, 0x000000060f400000|  0%| F|  |TAMS 0x000000060f000000, 0x000000060f000000| Untracked 
|  16|0x000000060f400000, 0x000000060f400000, 0x000000060f800000|  0%| F|  |TAMS 0x000000060f400000, 0x000000060f400000| Untracked 
|  17|0x000000060f800000, 0x000000060f800000, 0x000000060fc00000|  0%| F|  |TAMS 0x000000060f800000, 0x000000060f800000| Untracked 
|  18|0x000000060fc00000, 0x000000060fc00000, 0x0000000610000000|  0%| F|  |TAMS 0x000000060fc00000, 0x000000060fc00000| Untracked 
|  19|0x0000000610000000, 0x0000000610000000, 0x0000000610400000|  0%| F|  |TAMS 0x0000000610000000, 0x0000000610000000| Untracked 
|  20|0x0000000610400000, 0x0000000610400000, 0x0000000610800000|  0%| F|  |TAMS 0x0000000610400000, 0x0000000610400000| Untracked 
|  21|0x0000000610800000, 0x0000000610800000, 0x0000000610c00000|  0%| F|  |TAMS 0x0000000610800000, 0x0000000610800000| Untracked 
|  22|0x0000000610c00000, 0x0000000610c00000, 0x0000000611000000|  0%| F|  |TAMS 0x0000000610c00000, 0x0000000610c00000| Untracked 
|  23|0x0000000611000000, 0x0000000611000000, 0x0000000611400000|  0%| F|  |TAMS 0x0000000611000000, 0x0000000611000000| Untracked 
|  24|0x0000000611400000, 0x0000000611400000, 0x0000000611800000|  0%| F|  |TAMS 0x0000000611400000, 0x0000000611400000| Untracked 
|  25|0x0000000611800000, 0x0000000611800000, 0x0000000611c00000|  0%| F|  |TAMS 0x0000000611800000, 0x0000000611800000| Untracked 
|  26|0x0000000611c00000, 0x0000000611c00000, 0x0000000612000000|  0%| F|  |TAMS 0x0000000611c00000, 0x0000000611c00000| Untracked 
|  27|0x0000000612000000, 0x0000000612000000, 0x0000000612400000|  0%| F|  |TAMS 0x0000000612000000, 0x0000000612000000| Untracked 
|  28|0x0000000612400000, 0x0000000612400000, 0x0000000612800000|  0%| F|  |TAMS 0x0000000612400000, 0x0000000612400000| Untracked 
|  29|0x0000000612800000, 0x0000000612800000, 0x0000000612c00000|  0%| F|  |TAMS 0x0000000612800000, 0x0000000612800000| Untracked 
|  30|0x0000000612c00000, 0x0000000612c00000, 0x0000000613000000|  0%| F|  |TAMS 0x0000000612c00000, 0x0000000612c00000| Untracked 
|  31|0x0000000613000000, 0x0000000613000000, 0x0000000613400000|  0%| F|  |TAMS 0x0000000613000000, 0x0000000613000000| Untracked 
|  32|0x0000000613400000, 0x0000000613400000, 0x0000000613800000|  0%| F|  |TAMS 0x0000000613400000, 0x0000000613400000| Untracked 
|  33|0x0000000613800000, 0x0000000613800000, 0x0000000613c00000|  0%| F|  |TAMS 0x0000000613800000, 0x0000000613800000| Untracked 
|  34|0x0000000613c00000, 0x0000000613c00000, 0x0000000614000000|  0%| F|  |TAMS 0x0000000613c00000, 0x0000000613c00000| Untracked 
|  35|0x0000000614000000, 0x0000000614000000, 0x0000000614400000|  0%| F|  |TAMS 0x0000000614000000, 0x0000000614000000| Untracked 
|  36|0x0000000614400000, 0x0000000614400000, 0x0000000614800000|  0%| F|  |TAMS 0x0000000614400000, 0x0000000614400000| Untracked 
|  37|0x0000000614800000, 0x0000000614800000, 0x0000000614c00000|  0%| F|  |TAMS 0x0000000614800000, 0x0000000614800000| Untracked 
|  38|0x0000000614c00000, 0x0000000614c00000, 0x0000000615000000|  0%| F|  |TAMS 0x0000000614c00000, 0x0000000614c00000| Untracked 
|  39|0x0000000615000000, 0x0000000615000000, 0x0000000615400000|  0%| F|  |TAMS 0x0000000615000000, 0x0000000615000000| Untracked 
|  40|0x0000000615400000, 0x0000000615400000, 0x0000000615800000|  0%| F|  |TAMS 0x0000000615400000, 0x0000000615400000| Untracked 
|  41|0x0000000615800000, 0x0000000615800000, 0x0000000615c00000|  0%| F|  |TAMS 0x0000000615800000, 0x0000000615800000| Untracked 
|  42|0x0000000615c00000, 0x0000000615c00000, 0x0000000616000000|  0%| F|  |TAMS 0x0000000615c00000, 0x0000000615c00000| Untracked 
|  43|0x0000000616000000, 0x0000000616000000, 0x0000000616400000|  0%| F|  |TAMS 0x0000000616000000, 0x0000000616000000| Untracked 
|  44|0x0000000616400000, 0x0000000616400000, 0x0000000616800000|  0%| F|  |TAMS 0x0000000616400000, 0x0000000616400000| Untracked 
|  45|0x0000000616800000, 0x0000000616800000, 0x0000000616c00000|  0%| F|  |TAMS 0x0000000616800000, 0x0000000616800000| Untracked 
|  46|0x0000000616c00000, 0x0000000616c00000, 0x0000000617000000|  0%| F|  |TAMS 0x0000000616c00000, 0x0000000616c00000| Untracked 
|  47|0x0000000617000000, 0x0000000617000000, 0x0000000617400000|  0%| F|  |TAMS 0x0000000617000000, 0x0000000617000000| Untracked 
|  48|0x0000000617400000, 0x0000000617400000, 0x0000000617800000|  0%| F|  |TAMS 0x0000000617400000, 0x0000000617400000| Untracked 
|  49|0x0000000617800000, 0x0000000617800000, 0x0000000617c00000|  0%| F|  |TAMS 0x0000000617800000, 0x0000000617800000| Untracked 
|  50|0x0000000617c00000, 0x0000000617c00000, 0x0000000618000000|  0%| F|  |TAMS 0x0000000617c00000, 0x0000000617c00000| Untracked 
|  51|0x0000000618000000, 0x0000000618000000, 0x0000000618400000|  0%| F|  |TAMS 0x0000000618000000, 0x0000000618000000| Untracked 
|  52|0x0000000618400000, 0x0000000618400000, 0x0000000618800000|  0%| F|  |TAMS 0x0000000618400000, 0x0000000618400000| Untracked 
|  53|0x0000000618800000, 0x0000000618800000, 0x0000000618c00000|  0%| F|  |TAMS 0x0000000618800000, 0x0000000618800000| Untracked 
|  54|0x0000000618c00000, 0x0000000618c00000, 0x0000000619000000|  0%| F|  |TAMS 0x0000000618c00000, 0x0000000618c00000| Untracked 
|  55|0x0000000619000000, 0x0000000619000000, 0x0000000619400000|  0%| F|  |TAMS 0x0000000619000000, 0x0000000619000000| Untracked 
|  56|0x0000000619400000, 0x0000000619400000, 0x0000000619800000|  0%| F|  |TAMS 0x0000000619400000, 0x0000000619400000| Untracked 
|  57|0x0000000619800000, 0x0000000619800000, 0x0000000619c00000|  0%| F|  |TAMS 0x0000000619800000, 0x0000000619800000| Untracked 
|  58|0x0000000619c00000, 0x0000000619c00000, 0x000000061a000000|  0%| F|  |TAMS 0x0000000619c00000, 0x0000000619c00000| Untracked 
|  59|0x000000061a000000, 0x000000061a000000, 0x000000061a400000|  0%| F|  |TAMS 0x000000061a000000, 0x000000061a000000| Untracked 
|  60|0x000000061a400000, 0x000000061a400000, 0x000000061a800000|  0%| F|  |TAMS 0x000000061a400000, 0x000000061a400000| Untracked 
|  61|0x000000061a800000, 0x000000061a800000, 0x000000061ac00000|  0%| F|  |TAMS 0x000000061a800000, 0x000000061a800000| Untracked 
|  62|0x000000061ac00000, 0x000000061ac00000, 0x000000061b000000|  0%| F|  |TAMS 0x000000061ac00000, 0x000000061ac00000| Untracked 
|  63|0x000000061b000000, 0x000000061b000000, 0x000000061b400000|  0%| F|  |TAMS 0x000000061b000000, 0x000000061b000000| Untracked 
|  64|0x000000061b400000, 0x000000061b400000, 0x000000061b800000|  0%| F|  |TAMS 0x000000061b400000, 0x000000061b400000| Untracked 
|  65|0x000000061b800000, 0x000000061b800000, 0x000000061bc00000|  0%| F|  |TAMS 0x000000061b800000, 0x000000061b800000| Untracked 
|  66|0x000000061bc00000, 0x000000061bc00000, 0x000000061c000000|  0%| F|  |TAMS 0x000000061bc00000, 0x000000061bc00000| Untracked 
|  67|0x000000061c000000, 0x000000061c000000, 0x000000061c400000|  0%| F|  |TAMS 0x000000061c000000, 0x000000061c000000| Untracked 
|  68|0x000000061c400000, 0x000000061c400000, 0x000000061c800000|  0%| F|  |TAMS 0x000000061c400000, 0x000000061c400000| Untracked 
|  69|0x000000061c800000, 0x000000061c800000, 0x000000061cc00000|  0%| F|  |TAMS 0x000000061c800000, 0x000000061c800000| Untracked 
|  70|0x000000061cc00000, 0x000000061cc00000, 0x000000061d000000|  0%| F|  |TAMS 0x000000061cc00000, 0x000000061cc00000| Untracked 
|  71|0x000000061d000000, 0x000000061d000000, 0x000000061d400000|  0%| F|  |TAMS 0x000000061d000000, 0x000000061d000000| Untracked 
|  72|0x000000061d400000, 0x000000061d400000, 0x000000061d800000|  0%| F|  |TAMS 0x000000061d400000, 0x000000061d400000| Untracked 
|  73|0x000000061d800000, 0x000000061d800000, 0x000000061dc00000|  0%| F|  |TAMS 0x000000061d800000, 0x000000061d800000| Untracked 
|  74|0x000000061dc00000, 0x000000061dc00000, 0x000000061e000000|  0%| F|  |TAMS 0x000000061dc00000, 0x000000061dc00000| Untracked 
|  75|0x000000061e000000, 0x000000061e000000, 0x000000061e400000|  0%| F|  |TAMS 0x000000061e000000, 0x000000061e000000| Untracked 
|  76|0x000000061e400000, 0x000000061e400000, 0x000000061e800000|  0%| F|  |TAMS 0x000000061e400000, 0x000000061e400000| Untracked 
|  77|0x000000061e800000, 0x000000061e800000, 0x000000061ec00000|  0%| F|  |TAMS 0x000000061e800000, 0x000000061e800000| Untracked 
|  78|0x000000061ec00000, 0x000000061ec00000, 0x000000061f000000|  0%| F|  |TAMS 0x000000061ec00000, 0x000000061ec00000| Untracked 
|  79|0x000000061f000000, 0x000000061f000000, 0x000000061f400000|  0%| F|  |TAMS 0x000000061f000000, 0x000000061f000000| Untracked 
|  80|0x000000061f400000, 0x000000061f400000, 0x000000061f800000|  0%| F|  |TAMS 0x000000061f400000, 0x000000061f400000| Untracked 
|  81|0x000000061f800000, 0x000000061f800000, 0x000000061fc00000|  0%| F|  |TAMS 0x000000061f800000, 0x000000061f800000| Untracked 
|  82|0x000000061fc00000, 0x000000061fc00000, 0x0000000620000000|  0%| F|  |TAMS 0x000000061fc00000, 0x000000061fc00000| Untracked 
|  83|0x0000000620000000, 0x0000000620000000, 0x0000000620400000|  0%| F|  |TAMS 0x0000000620000000, 0x0000000620000000| Untracked 
|  84|0x0000000620400000, 0x0000000620400000, 0x0000000620800000|  0%| F|  |TAMS 0x0000000620400000, 0x0000000620400000| Untracked 
|  85|0x0000000620800000, 0x0000000620800000, 0x0000000620c00000|  0%| F|  |TAMS 0x0000000620800000, 0x0000000620800000| Untracked 
|  86|0x0000000620c00000, 0x0000000620c00000, 0x0000000621000000|  0%| F|  |TAMS 0x0000000620c00000, 0x0000000620c00000| Untracked 
|  87|0x0000000621000000, 0x0000000621000000, 0x0000000621400000|  0%| F|  |TAMS 0x0000000621000000, 0x0000000621000000| Untracked 
|  88|0x0000000621400000, 0x0000000621400000, 0x0000000621800000|  0%| F|  |TAMS 0x0000000621400000, 0x0000000621400000| Untracked 
|  89|0x0000000621800000, 0x0000000621800000, 0x0000000621c00000|  0%| F|  |TAMS 0x0000000621800000, 0x0000000621800000| Untracked 
|  90|0x0000000621c00000, 0x0000000621c00000, 0x0000000622000000|  0%| F|  |TAMS 0x0000000621c00000, 0x0000000621c00000| Untracked 
|  91|0x0000000622000000, 0x0000000622000000, 0x0000000622400000|  0%| F|  |TAMS 0x0000000622000000, 0x0000000622000000| Untracked 
|  92|0x0000000622400000, 0x0000000622400000, 0x0000000622800000|  0%| F|  |TAMS 0x0000000622400000, 0x0000000622400000| Untracked 
|  93|0x0000000622800000, 0x0000000622800000, 0x0000000622c00000|  0%| F|  |TAMS 0x0000000622800000, 0x0000000622800000| Untracked 
|  94|0x0000000622c00000, 0x0000000622c00800, 0x0000000623000000|  0%| E|  |TAMS 0x0000000622c00000, 0x0000000622c00000| Complete 
|  95|0x0000000623000000, 0x0000000623400000, 0x0000000623400000|100%| E|CS|TAMS 0x0000000623000000, 0x0000000623000000| Complete 
|  96|0x0000000623400000, 0x0000000623800000, 0x0000000623800000|100%| E|CS|TAMS 0x0000000623400000, 0x0000000623400000| Complete 
|  97|0x0000000623800000, 0x0000000623c00000, 0x0000000623c00000|100%| E|CS|TAMS 0x0000000623800000, 0x0000000623800000| Complete 
|  98|0x0000000623c00000, 0x0000000624000000, 0x0000000624000000|100%| E|CS|TAMS 0x0000000623c00000, 0x0000000623c00000| Complete 
|  99|0x0000000624000000, 0x0000000624400000, 0x0000000624400000|100%| E|CS|TAMS 0x0000000624000000, 0x0000000624000000| Complete 
| 100|0x0000000624400000, 0x0000000624800000, 0x0000000624800000|100%| E|CS|TAMS 0x0000000624400000, 0x0000000624400000| Complete 
| 101|0x0000000624800000, 0x0000000624c00000, 0x0000000624c00000|100%| E|CS|TAMS 0x0000000624800000, 0x0000000624800000| Complete 
| 102|0x0000000624c00000, 0x0000000625000000, 0x0000000625000000|100%| E|CS|TAMS 0x0000000624c00000, 0x0000000624c00000| Complete 
| 103|0x0000000625000000, 0x0000000625400000, 0x0000000625400000|100%| E|CS|TAMS 0x0000000625000000, 0x0000000625000000| Complete 
| 104|0x0000000625400000, 0x0000000625800000, 0x0000000625800000|100%| E|CS|TAMS 0x0000000625400000, 0x0000000625400000| Complete 
| 105|0x0000000625800000, 0x0000000625c00000, 0x0000000625c00000|100%| E|CS|TAMS 0x0000000625800000, 0x0000000625800000| Complete 
| 106|0x0000000625c00000, 0x0000000626000000, 0x0000000626000000|100%| E|CS|TAMS 0x0000000625c00000, 0x0000000625c00000| Complete 
| 107|0x0000000626000000, 0x0000000626400000, 0x0000000626400000|100%| E|CS|TAMS 0x0000000626000000, 0x0000000626000000| Complete 
| 108|0x0000000626400000, 0x0000000626800000, 0x0000000626800000|100%| E|CS|TAMS 0x0000000626400000, 0x0000000626400000| Complete 
| 109|0x0000000626800000, 0x0000000626c00000, 0x0000000626c00000|100%| E|CS|TAMS 0x0000000626800000, 0x0000000626800000| Complete 
| 110|0x0000000626c00000, 0x0000000627000000, 0x0000000627000000|100%| E|CS|TAMS 0x0000000626c00000, 0x0000000626c00000| Complete 
| 111|0x0000000627000000, 0x0000000627400000, 0x0000000627400000|100%| E|CS|TAMS 0x0000000627000000, 0x0000000627000000| Complete 
| 112|0x0000000627400000, 0x0000000627800000, 0x0000000627800000|100%| E|CS|TAMS 0x0000000627400000, 0x0000000627400000| Complete 
| 113|0x0000000627800000, 0x0000000627c00000, 0x0000000627c00000|100%| E|CS|TAMS 0x0000000627800000, 0x0000000627800000| Complete 
| 114|0x0000000627c00000, 0x0000000628000000, 0x0000000628000000|100%| E|CS|TAMS 0x0000000627c00000, 0x0000000627c00000| Complete 
| 115|0x0000000628000000, 0x0000000628400000, 0x0000000628400000|100%| E|CS|TAMS 0x0000000628000000, 0x0000000628000000| Complete 
| 116|0x0000000628400000, 0x0000000628800000, 0x0000000628800000|100%| E|CS|TAMS 0x0000000628400000, 0x0000000628400000| Complete 
| 117|0x0000000628800000, 0x0000000628a78b20, 0x0000000628c00000| 61%| S|CS|TAMS 0x0000000628800000, 0x0000000628800000| Complete 
| 118|0x0000000628c00000, 0x0000000629000000, 0x0000000629000000|100%| E|CS|TAMS 0x0000000628c00000, 0x0000000628c00000| Complete 
| 119|0x0000000629000000, 0x0000000629400000, 0x0000000629400000|100%| E|CS|TAMS 0x0000000629000000, 0x0000000629000000| Complete 
| 120|0x0000000629400000, 0x0000000629800000, 0x0000000629800000|100%| E|CS|TAMS 0x0000000629400000, 0x0000000629400000| Complete 
| 121|0x0000000629800000, 0x0000000629c00000, 0x0000000629c00000|100%| E|CS|TAMS 0x0000000629800000, 0x0000000629800000| Complete 
| 122|0x0000000629c00000, 0x000000062a000000, 0x000000062a000000|100%| E|CS|TAMS 0x0000000629c00000, 0x0000000629c00000| Complete 
| 123|0x000000062a000000, 0x000000062a400000, 0x000000062a400000|100%| E|CS|TAMS 0x000000062a000000, 0x000000062a000000| Complete 
| 124|0x000000062a400000, 0x000000062a800000, 0x000000062a800000|100%| E|CS|TAMS 0x000000062a400000, 0x000000062a400000| Complete 
| 125|0x000000062a800000, 0x000000062ac00000, 0x000000062ac00000|100%| E|CS|TAMS 0x000000062a800000, 0x000000062a800000| Complete 
|2001|0x00000007ff800000, 0x00000007ffb75000, 0x00000007ffc00000| 86%|OA|  |TAMS 0x00000007ff800000, 0x00000007ff800000| Untracked 
|2002|0x00000007ffc00000, 0x00000007ffc77000, 0x0000000800000000| 11%|CA|  |TAMS 0x00000007ffc00000, 0x00000007ffc00000| Untracked 

Card table byte_map: [0x00007f0f17645000,0x00007f0f185eb000] _byte_map_base: 0x00007f0f145eb000

Marking Bits (Prev, Next): (CMBitMap*) 0x00007f0f30043b00, (CMBitMap*) 0x00007f0f30043b40
 Prev Bits: [0x00007f0f0e96f000, 0x00007f0f1669f000)
 Next Bits: [0x00007f0f06c3f000, 0x00007f0f0e96f000)

Polling page: 0x00007f0f3746c000

Metaspace:

Usage:
  Non-class:     14,07 MB used.
      Class:      1,75 MB used.
       Both:     15,82 MB used.

Virtual space:
  Non-class space:       64,00 MB reserved,      14,19 MB ( 22%) committed,  1 nodes.
      Class space:        1,00 GB reserved,       1,94 MB ( <1%) committed,  1 nodes.
             Both:        1,06 GB reserved,      16,12 MB (  1%) committed. 

Chunk freelists:
   Non-Class:  1,46 MB
       Class:  13,99 MB
        Both:  15,45 MB

MaxMetaspaceSize: unlimited
CompressedClassSpaceSize: 1,00 GB
Initial GC threshold: 21,00 MB
Current GC threshold: 21,00 MB
CDS: on
MetaspaceReclaimPolicy: balanced
 - commit_granule_bytes: 65536.
 - commit_granule_words: 8192.
 - virtual_space_node_default_size: 8388608.
 - enlarge_chunks_in_place: 1.
 - new_chunks_are_fully_committed: 0.
 - uncommit_free_chunks: 1.
 - use_allocation_guard: 0.
 - handle_deallocations: 1.


Internal statistics:

num_allocs_failed_limit: 0.
num_arena_births: 126.
num_arena_deaths: 0.
num_vsnodes_births: 2.
num_vsnodes_deaths: 0.
num_space_committed: 258.
num_space_uncommitted: 0.
num_chunks_returned_to_freelist: 0.
num_chunks_taken_from_freelist: 688.
num_chunk_merges: 0.
num_chunk_splits: 480.
num_chunks_enlarged: 368.
num_inconsistent_stats: 0.

CodeHeap 'non-profiled nmethods': size=120028Kb used=2020Kb max_used=2020Kb free=118007Kb
 bounds [0x00007f0f2105a000, 0x00007f0f212ca000, 0x00007f0f28591000]
CodeHeap 'profiled nmethods': size=120028Kb used=7819Kb max_used=7819Kb free=112208Kb
 bounds [0x00007f0f19591000, 0x00007f0f19d41000, 0x00007f0f20ac8000]
CodeHeap 'non-nmethods': size=5704Kb used=1170Kb max_used=1218Kb free=4533Kb
 bounds [0x00007f0f20ac8000, 0x00007f0f20d38000, 0x00007f0f2105a000]
 total_blobs=4292 nmethods=3829 adapters=376
 compilation: enabled
              stopped_count=0, restarted_count=0
 full_count=0

Compilation events (20 events):
Event: 1,624 Thread 0x00007f0f30154360 nmethod 3815 0x00007f0f19d2b510 code [0x00007f0f19d2b7a0, 0x00007f0f19d2c2a0]
Event: 1,624 Thread 0x00007f0f30154360 3818       1       java.lang.invoke.LambdaForm$Name::index (5 bytes)
Event: 1,624 Thread 0x00007f0f30154360 nmethod 3818 0x00007f0f2124d790 code [0x00007f0f2124d920, 0x00007f0f2124d9f0]
Event: 1,624 Thread 0x00007f0f30154360 3819       3       java.lang.invoke.LambdaForm$Name::initIndex (26 bytes)
Event: 1,624 Thread 0x00007f0f30154360 nmethod 3819 0x00007f0f19d2c710 code [0x00007f0f19d2c8c0, 0x00007f0f19d2ca70]
Event: 1,624 Thread 0x00007f0f30154360 3820       3       jdk.internal.org.objectweb.asm.Type::<init> (26 bytes)
Event: 1,624 Thread 0x00007f0f30154360 nmethod 3820 0x00007f0f19d2cb10 code [0x00007f0f19d2ccc0, 0x00007f0f19d2ce90]
Event: 1,625 Thread 0x00007f0f30154360 3821       3       sun.invoke.util.Wrapper::forPrimitiveType (49 bytes)
Event: 1,626 Thread 0x00007f0f30154360 nmethod 3821 0x00007f0f19d2cf90 code [0x00007f0f19d2d300, 0x00007f0f19d2e680]
Event: 1,626 Thread 0x00007f0f30154360 3822       3       java.lang.invoke.MemberName$Factory::resolveOrFail (79 bytes)
Event: 1,626 Thread 0x00007f0f30154360 nmethod 3822 0x00007f0f19d2ed90 code [0x00007f0f19d2efa0, 0x00007f0f19d2f6b0]
Event: 1,627 Thread 0x00007f0f30154360 3825       3       java.lang.invoke.MemberName::isCallerSensitive (8 bytes)
Event: 1,627 Thread 0x00007f0f30154360 nmethod 3825 0x00007f0f19d2f910 code [0x00007f0f19d2fac0, 0x00007f0f19d2fcf0]
Event: 1,628 Thread 0x00007f0f30152e20 3827       4       java.lang.invoke.MethodType::parameterType (7 bytes)
Event: 1,628 Thread 0x00007f0f30154360 3828       3       jdk.internal.org.objectweb.asm.Type::getArgumentTypes (154 bytes)
Event: 1,628 Thread 0x00007f0f30152e20 nmethod 3827 0x00007f0f2124e390 code [0x00007f0f2124e520, 0x00007f0f2124e5d8]
Event: 1,629 Thread 0x00007f0f30154360 nmethod 3828 0x00007f0f19d2fe10 code [0x00007f0f19d30300, 0x00007f0f19d32d40]
Event: 1,629 Thread 0x00007f0f30154360 3829       1       java.lang.invoke.InfoFromMemberName::getReferenceKind (5 bytes)
Event: 1,629 Thread 0x00007f0f30154360 nmethod 3829 0x00007f0f2124e690 code [0x00007f0f2124e820, 0x00007f0f2124e8f0]
Event: 1,649 Thread 0x00007f0e84182930 nmethod 3795% 0x00007f0f2124e990 code [0x00007f0f2124ec20, 0x00007f0f21251a70]

GC Heap History (4 events):
Event: 0,452 GC heap before
{Heap before GC invocations=0 (full 0):
 garbage-first heap   total 524288K, used 28592K [0x000000060b400000, 0x0000000800000000)
  region size 4096K, 6 young (24576K), 0 survivors (0K)
 Metaspace       used 5128K, committed 5312K, reserved 1114112K
  class space    used 611K, committed 704K, reserved 1048576K
}
Event: 0,455 GC heap after
{Heap after GC invocations=1 (full 0):
 garbage-first heap   total 524288K, used 7067K [0x000000060b400000, 0x0000000800000000)
  region size 4096K, 1 young (4096K), 1 survivors (4096K)
 Metaspace       used 5128K, committed 5312K, reserved 1114112K
  class space    used 611K, committed 704K, reserved 1048576K
}
Event: 0,829 GC heap before
{Heap before GC invocations=1 (full 0):
 garbage-first heap   total 524288K, used 35739K [0x000000060b400000, 0x0000000800000000)
  region size 4096K, 8 young (32768K), 1 survivors (4096K)
 Metaspace       used 11183K, committed 11328K, reserved 1114112K
  class space    used 1365K, committed 1472K, reserved 1048576K
}
Event: 0,832 GC heap after
{Heap after GC invocations=2 (full 0):
 garbage-first heap   total 524288K, used 9360K [0x000000060b400000, 0x0000000800000000)
  region size 4096K, 1 young (4096K), 1 survivors (4096K)
 Metaspace       used 11183K, committed 11328K, reserved 1114112K
  class space    used 1365K, committed 1472K, reserved 1048576K
}

Dll operation events (7 events):
Event: 0,001 Loaded shared library /usr/lib/jvm/java-17-openjdk-amd64/lib/libjava.so
Event: 0,016 Loaded shared library /usr/lib/jvm/java-17-openjdk-amd64/lib/libjsvml.so
Event: 0,025 Loaded shared library /usr/lib/jvm/java-17-openjdk-amd64/lib/libnio.so
Event: 0,028 Loaded shared library /usr/lib/jvm/java-17-openjdk-amd64/lib/libzip.so
Event: 0,108 Loaded shared library /usr/lib/jvm/java-17-openjdk-amd64/lib/libjimage.so
Event: 0,159 Loaded shared library /usr/lib/jvm/java-17-openjdk-amd64/lib/libverify.so
Event: 0,837 Loaded shared library /usr/lib/jvm/java-17-openjdk-amd64/lib/libnet.so

Deoptimization events (20 events):
Event: 1,592 Thread 0x00007f0f30014430 Uncommon trap: trap_request=0xffffffde fr.pc=0x00007f0f210f8d40 relative=0x0000000000000080
Event: 1,592 Thread 0x00007f0f30014430 Uncommon trap: reason=class_check action=maybe_recompile pc=0x00007f0f210f8d40 method=com.google.inject.internal.MoreTypes.getRawType(Ljava/lang/reflect/Type;)Ljava/lang/Class; @ 13 c2
Event: 1,592 Thread 0x00007f0f30014430 DEOPT PACKING pc=0x00007f0f210f8d40 sp=0x00007f0f35b521c0
Event: 1,592 Thread 0x00007f0f30014430 DEOPT UNPACKING pc=0x00007f0f20b1e699 sp=0x00007f0f35b52170 mode 2
Event: 1,592 Thread 0x00007f0f30014430 Uncommon trap: trap_request=0xffffffde fr.pc=0x00007f0f210f8d40 relative=0x0000000000000080
Event: 1,592 Thread 0x00007f0f30014430 Uncommon trap: reason=class_check action=maybe_recompile pc=0x00007f0f210f8d40 method=com.google.inject.internal.MoreTypes.getRawType(Ljava/lang/reflect/Type;)Ljava/lang/Class; @ 13 c2
Event: 1,592 Thread 0x00007f0f30014430 DEOPT PACKING pc=0x00007f0f210f8d40 sp=0x00007f0f35b521c0
Event: 1,592 Thread 0x00007f0f30014430 DEOPT UNPACKING pc=0x00007f0f20b1e699 sp=0x00007f0f35b52170 mode 2
Event: 1,610 Thread 0x00007f0f30014430 Uncommon trap: trap_request=0xffffff45 fr.pc=0x00007f0f21235b80 relative=0x00000000000006c0
Event: 1,610 Thread 0x00007f0f30014430 Uncommon trap: reason=unstable_if action=reinterpret pc=0x00007f0f21235b80 method=java.util.jar.Manifest$FastInputStream.readLine([BII)I @ 130 c2
Event: 1,610 Thread 0x00007f0f30014430 DEOPT PACKING pc=0x00007f0f21235b80 sp=0x00007f0f35b51d40
Event: 1,610 Thread 0x00007f0f30014430 DEOPT UNPACKING pc=0x00007f0f20b1e699 sp=0x00007f0f35b51cd0 mode 2
Event: 1,618 Thread 0x00007f0f30014430 Uncommon trap: trap_request=0xffffffde fr.pc=0x00007f0f2117a298 relative=0x0000000000000078
Event: 1,618 Thread 0x00007f0f30014430 Uncommon trap: reason=class_check action=maybe_recompile pc=0x00007f0f2117a298 method=java.util.Collections$UnmodifiableMap$UnmodifiableEntrySet$1.hasNext()Z @ 4 c2
Event: 1,618 Thread 0x00007f0f30014430 DEOPT PACKING pc=0x00007f0f2117a298 sp=0x00007f0f35b52350
Event: 1,618 Thread 0x00007f0f30014430 DEOPT UNPACKING pc=0x00007f0f20b1e699 sp=0x00007f0f35b52300 mode 2
Event: 1,628 Thread 0x00007f0f30014430 Uncommon trap: trap_request=0xffffffde fr.pc=0x00007f0f211ccb00 relative=0x0000000000000540
Event: 1,628 Thread 0x00007f0f30014430 Uncommon trap: reason=class_check action=maybe_recompile pc=0x00007f0f211ccb00 method=java.util.Hashtable.get(Ljava/lang/Object;)Ljava/lang/Object; @ 6 c2
Event: 1,628 Thread 0x00007f0f30014430 DEOPT PACKING pc=0x00007f0f211ccb00 sp=0x00007f0f35b521f0
Event: 1,628 Thread 0x00007f0f30014430 DEOPT UNPACKING pc=0x00007f0f20b1e699 sp=0x00007f0f35b521a0 mode 2

Classes unloaded (0 events):
No events

Classes redefined (0 events):
No events

Internal exceptions (20 events):
Event: 1,186 Thread 0x00007f0f30014430 Implicit null exception at 0x00007f0f211a4a44 to 0x00007f0f211a4d9e
Event: 1,186 Thread 0x00007f0f30014430 Implicit null exception at 0x00007f0f210c028d to 0x00007f0f210c0624
Event: 1,186 Thread 0x00007f0f30014430 Implicit null exception at 0x00007f0f210db82f to 0x00007f0f210db8a9
Event: 1,438 Thread 0x00007f0f30014430 Exception <a 'java/lang/NoSuchMethodError'{0x0000000625209608}: 'java.lang.Object java.lang.invoke.DirectMethodHandle$Holder.invokeInterface(java.lang.Object, java.lang.Object)'> (0x0000000625209608) 
thrown [./src/hotspot/share/interpreter/linkResolver.cpp, line 758]
Event: 1,457 Thread 0x00007f0f30014430 Exception <a 'java/lang/NoSuchMethodError'{0x0000000625368370}: 'void java.lang.invoke.DirectMethodHandle$Holder.invokeVirtual(java.lang.Object, java.lang.Object)'> (0x0000000625368370) 
thrown [./src/hotspot/share/interpreter/linkResolver.cpp, line 758]
Event: 1,458 Thread 0x00007f0f30014430 Exception <a 'java/lang/NoSuchMethodError'{0x0000000625370ca8}: 'int java.lang.invoke.DirectMethodHandle$Holder.invokeSpecial(java.lang.Object, java.lang.Object, java.lang.Object, java.lang.Object)'> (0x0000000625370ca8) 
thrown [./src/hotspot/share/interpreter/linkResolver.cpp, line 758]
Event: 1,586 Thread 0x00007f0f30014430 Exception <a 'java/lang/NoClassDefFoundError'{0x000000062378f128}: org/codehaus/plexus/util/io/CachingOutputStream> (0x000000062378f128) 
thrown [./src/hotspot/share/classfile/systemDictionary.cpp, line 245]
Event: 1,594 Thread 0x00007f0f30014430 Exception <a 'java/lang/NoSuchMethodError'{0x000000062304ad58}: 'int java.lang.invoke.DirectMethodHandle$Holder.invokeStaticInit(java.lang.Object, java.lang.Object)'> (0x000000062304ad58) 
thrown [./src/hotspot/share/interpreter/linkResolver.cpp, line 758]
Event: 1,595 Thread 0x00007f0f30014430 Exception <a 'java/lang/NoSuchMethodError'{0x000000062305b178}: 'int java.lang.invoke.DirectMethodHandle$Holder.invokeStatic(java.lang.Object, java.lang.Object, java.lang.Object, java.lang.Object)'> (0x000000062305b178) 
thrown [./src/hotspot/share/interpreter/linkResolver.cpp, line 758]
Event: 1,596 Thread 0x00007f0f30014430 Exception <a 'java/lang/NoSuchMethodError'{0x000000062305eaf8}: 'java.lang.Object java.lang.invoke.Invokers$Holder.invokeExact_MT(java.lang.Object, java.lang.Object, java.lang.Object, java.lang.Object, java.lang.Object, java.lang.Object)'> (0x000000062305eaf8) 
thrown [./src/hotspot/share/interpreter/linkResolver.cpp, line 758]
Event: 1,615 Thread 0x00007f0f30014430 Exception <a 'java/lang/NoSuchMethodError'{0x000000062330f780}: 'void java.lang.invoke.DirectMethodHandle$Holder.invokeStatic(java.lang.Object, java.lang.Object)'> (0x000000062330f780) 
thrown [./src/hotspot/share/interpreter/linkResolver.cpp, line 758]
Event: 1,621 Thread 0x00007f0f30014430 Exception <a 'java/lang/NoSuchMethodError'{0x0000000623329360}: 'java.lang.Object java.lang.invoke.DirectMethodHandle$Holder.invokeStaticInit(java.lang.Object)'> (0x0000000623329360) 
thrown [./src/hotspot/share/interpreter/linkResolver.cpp, line 758]
Event: 1,622 Thread 0x00007f0f30014430 Exception <a 'java/lang/NoSuchMethodError'{0x0000000623332cd8}: 'java.lang.Object java.lang.invoke.DirectMethodHandle$Holder.invokeStaticInit(java.lang.Object, java.lang.Object, long, java.lang.Object)'> (0x0000000623332cd8) 
thrown [./src/hotspot/share/interpreter/linkResolver.cpp, line 758]
Event: 1,622 Thread 0x00007f0f30014430 Exception <a 'java/lang/NoSuchMethodError'{0x00000006233395a0}: 'java.lang.Object java.lang.invoke.DirectMethodHandle$Holder.newInvokeSpecial(java.lang.Object, java.lang.Object, long)'> (0x00000006233395a0) 
thrown [./src/hotspot/share/interpreter/linkResolver.cpp, line 758]
Event: 1,622 Thread 0x00007f0f30014430 Exception <a 'java/lang/NoSuchMethodError'{0x000000062333d890}: 'java.lang.Object java.lang.invoke.Invokers$Holder.linkToTargetMethod(java.lang.Object, long, java.lang.Object)'> (0x000000062333d890) 
thrown [./src/hotspot/share/interpreter/linkResolver.cpp, line 758]
Event: 1,623 Thread 0x00007f0f30014430 Exception <a 'java/lang/NoSuchMethodError'{0x0000000623345270}: 'java.lang.Object java.lang.invoke.DirectMethodHandle$Holder.newInvokeSpecial(java.lang.Object, java.lang.Object, java.lang.Object, int)'> (0x0000000623345270) 
thrown [./src/hotspot/share/interpreter/linkResolver.cpp, line 758]
Event: 1,624 Thread 0x00007f0f30014430 Exception <a 'java/lang/NoSuchMethodError'{0x0000000623349650}: 'java.lang.Object java.lang.invoke.DirectMethodHandle$Holder.invokeSpecial(java.lang.Object, java.lang.Object, java.lang.Object, java.lang.Object, int)'> (0x0000000623349650) 
thrown [./src/hotspot/share/interpreter/linkResolver.cpp, line 758]
Event: 1,624 Thread 0x00007f0f30014430 Exception <a 'java/lang/NoSuchMethodError'{0x000000062334d218}: 'java.lang.Object java.lang.invoke.Invokers$Holder.linkToTargetMethod(java.lang.Object, java.lang.Object, int, java.lang.Object)'> (0x000000062334d218) 
thrown [./src/hotspot/share/interpreter/linkResolver.cpp, line 758]
Event: 1,627 Thread 0x00007f0f30014430 Exception <a 'java/lang/NoSuchMethodError'{0x0000000623357fd8}: 'int java.lang.invoke.DirectMethodHandle$Holder.invokeVirtual(java.lang.Object, java.lang.Object)'> (0x0000000623357fd8) 
thrown [./src/hotspot/share/interpreter/linkResolver.cpp, line 758]
Event: 1,628 Thread 0x00007f0f30014430 Exception <a 'java/lang/NoSuchMethodError'{0x0000000623362000}: 'void java.lang.invoke.DirectMethodHandle$Holder.invokeStatic(java.lang.Object, java.lang.Object, java.lang.Object)'> (0x0000000623362000) 
thrown [./src/hotspot/share/interpreter/linkResolver.cpp, line 758]

VM Operations (20 events):
Event: 1,178 Executing VM operation: ICBufferFull
Event: 1,178 Executing VM operation: ICBufferFull done
Event: 1,278 Executing VM operation: HandshakeAllThreads
Event: 1,278 Executing VM operation: HandshakeAllThreads done
Event: 1,280 Executing VM operation: HandshakeAllThreads
Event: 1,280 Executing VM operation: HandshakeAllThreads done
Event: 1,280 Executing VM operation: ICBufferFull
Event: 1,280 Executing VM operation: ICBufferFull done
Event: 1,412 Executing VM operation: HandshakeAllThreads
Event: 1,412 Executing VM operation: HandshakeAllThreads done
Event: 1,457 Executing VM operation: HandshakeAllThreads
Event: 1,457 Executing VM operation: HandshakeAllThreads done
Event: 1,457 Executing VM operation: HandshakeAllThreads
Event: 1,457 Executing VM operation: HandshakeAllThreads done
Event: 1,480 Executing VM operation: ICBufferFull
Event: 1,480 Executing VM operation: ICBufferFull done
Event: 1,625 Executing VM operation: HandshakeAllThreads
Event: 1,625 Executing VM operation: HandshakeAllThreads done
Event: 2,625 Executing VM operation: Cleanup
Event: 2,625 Executing VM operation: Cleanup done

Events (20 events):
Event: 1,626 Thread 0x00007f0f30bc7e10 Thread added: 0x00007f0f30bc7e10
Event: 1,626 Protecting memory [0x00007f0eaa458000,0x00007f0eaa45c000] with protection modes 0
Event: 1,626 loading class java/util/concurrent/CompletableFuture$UniHandle
Event: 1,626 loading class java/util/concurrent/CompletableFuture$UniCompletion
Event: 1,626 loading class java/util/concurrent/CompletableFuture$UniCompletion done
Event: 1,626 loading class java/util/concurrent/CompletableFuture$UniHandle done
Event: 1,626 loading class jdk/internal/event/ProcessStartEvent
Event: 1,626 loading class jdk/internal/event/ProcessStartEvent done
Event: 1,627 loading class sun/misc/Signal
Event: 1,627 loading class sun/misc/Signal done
Event: 1,627 loading class sun/misc/SignalHandler
Event: 1,627 loading class sun/misc/SignalHandler done
Event: 1,627 loading class sun/invoke/util/VerifyAccess$1
Event: 1,627 loading class sun/invoke/util/VerifyAccess$1 done
Event: 1,628 loading class sun/misc/Signal$InternalMiscHandler
Event: 1,628 loading class sun/misc/Signal$InternalMiscHandler done
Event: 1,628 loading class sun/misc/Signal$SunMiscHandler
Event: 1,628 loading class sun/misc/Signal$SunMiscHandler done
Event: 6,649 Thread 0x00007f0e84182930 Thread exited: 0x00007f0e84182930
Event: 11,628 Thread 0x00007f0e90190cf0 Thread exited: 0x00007f0e90190cf0


Dynamic libraries:
60b400000-62ac00000 rw-p 00000000 00:00 0 
62ac00000-7ff800000 ---p 00000000 00:00 0 
7ff800000-7ffb00000 rw-p 00000000 00:00 0 
7ffb00000-7ffb75000 rw-p 00c76000 08:02 13399095                         /usr/lib/jvm/java-17-openjdk-amd64/lib/server/classes.jsa
7ffb75000-7ffc00000 rw-p 00000000 00:00 0 
7ffc00000-7ffc77000 rw-p 00bff000 08:02 13399095                         /usr/lib/jvm/java-17-openjdk-amd64/lib/server/classes.jsa
7ffc77000-800000000 rw-p 00000000 00:00 0 
5579be11f000-5579be120000 r--p 00000000 08:02 13398943                   /usr/lib/jvm/java-17-openjdk-amd64/bin/java
5579be120000-5579be121000 r-xp 00001000 08:02 13398943                   /usr/lib/jvm/java-17-openjdk-amd64/bin/java
5579be121000-5579be122000 r--p 00002000 08:02 13398943                   /usr/lib/jvm/java-17-openjdk-amd64/bin/java
5579be122000-5579be123000 r--p 00002000 08:02 13398943                   /usr/lib/jvm/java-17-openjdk-amd64/bin/java
5579be123000-5579be124000 rw-p 00003000 08:02 13398943                   /usr/lib/jvm/java-17-openjdk-amd64/bin/java
5579be7e1000-5579be985000 rw-p 00000000 00:00 0                          [heap]
7f0e44000000-7f0e44021000 rw-p 00000000 00:00 0 
7f0e44021000-7f0e48000000 ---p 00000000 00:00 0 
7f0e4c000000-7f0e4c021000 rw-p 00000000 00:00 0 
7f0e4c021000-7f0e50000000 ---p 00000000 00:00 0 
7f0e50000000-7f0e50021000 rw-p 00000000 00:00 0 
7f0e50021000-7f0e54000000 ---p 00000000 00:00 0 
7f0e54000000-7f0e54021000 rw-p 00000000 00:00 0 
7f0e54021000-7f0e58000000 ---p 00000000 00:00 0 
7f0e58000000-7f0e58021000 rw-p 00000000 00:00 0 
7f0e58021000-7f0e5c000000 ---p 00000000 00:00 0 
7f0e5c000000-7f0e5c021000 rw-p 00000000 00:00 0 
7f0e5c021000-7f0e60000000 ---p 00000000 00:00 0 
7f0e60000000-7f0e60021000 rw-p 00000000 00:00 0 
7f0e60021000-7f0e64000000 ---p 00000000 00:00 0 
7f0e64000000-7f0e64021000 rw-p 00000000 00:00 0 
7f0e64021000-7f0e68000000 ---p 00000000 00:00 0 
7f0e68000000-7f0e68021000 rw-p 00000000 00:00 0 
7f0e68021000-7f0e6c000000 ---p 00000000 00:00 0 
7f0e6c000000-7f0e6ca3b000 rw-p 00000000 00:00 0 
7f0e6ca3b000-7f0e70000000 ---p 00000000 00:00 0 
7f0e70000000-7f0e70021000 rw-p 00000000 00:00 0 
7f0e70021000-7f0e74000000 ---p 00000000 00:00 0 
7f0e74000000-7f0e74021000 rw-p 00000000 00:00 0 
7f0e74021000-7f0e78000000 ---p 00000000 00:00 0 
7f0e78000000-7f0e78b42000 rw-p 00000000 00:00 0 
7f0e78b42000-7f0e7c000000 ---p 00000000 00:00 0 
7f0e7c000000-7f0e7c021000 rw-p 00000000 00:00 0 
7f0e7c021000-7f0e80000000 ---p 00000000 00:00 0 
7f0e80000000-7f0e80021000 rw-p 00000000 00:00 0 
7f0e80021000-7f0e84000000 ---p 00000000 00:00 0 
7f0e84000000-7f0e845fd000 rw-p 00000000 00:00 0 
7f0e845fd000-7f0e88000000 ---p 00000000 00:00 0 
7f0e88000000-7f0e88021000 rw-p 00000000 00:00 0 
7f0e88021000-7f0e8c000000 ---p 00000000 00:00 0 
7f0e8c000000-7f0e8c021000 rw-p 00000000 00:00 0 
7f0e8c021000-7f0e90000000 ---p 00000000 00:00 0 
7f0e90000000-7f0e90c74000 rw-p 00000000 00:00 0 
7f0e90c74000-7f0e94000000 ---p 00000000 00:00 0 
7f0e94000000-7f0e94021000 rw-p 00000000 00:00 0 
7f0e94021000-7f0e98000000 ---p 00000000 00:00 0 
7f0e98000000-7f0e98021000 rw-p 00000000 00:00 0 
7f0e98021000-7f0e9c000000 ---p 00000000 00:00 0 
7f0e9c000000-7f0e9c021000 rw-p 00000000 00:00 0 
7f0e9c021000-7f0ea0000000 ---p 00000000 00:00 0 
7f0ea0000000-7f0ea0021000 rw-p 00000000 00:00 0 
7f0ea0021000-7f0ea4000000 ---p 00000000 00:00 0 
7f0ea4000000-7f0ea4021000 rw-p 00000000 00:00 0 
7f0ea4021000-7f0ea8000000 ---p 00000000 00:00 0 
7f0ea9852000-7f0ea9adf000 rw-p 00000000 00:00 0 
7f0ea9adf000-7f0ea9ae0000 ---p 00000000 00:00 0 
7f0ea9ae0000-7f0ea9be0000 rw-p 00000000 00:00 0 
7f0ea9be0000-7f0ea9be1000 ---p 00000000 00:00 0 
7f0ea9be1000-7f0ea9ce1000 rw-p 00000000 00:00 0 
7f0ea9ce1000-7f0ea9ce2000 ---p 00000000 00:00 0 
7f0ea9ce2000-7f0ea9de2000 rw-p 00000000 00:00 0 
7f0ea9de2000-7f0ea9de3000 ---p 00000000 00:00 0 
7f0ea9de3000-7f0ea9ee3000 rw-p 00000000 00:00 0 
7f0ea9ee3000-7f0ea9ee4000 ---p 00000000 00:00 0 
7f0ea9ee4000-7f0ea9fe4000 rw-p 00000000 00:00 0 
7f0ea9fe4000-7f0ea9fe5000 ---p 00000000 00:00 0 
7f0ea9fe5000-7f0eaa0e5000 rw-p 00000000 00:00 0 
7f0eaa0e5000-7f0eaa0e6000 ---p 00000000 00:00 0 
7f0eaa0e6000-7f0eaa1e6000 rw-p 00000000 00:00 0 
7f0eaa1e6000-7f0eaa1e7000 ---p 00000000 00:00 0 
7f0eaa1e7000-7f0eaa2e7000 rw-p 00000000 00:00 0 
7f0eaa2e7000-7f0eaa2e8000 ---p 00000000 00:00 0 
7f0eaa2e8000-7f0eaa3e8000 rw-p 00000000 00:00 0 
7f0eaa458000-7f0eaa45c000 ---p 00000000 00:00 0 
7f0eaa45c000-7f0eaa47a000 rw-p 00000000 00:00 0 
7f0eaa47a000-7f0eaa47e000 ---p 00000000 00:00 0 
7f0eaa47e000-7f0eaa57a000 rw-p 00000000 00:00 0 
7f0eaa57a000-7f0eaa57e000 ---p 00000000 00:00 0 
7f0eaa57e000-7f0eaa67a000 rw-p 00000000 00:00 0 
7f0eaa67a000-7f0eaa67e000 r--p 00000000 08:02 13399090                   /usr/lib/jvm/java-17-openjdk-amd64/lib/libverify.so
7f0eaa67e000-7f0eaa685000 r-xp 00004000 08:02 13399090                   /usr/lib/jvm/java-17-openjdk-amd64/lib/libverify.so
7f0eaa685000-7f0eaa687000 r--p 0000b000 08:02 13399090                   /usr/lib/jvm/java-17-openjdk-amd64/lib/libverify.so
7f0eaa687000-7f0eaa689000 r--p 0000c000 08:02 13399090                   /usr/lib/jvm/java-17-openjdk-amd64/lib/libverify.so
7f0eaa689000-7f0eaa68a000 rw-p 0000e000 08:02 13399090                   /usr/lib/jvm/java-17-openjdk-amd64/lib/libverify.so
7f0eaa68a000-7f0eaa68e000 ---p 00000000 00:00 0 
7f0eaa68e000-7f0eaa78a000 rw-p 00000000 00:00 0 
7f0eaa78a000-7f0eaa78b000 ---p 00000000 00:00 0 
7f0eaa78b000-7f0eaa88b000 rw-p 00000000 00:00 0 
7f0eaa88b000-7f0eaa88f000 ---p 00000000 00:00 0 
7f0eaa88f000-7f0eaa98b000 rw-p 00000000 00:00 0 
7f0eaa98b000-7f0eaa98f000 ---p 00000000 00:00 0 
7f0eaa98f000-7f0eaaa8b000 rw-p 00000000 00:00 0 
7f0eaaa8b000-7f0eab000000 r--p 00000000 08:02 13374161                   /usr/lib/locale/locale-archive
7f0eab000000-7f0eab3a0000 rw-p 00000000 00:00 0 
7f0eab3a0000-7f0eab400000 ---p 00000000 00:00 0 
7f0eab400000-7f0eabe90000 rw-p 00000000 00:00 0 
7f0eabe90000-7f0eaf000000 ---p 00000000 00:00 0 
7f0eaf000000-7f0eafbc7000 rw-p 00001000 08:02 13399095                   /usr/lib/jvm/java-17-openjdk-amd64/lib/server/classes.jsa
7f0eafbc7000-7f0eb0000000 ---p 00000000 00:00 0 
7f0eb0000000-7f0eb0040000 rw-p 00000000 00:00 0 
7f0eb0040000-7f0eb0080000 rw-p 00000000 00:00 0 
7f0eb0080000-7f0eb01c0000 rw-p 00000000 00:00 0 
7f0eb01c0000-7f0eb01e0000 rw-p 00000000 00:00 0 
7f0eb01e0000-7f0eb0200000 ---p 00000000 00:00 0 
7f0eb0200000-7f0eb0210000 rw-p 00000000 00:00 0 
7f0eb0210000-7f0ef0000000 ---p 00000000 00:00 0 
7f0ef0000000-7f0ef0021000 rw-p 00000000 00:00 0 
7f0ef0021000-7f0ef4000000 ---p 00000000 00:00 0 
7f0ef4000000-7f0ef4021000 rw-p 00000000 00:00 0 
7f0ef4021000-7f0ef8000000 ---p 00000000 00:00 0 
7f0ef8000000-7f0ef8021000 rw-p 00000000 00:00 0 
7f0ef8021000-7f0efc000000 ---p 00000000 00:00 0 
7f0efc000000-7f0efc021000 rw-p 00000000 00:00 0 
7f0efc021000-7f0f00000000 ---p 00000000 00:00 0 
7f0f00000000-7f0f00021000 rw-p 00000000 00:00 0 
7f0f00021000-7f0f04000000 ---p 00000000 00:00 0 
7f0f04005000-7f0f0400c000 r--s 00000000 08:02 13515245                   /usr/lib/x86_64-linux-gnu/gconv/gconv-modules.cache
7f0f0400c000-7f0f0400e000 r--p 00000000 08:02 13399091                   /usr/lib/jvm/java-17-openjdk-amd64/lib/libzip.so
7f0f0400e000-7f0f04013000 r-xp 00002000 08:02 13399091                   /usr/lib/jvm/java-17-openjdk-amd64/lib/libzip.so
7f0f04013000-7f0f04015000 r--p 00007000 08:02 13399091                   /usr/lib/jvm/java-17-openjdk-amd64/lib/libzip.so
7f0f04015000-7f0f04016000 r--p 00008000 08:02 13399091                   /usr/lib/jvm/java-17-openjdk-amd64/lib/libzip.so
7f0f04016000-7f0f04017000 rw-p 00009000 08:02 13399091                   /usr/lib/jvm/java-17-openjdk-amd64/lib/libzip.so
7f0f04017000-7f0f0401b000 ---p 00000000 00:00 0 
7f0f0401b000-7f0f04117000 rw-p 00000000 00:00 0 
7f0f04117000-7f0f0411b000 ---p 00000000 00:00 0 
7f0f0411b000-7f0f04217000 rw-p 00000000 00:00 0 
7f0f04217000-7f0f0421b000 ---p 00000000 00:00 0 
7f0f0421b000-7f0f04317000 rw-p 00000000 00:00 0 
7f0f04317000-7f0f0431b000 ---p 00000000 00:00 0 
7f0f0431b000-7f0f04417000 rw-p 00000000 00:00 0 
7f0f04417000-7f0f0441b000 ---p 00000000 00:00 0 
7f0f0441b000-7f0f04517000 rw-p 00000000 00:00 0 
7f0f04517000-7f0f0451b000 ---p 00000000 00:00 0 
7f0f0451b000-7f0f04617000 rw-p 00000000 00:00 0 
7f0f04617000-7f0f0461b000 ---p 00000000 00:00 0 
7f0f0461b000-7f0f04717000 rw-p 00000000 00:00 0 
7f0f04717000-7f0f04718000 ---p 00000000 00:00 0 
7f0f04718000-7f0f04818000 rw-p 00000000 00:00 0 
7f0f04818000-7f0f0481d000 r--p 00000000 08:02 13399077                   /usr/lib/jvm/java-17-openjdk-amd64/lib/libjsvml.so
7f0f0481d000-7f0f0485e000 r-xp 00005000 08:02 13399077                   /usr/lib/jvm/java-17-openjdk-amd64/lib/libjsvml.so
7f0f0485e000-7f0f048e7000 r--p 00046000 08:02 13399077                   /usr/lib/jvm/java-17-openjdk-amd64/lib/libjsvml.so
7f0f048e7000-7f0f048e8000 r--p 000ce000 08:02 13399077                   /usr/lib/jvm/java-17-openjdk-amd64/lib/libjsvml.so
7f0f048e8000-7f0f048e9000 rw-p 000cf000 08:02 13399077                   /usr/lib/jvm/java-17-openjdk-amd64/lib/libjsvml.so
7f0f048e9000-7f0f04a06000 rw-p 00000000 00:00 0 
7f0f04a0c000-7f0f04a3d000 rw-p 00000000 00:00 0 
7f0f04a3d000-7f0f04a3e000 ---p 00000000 00:00 0 
7f0f04a3e000-7f0f04b3e000 rw-p 00000000 00:00 0 
7f0f04b3e000-7f0f04b3f000 ---p 00000000 00:00 0 
7f0f04b3f000-7f0f0741f000 rw-p 00000000 00:00 0 
7f0f0741f000-7f0f0e94f000 ---p 00000000 00:00 0 
7f0f0e94f000-7f0f0f14f000 rw-p 00000000 00:00 0 
7f0f0f14f000-7f0f1667f000 ---p 00000000 00:00 0 
7f0f1667f000-7f0f1679b000 rw-p 00000000 00:00 0 
7f0f1679b000-7f0f17641000 ---p 00000000 00:00 0 
7f0f17641000-7f0f17741000 rw-p 00000000 00:00 0 
7f0f17741000-7f0f185e7000 ---p 00000000 00:00 0 
7f0f185e7000-7f0f186e7000 rw-p 00000000 00:00 0 
7f0f186e7000-7f0f1958d000 ---p 00000000 00:00 0 
7f0f1958d000-7f0f19591000 rw-p 00000000 00:00 0 
7f0f19591000-7f0f19d41000 rwxp 00000000 00:00 0 
7f0f19d41000-7f0f20ac8000 ---p 00000000 00:00 0 
7f0f20ac8000-7f0f20d38000 rwxp 00000000 00:00 0 
7f0f20d38000-7f0f2105a000 ---p 00000000 00:00 0 
7f0f2105a000-7f0f212ca000 rwxp 00000000 00:00 0 
7f0f212ca000-7f0f28591000 ---p 00000000 00:00 0 
7f0f28591000-7f0f30000000 r--s 00000000 08:02 13399092                   /usr/lib/jvm/java-17-openjdk-amd64/lib/modules
7f0f30000000-7f0f30bdb000 rw-p 00000000 00:00 0 
7f0f30bdb000-7f0f34000000 ---p 00000000 00:00 0 
7f0f34005000-7f0f34009000 r--p 00000000 08:02 13399083                   /usr/lib/jvm/java-17-openjdk-amd64/lib/libnet.so
7f0f34009000-7f0f34017000 r-xp 00004000 08:02 13399083                   /usr/lib/jvm/java-17-openjdk-amd64/lib/libnet.so
7f0f34017000-7f0f3401b000 r--p 00012000 08:02 13399083                   /usr/lib/jvm/java-17-openjdk-amd64/lib/libnet.so
7f0f3401b000-7f0f3401c000 r--p 00015000 08:02 13399083                   /usr/lib/jvm/java-17-openjdk-amd64/lib/libnet.so
7f0f3401c000-7f0f3401d000 rw-p 00016000 08:02 13399083                   /usr/lib/jvm/java-17-openjdk-amd64/lib/libnet.so
7f0f3401d000-7f0f34024000 r--p 00000000 08:02 13399084                   /usr/lib/jvm/java-17-openjdk-amd64/lib/libnio.so
7f0f34024000-7f0f3402d000 r-xp 00007000 08:02 13399084                   /usr/lib/jvm/java-17-openjdk-amd64/lib/libnio.so
7f0f3402d000-7f0f34031000 r--p 00010000 08:02 13399084                   /usr/lib/jvm/java-17-openjdk-amd64/lib/libnio.so
7f0f34031000-7f0f34032000 ---p 00014000 08:02 13399084                   /usr/lib/jvm/java-17-openjdk-amd64/lib/libnio.so
7f0f34032000-7f0f34033000 r--p 00014000 08:02 13399084                   /usr/lib/jvm/java-17-openjdk-amd64/lib/libnio.so
7f0f34033000-7f0f34034000 rw-p 00015000 08:02 13399084                   /usr/lib/jvm/java-17-openjdk-amd64/lib/libnio.so
7f0f34034000-7f0f34a3e000 rw-p 00000000 00:00 0 
7f0f34a3e000-7f0f34a3f000 ---p 00000000 00:00 0 
7f0f34a3f000-7f0f34b3f000 rw-p 00000000 00:00 0 
7f0f34b3f000-7f0f34b40000 ---p 00000000 00:00 0 
7f0f34b40000-7f0f34c40000 rw-p 00000000 00:00 0 
7f0f34c40000-7f0f34c41000 ---p 00000000 00:00 0 
7f0f34c41000-7f0f35850000 rw-p 00000000 00:00 0 
7f0f35850000-7f0f35936000 ---p 00000000 00:00 0 
7f0f35936000-7f0f35946000 rw-p 00000000 00:00 0 
7f0f35946000-7f0f35a21000 ---p 00000000 00:00 0 
7f0f35a21000-7f0f35a26000 rw-p 00000000 00:00 0 
7f0f35a26000-7f0f35a2d000 ---p 00000000 00:00 0 
7f0f35a2d000-7f0f35a39000 r--p 00000000 08:02 13399070                   /usr/lib/jvm/java-17-openjdk-amd64/lib/libjava.so
7f0f35a39000-7f0f35a4c000 r-xp 0000c000 08:02 13399070                   /usr/lib/jvm/java-17-openjdk-amd64/lib/libjava.so
7f0f35a4c000-7f0f35a52000 r--p 0001f000 08:02 13399070                   /usr/lib/jvm/java-17-openjdk-amd64/lib/libjava.so
7f0f35a52000-7f0f35a53000 r--p 00024000 08:02 13399070                   /usr/lib/jvm/java-17-openjdk-amd64/lib/libjava.so
7f0f35a53000-7f0f35a54000 rw-p 00025000 08:02 13399070                   /usr/lib/jvm/java-17-openjdk-amd64/lib/libjava.so
7f0f35a54000-7f0f35a55000 rw-p 00000000 00:00 0 
7f0f35a55000-7f0f35a59000 ---p 00000000 00:00 0 
7f0f35a59000-7f0f35b55000 rw-p 00000000 00:00 0 
7f0f35b55000-7f0f35b58000 r--p 00000000 08:02 13369903                   /usr/lib/x86_64-linux-gnu/libgcc_s.so.1
7f0f35b58000-7f0f35b6f000 r-xp 00003000 08:02 13369903                   /usr/lib/x86_64-linux-gnu/libgcc_s.so.1
7f0f35b6f000-7f0f35b73000 r--p 0001a000 08:02 13369903                   /usr/lib/x86_64-linux-gnu/libgcc_s.so.1
7f0f35b73000-7f0f35b74000 r--p 0001d000 08:02 13369903                   /usr/lib/x86_64-linux-gnu/libgcc_s.so.1
7f0f35b74000-7f0f35b75000 rw-p 0001e000 08:02 13369903                   /usr/lib/x86_64-linux-gnu/libgcc_s.so.1
7f0f35b75000-7f0f35b83000 r--p 00000000 08:02 13370571                   /usr/lib/x86_64-linux-gnu/libm.so.6
7f0f35b83000-7f0f35bff000 r-xp 0000e000 08:02 13370571                   /usr/lib/x86_64-linux-gnu/libm.so.6
7f0f35bff000-7f0f35c5a000 r--p 0008a000 08:02 13370571                   /usr/lib/x86_64-linux-gnu/libm.so.6
7f0f35c5a000-7f0f35c5b000 r--p 000e4000 08:02 13370571                   /usr/lib/x86_64-linux-gnu/libm.so.6
7f0f35c5b000-7f0f35c5c000 rw-p 000e5000 08:02 13370571                   /usr/lib/x86_64-linux-gnu/libm.so.6
7f0f35c5c000-7f0f35cf6000 r--p 00000000 08:02 13369612                   /usr/lib/x86_64-linux-gnu/libstdc++.so.6.0.30
7f0f35cf6000-7f0f35e07000 r-xp 0009a000 08:02 13369612                   /usr/lib/x86_64-linux-gnu/libstdc++.so.6.0.30
7f0f35e07000-7f0f35e76000 r--p 001ab000 08:02 13369612                   /usr/lib/x86_64-linux-gnu/libstdc++.so.6.0.30
7f0f35e76000-7f0f35e77000 ---p 0021a000 08:02 13369612                   /usr/lib/x86_64-linux-gnu/libstdc++.so.6.0.30
7f0f35e77000-7f0f35e82000 r--p 0021a000 08:02 13369612                   /usr/lib/x86_64-linux-gnu/libstdc++.so.6.0.30
7f0f35e82000-7f0f35e85000 rw-p 00225000 08:02 13369612                   /usr/lib/x86_64-linux-gnu/libstdc++.so.6.0.30
7f0f35e85000-7f0f35e88000 rw-p 00000000 00:00 0 
7f0f35e88000-7f0f360d9000 r--p 00000000 08:02 13399098                   /usr/lib/jvm/java-17-openjdk-amd64/lib/server/libjvm.so
7f0f360d9000-7f0f36e3d000 r-xp 00251000 08:02 13399098                   /usr/lib/jvm/java-17-openjdk-amd64/lib/server/libjvm.so
7f0f36e3d000-7f0f370bf000 r--p 00fb5000 08:02 13399098                   /usr/lib/jvm/java-17-openjdk-amd64/lib/server/libjvm.so
7f0f370bf000-7f0f370c0000 ---p 01237000 08:02 13399098                   /usr/lib/jvm/java-17-openjdk-amd64/lib/server/libjvm.so
7f0f370c0000-7f0f37178000 r--p 01237000 08:02 13399098                   /usr/lib/jvm/java-17-openjdk-amd64/lib/server/libjvm.so
7f0f37178000-7f0f371ad000 rw-p 012ef000 08:02 13399098                   /usr/lib/jvm/java-17-openjdk-amd64/lib/server/libjvm.so
7f0f371ad000-7f0f3720a000 rw-p 00000000 00:00 0 
7f0f3720a000-7f0f37232000 r--p 00000000 08:02 13370567                   /usr/lib/x86_64-linux-gnu/libc.so.6
7f0f37232000-7f0f373c7000 r-xp 00028000 08:02 13370567                   /usr/lib/x86_64-linux-gnu/libc.so.6
7f0f373c7000-7f0f3741f000 r--p 001bd000 08:02 13370567                   /usr/lib/x86_64-linux-gnu/libc.so.6
7f0f3741f000-7f0f37420000 ---p 00215000 08:02 13370567                   /usr/lib/x86_64-linux-gnu/libc.so.6
7f0f37420000-7f0f37424000 r--p 00215000 08:02 13370567                   /usr/lib/x86_64-linux-gnu/libc.so.6
7f0f37424000-7f0f37426000 rw-p 00219000 08:02 13370567                   /usr/lib/x86_64-linux-gnu/libc.so.6
7f0f37426000-7f0f37433000 rw-p 00000000 00:00 0 
7f0f37433000-7f0f37435000 r--p 00000000 08:02 13399074                   /usr/lib/jvm/java-17-openjdk-amd64/lib/libjli.so
7f0f37435000-7f0f3743f000 r-xp 00002000 08:02 13399074                   /usr/lib/jvm/java-17-openjdk-amd64/lib/libjli.so
7f0f3743f000-7f0f37442000 r--p 0000c000 08:02 13399074                   /usr/lib/jvm/java-17-openjdk-amd64/lib/libjli.so
7f0f37442000-7f0f37443000 r--p 0000e000 08:02 13399074                   /usr/lib/jvm/java-17-openjdk-amd64/lib/libjli.so
7f0f37443000-7f0f37444000 rw-p 0000f000 08:02 13399074                   /usr/lib/jvm/java-17-openjdk-amd64/lib/libjli.so
7f0f37444000-7f0f37446000 r--p 00000000 08:02 13402577                   /usr/lib/x86_64-linux-gnu/libz.so.1.2.11
7f0f37446000-7f0f37457000 r-xp 00002000 08:02 13402577                   /usr/lib/x86_64-linux-gnu/libz.so.1.2.11
7f0f37457000-7f0f3745d000 r--p 00013000 08:02 13402577                   /usr/lib/x86_64-linux-gnu/libz.so.1.2.11
7f0f3745d000-7f0f3745e000 ---p 00019000 08:02 13402577                   /usr/lib/x86_64-linux-gnu/libz.so.1.2.11
7f0f3745e000-7f0f3745f000 r--p 00019000 08:02 13402577                   /usr/lib/x86_64-linux-gnu/libz.so.1.2.11
7f0f3745f000-7f0f37460000 rw-p 0001a000 08:02 13402577                   /usr/lib/x86_64-linux-gnu/libz.so.1.2.11
7f0f37464000-7f0f3746c000 rw-s 00000000 08:02 3410100                    /tmp/hsperfdata_driver/79370
7f0f3746c000-7f0f3746d000 ---p 00000000 00:00 0 
7f0f3746d000-7f0f3746e000 r--p 00000000 00:00 0 
7f0f3746e000-7f0f37470000 r--p 00000000 08:02 13399073                   /usr/lib/jvm/java-17-openjdk-amd64/lib/libjimage.so
7f0f37470000-7f0f37473000 r-xp 00002000 08:02 13399073                   /usr/lib/jvm/java-17-openjdk-amd64/lib/libjimage.so
7f0f37473000-7f0f37474000 r--p 00005000 08:02 13399073                   /usr/lib/jvm/java-17-openjdk-amd64/lib/libjimage.so
7f0f37474000-7f0f37475000 ---p 00006000 08:02 13399073                   /usr/lib/jvm/java-17-openjdk-amd64/lib/libjimage.so
7f0f37475000-7f0f37476000 r--p 00006000 08:02 13399073                   /usr/lib/jvm/java-17-openjdk-amd64/lib/libjimage.so
7f0f37476000-7f0f37477000 rw-p 00007000 08:02 13399073                   /usr/lib/jvm/java-17-openjdk-amd64/lib/libjimage.so
7f0f37477000-7f0f37479000 rw-p 00000000 00:00 0 
7f0f37479000-7f0f3747b000 r--p 00000000 08:02 13370134                   /usr/lib/x86_64-linux-gnu/ld-linux-x86-64.so.2
7f0f3747b000-7f0f374a5000 r-xp 00002000 08:02 13370134                   /usr/lib/x86_64-linux-gnu/ld-linux-x86-64.so.2
7f0f374a5000-7f0f374b0000 r--p 0002c000 08:02 13370134                   /usr/lib/x86_64-linux-gnu/ld-linux-x86-64.so.2
7f0f374b0000-7f0f374b1000 ---p 00000000 00:00 0 
7f0f374b1000-7f0f374b3000 r--p 00037000 08:02 13370134                   /usr/lib/x86_64-linux-gnu/ld-linux-x86-64.so.2
7f0f374b3000-7f0f374b5000 rw-p 00039000 08:02 13370134                   /usr/lib/x86_64-linux-gnu/ld-linux-x86-64.so.2
7ffcb3ebc000-7ffcb3ede000 rw-p 00000000 00:00 0                          [stack]
7ffcb3fd1000-7ffcb3fd5000 r--p 00000000 00:00 0                          [vvar]
7ffcb3fd5000-7ffcb3fd7000 r-xp 00000000 00:00 0                          [vdso]
ffffffffff600000-ffffffffff601000 --xp 00000000 00:00 0                  [vsyscall]


VM Arguments:
jvm_args: -Dclassworlds.conf=/usr/share/maven/bin/m2.conf -Dmaven.home=/usr/share/maven -Dlibrary.jansi.path=/usr/share/maven/lib/jansi-native -Dmaven.multiModuleProjectDirectory=/home/driver/Desktop/linux_dev/surpizza/server 
java_command: org.codehaus.plexus.classworlds.launcher.Launcher spring-boot:run
java_class_path (initial): /usr/share/maven/boot/plexus-classworlds-2.x.jar
Launcher Type: SUN_STANDARD

[Global flags]
     intx CICompilerCount                          = 4                                         {product} {ergonomic}
     uint ConcGCThreads                            = 3                                         {product} {ergonomic}
     uint G1ConcRefinementThreads                  = 10                                        {product} {ergonomic}
   size_t G1HeapRegionSize                         = 4194304                                   {product} {ergonomic}
    uintx GCDrainStackTargetSize                   = 64                                        {product} {ergonomic}
   size_t InitialHeapSize                          = 528482304                                 {product} {ergonomic}
   size_t MarkStackSize                            = 4194304                                   {product} {ergonomic}
   size_t MaxHeapSize                              = 8401190912                                {product} {ergonomic}
   size_t MaxNewSize                               = 5037359104                                {product} {ergonomic}
   size_t MinHeapDeltaBytes                        = 4194304                                   {product} {ergonomic}
   size_t MinHeapSize                              = 8388608                                   {product} {ergonomic}
    uintx NonNMethodCodeHeapSize                   = 5839372                                {pd product} {ergonomic}
    uintx NonProfiledCodeHeapSize                  = 122909434                              {pd product} {ergonomic}
    uintx ProfiledCodeHeapSize                     = 122909434                              {pd product} {ergonomic}
    uintx ReservedCodeCacheSize                    = 251658240                              {pd product} {ergonomic}
     bool SegmentedCodeCache                       = true                                      {product} {ergonomic}
   size_t SoftMaxHeapSize                          = 8401190912                             {manageable} {ergonomic}
     bool UseCompressedClassPointers               = true                           {product lp64_product} {ergonomic}
     bool UseCompressedOops                        = true                           {product lp64_product} {ergonomic}
     bool UseG1GC                                  = true                                      {product} {ergonomic}

Logging:
Log output configuration:
 #0: stdout all=warning uptime,level,tags
 #1: stderr all=off uptime,level,tags

Environment Variables:
PATH=/home/driver/Desktop/linux_dev/surpizza/server/node_modules/.bin:/home/driver/Desktop/linux_dev/surpizza/server/node_modules/.bin:/home/driver/Desktop/linux_dev/surpizza/node_modules/.bin:/home/driver/Desktop/linux_dev/node_modules/.bin:/home/driver/Desktop/node_modules/.bin:/home/driver/node_modules/.bin:/home/node_modules/.bin:/node_modules/.bin:/home/driver/.nvm/versions/node/v21.5.0/lib/node_modules/npm/node_modules/@npmcli/run-script/lib/node-gyp-bin:/home/driver/.local/share/pnpm:/home/driver/.nvm/versions/node/v21.5.0/bin:/home/driver/.cargo/bin:/usr/local/sbin:/usr/local/bin:/usr/sbin:/usr/bin:/sbin:/bin:/usr/games:/usr/local/games:/snap/bin:/home/driver/scripts:/home/driver/mongodb-database-tools-amazon2-x86_64-100.9.4/bin:/usr/local/go/bin:/home/driver/go/bin:/home/driver/.dotnet
SHELL=/bin/bash
DISPLAY=:0
LANG=en_US.UTF-8
LC_CTYPE=en_US.UTF-8
LC_NUMERIC=it_IT.UTF-8
LC_TIME=it_IT.UTF-8
TERM=xterm-256color

Active Locale:
LC_ALL=LC_CTYPE=en_US.UTF-8;LC_NUMERIC=it_IT.UTF-8;LC_TIME=it_IT.UTF-8;LC_COLLATE=en_US.UTF-8;LC_MONETARY=it_IT.UTF-8;LC_MESSAGES=en_US.UTF-8;LC_PAPER=it_IT.UTF-8;LC_NAME=it_IT.UTF-8;LC_ADDRESS=it_IT.UTF-8;LC_TELEPHONE=it_IT.UTF-8;LC_MEASUREMENT=it_IT.UTF-8;LC_IDENTIFICATION=it_IT.UTF-8
LC_COLLATE=en_US.UTF-8
LC_CTYPE=en_US.UTF-8
LC_MESSAGES=en_US.UTF-8
LC_MONETARY=it_IT.UTF-8
LC_NUMERIC=it_IT.UTF-8
LC_TIME=it_IT.UTF-8

Signal Handlers:
   SIGSEGV: crash_handler in libjvm.so, mask=11100100010111111101111111111110, flags=SA_RESTART|SA_SIGINFO, unblocked
    SIGBUS: crash_handler in libjvm.so, mask=11100100010111111101111111111110, flags=SA_RESTART|SA_SIGINFO, unblocked
    SIGFPE: crash_handler in libjvm.so, mask=11100100010111111101111111111110, flags=SA_RESTART|SA_SIGINFO, unblocked
   SIGPIPE: javaSignalHandler in libjvm.so, mask=11100100010111111101111111111110, flags=SA_RESTART|SA_SIGINFO, blocked
   SIGXFSZ: javaSignalHandler in libjvm.so, mask=11100100010111111101111111111110, flags=SA_RESTART|SA_SIGINFO, blocked
    SIGILL: crash_handler in libjvm.so, mask=11100100010111111101111111111110, flags=SA_RESTART|SA_SIGINFO, unblocked
   SIGUSR2: SR_handler in libjvm.so, mask=00000000000000000000000000000000, flags=SA_RESTART|SA_SIGINFO, blocked
    SIGHUP: UserHandler in libjvm.so, mask=11100100010111111101111111111110, flags=SA_RESTART|SA_SIGINFO, blocked
    SIGINT: UserHandler in libjvm.so, mask=11100100010111111101111111111110, flags=SA_RESTART|SA_SIGINFO, blocked
   SIGTERM: UserHandler in libjvm.so, mask=11100100010111111101111111111110, flags=SA_RESTART|SA_SIGINFO, blocked
   SIGQUIT: UserHandler in libjvm.so, mask=11100100010111111101111111111110, flags=SA_RESTART|SA_SIGINFO, blocked
   SIGTRAP: crash_handler in libjvm.so, mask=11100100010111111101111111111110, flags=SA_RESTART|SA_SIGINFO, unblocked


Periodic native trim disabled


---------------  S Y S T E M  ---------------

OS:
DISTRIB_ID=LinuxMint
DISTRIB_RELEASE=21.3
DISTRIB_CODENAME=virginia
DISTRIB_DESCRIPTION="Linux Mint 21.3 Virginia"
uname: Linux 5.15.0-107-generic #117-Ubuntu SMP Fri Apr 26 12:26:49 UTC 2024 x86_64
OS uptime: 0 days 1:10 hours
libc: glibc 2.35 NPTL 2.35 
rlimit (soft/hard): STACK 8192k/infinity , CORE 0k/infinity , NPROC 127278/127278 , NOFILE 1048576/1048576 , AS infinity/infinity , CPU infinity/infinity , DATA infinity/infinity , FSIZE infinity/infinity , MEMLOCK 4100632k/4100632k
load average: 1,55 2,08 1,94

/proc/meminfo:
MemTotal:       32805060 kB
MemFree:        19734636 kB
MemAvailable:   24847840 kB
Buffers:          301316 kB
Cached:          5191004 kB
SwapCached:            0 kB
Active:          2344036 kB
Inactive:        9663228 kB
Active(anon):       6636 kB
Inactive(anon):  6728792 kB
Active(file):    2337400 kB
Inactive(file):  2934436 kB
Unevictable:          64 kB
Mlocked:              64 kB
SwapTotal:       2097148 kB
SwapFree:        2097148 kB
Dirty:                36 kB
Writeback:             0 kB
AnonPages:       6515368 kB
Mapped:          1646328 kB
Shmem:            220484 kB
KReclaimable:     303916 kB
Slab:             539064 kB
SReclaimable:     303916 kB
SUnreclaim:       235148 kB
KernelStack:       29344 kB
PageTables:        77920 kB
NFS_Unstable:          0 kB
Bounce:                0 kB
WritebackTmp:          0 kB
CommitLimit:    18499676 kB
Committed_AS:   33868228 kB
VmallocTotal:   34359738367 kB
VmallocUsed:      174444 kB
VmallocChunk:          0 kB
Percpu:            41472 kB
HardwareCorrupted:     0 kB
AnonHugePages:         0 kB
ShmemHugePages:        0 kB
ShmemPmdMapped:        0 kB
FileHugePages:         0 kB
FilePmdMapped:         0 kB
HugePages_Total:       0
HugePages_Free:        0
HugePages_Rsvd:        0
HugePages_Surp:        0
Hugepagesize:       2048 kB
Hugetlb:               0 kB
DirectMap4k:      870124 kB
DirectMap2M:    13758464 kB
DirectMap1G:    19922944 kB

/sys/kernel/mm/transparent_hugepage/enabled: always [madvise] never
/sys/kernel/mm/transparent_hugepage/defrag (defrag/compaction efforts parameter): always defer defer+madvise [madvise] never

Process Memory:
Virtual Size: 12101312K (peak: 12162812K)
Resident Set Size: 267736K (peak: 269424K) (anon: 244860K, file: 22876K, shmem: 0K)
Swapped out: 0K
C-Heap outstanding allocations: 39248K, retained: 33519K
glibc malloc tunables: (default)

/proc/sys/kernel/threads-max (system-wide limit on the number of threads): 254557
/proc/sys/vm/max_map_count (maximum number of memory map areas a process may have): 262144
/proc/sys/kernel/pid_max (system-wide limit on number of process identifiers): 4194304

container (cgroup) information:
container_type: cgroupv2
cpu_cpuset_cpus: not supported
cpu_memory_nodes: not supported
active_processor_count: 12
cpu_quota: not supported
cpu_period: not supported
cpu_shares: not supported
memory_limit_in_bytes: unlimited
memory_and_swap_limit_in_bytes: unlimited
memory_soft_limit_in_bytes: unlimited
memory_usage_in_bytes: 9380924 k
memory_max_usage_in_bytes: not supported
memory_swap_current_in_bytes: unlimited
memory_swap_max_limit_in_bytes: unlimited
maximum number of tasks: unlimited
current number of tasks: 1189

Steal ticks since vm start: 0
Steal ticks percentage since vm start:  0,000

CPU: total 12 (initial active 12) (12 cores per cpu, 2 threads per core) family 23 model 8 stepping 2 microcode 0x800820d, cx8, cmov, fxsr, ht, mmx, 3dnowpref, sse, sse2, sse3, ssse3, sse4a, sse4.1, sse4.2, popcnt, lzcnt, tsc, tscinvbit, avx, avx2, aes, clmul, bmi1, bmi2, adx, sha, fma, vzeroupper, clflush, clflushopt
CPU Model and flags from /proc/cpuinfo:
model name	: AMD Ryzen 5 2600 Six-Core Processor
flags		: fpu vme de pse tsc msr pae mce cx8 apic sep mtrr pge mca cmov pat pse36 clflush mmx fxsr sse sse2 ht syscall nx mmxext fxsr_opt pdpe1gb rdtscp lm constant_tsc rep_good nopl nonstop_tsc cpuid extd_apicid aperfmperf rapl pni pclmulqdq monitor ssse3 fma cx16 sse4_1 sse4_2 movbe popcnt aes xsave avx f16c rdrand lahf_lm cmp_legacy svm extapic cr8_legacy abm sse4a misalignsse 3dnowprefetch osvw skinit wdt tce topoext perfctr_core perfctr_nb bpext perfctr_llc mwaitx cpb hw_pstate ssbd ibpb vmmcall fsgsbase bmi1 avx2 smep bmi2 rdseed adx smap clflushopt sha_ni xsaveopt xsavec xgetbv1 clzero irperf xsaveerptr arat npt lbrv svm_lock nrip_save tsc_scale vmcb_clean flushbyasid decodeassists pausefilter pfthreshold avic v_vmsave_vmload vgif overflow_recov succor smca sme sev sev_es

Online cpus: 0-11
Offline cpus: 12-31
BIOS frequency limitation: <Not Available>
Frequency switch latency (ns): <Not Available>
Available cpu frequencies: <Not Available>
Current governor: <Not Available>
Core performance/turbo boost: <Not Available>

Memory: 4k page, physical 32805060k(19734636k free), swap 2097148k(2097148k free)
Page Sizes: 4k

vm_info: OpenJDK 64-Bit Server VM (17.0.10+7-Ubuntu-122.04.1) for linux-amd64 JRE (17.0.10+7-Ubuntu-122.04.1), built on Feb  5 2024 21:02:31 by "buildd" with gcc 11.4.0

END.
