#
# A fatal error has been detected by the Java Runtime Environment:
#
#  SIGSEGV (0xb) at pc=0x00007fb8d9408b7b, pid=70524, tid=70524
#
# JRE version: OpenJDK Runtime Environment (17.0.10+7) (build 17.0.10+7-Ubuntu-122.04.1)
# Java VM: OpenJDK 64-Bit Server VM (17.0.10+7-Ubuntu-122.04.1, mixed mode, emulated-client, sharing, tiered, compressed oops, compressed class ptrs, g1 gc, linux-amd64)
# Problematic frame:
# V  [libjvm.so+0xdd0b7b]  SR_handler(int, siginfo_t*, ucontext_t*)+0xab
#
# Core dump will be written. Default location: Core dumps may be processed with "/lib/systemd/systemd-coredump %P %u %g %s %t 9223372036854775808 %h" (or dumping to /home/driver/Desktop/linux_dev/surpizza/server/core.70524)
#
# If you would like to submit a bug report, please visit:
#   Unknown
#

---------------  S U M M A R Y ------------

Command Line: -XX:TieredStopAtLevel=1 com.SurpizzaApplication

Host: AMD Ryzen 5 2600 Six-Core Processor, 12 cores, 31G, Linux Mint 21.3 Virginia
Time: Thu Jun  6 16:28:32 2024 CEST elapsed time: 343.576504 seconds (0d 0h 5m 43s)

---------------  T H R E A D  ---------------

Current thread is native thread

Stack: [0x00007ffdfa312000,0x00007ffdfab0f000],  sp=0x00007ffdfab0a3b0,  free space=8160k
Native frames: (J=compiled Java code, j=interpreted, Vv=VM code, C=native code)
V  [libjvm.so+0xdd0b7b]  SR_handler(int, siginfo_t*, ucontext_t*)+0xab
C  [libc.so.6+0x42520]


siginfo: si_signo: 11 (SIGSEGV), si_code: 1 (SEGV_MAPERR), si_addr: 0x0000000000000268

Registers:
RAX=0x0000000000000000, RBX=0x00007ffdfab0a3c0, RCX=0x00007fb8d9a55c1b, RDX=0x0000000000000000
RSP=0x00007ffdfab0a3b0, RBP=0x00007ffdfab0a470, RSI=0x00007ffdfab0a3c0, RDI=0x0000000000000000
R8 =0x0000000000000000, R9 =0x00000000ffffffff, R10=0x0000000000000008, R11=0x0000000000000246
R12=0x00007fb8d99b76c0, R13=0x0000000000000000, R14=0x0000000000000000, R15=0x0000000000000000
RIP=0x00007fb8d9408b7b, EFLAGS=0x0000000000010246, CSGSFS=0x002b000000000033, ERR=0x0000000000000004
  TRAPNO=0x000000000000000e


Top of Stack: (sp=0x00007ffdfab0a3b0)
0x00007ffdfab0a3b0:   00007ffdfab0a5b0 00007ffdfab0a480
0x00007ffdfab0a3c0:   00000000000004d8 0000000000000009
0x00007ffdfab0a3d0:   0000000000000000 0000000000000000
0x00007ffdfab0a3e0:   0000000000000000 0000000000000000
0x00007ffdfab0a3f0:   0000000000000000 0000000024bbd60a
0x00007ffdfab0a400:   00007ffdfab0a540 00007fb8d99d57e0
0x00007ffdfab0a410:   00007fb8d9c280f0 00007ffdfab0a4a0
0x00007ffdfab0a420:   00007ffdfab0a4b0 00007fb8d9c35211
0x00007ffdfab0a430:   0000000000000004 00007fb8d9c28a50
0x00007ffdfab0a440:   0000000000000001 00007fb8d8304640
0x00007ffdfab0a450:   0000000000000000 000000000001137d
0x00007ffdfab0a460:   0000000000000000 0000000000000000
0x00007ffdfab0a470:   00007ffdfab0aad8 00007fb8d99fc520
0x00007ffdfab0a480:   0000000000000007 0000000000000000
0x00007ffdfab0a490:   0000000000000000 00007ffd00000002
0x00007ffdfab0a4a0:   0000000000000000 0000000000000000
0x00007ffdfab0a4b0:   00000000ffffffff 0000000000000000
0x00007ffdfab0a4c0:   0000000000000246 0000000000000000
0x00007ffdfab0a4d0:   000000000001137d 0000000000000000
0x00007ffdfab0a4e0:   0000000000000000 00007fb8d8304910
0x00007ffdfab0a4f0:   0000000000000109 00007ffdfab0aad8
0x00007ffdfab0a500:   00007fb8d8304640 000000000001137d
0x00007ffdfab0a510:   00000000000000ca 00007fb8d9a4b117
0x00007ffdfab0a520:   00007ffdfab0aa10 00007fb8d9a4b115
0x00007ffdfab0a530:   0000000000000246 002b000000000033
0x00007ffdfab0a540:   0000000000000004 000000000000000e
0x00007ffdfab0a550:   0000000000000004 0000000000000008
0x00007ffdfab0a560:   00007ffdfab0a640 0000000000000000
0x00007ffdfab0a570:   00007ffdfab0aae0 00007fb8d9c3edae
0x00007ffdfab0a580:   00007fb8d8304950 0000000000000000
0x00007ffdfab0a590:   0000000000000003 0000000000100000
0x00007ffdfab0a5a0:   00007fb8d8304640 0000000000000004 

Instructions: (pc=0x00007fb8d9408b7b)
0x00007fb8d9408a7b:   58 00 00 74 30 48 8d 05 59 82 58 00 48 8d 14 98
0x00007fb8d9408a8b:   b8 01 00 00 00 f0 0f c1 02 48 8b 3d 4d 83 58 00
0x00007fb8d9408a9b:   48 83 ec 80 be 01 00 00 00 5b 41 5c 5d e9 a3 19
0x00007fb8d9408aab:   f2 ff 0f 1f 00 48 83 ec 80 5b 41 5c 5d c3 0f 1f
0x00007fb8d9408abb:   80 00 00 00 00 e8 9b df 15 00 84 c0 74 ad e8 22
0x00007fb8d9408acb:   1b 48 ff eb a6 f3 0f 1e fa 55 66 48 0f 6e d2 66
0x00007fb8d9408adb:   48 0f 6e ce 66 0f 6c ca 48 89 e5 41 57 41 56 41
0x00007fb8d9408aeb:   55 41 54 53 48 8d 9d 50 ff ff ff 48 81 ec 98 00
0x00007fb8d9408afb:   00 00 0f 29 8d 40 ff ff ff e8 67 12 48 ff 48 89
0x00007fb8d9408b0b:   df 44 8b 28 49 89 c4 e8 a9 0e 48 ff be 04 00 00
0x00007fb8d9408b1b:   00 48 89 df e8 ec 10 48 ff be 07 00 00 00 48 89
0x00007fb8d9408b2b:   df e8 df 10 48 ff be 08 00 00 00 48 89 df e8 d2
0x00007fb8d9408b3b:   10 48 ff be 0b 00 00 00 48 89 df e8 c5 10 48 ff
0x00007fb8d9408b4b:   be 05 00 00 00 48 89 df e8 b8 10 48 ff 31 d2 48
0x00007fb8d9408b5b:   89 de bf 01 00 00 00 e8 39 06 48 ff e8 94 7e 0e
0x00007fb8d9408b6b:   00 41 89 c0 31 c0 45 84 c0 74 05 e8 95 7e 0e 00
0x00007fb8d9408b7b:   48 8b 90 68 02 00 00 48 85 d2 74 17 4c 8b b8 30
0x00007fb8d9408b8b:   02 00 00 41 8b 87 a0 00 00 00 83 f8 01 74 16 45
0x00007fb8d9408b9b:   89 2c 24 48 81 c4 98 00 00 00 5b 41 5c 41 5d 41
0x00007fb8d9408bab:   5e 41 5f 5d c3 66 0f 6f 9d 40 ff ff ff ba 02 00
0x00007fb8d9408bbb:   00 00 be 01 00 00 00 4d 8d b7 a0 00 00 00 4c 89
0x00007fb8d9408bcb:   f7 41 0f 11 9f a8 00 00 00 e8 77 36 e6 ff 83 f8
0x00007fb8d9408bdb:   02 74 3a 85 c0 75 0e 66 0f ef c0 41 0f 11 87 a8
0x00007fb8d9408beb:   00 00 00 eb aa 48 8d 05 51 37 52 00 be 63 06 00
0x00007fb8d9408bfb:   00 48 8d 3d 0d b1 27 00 48 8b 00 c6 00 58 e8 52
0x00007fb8d9408c0b:   13 84 ff e8 8d 6c e6 ff eb cd 0f 1f 00 48 89 df
0x00007fb8d9408c1b:   e8 a0 0d 48 ff 48 89 da 31 f6 31 ff e8 74 05 48
0x00007fb8d9408c2b:   ff 8b 35 16 91 53 00 48 89 df e8 76 0a 48 ff be
0x00007fb8d9408c3b:   01 00 00 00 48 8d 3d ba 81 58 00 e8 05 18 f2 ff
0x00007fb8d9408c4b:   eb 08 0f 1f 00 83 f8 02 75 3b 48 89 df e8 73 11
0x00007fb8d9408c5b:   48 ff 31 d2 be 03 00 00 00 4c 89 f7 e8 e4 35 e6
0x00007fb8d9408c6b:   ff 85 c0 75 e0 be 01 00 00 00 48 8d 3d 84 81 58 



---------------  P R O C E S S  ---------------

VM state: not at safepoint (normal execution)

VM Mutex/Monitor currently owned by a thread: None

Heap address: 0x000000060b400000, size: 8012 MB, Compressed Oops mode: Zero based, Oop shift amount: 3

CDS archive(s) mapped at: [0x00007fb857000000-0x00007fb857bc7000-0x00007fb857bc7000), size 12349440, SharedBaseAddress: 0x00007fb857000000, ArchiveRelocationMode: 1.
Compressed class space mapped at: 0x00007fb858000000-0x00007fb898000000, reserved size: 1073741824
Narrow klass base: 0x00007fb857000000, Narrow klass shift: 0, Narrow klass range: 0x100000000

GC Precious Log:
<Skipped>

Heap:
 garbage-first heap   total 81920K, used 38645K [0x000000060b400000, 0x0000000800000000)
  region size 4096K, 7 young (28672K), 1 survivors (4096K)
 Metaspace       used 33250K, committed 33728K, reserved 1114112K
  class space    used 4517K, committed 4736K, reserved 1048576K

Heap Regions: E=young(eden), S=young(survivor), O=old, HS=humongous(starts), HC=humongous(continues), CS=collection set, F=free, OA=open archive, CA=closed archive, TAMS=top-at-mark-start (previous, next)
|   0|0x000000060b400000, 0x000000060b7c0000, 0x000000060b800000| 93%| O|  |TAMS 0x000000060b7c0000, 0x000000060b400000| Untracked 
|   1|0x000000060b800000, 0x000000060bc00000, 0x000000060bc00000|100%| O|  |TAMS 0x000000060b800000, 0x000000060b800000| Untracked 
|   2|0x000000060bc00000, 0x000000060bc00000, 0x000000060c000000|  0%| F|  |TAMS 0x000000060bc00000, 0x000000060bc00000| Untracked 
|   3|0x000000060c000000, 0x000000060c000000, 0x000000060c400000|  0%| F|  |TAMS 0x000000060c000000, 0x000000060c000000| Untracked 
|   4|0x000000060c400000, 0x000000060c400000, 0x000000060c800000|  0%| F|  |TAMS 0x000000060c400000, 0x000000060c400000| Untracked 
|   5|0x000000060c800000, 0x000000060c99b600, 0x000000060cc00000| 40%| O|  |TAMS 0x000000060c800000, 0x000000060c800000| Untracked 
|   6|0x000000060cc00000, 0x000000060cc00000, 0x000000060d000000|  0%| F|  |TAMS 0x000000060cc00000, 0x000000060cc00000| Untracked 
|   7|0x000000060d000000, 0x000000060d000000, 0x000000060d400000|  0%| F|  |TAMS 0x000000060d000000, 0x000000060d000000| Untracked 
|   8|0x000000060d400000, 0x000000060d777630, 0x000000060d800000| 86%| S|CS|TAMS 0x000000060d400000, 0x000000060d400000| Complete 
|   9|0x000000060d800000, 0x000000060d800000, 0x000000060dc00000|  0%| F|  |TAMS 0x000000060d800000, 0x000000060d800000| Untracked 
|  10|0x000000060dc00000, 0x000000060dc00000, 0x000000060e000000|  0%| F|  |TAMS 0x000000060dc00000, 0x000000060dc00000| Untracked 
|  11|0x000000060e000000, 0x000000060e000000, 0x000000060e400000|  0%| F|  |TAMS 0x000000060e000000, 0x000000060e000000| Untracked 
|  12|0x000000060e400000, 0x000000060e4fe940, 0x000000060e800000| 24%| E|  |TAMS 0x000000060e400000, 0x000000060e400000| Complete 
|  13|0x000000060e800000, 0x000000060ec00000, 0x000000060ec00000|100%| E|CS|TAMS 0x000000060e800000, 0x000000060e800000| Complete 
|  14|0x000000060ec00000, 0x000000060f000000, 0x000000060f000000|100%| E|CS|TAMS 0x000000060ec00000, 0x000000060ec00000| Complete 
| 123|0x000000062a000000, 0x000000062a400000, 0x000000062a400000|100%| E|CS|TAMS 0x000000062a000000, 0x000000062a000000| Complete 
| 124|0x000000062a400000, 0x000000062a800000, 0x000000062a800000|100%| E|CS|TAMS 0x000000062a400000, 0x000000062a400000| Complete 
| 125|0x000000062a800000, 0x000000062ac00000, 0x000000062ac00000|100%| E|CS|TAMS 0x000000062a800000, 0x000000062a800000| Complete 
|2001|0x00000007ff800000, 0x00000007ffb75000, 0x00000007ffc00000| 86%|OA|  |TAMS 0x00000007ffb75000, 0x00000007ff800000| Untracked 
|2002|0x00000007ffc00000, 0x00000007ffc77000, 0x0000000800000000| 11%|CA|  |TAMS 0x00000007ffc77000, 0x00000007ffc00000| Untracked 

Card table byte_map: [0x00007fb8c6d3c000,0x00007fb8c7ce2000] _byte_map_base: 0x00007fb8c3ce2000

Marking Bits (Prev, Next): (CMBitMap*) 0x00007fb8d4043d60, (CMBitMap*) 0x00007fb8d4043d20
 Prev Bits: [0x00007fb8b6336000, 0x00007fb8be066000)
 Next Bits: [0x00007fb8be066000, 0x00007fb8c5d96000)

Polling page: 0x00007fb8d9c1c000

Metaspace:

Usage:
  Non-class:     28,06 MB used.
      Class:      4,41 MB used.
       Both:     32,47 MB used.

Virtual space:
  Non-class space:       64,00 MB reserved,      28,31 MB ( 44%) committed,  1 nodes.
      Class space:        1,00 GB reserved,       4,62 MB ( <1%) committed,  1 nodes.
             Both:        1,06 GB reserved,      32,94 MB (  3%) committed. 

Chunk freelists:
   Non-Class:  2,81 MB
       Class:  11,22 MB
        Both:  14,03 MB

MaxMetaspaceSize: unlimited
CompressedClassSpaceSize: 1,00 GB
Initial GC threshold: 21,00 MB
Current GC threshold: 35,25 MB
CDS: on
MetaspaceReclaimPolicy: balanced
 - commit_granule_bytes: 65536.
 - commit_granule_words: 8192.
 - virtual_space_node_default_size: 8388608.
 - enlarge_chunks_in_place: 1.
 - new_chunks_are_fully_committed: 0.
 - uncommit_free_chunks: 1.
 - use_allocation_guard: 0.
 - handle_deallocations: 1.


Internal statistics:

num_allocs_failed_limit: 3.
num_arena_births: 598.
num_arena_deaths: 0.
num_vsnodes_births: 2.
num_vsnodes_deaths: 0.
num_space_committed: 527.
num_space_uncommitted: 0.
num_chunks_returned_to_freelist: 3.
num_chunks_taken_from_freelist: 1694.
num_chunk_merges: 3.
num_chunk_splits: 1153.
num_chunks_enlarged: 833.
num_inconsistent_stats: 0.

CodeCache: size=49152Kb used=7924Kb max_used=9441Kb free=41228Kb
 bounds [0x00007fb8c9591000, 0x00007fb8c9f31000, 0x00007fb8cc591000]
 total_blobs=4808 nmethods=4243 adapters=493
 compilation: enabled
              stopped_count=0, restarted_count=0
 full_count=0

Compilation events (20 events):
Event: 257,344 Thread 0x00007fb8d4152a10 4234       1       org.apache.coyote.AbstractProtocol$$Lambda$711/0x00007fb8583a4d08::run (8 bytes)
Event: 257,344 Thread 0x00007fb8d4152a10 nmethod 4234 0x00007fb8c986d410 code [0x00007fb8c986d5c0, 0x00007fb8c986d6a0]
Event: 257,344 Thread 0x00007fb8d4152a10 4235       1       org.apache.coyote.AbstractProtocol::lambda$startAsyncTimeout$1 (46 bytes)
Event: 257,344 Thread 0x00007fb8d4152a10 nmethod 4235 0x00007fb8c986ce90 code [0x00007fb8c986d060, 0x00007fb8c986d290]
Event: 301,067 Thread 0x00007fb8d4152a10 4236       1       java.util.HashMap::valuesToArray (81 bytes)
Event: 301,067 Thread 0x00007fb8d4152a10 nmethod 4236 0x00007fb8c986c910 code [0x00007fb8c986cac0, 0x00007fb8c986cd10]
Event: 307,344 Thread 0x00007fb8d4152a10 4237       1       java.util.concurrent.Executors$RunnableAdapter::call (14 bytes)
Event: 307,344 Thread 0x00007fb8d4152a10 nmethod 4237 0x00007fb8c986c590 code [0x00007fb8c986c740, 0x00007fb8c986c840]
Event: 307,344 Thread 0x00007fb8d4152a10 4238       1       java.util.concurrent.ScheduledThreadPoolExecutor$ScheduledFutureTask::setNextRunTime (38 bytes)
Event: 307,344 Thread 0x00007fb8d4152a10 nmethod 4238 0x00007fb8c986c110 code [0x00007fb8c986c2c0, 0x00007fb8c986c4a0]
Event: 307,344 Thread 0x00007fb8d4152a10 4239       1       java.util.concurrent.ScheduledThreadPoolExecutor::reExecutePeriodic (49 bytes)
Event: 307,345 Thread 0x00007fb8d4152a10 nmethod 4239 0x00007fb8c986bb10 code [0x00007fb8c986bd00, 0x00007fb8c986bf60]
Event: 307,345 Thread 0x00007fb8d4152a10 4240       1       java.util.concurrent.ThreadPoolExecutor::afterExecute (1 bytes)
Event: 307,345 Thread 0x00007fb8d4152a10 nmethod 4240 0x00007fb8c986b810 code [0x00007fb8c986b9a0, 0x00007fb8c986ba50]
Event: 321,067 Thread 0x00007fb8d4152a10 4241       1       org.apache.catalina.webresources.CachedResource::getNextCheck (5 bytes)
Event: 321,067 Thread 0x00007fb8d4152a10 nmethod 4241 0x00007fb8c986b510 code [0x00007fb8c986b6a0, 0x00007fb8c986b770]
Event: 331,067 Thread 0x00007fb8d4152a10 4242       1       java.util.TreeMap::addEntryToEmptyMap (37 bytes)
Event: 331,068 Thread 0x00007fb8d4152a10 nmethod 4242 0x00007fb8c986ae90 code [0x00007fb8c986b060, 0x00007fb8c986b3d0]
Event: 331,068 Thread 0x00007fb8d4152a10 4243       1       java.util.TreeMap::compare (32 bytes)
Event: 331,068 Thread 0x00007fb8d4152a10 nmethod 4243 0x00007fb8c986aa90 code [0x00007fb8c986ac40, 0x00007fb8c986add0]

GC Heap History (12 events):
Event: 0,344 GC heap before
{Heap before GC invocations=0 (full 0):
 garbage-first heap   total 524288K, used 28592K [0x000000060b400000, 0x0000000800000000)
  region size 4096K, 6 young (24576K), 0 survivors (0K)
 Metaspace       used 5969K, committed 6208K, reserved 1114112K
  class space    used 848K, committed 960K, reserved 1048576K
}
Event: 0,346 GC heap after
{Heap after GC invocations=1 (full 0):
 garbage-first heap   total 524288K, used 8042K [0x000000060b400000, 0x0000000800000000)
  region size 4096K, 1 young (4096K), 1 survivors (4096K)
 Metaspace       used 5969K, committed 6208K, reserved 1114112K
  class space    used 848K, committed 960K, reserved 1048576K
}
Event: 0,490 GC heap before
{Heap before GC invocations=1 (full 0):
 garbage-first heap   total 524288K, used 32618K [0x000000060b400000, 0x0000000800000000)
  region size 4096K, 7 young (28672K), 1 survivors (4096K)
 Metaspace       used 11605K, committed 11904K, reserved 1114112K
  class space    used 1569K, committed 1728K, reserved 1048576K
}
Event: 0,493 GC heap after
{Heap after GC invocations=2 (full 0):
 garbage-first heap   total 524288K, used 9633K [0x000000060b400000, 0x0000000800000000)
  region size 4096K, 1 young (4096K), 1 survivors (4096K)
 Metaspace       used 11605K, committed 11904K, reserved 1114112K
  class space    used 1569K, committed 1728K, reserved 1048576K
}
Event: 0,951 GC heap before
{Heap before GC invocations=2 (full 0):
 garbage-first heap   total 524288K, used 62881K [0x000000060b400000, 0x0000000800000000)
  region size 4096K, 14 young (57344K), 1 survivors (4096K)
 Metaspace       used 20530K, committed 20928K, reserved 1114112K
  class space    used 2873K, committed 3072K, reserved 1048576K
}
Event: 0,954 GC heap after
{Heap after GC invocations=3 (full 0):
 garbage-first heap   total 524288K, used 14165K [0x000000060b400000, 0x0000000800000000)
  region size 4096K, 2 young (8192K), 2 survivors (8192K)
 Metaspace       used 20530K, committed 20928K, reserved 1114112K
  class space    used 2873K, committed 3072K, reserved 1048576K
}
Event: 0,978 GC heap before
{Heap before GC invocations=3 (full 0):
 garbage-first heap   total 524288K, used 14165K [0x000000060b400000, 0x0000000800000000)
  region size 4096K, 3 young (12288K), 2 survivors (8192K)
 Metaspace       used 21120K, committed 21504K, reserved 1114112K
  class space    used 2933K, committed 3136K, reserved 1048576K
}
Event: 0,981 GC heap after
{Heap after GC invocations=4 (full 0):
 garbage-first heap   total 524288K, used 14637K [0x000000060b400000, 0x0000000800000000)
  region size 4096K, 2 young (8192K), 2 survivors (8192K)
 Metaspace       used 21120K, committed 21504K, reserved 1114112K
  class space    used 2933K, committed 3136K, reserved 1048576K
}
Event: 1,208 GC heap before
{Heap before GC invocations=5 (full 0):
 garbage-first heap   total 81920K, used 55597K [0x000000060b400000, 0x0000000800000000)
  region size 4096K, 13 young (53248K), 2 survivors (8192K)
 Metaspace       used 23664K, committed 24128K, reserved 1114112K
  class space    used 3293K, committed 3520K, reserved 1048576K
}
Event: 1,212 GC heap after
{Heap after GC invocations=6 (full 0):
 garbage-first heap   total 81920K, used 17499K [0x000000060b400000, 0x0000000800000000)
  region size 4096K, 3 young (12288K), 3 survivors (12288K)
 Metaspace       used 23664K, committed 24128K, reserved 1114112K
  class space    used 3293K, committed 3520K, reserved 1048576K
}
Event: 4,888 GC heap before
{Heap before GC invocations=6 (full 0):
 garbage-first heap   total 81920K, used 50267K [0x000000060b400000, 0x0000000800000000)
  region size 4096K, 12 young (49152K), 3 survivors (12288K)
 Metaspace       used 25979K, committed 26496K, reserved 1114112K
  class space    used 3605K, committed 3840K, reserved 1048576K
}
Event: 4,892 GC heap after
{Heap after GC invocations=7 (full 0):
 garbage-first heap   total 81920K, used 17147K [0x000000060b400000, 0x0000000800000000)
  region size 4096K, 1 young (4096K), 1 survivors (4096K)
 Metaspace       used 25979K, committed 26496K, reserved 1114112K
  class space    used 3605K, committed 3840K, reserved 1048576K
}

Dll operation events (9 events):
Event: 0,001 Loaded shared library /usr/lib/jvm/java-17-openjdk-amd64/lib/libjava.so
Event: 0,010 Loaded shared library /usr/lib/jvm/java-17-openjdk-amd64/lib/libjsvml.so
Event: 0,021 Loaded shared library /usr/lib/jvm/java-17-openjdk-amd64/lib/libnio.so
Event: 0,024 Loaded shared library /usr/lib/jvm/java-17-openjdk-amd64/lib/libzip.so
Event: 0,066 Loaded shared library /usr/lib/jvm/java-17-openjdk-amd64/lib/libjimage.so
Event: 0,080 Loaded shared library /usr/lib/jvm/java-17-openjdk-amd64/lib/libnet.so
Event: 1,011 Loaded shared library /usr/lib/jvm/java-17-openjdk-amd64/lib/libmanagement.so
Event: 1,011 Loaded shared library /usr/lib/jvm/java-17-openjdk-amd64/lib/libmanagement_ext.so
Event: 1,340 Loaded shared library /usr/lib/jvm/java-17-openjdk-amd64/lib/libextnet.so

Deoptimization events (4 events):
Event: 1,063 Thread 0x00007fb8d4014b50 DEOPT PACKING pc=0x00007fb8c9ae4301 sp=0x00007fb8d8302e00
Event: 1,063 Thread 0x00007fb8d4014b50 DEOPT UNPACKING pc=0x00007fb8c95e7e2f sp=0x00007fb8d83022b0 mode 3
Event: 1,063 Thread 0x00007fb7e8001710 DEOPT PACKING pc=0x00007fb8c9ab9396 sp=0x00007fb8a52f5510
Event: 1,063 Thread 0x00007fb7e8001710 DEOPT UNPACKING pc=0x00007fb8c95e7e2f sp=0x00007fb8a52f4988 mode 3

Classes unloaded (0 events):
No events

Classes redefined (0 events):
No events

Internal exceptions (20 events):
Event: 0,893 Thread 0x00007fb8d4014b50 Exception <a 'java/lang/NoSuchMethodError'{0x0000000627972a38}: 'void java.lang.invoke.DirectMethodHandle$Holder.invokeStatic(java.lang.Object, int, java.lang.Object)'> (0x0000000627972a38) 
thrown [./src/hotspot/share/interpreter/linkResolver.cpp, line 758]
Event: 0,896 Thread 0x00007fb8d4014b50 Exception <a 'java/lang/NoSuchMethodError'{0x00000006279ccff8}: 'void java.lang.invoke.DirectMethodHandle$Holder.invokeVirtual(java.lang.Object, java.lang.Object, int)'> (0x00000006279ccff8) 
thrown [./src/hotspot/share/interpreter/linkResolver.cpp, line 758]
Event: 0,896 Thread 0x00007fb8d4014b50 Exception <a 'java/lang/NoSuchMethodError'{0x00000006279d3250}: 'void java.lang.invoke.DirectMethodHandle$Holder.invokeStatic(java.lang.Object, java.lang.Object, java.lang.Object, int, java.lang.Object)'> (0x00000006279d3250) 
thrown [./src/hotspot/share/interpreter/linkResolver.cpp, line 758]
Event: 0,897 Thread 0x00007fb8d4014b50 Exception <a 'java/lang/NoSuchMethodError'{0x00000006279da6d0}: 'java.lang.Object java.lang.invoke.DirectMethodHandle$Holder.newInvokeSpecial(java.lang.Object, java.lang.Object, java.lang.Object, int)'> (0x00000006279da6d0) 
thrown [./src/hotspot/share/interpreter/linkResolver.cpp, line 758]
Event: 0,897 Thread 0x00007fb8d4014b50 Exception <a 'java/lang/NoSuchMethodError'{0x00000006279de9b8}: 'java.lang.Object java.lang.invoke.DirectMethodHandle$Holder.invokeSpecial(java.lang.Object, java.lang.Object, java.lang.Object, java.lang.Object, int)'> (0x00000006279de9b8) 
thrown [./src/hotspot/share/interpreter/linkResolver.cpp, line 758]
Event: 0,897 Thread 0x00007fb8d4014b50 Exception <a 'java/lang/NoSuchMethodError'{0x00000006279e2580}: 'java.lang.Object java.lang.invoke.Invokers$Holder.linkToTargetMethod(java.lang.Object, java.lang.Object, int, java.lang.Object)'> (0x00000006279e2580) 
thrown [./src/hotspot/share/interpreter/linkResolver.cpp, line 758]
Event: 0,998 Thread 0x00007fb8d4014b50 Exception <a 'java/lang/NoSuchMethodError'{0x000000062a9389a8}: 'java.lang.Object java.lang.invoke.DirectMethodHandle$Holder.invokeSpecial(java.lang.Object, java.lang.Object, long, java.lang.Object, java.lang.Object, java.lang.Object, java.lang.Object, java.lang.Object, java.lang.Object)'> (0x000000062a9389a8) 
thrown [./src/hotspot/share/interpreter/linkResolver.cpp, line 758]
Event: 0,998 Thread 0x00007fb8d4014b50 Exception <a 'java/lang/NoSuchMethodError'{0x000000062a93d4d0}: 'java.lang.Object java.lang.invoke.DelegatingMethodHandle$Holder.reinvoke_L(java.lang.Object, long, java.lang.Object, java.lang.Object, java.lang.Object, java.lang.Object, java.lang.Object, java.lang.Object)'> (0x000000062a93d4d0) 
thrown [./src/hotspot/share/interpreter/linkResolver.cpp, line 758]
Event: 1,016 Thread 0x00007fb8d4014b50 Exception <a 'java/io/FileNotFoundException'{0x000000062aa93ef0}> (0x000000062aa93ef0) 
thrown [./src/hotspot/share/prims/jni.cpp, line 516]
Event: 1,028 Thread 0x00007fb8d4014b50 Exception <a 'java/lang/NoSuchMethodError'{0x000000062abaec50}: 'int java.lang.invoke.DirectMethodHandle$Holder.invokeInterface(java.lang.Object, java.lang.Object, java.lang.Object, java.lang.Object)'> (0x000000062abaec50) 
thrown [./src/hotspot/share/interpreter/linkResolver.cpp, line 758]
Event: 1,050 Thread 0x00007fb8d4014b50 Exception <a 'java/lang/NoSuchMethodError'{0x000000060ed77440}: 'long java.lang.invoke.DirectMethodHandle$Holder.invokeVirtual(java.lang.Object, java.lang.Object)'> (0x000000060ed77440) 
thrown [./src/hotspot/share/interpreter/linkResolver.cpp, line 758]
Event: 1,271 Thread 0x00007fb8d4014b50 Exception <a 'java/lang/IncompatibleClassChangeError'{0x000000060e1bd880}: Found class java.lang.Object, but interface was expected> (0x000000060e1bd880) 
thrown [./src/hotspot/share/interpreter/linkResolver.cpp, line 826]
Event: 1,284 Thread 0x00007fb8d4014b50 Exception <a 'java/lang/NoSuchMethodError'{0x000000060e2fcc38}: 'void java.lang.invoke.DirectMethodHandle$Holder.invokeVirtual(java.lang.Object, java.lang.Object, long)'> (0x000000060e2fcc38) 
thrown [./src/hotspot/share/interpreter/linkResolver.cpp, line 758]
Event: 1,313 Thread 0x00007fb8d4014b50 Exception <a 'java/lang/NoSuchMethodError'{0x000000060de29d68}: 'int java.lang.invoke.DirectMethodHandle$Holder.invokeStaticInit(java.lang.Object, java.lang.Object, java.lang.Object, java.lang.Object)'> (0x000000060de29d68) 
thrown [./src/hotspot/share/interpreter/linkResolver.cpp, line 758]
Event: 1,336 Thread 0x00007fb8d4014b50 Exception <a 'java/lang/NoSuchMethodError'{0x000000060d8589a0}: 'java.lang.Object java.lang.invoke.DirectMethodHandle$Holder.newInvokeSpecial(java.lang.Object, java.lang.Object, int, java.lang.Object, java.lang.Object)'> (0x000000060d8589a0) 
thrown [./src/hotspot/share/interpreter/linkResolver.cpp, line 758]
Event: 1,337 Thread 0x00007fb8d4014b50 Exception <a 'java/lang/NoSuchMethodError'{0x000000060d864018}: 'java.lang.Object java.lang.invoke.DirectMethodHandle$Holder.invokeSpecial(java.lang.Object, java.lang.Object, int, java.lang.Object, int, java.lang.Object)'> (0x000000060d864018) 
thrown [./src/hotspot/share/interpreter/linkResolver.cpp, line 758]
Event: 1,337 Thread 0x00007fb8d4014b50 Exception <a 'java/lang/NoSuchMethodError'{0x000000060d86be20}: 'java.lang.Object java.lang.invoke.DirectMethodHandle$Holder.newInvokeSpecial(java.lang.Object, java.lang.Object, int, java.lang.Object, int)'> (0x000000060d86be20) 
thrown [./src/hotspot/share/interpreter/linkResolver.cpp, line 758]
Event: 1,337 Thread 0x00007fb8d4014b50 Exception <a 'java/lang/NoSuchMethodError'{0x000000060d86ff20}: 'java.lang.Object java.lang.invoke.DirectMethodHandle$Holder.invokeSpecial(java.lang.Object, java.lang.Object, java.lang.Object, int, java.lang.Object, int)'> (0x000000060d86ff20) 
thrown [./src/hotspot/share/interpreter/linkResolver.cpp, line 758]
Event: 4,886 Thread 0x00007fb8d49675f0 Exception <a 'java/lang/NoSuchMethodError'{0x000000060dbbca70}: 'java.lang.Object java.lang.invoke.DirectMethodHandle$Holder.invokeSpecial(java.lang.Object, java.lang.Object, java.lang.Object, java.lang.Object, java.lang.Object, long)'> (0x000000060dbbca70) 
thrown [./src/hotspot/share/interpreter/linkResolver.cpp, line 758]
Event: 4,886 Thread 0x00007fb8d49675f0 Exception <a 'java/lang/NoSuchMethodError'{0x000000060dbc04b0}: 'java.lang.Object java.lang.invoke.Invokers$Holder.linkToTargetMethod(java.lang.Object, java.lang.Object, java.lang.Object, long, java.lang.Object)'> (0x000000060dbc04b0) 
thrown [./src/hotspot/share/interpreter/linkResolver.cpp, line 758]

VM Operations (20 events):
Event: 72,032 Executing VM operation: Cleanup
Event: 72,032 Executing VM operation: Cleanup done
Event: 82,033 Executing VM operation: Cleanup
Event: 82,033 Executing VM operation: Cleanup done
Event: 92,033 Executing VM operation: Cleanup
Event: 92,033 Executing VM operation: Cleanup done
Event: 97,034 Executing VM operation: Cleanup
Event: 97,034 Executing VM operation: Cleanup done
Event: 185,041 Executing VM operation: Cleanup
Event: 185,041 Executing VM operation: Cleanup done
Event: 207,043 Executing VM operation: Cleanup
Event: 207,043 Executing VM operation: Cleanup done
Event: 252,046 Executing VM operation: Cleanup
Event: 252,046 Executing VM operation: Cleanup done
Event: 309,050 Executing VM operation: Cleanup
Event: 309,050 Executing VM operation: Cleanup done
Event: 312,050 Executing VM operation: Cleanup
Event: 312,050 Executing VM operation: Cleanup done
Event: 342,052 Executing VM operation: Cleanup
Event: 342,052 Executing VM operation: Cleanup done

Events (20 events):
Event: 34,336 loading class sun/security/ssl/SSLEngineOutputRecord$HandshakeMemo done
Event: 34,383 loading class sun/security/ssl/PreSharedKeyExtension$SHPreSharedKeySpec
Event: 34,383 loading class sun/security/ssl/PreSharedKeyExtension$SHPreSharedKeySpec done
Event: 34,385 Thread 0x00007fb7e400cef0 Thread added: 0x00007fb7e400cef0
Event: 34,385 Protecting memory [0x00007fb8a5f00000,0x00007fb8a5f04000] with protection modes 0
Event: 34,385 Thread 0x00007fb7e400cef0 Thread exited: 0x00007fb7e400cef0
Event: 34,386 Thread 0x00007fb83c1e5c50 Thread added: 0x00007fb83c1e5c50
Event: 34,386 Protecting memory [0x00007fb8a5f00000,0x00007fb8a5f04000] with protection modes 0
Event: 34,583 Thread 0x00007fb83c1c7900 Thread added: 0x00007fb83c1c7900
Event: 34,583 Protecting memory [0x00007fb8a5e00000,0x00007fb8a5e04000] with protection modes 0
Event: 34,583 Thread 0x00007fb83c1c8440 Thread added: 0x00007fb83c1c8440
Event: 34,583 Protecting memory [0x00007fb8a41f5000,0x00007fb8a41f9000] with protection modes 0
Event: 36,908 Thread 0x00007fb7e400cef0 Thread added: 0x00007fb7e400cef0
Event: 36,908 Protecting memory [0x00007fb8a5d00000,0x00007fb8a5d04000] with protection modes 0
Event: 36,909 Thread 0x00007fb83c1c8440 Thread exited: 0x00007fb83c1c8440
Event: 36,909 Thread 0x00007fb83c1c7900 Thread exited: 0x00007fb83c1c7900
Event: 36,910 loading class java/util/AbstractMap$SimpleEntry
Event: 36,910 loading class java/util/AbstractMap$SimpleEntry done
Event: 40,344 Thread 0x00007fb83c1e5c50 Thread exited: 0x00007fb83c1e5c50
Event: 41,910 Thread 0x00007fb7e400cef0 Thread exited: 0x00007fb7e400cef0


Dynamic libraries:
60b400000-60f000000 rw-p 00000000 00:00 0 
60f000000-62a000000 ---p 00000000 00:00 0 
62a000000-62ac00000 rw-p 00000000 00:00 0 
62ac00000-7ff800000 ---p 00000000 00:00 0 
7ff800000-7ffb00000 rw-p 00000000 00:00 0 
7ffb00000-7ffb75000 rw-p 00c76000 08:02 13399095                         /usr/lib/jvm/java-17-openjdk-amd64/lib/server/classes.jsa
7ffb75000-7ffc00000 rw-p 00000000 00:00 0 
7ffc00000-7ffc77000 rw-p 00bff000 08:02 13399095                         /usr/lib/jvm/java-17-openjdk-amd64/lib/server/classes.jsa
7ffc77000-800000000 rw-p 00000000 00:00 0 
5592282ba000-5592282bb000 r--p 00000000 08:02 13398943                   /usr/lib/jvm/java-17-openjdk-amd64/bin/java
5592282bb000-5592282bc000 r-xp 00001000 08:02 13398943                   /usr/lib/jvm/java-17-openjdk-amd64/bin/java
5592282bc000-5592282bd000 r--p 00002000 08:02 13398943                   /usr/lib/jvm/java-17-openjdk-amd64/bin/java
5592282bd000-5592282be000 r--p 00002000 08:02 13398943                   /usr/lib/jvm/java-17-openjdk-amd64/bin/java
5592282be000-5592282bf000 rw-p 00003000 08:02 13398943                   /usr/lib/jvm/java-17-openjdk-amd64/bin/java
559229a67000-559229ad4000 rw-p 00000000 00:00 0                          [heap]
7fb7b0000000-7fb7b0021000 rw-p 00000000 00:00 0 
7fb7b0021000-7fb7b4000000 ---p 00000000 00:00 0 
7fb7b4000000-7fb7b4021000 rw-p 00000000 00:00 0 
7fb7b4021000-7fb7b8000000 ---p 00000000 00:00 0 
7fb7b8000000-7fb7b8021000 rw-p 00000000 00:00 0 
7fb7b8021000-7fb7bc000000 ---p 00000000 00:00 0 
7fb7bc000000-7fb7bc021000 rw-p 00000000 00:00 0 
7fb7bc021000-7fb7c0000000 ---p 00000000 00:00 0 
7fb7c0000000-7fb7c0021000 rw-p 00000000 00:00 0 
7fb7c0021000-7fb7c4000000 ---p 00000000 00:00 0 
7fb7c4000000-7fb7c4021000 rw-p 00000000 00:00 0 
7fb7c4021000-7fb7c8000000 ---p 00000000 00:00 0 
7fb7c8000000-7fb7c8021000 rw-p 00000000 00:00 0 
7fb7c8021000-7fb7cc000000 ---p 00000000 00:00 0 
7fb7cc000000-7fb7cc021000 rw-p 00000000 00:00 0 
7fb7cc021000-7fb7d0000000 ---p 00000000 00:00 0 
7fb7d0000000-7fb7d0021000 rw-p 00000000 00:00 0 
7fb7d0021000-7fb7d4000000 ---p 00000000 00:00 0 
7fb7d4000000-7fb7d4021000 rw-p 00000000 00:00 0 
7fb7d4021000-7fb7d8000000 ---p 00000000 00:00 0 
7fb7d8000000-7fb7d8021000 rw-p 00000000 00:00 0 
7fb7d8021000-7fb7dc000000 ---p 00000000 00:00 0 
7fb7dc000000-7fb7dc021000 rw-p 00000000 00:00 0 
7fb7dc021000-7fb7e0000000 ---p 00000000 00:00 0 
7fb7e0000000-7fb7e0186000 rw-p 00000000 00:00 0 
7fb7e0186000-7fb7e4000000 ---p 00000000 00:00 0 
7fb7e4000000-7fb7e4021000 rw-p 00000000 00:00 0 
7fb7e4021000-7fb7e8000000 ---p 00000000 00:00 0 
7fb7e8000000-7fb7e8021000 rw-p 00000000 00:00 0 
7fb7e8021000-7fb7ec000000 ---p 00000000 00:00 0 
7fb7ec000000-7fb7ec021000 rw-p 00000000 00:00 0 
7fb7ec021000-7fb7f0000000 ---p 00000000 00:00 0 
7fb7f0000000-7fb7f021c000 rw-p 00000000 00:00 0 
7fb7f021c000-7fb7f4000000 ---p 00000000 00:00 0 
7fb7f4000000-7fb7f4021000 rw-p 00000000 00:00 0 
7fb7f4021000-7fb7f8000000 ---p 00000000 00:00 0 
7fb7f8000000-7fb7f8021000 rw-p 00000000 00:00 0 
7fb7f8021000-7fb7fc000000 ---p 00000000 00:00 0 
7fb7fc000000-7fb7fc021000 rw-p 00000000 00:00 0 
7fb7fc021000-7fb800000000 ---p 00000000 00:00 0 
7fb800000000-7fb800021000 rw-p 00000000 00:00 0 
7fb800021000-7fb804000000 ---p 00000000 00:00 0 
7fb804000000-7fb804021000 rw-p 00000000 00:00 0 
7fb804021000-7fb808000000 ---p 00000000 00:00 0 
7fb808000000-7fb808021000 rw-p 00000000 00:00 0 
7fb808021000-7fb80c000000 ---p 00000000 00:00 0 
7fb80c000000-7fb80c021000 rw-p 00000000 00:00 0 
7fb80c021000-7fb810000000 ---p 00000000 00:00 0 
7fb810000000-7fb810021000 rw-p 00000000 00:00 0 
7fb810021000-7fb814000000 ---p 00000000 00:00 0 
7fb814000000-7fb814021000 rw-p 00000000 00:00 0 
7fb814021000-7fb818000000 ---p 00000000 00:00 0 
7fb818000000-7fb81809f000 rw-p 00000000 00:00 0 
7fb81809f000-7fb81c000000 ---p 00000000 00:00 0 
7fb81c000000-7fb81c021000 rw-p 00000000 00:00 0 
7fb81c021000-7fb820000000 ---p 00000000 00:00 0 
7fb820000000-7fb820151000 rw-p 00000000 00:00 0 
7fb820151000-7fb824000000 ---p 00000000 00:00 0 
7fb824000000-7fb824095000 rw-p 00000000 00:00 0 
7fb824095000-7fb828000000 ---p 00000000 00:00 0 
7fb828000000-7fb828021000 rw-p 00000000 00:00 0 
7fb828021000-7fb82c000000 ---p 00000000 00:00 0 
7fb82c000000-7fb82c021000 rw-p 00000000 00:00 0 
7fb82c021000-7fb830000000 ---p 00000000 00:00 0 
7fb830000000-7fb830021000 rw-p 00000000 00:00 0 
7fb830021000-7fb834000000 ---p 00000000 00:00 0 
7fb834000000-7fb834021000 rw-p 00000000 00:00 0 
7fb834021000-7fb838000000 ---p 00000000 00:00 0 
7fb838000000-7fb838021000 rw-p 00000000 00:00 0 
7fb838021000-7fb83c000000 ---p 00000000 00:00 0 
7fb83c000000-7fb83c209000 rw-p 00000000 00:00 0 
7fb83c209000-7fb840000000 ---p 00000000 00:00 0 
7fb840000000-7fb840021000 rw-p 00000000 00:00 0 
7fb840021000-7fb844000000 ---p 00000000 00:00 0 
7fb844000000-7fb844021000 rw-p 00000000 00:00 0 
7fb844021000-7fb848000000 ---p 00000000 00:00 0 
7fb848000000-7fb848021000 rw-p 00000000 00:00 0 
7fb848021000-7fb84c000000 ---p 00000000 00:00 0 
7fb84c000000-7fb84c021000 rw-p 00000000 00:00 0 
7fb84c021000-7fb850000000 ---p 00000000 00:00 0 
7fb850000000-7fb850021000 rw-p 00000000 00:00 0 
7fb850021000-7fb854000000 ---p 00000000 00:00 0 
7fb856d73000-7fb857000000 rw-p 00000000 00:00 0 
7fb857000000-7fb857bc7000 rw-p 00001000 08:02 13399095                   /usr/lib/jvm/java-17-openjdk-amd64/lib/server/classes.jsa
7fb857bc7000-7fb858000000 ---p 00000000 00:00 0 
7fb858000000-7fb858040000 rw-p 00000000 00:00 0 
7fb858040000-7fb858080000 rw-p 00000000 00:00 0 
7fb858080000-7fb8580e0000 rw-p 00000000 00:00 0 
7fb8580e0000-7fb858100000 rw-p 00000000 00:00 0 
7fb858100000-7fb8582c0000 rw-p 00000000 00:00 0 
7fb8582c0000-7fb858300000 rw-p 00000000 00:00 0 
7fb858300000-7fb858440000 rw-p 00000000 00:00 0 
7fb858440000-7fb858460000 rw-p 00000000 00:00 0 
7fb858460000-7fb858490000 rw-p 00000000 00:00 0 
7fb858490000-7fb8584c0000 ---p 00000000 00:00 0 
7fb8584c0000-7fb8584d0000 rw-p 00000000 00:00 0 
7fb8584d0000-7fb898000000 ---p 00000000 00:00 0 
7fb898000000-7fb898021000 rw-p 00000000 00:00 0 
7fb898021000-7fb89c000000 ---p 00000000 00:00 0 
7fb89c000000-7fb89c400000 rw-p 00000000 00:00 0 
7fb89c400000-7fb89d500000 rw-p 00000000 00:00 0 
7fb89d500000-7fb89d600000 rw-p 00000000 00:00 0 
7fb89d600000-7fb89d7e0000 rw-p 00000000 00:00 0 
7fb89d7e0000-7fb89d840000 rw-p 00000000 00:00 0 
7fb89d840000-7fb89d880000 rw-p 00000000 00:00 0 
7fb89d880000-7fb89d900000 rw-p 00000000 00:00 0 
7fb89d900000-7fb89db00000 rw-p 00000000 00:00 0 
7fb89db00000-7fb89db40000 rw-p 00000000 00:00 0 
7fb89db40000-7fb89db80000 rw-p 00000000 00:00 0 
7fb89db80000-7fb89dc40000 rw-p 00000000 00:00 0 
7fb89dc40000-7fb89dd00000 ---p 00000000 00:00 0 
7fb89dd00000-7fb89dd10000 rw-p 00000000 00:00 0 
7fb89dd10000-7fb8a0000000 ---p 00000000 00:00 0 
7fb8a0000000-7fb8a0021000 rw-p 00000000 00:00 0 
7fb8a0021000-7fb8a4000000 ---p 00000000 00:00 0 
7fb8a40a1000-7fb8a41f5000 rw-p 00000000 00:00 0 
7fb8a41f5000-7fb8a41f9000 ---p 00000000 00:00 0 
7fb8a41f9000-7fb8a42f5000 rw-p 00000000 00:00 0 
7fb8a42f5000-7fb8a42f9000 ---p 00000000 00:00 0 
7fb8a42f9000-7fb8a43f5000 rw-p 00000000 00:00 0 
7fb8a43f5000-7fb8a43f9000 ---p 00000000 00:00 0 
7fb8a43f9000-7fb8a44f5000 rw-p 00000000 00:00 0 
7fb8a44f5000-7fb8a44f9000 ---p 00000000 00:00 0 
7fb8a44f9000-7fb8a45f5000 rw-p 00000000 00:00 0 
7fb8a45f5000-7fb8a45f9000 ---p 00000000 00:00 0 
7fb8a45f9000-7fb8a46f5000 rw-p 00000000 00:00 0 
7fb8a46f5000-7fb8a46f9000 ---p 00000000 00:00 0 
7fb8a46f9000-7fb8a47f5000 rw-p 00000000 00:00 0 
7fb8a47f5000-7fb8a47f9000 ---p 00000000 00:00 0 
7fb8a47f9000-7fb8a48f5000 rw-p 00000000 00:00 0 
7fb8a48f5000-7fb8a48f9000 ---p 00000000 00:00 0 
7fb8a48f9000-7fb8a49f5000 rw-p 00000000 00:00 0 
7fb8a49f5000-7fb8a49f9000 ---p 00000000 00:00 0 
7fb8a49f9000-7fb8a4af5000 rw-p 00000000 00:00 0 
7fb8a4af5000-7fb8a4af9000 ---p 00000000 00:00 0 
7fb8a4af9000-7fb8a4bf5000 rw-p 00000000 00:00 0 
7fb8a4bf5000-7fb8a4bf9000 ---p 00000000 00:00 0 
7fb8a4bf9000-7fb8a4cf5000 rw-p 00000000 00:00 0 
7fb8a4cf5000-7fb8a4cf9000 ---p 00000000 00:00 0 
7fb8a4cf9000-7fb8a4df5000 rw-p 00000000 00:00 0 
7fb8a4df5000-7fb8a4df9000 ---p 00000000 00:00 0 
7fb8a4df9000-7fb8a4ef5000 rw-p 00000000 00:00 0 
7fb8a4ef5000-7fb8a4ef9000 ---p 00000000 00:00 0 
7fb8a4ef9000-7fb8a4ff5000 rw-p 00000000 00:00 0 
7fb8a4ff5000-7fb8a4ff6000 ---p 00000000 00:00 0 
7fb8a4ff6000-7fb8a50f6000 rw-p 00000000 00:00 0 
7fb8a50f6000-7fb8a50f7000 ---p 00000000 00:00 0 
7fb8a50f7000-7fb8a51f7000 rw-p 00000000 00:00 0 
7fb8a51f7000-7fb8a51fb000 ---p 00000000 00:00 0 
7fb8a51fb000-7fb8a52f7000 rw-p 00000000 00:00 0 
7fb8a52f7000-7fb8a52fb000 ---p 00000000 00:00 0 
7fb8a52fb000-7fb8a53f7000 rw-p 00000000 00:00 0 
7fb8a53f7000-7fb8a53f8000 ---p 00000000 00:00 0 
7fb8a53f8000-7fb8a54f8000 rw-p 00000000 00:00 0 
7fb8a54f8000-7fb8a54f9000 ---p 00000000 00:00 0 
7fb8a54f9000-7fb8a55f9000 rw-p 00000000 00:00 0 
7fb8a55f9000-7fb8a55fa000 ---p 00000000 00:00 0 
7fb8a55fa000-7fb8a56fa000 rw-p 00000000 00:00 0 
7fb8a56fa000-7fb8a56fb000 ---p 00000000 00:00 0 
7fb8a56fb000-7fb8a57fb000 rw-p 00000000 00:00 0 
7fb8a57fb000-7fb8a57fc000 ---p 00000000 00:00 0 
7fb8a57fc000-7fb8a58fc000 rw-p 00000000 00:00 0 
7fb8a58fc000-7fb8a58fd000 ---p 00000000 00:00 0 
7fb8a58fd000-7fb8a59fd000 rw-p 00000000 00:00 0 
7fb8a59fd000-7fb8a59fe000 ---p 00000000 00:00 0 
7fb8a59fe000-7fb8a5afe000 rw-p 00000000 00:00 0 
7fb8a5afe000-7fb8a5aff000 ---p 00000000 00:00 0 
7fb8a5aff000-7fb8a5bff000 rw-p 00000000 00:00 0 
7fb8a5bff000-7fb8a5c00000 ---p 00000000 00:00 0 
7fb8a5c00000-7fb8a5d00000 rw-p 00000000 00:00 0 
7fb8a5d00000-7fb8a5d04000 ---p 00000000 00:00 0 
7fb8a5d04000-7fb8a5e00000 rw-p 00000000 00:00 0 
7fb8a5e00000-7fb8a5e04000 ---p 00000000 00:00 0 
7fb8a5e04000-7fb8a5f00000 rw-p 00000000 00:00 0 
7fb8a5f00000-7fb8a5f04000 ---p 00000000 00:00 0 
7fb8a5f04000-7fb8a8000000 rw-p 00000000 00:00 0 
7fb8a8000000-7fb8a8021000 rw-p 00000000 00:00 0 
7fb8a8021000-7fb8ac000000 ---p 00000000 00:00 0 
7fb8ac000000-7fb8ac021000 rw-p 00000000 00:00 0 
7fb8ac021000-7fb8b0000000 ---p 00000000 00:00 0 
7fb8b0000000-7fb8b0021000 rw-p 00000000 00:00 0 
7fb8b0021000-7fb8b4000000 ---p 00000000 00:00 0 
7fb8b409f000-7fb8b40a0000 r--p 00000000 08:02 13401954                   /usr/lib/x86_64-linux-gnu/libnss_mdns4_minimal.so.2
7fb8b40a0000-7fb8b40a2000 r-xp 00001000 08:02 13401954                   /usr/lib/x86_64-linux-gnu/libnss_mdns4_minimal.so.2
7fb8b40a2000-7fb8b40a3000 r--p 00003000 08:02 13401954                   /usr/lib/x86_64-linux-gnu/libnss_mdns4_minimal.so.2
7fb8b40a3000-7fb8b40a4000 r--p 00003000 08:02 13401954                   /usr/lib/x86_64-linux-gnu/libnss_mdns4_minimal.so.2
7fb8b40a4000-7fb8b40a5000 rw-p 00004000 08:02 13401954                   /usr/lib/x86_64-linux-gnu/libnss_mdns4_minimal.so.2
7fb8b40b5000-7fb8b40bc000 r--s 00000000 08:02 13515245                   /usr/lib/x86_64-linux-gnu/gconv/gconv-modules.cache
7fb8b40bc000-7fb8b40bd000 r--p 00000000 08:02 13399063                   /usr/lib/jvm/java-17-openjdk-amd64/lib/libextnet.so
7fb8b40bd000-7fb8b40be000 r-xp 00001000 08:02 13399063                   /usr/lib/jvm/java-17-openjdk-amd64/lib/libextnet.so
7fb8b40be000-7fb8b40bf000 r--p 00002000 08:02 13399063                   /usr/lib/jvm/java-17-openjdk-amd64/lib/libextnet.so
7fb8b40bf000-7fb8b40c0000 r--p 00002000 08:02 13399063                   /usr/lib/jvm/java-17-openjdk-amd64/lib/libextnet.so
7fb8b40c0000-7fb8b40c1000 rw-p 00003000 08:02 13399063                   /usr/lib/jvm/java-17-openjdk-amd64/lib/libextnet.so
7fb8b40c1000-7fb8b40c3000 r--p 00000000 08:02 13399081                   /usr/lib/jvm/java-17-openjdk-amd64/lib/libmanagement_ext.so
7fb8b40c3000-7fb8b40c6000 r-xp 00002000 08:02 13399081                   /usr/lib/jvm/java-17-openjdk-amd64/lib/libmanagement_ext.so
7fb8b40c6000-7fb8b40c8000 r--p 00005000 08:02 13399081                   /usr/lib/jvm/java-17-openjdk-amd64/lib/libmanagement_ext.so
7fb8b40c8000-7fb8b40c9000 r--p 00006000 08:02 13399081                   /usr/lib/jvm/java-17-openjdk-amd64/lib/libmanagement_ext.so
7fb8b40c9000-7fb8b40ca000 rw-p 00007000 08:02 13399081                   /usr/lib/jvm/java-17-openjdk-amd64/lib/libmanagement_ext.so
7fb8b40ca000-7fb8b40cc000 r--p 00000000 08:02 13399079                   /usr/lib/jvm/java-17-openjdk-amd64/lib/libmanagement.so
7fb8b40cc000-7fb8b40cd000 r-xp 00002000 08:02 13399079                   /usr/lib/jvm/java-17-openjdk-amd64/lib/libmanagement.so
7fb8b40cd000-7fb8b40ce000 r--p 00003000 08:02 13399079                   /usr/lib/jvm/java-17-openjdk-amd64/lib/libmanagement.so
7fb8b40ce000-7fb8b40cf000 r--p 00003000 08:02 13399079                   /usr/lib/jvm/java-17-openjdk-amd64/lib/libmanagement.so
7fb8b40cf000-7fb8b40d0000 rw-p 00004000 08:02 13399079                   /usr/lib/jvm/java-17-openjdk-amd64/lib/libmanagement.so
7fb8b40d0000-7fb8b4101000 rw-p 00000000 00:00 0 
7fb8b4101000-7fb8b4105000 ---p 00000000 00:00 0 
7fb8b4105000-7fb8b4201000 rw-p 00000000 00:00 0 
7fb8b4201000-7fb8b4202000 ---p 00000000 00:00 0 
7fb8b4202000-7fb8b4302000 rw-p 00000000 00:00 0 
7fb8b4302000-7fb8b4306000 ---p 00000000 00:00 0 
7fb8b4306000-7fb8b4402000 rw-p 00000000 00:00 0 
7fb8b4402000-7fb8b4406000 ---p 00000000 00:00 0 
7fb8b4406000-7fb8b4502000 rw-p 00000000 00:00 0 
7fb8b4502000-7fb8b4506000 ---p 00000000 00:00 0 
7fb8b4506000-7fb8b4602000 rw-p 00000000 00:00 0 
7fb8b4602000-7fb8b4606000 ---p 00000000 00:00 0 
7fb8b4606000-7fb8b4702000 rw-p 00000000 00:00 0 
7fb8b4702000-7fb8b4706000 ---p 00000000 00:00 0 
7fb8b4706000-7fb8b4802000 rw-p 00000000 00:00 0 
7fb8b4802000-7fb8b4806000 ---p 00000000 00:00 0 
7fb8b4806000-7fb8b4902000 rw-p 00000000 00:00 0 
7fb8b4902000-7fb8b4e77000 r--p 00000000 08:02 13374161                   /usr/lib/locale/locale-archive
7fb8b4e77000-7fb8b4e7b000 ---p 00000000 00:00 0 
7fb8b4e7b000-7fb8b4f77000 rw-p 00000000 00:00 0 
7fb8b4f77000-7fb8b4f7b000 ---p 00000000 00:00 0 
7fb8b4f7b000-7fb8b5077000 rw-p 00000000 00:00 0 
7fb8b5077000-7fb8b5078000 ---p 00000000 00:00 0 
7fb8b5078000-7fb8b5178000 rw-p 00000000 00:00 0 
7fb8b5178000-7fb8b517d000 r--p 00000000 08:02 13399077                   /usr/lib/jvm/java-17-openjdk-amd64/lib/libjsvml.so
7fb8b517d000-7fb8b51be000 r-xp 00005000 08:02 13399077                   /usr/lib/jvm/java-17-openjdk-amd64/lib/libjsvml.so
7fb8b51be000-7fb8b5247000 r--p 00046000 08:02 13399077                   /usr/lib/jvm/java-17-openjdk-amd64/lib/libjsvml.so
7fb8b5247000-7fb8b5248000 r--p 000ce000 08:02 13399077                   /usr/lib/jvm/java-17-openjdk-amd64/lib/libjsvml.so
7fb8b5248000-7fb8b5249000 rw-p 000cf000 08:02 13399077                   /usr/lib/jvm/java-17-openjdk-amd64/lib/libjsvml.so
7fb8b5249000-7fb8b5366000 rw-p 00000000 00:00 0 
7fb8b5366000-7fb8b5367000 ---p 00000000 00:00 0 
7fb8b5367000-7fb8b5467000 rw-p 00000000 00:00 0 
7fb8b5467000-7fb8b5468000 ---p 00000000 00:00 0 
7fb8b5468000-7fb8b5f72000 rw-p 00000000 00:00 0 
7fb8b5f72000-7fb8b5f73000 ---p 00000000 00:00 0 
7fb8b5f73000-7fb8b6073000 rw-p 00000000 00:00 0 
7fb8b6073000-7fb8b6074000 ---p 00000000 00:00 0 
7fb8b6074000-7fb8b6174000 rw-p 00000000 00:00 0 
7fb8b6174000-7fb8b6175000 ---p 00000000 00:00 0 
7fb8b6175000-7fb8b6426000 rw-p 00000000 00:00 0 
7fb8b6426000-7fb8b6ae6000 ---p 00000000 00:00 0 
7fb8b6ae6000-7fb8b6b16000 rw-p 00000000 00:00 0 
7fb8b6b16000-7fb8be046000 ---p 00000000 00:00 0 
7fb8be046000-7fb8be156000 rw-p 00000000 00:00 0 
7fb8be156000-7fb8be816000 ---p 00000000 00:00 0 
7fb8be816000-7fb8be846000 rw-p 00000000 00:00 0 
7fb8be846000-7fb8c5d76000 ---p 00000000 00:00 0 
7fb8c5d76000-7fb8c5db4000 rw-p 00000000 00:00 0 
7fb8c5db4000-7fb8c5e8c000 ---p 00000000 00:00 0 
7fb8c5e8c000-7fb8c5e92000 rw-p 00000000 00:00 0 
7fb8c5e92000-7fb8c6d38000 ---p 00000000 00:00 0 
7fb8c6d38000-7fb8c6d5a000 rw-p 00000000 00:00 0 
7fb8c6d5a000-7fb8c6e32000 ---p 00000000 00:00 0 
7fb8c6e32000-7fb8c6e38000 rw-p 00000000 00:00 0 
7fb8c6e38000-7fb8c7cde000 ---p 00000000 00:00 0 
7fb8c7cde000-7fb8c7d00000 rw-p 00000000 00:00 0 
7fb8c7d00000-7fb8c7dd8000 ---p 00000000 00:00 0 
7fb8c7dd8000-7fb8c7dde000 rw-p 00000000 00:00 0 
7fb8c7dde000-7fb8c8c84000 ---p 00000000 00:00 0 
7fb8c8c84000-7fb8c9591000 rw-p 00000000 00:00 0 
7fb8c9591000-7fb8c9f31000 rwxp 00000000 00:00 0 
7fb8c9f31000-7fb8cc591000 ---p 00000000 00:00 0 
7fb8cc591000-7fb8d4000000 r--s 00000000 08:02 13399092                   /usr/lib/jvm/java-17-openjdk-amd64/lib/modules
7fb8d4000000-7fb8d4a7f000 rw-p 00000000 00:00 0 
7fb8d4a7f000-7fb8d8000000 ---p 00000000 00:00 0 
7fb8d8003000-7fb8d8005000 r--p 00000000 08:02 13399091                   /usr/lib/jvm/java-17-openjdk-amd64/lib/libzip.so
7fb8d8005000-7fb8d800a000 r-xp 00002000 08:02 13399091                   /usr/lib/jvm/java-17-openjdk-amd64/lib/libzip.so
7fb8d800a000-7fb8d800c000 r--p 00007000 08:02 13399091                   /usr/lib/jvm/java-17-openjdk-amd64/lib/libzip.so
7fb8d800c000-7fb8d800d000 r--p 00008000 08:02 13399091                   /usr/lib/jvm/java-17-openjdk-amd64/lib/libzip.so
7fb8d800d000-7fb8d800e000 rw-p 00009000 08:02 13399091                   /usr/lib/jvm/java-17-openjdk-amd64/lib/libzip.so
7fb8d800e000-7fb8d8012000 r--p 00000000 08:02 13399083                   /usr/lib/jvm/java-17-openjdk-amd64/lib/libnet.so
7fb8d8012000-7fb8d8020000 r-xp 00004000 08:02 13399083                   /usr/lib/jvm/java-17-openjdk-amd64/lib/libnet.so
7fb8d8020000-7fb8d8024000 r--p 00012000 08:02 13399083                   /usr/lib/jvm/java-17-openjdk-amd64/lib/libnet.so
7fb8d8024000-7fb8d8025000 r--p 00015000 08:02 13399083                   /usr/lib/jvm/java-17-openjdk-amd64/lib/libnet.so
7fb8d8025000-7fb8d8026000 rw-p 00016000 08:02 13399083                   /usr/lib/jvm/java-17-openjdk-amd64/lib/libnet.so
7fb8d8026000-7fb8d802d000 r--p 00000000 08:02 13399084                   /usr/lib/jvm/java-17-openjdk-amd64/lib/libnio.so
7fb8d802d000-7fb8d8036000 r-xp 00007000 08:02 13399084                   /usr/lib/jvm/java-17-openjdk-amd64/lib/libnio.so
7fb8d8036000-7fb8d803a000 r--p 00010000 08:02 13399084                   /usr/lib/jvm/java-17-openjdk-amd64/lib/libnio.so
7fb8d803a000-7fb8d803b000 ---p 00014000 08:02 13399084                   /usr/lib/jvm/java-17-openjdk-amd64/lib/libnio.so
7fb8d803b000-7fb8d803c000 r--p 00014000 08:02 13399084                   /usr/lib/jvm/java-17-openjdk-amd64/lib/libnio.so
7fb8d803c000-7fb8d803d000 rw-p 00015000 08:02 13399084                   /usr/lib/jvm/java-17-openjdk-amd64/lib/libnio.so
7fb8d803d000-7fb8d8191000 rw-p 00000000 00:00 0 
7fb8d8191000-7fb8d81dd000 ---p 00000000 00:00 0 
7fb8d81dd000-7fb8d81e9000 r--p 00000000 08:02 13399070                   /usr/lib/jvm/java-17-openjdk-amd64/lib/libjava.so
7fb8d81e9000-7fb8d81fc000 r-xp 0000c000 08:02 13399070                   /usr/lib/jvm/java-17-openjdk-amd64/lib/libjava.so
7fb8d81fc000-7fb8d8202000 r--p 0001f000 08:02 13399070                   /usr/lib/jvm/java-17-openjdk-amd64/lib/libjava.so
7fb8d8202000-7fb8d8203000 r--p 00024000 08:02 13399070                   /usr/lib/jvm/java-17-openjdk-amd64/lib/libjava.so
7fb8d8203000-7fb8d8204000 rw-p 00025000 08:02 13399070                   /usr/lib/jvm/java-17-openjdk-amd64/lib/libjava.so
7fb8d8204000-7fb8d8205000 rw-p 00000000 00:00 0 
7fb8d8205000-7fb8d8209000 ---p 00000000 00:00 0 
7fb8d8209000-7fb8d8305000 rw-p 00000000 00:00 0 
7fb8d8305000-7fb8d8308000 r--p 00000000 08:02 13369903                   /usr/lib/x86_64-linux-gnu/libgcc_s.so.1
7fb8d8308000-7fb8d831f000 r-xp 00003000 08:02 13369903                   /usr/lib/x86_64-linux-gnu/libgcc_s.so.1
7fb8d831f000-7fb8d8323000 r--p 0001a000 08:02 13369903                   /usr/lib/x86_64-linux-gnu/libgcc_s.so.1
7fb8d8323000-7fb8d8324000 r--p 0001d000 08:02 13369903                   /usr/lib/x86_64-linux-gnu/libgcc_s.so.1
7fb8d8324000-7fb8d8325000 rw-p 0001e000 08:02 13369903                   /usr/lib/x86_64-linux-gnu/libgcc_s.so.1
7fb8d8325000-7fb8d8333000 r--p 00000000 08:02 13370571                   /usr/lib/x86_64-linux-gnu/libm.so.6
7fb8d8333000-7fb8d83af000 r-xp 0000e000 08:02 13370571                   /usr/lib/x86_64-linux-gnu/libm.so.6
7fb8d83af000-7fb8d840a000 r--p 0008a000 08:02 13370571                   /usr/lib/x86_64-linux-gnu/libm.so.6
7fb8d840a000-7fb8d840b000 r--p 000e4000 08:02 13370571                   /usr/lib/x86_64-linux-gnu/libm.so.6
7fb8d840b000-7fb8d840c000 rw-p 000e5000 08:02 13370571                   /usr/lib/x86_64-linux-gnu/libm.so.6
7fb8d840c000-7fb8d84a6000 r--p 00000000 08:02 13369612                   /usr/lib/x86_64-linux-gnu/libstdc++.so.6.0.30
7fb8d84a6000-7fb8d85b7000 r-xp 0009a000 08:02 13369612                   /usr/lib/x86_64-linux-gnu/libstdc++.so.6.0.30
7fb8d85b7000-7fb8d8626000 r--p 001ab000 08:02 13369612                   /usr/lib/x86_64-linux-gnu/libstdc++.so.6.0.30
7fb8d8626000-7fb8d8627000 ---p 0021a000 08:02 13369612                   /usr/lib/x86_64-linux-gnu/libstdc++.so.6.0.30
7fb8d8627000-7fb8d8632000 r--p 0021a000 08:02 13369612                   /usr/lib/x86_64-linux-gnu/libstdc++.so.6.0.30
7fb8d8632000-7fb8d8635000 rw-p 00225000 08:02 13369612                   /usr/lib/x86_64-linux-gnu/libstdc++.so.6.0.30
7fb8d8635000-7fb8d8638000 rw-p 00000000 00:00 0 
7fb8d8638000-7fb8d8889000 r--p 00000000 08:02 13399098                   /usr/lib/jvm/java-17-openjdk-amd64/lib/server/libjvm.so
7fb8d8889000-7fb8d95ed000 r-xp 00251000 08:02 13399098                   /usr/lib/jvm/java-17-openjdk-amd64/lib/server/libjvm.so
7fb8d95ed000-7fb8d986f000 r--p 00fb5000 08:02 13399098                   /usr/lib/jvm/java-17-openjdk-amd64/lib/server/libjvm.so
7fb8d986f000-7fb8d9870000 ---p 01237000 08:02 13399098                   /usr/lib/jvm/java-17-openjdk-amd64/lib/server/libjvm.so
7fb8d9870000-7fb8d9928000 r--p 01237000 08:02 13399098                   /usr/lib/jvm/java-17-openjdk-amd64/lib/server/libjvm.so
7fb8d9928000-7fb8d995d000 rw-p 012ef000 08:02 13399098                   /usr/lib/jvm/java-17-openjdk-amd64/lib/server/libjvm.so
7fb8d995d000-7fb8d99ba000 rw-p 00000000 00:00 0 
7fb8d99ba000-7fb8d99e2000 r--p 00000000 08:02 13370567                   /usr/lib/x86_64-linux-gnu/libc.so.6
7fb8d99e2000-7fb8d9b77000 r-xp 00028000 08:02 13370567                   /usr/lib/x86_64-linux-gnu/libc.so.6
7fb8d9b77000-7fb8d9bcf000 r--p 001bd000 08:02 13370567                   /usr/lib/x86_64-linux-gnu/libc.so.6
7fb8d9bcf000-7fb8d9bd0000 ---p 00215000 08:02 13370567                   /usr/lib/x86_64-linux-gnu/libc.so.6
7fb8d9bd0000-7fb8d9bd4000 r--p 00215000 08:02 13370567                   /usr/lib/x86_64-linux-gnu/libc.so.6
7fb8d9bd4000-7fb8d9bd6000 rw-p 00219000 08:02 13370567                   /usr/lib/x86_64-linux-gnu/libc.so.6
7fb8d9bd6000-7fb8d9be3000 rw-p 00000000 00:00 0 
7fb8d9be3000-7fb8d9be5000 r--p 00000000 08:02 13399074                   /usr/lib/jvm/java-17-openjdk-amd64/lib/libjli.so
7fb8d9be5000-7fb8d9bef000 r-xp 00002000 08:02 13399074                   /usr/lib/jvm/java-17-openjdk-amd64/lib/libjli.so
7fb8d9bef000-7fb8d9bf2000 r--p 0000c000 08:02 13399074                   /usr/lib/jvm/java-17-openjdk-amd64/lib/libjli.so
7fb8d9bf2000-7fb8d9bf3000 r--p 0000e000 08:02 13399074                   /usr/lib/jvm/java-17-openjdk-amd64/lib/libjli.so
7fb8d9bf3000-7fb8d9bf4000 rw-p 0000f000 08:02 13399074                   /usr/lib/jvm/java-17-openjdk-amd64/lib/libjli.so
7fb8d9bf4000-7fb8d9bf6000 r--p 00000000 08:02 13402577                   /usr/lib/x86_64-linux-gnu/libz.so.1.2.11
7fb8d9bf6000-7fb8d9c07000 r-xp 00002000 08:02 13402577                   /usr/lib/x86_64-linux-gnu/libz.so.1.2.11
7fb8d9c07000-7fb8d9c0d000 r--p 00013000 08:02 13402577                   /usr/lib/x86_64-linux-gnu/libz.so.1.2.11
7fb8d9c0d000-7fb8d9c0e000 ---p 00019000 08:02 13402577                   /usr/lib/x86_64-linux-gnu/libz.so.1.2.11
7fb8d9c0e000-7fb8d9c0f000 r--p 00019000 08:02 13402577                   /usr/lib/x86_64-linux-gnu/libz.so.1.2.11
7fb8d9c0f000-7fb8d9c10000 rw-p 0001a000 08:02 13402577                   /usr/lib/x86_64-linux-gnu/libz.so.1.2.11
7fb8d9c14000-7fb8d9c1c000 rw-s 00000000 08:02 3410244                    /tmp/hsperfdata_driver/70524
7fb8d9c1c000-7fb8d9c1d000 ---p 00000000 00:00 0 
7fb8d9c1d000-7fb8d9c1e000 r--p 00000000 00:00 0 
7fb8d9c1e000-7fb8d9c20000 r--p 00000000 08:02 13399073                   /usr/lib/jvm/java-17-openjdk-amd64/lib/libjimage.so
7fb8d9c20000-7fb8d9c23000 r-xp 00002000 08:02 13399073                   /usr/lib/jvm/java-17-openjdk-amd64/lib/libjimage.so
7fb8d9c23000-7fb8d9c24000 r--p 00005000 08:02 13399073                   /usr/lib/jvm/java-17-openjdk-amd64/lib/libjimage.so
7fb8d9c24000-7fb8d9c25000 ---p 00006000 08:02 13399073                   /usr/lib/jvm/java-17-openjdk-amd64/lib/libjimage.so
7fb8d9c25000-7fb8d9c26000 r--p 00006000 08:02 13399073                   /usr/lib/jvm/java-17-openjdk-amd64/lib/libjimage.so
7fb8d9c26000-7fb8d9c27000 rw-p 00007000 08:02 13399073                   /usr/lib/jvm/java-17-openjdk-amd64/lib/libjimage.so
7fb8d9c27000-7fb8d9c29000 rw-p 00000000 00:00 0 
7fb8d9c29000-7fb8d9c2b000 r--p 00000000 08:02 13370134                   /usr/lib/x86_64-linux-gnu/ld-linux-x86-64.so.2
7fb8d9c2b000-7fb8d9c55000 r-xp 00002000 08:02 13370134                   /usr/lib/x86_64-linux-gnu/ld-linux-x86-64.so.2
7fb8d9c55000-7fb8d9c60000 r--p 0002c000 08:02 13370134                   /usr/lib/x86_64-linux-gnu/ld-linux-x86-64.so.2
7fb8d9c60000-7fb8d9c61000 ---p 00000000 00:00 0 
7fb8d9c61000-7fb8d9c63000 r--p 00037000 08:02 13370134                   /usr/lib/x86_64-linux-gnu/ld-linux-x86-64.so.2
7fb8d9c63000-7fb8d9c65000 rw-p 00039000 08:02 13370134                   /usr/lib/x86_64-linux-gnu/ld-linux-x86-64.so.2
7ffdfaaef000-7ffdfab12000 rw-p 00000000 00:00 0                          [stack]
7ffdfab62000-7ffdfab66000 r--p 00000000 00:00 0                          [vvar]
7ffdfab66000-7ffdfab68000 r-xp 00000000 00:00 0                          [vdso]
ffffffffff600000-ffffffffff601000 --xp 00000000 00:00 0                  [vsyscall]


VM Arguments:
jvm_args: -XX:TieredStopAtLevel=1 
java_command: com.SurpizzaApplication
java_class_path (initial): /home/driver/Desktop/linux_dev/surpizza/server/target/classes:/home/driver/.m2/repository/org/springframework/boot/spring-boot/3.3.0/spring-boot-3.3.0.jar:/home/driver/.m2/repository/org/springframework/boot/spring-boot-autoconfigure/3.3.0/spring-boot-autoconfigure-3.3.0.jar:/home/driver/.m2/repository/ch/qos/logback/logback-classic/1.5.6/logback-classic-1.5.6.jar:/home/driver/.m2/repository/ch/qos/logback/logback-core/1.5.6/logback-core-1.5.6.jar:/home/driver/.m2/repository/org/apache/logging/log4j/log4j-to-slf4j/2.23.1/log4j-to-slf4j-2.23.1.jar:/home/driver/.m2/repository/org/apache/logging/log4j/log4j-api/2.23.1/log4j-api-2.23.1.jar:/home/driver/.m2/repository/org/slf4j/jul-to-slf4j/2.0.13/jul-to-slf4j-2.0.13.jar:/home/driver/.m2/repository/jakarta/annotation/jakarta.annotation-api/2.1.1/jakarta.annotation-api-2.1.1.jar:/home/driver/.m2/repository/org/yaml/snakeyaml/2.2/snakeyaml-2.2.jar:/home/driver/.m2/repository/com/fasterxml/jackson/core/jackson-databind/2.17.1/jackson-databind-2.17.1.jar:/home/driver/.m2/repository/com/fasterxml/jackson/core/jackson-annotations/2.17.1/jackson-annotations-2.17.1.jar:/home/driver/.m2/repository/com/fasterxml/jackson/core/jackson-core/2.17.1/jackson-core-2.17.1.jar:/home/driver/.m2/repository/com/fasterxml/jackson/datatype/jackson-datatype-jdk8/2.17.1/jackson-datatype-jdk8-2.17.1.jar:/home/driver/.m2/repository/com/fasterxml/jackson/datatype/jackson-datatype-jsr310/2.17.1/jackson-datatype-jsr310-2.17.1.jar:/home/driver/.m2/repository/com/fasterxml/jackson/module/jackson-module-parameter-names/2.17.1/jackson-module-parameter-names-2.17.1.jar:/home/driver/.m2/repository/org/apache/tomcat/embed/tomcat-embed-core/10.1.24/tomcat-embed-core-10.1.24.jar:/home/driver/.m2/repository/org/apache/tomcat/embed/tomcat-embed-el/10.1.24/tomcat-embed-el-10.1.24.jar:/home/driver/.m2/repository/org/apache/tomcat/embed/tomcat-embed-websocket/10.1.24/tomcat-embed-websocket-10.1.24.jar:/home/driver/.m2/repository/org/spr
Launcher Type: SUN_STANDARD

[Global flags]
     intx CICompilerCount                          = 4                                         {product} {ergonomic}
     uint ConcGCThreads                            = 3                                         {product} {ergonomic}
     uint G1ConcRefinementThreads                  = 10                                        {product} {ergonomic}
   size_t G1HeapRegionSize                         = 4194304                                   {product} {ergonomic}
    uintx GCDrainStackTargetSize                   = 64                                        {product} {ergonomic}
   size_t InitialHeapSize                          = 528482304                                 {product} {ergonomic}
   size_t MarkStackSize                            = 4194304                                   {product} {ergonomic}
   size_t MaxHeapSize                              = 8401190912                                {product} {ergonomic}
   size_t MaxNewSize                               = 5037359104                                {product} {ergonomic}
   size_t MinHeapDeltaBytes                        = 4194304                                   {product} {ergonomic}
   size_t MinHeapSize                              = 8388608                                   {product} {ergonomic}
    uintx NonProfiledCodeHeapSize                  = 0                                      {pd product} {ergonomic}
     bool ProfileInterpreter                       = false                                  {pd product} {command line}
    uintx ProfiledCodeHeapSize                     = 0                                      {pd product} {ergonomic}
   size_t SoftMaxHeapSize                          = 8401190912                             {manageable} {ergonomic}
     intx TieredStopAtLevel                        = 1                                         {product} {command line}
     bool UseCompressedClassPointers               = true                           {product lp64_product} {ergonomic}
     bool UseCompressedOops                        = true                           {product lp64_product} {ergonomic}
     bool UseG1GC                                  = true                                      {product} {ergonomic}

Logging:
Log output configuration:
 #0: stdout all=warning uptime,level,tags
 #1: stderr all=off uptime,level,tags

Environment Variables:
PATH=/home/driver/Desktop/linux_dev/surpizza/server/node_modules/.bin:/home/driver/Desktop/linux_dev/surpizza/server/node_modules/.bin:/home/driver/Desktop/linux_dev/surpizza/node_modules/.bin:/home/driver/Desktop/linux_dev/node_modules/.bin:/home/driver/Desktop/node_modules/.bin:/home/driver/node_modules/.bin:/home/node_modules/.bin:/node_modules/.bin:/home/driver/.nvm/versions/node/v21.5.0/lib/node_modules/npm/node_modules/@npmcli/run-script/lib/node-gyp-bin:/home/driver/.local/share/pnpm:/home/driver/.nvm/versions/node/v21.5.0/bin:/home/driver/.cargo/bin:/usr/local/sbin:/usr/local/bin:/usr/sbin:/usr/bin:/sbin:/bin:/usr/games:/usr/local/games:/snap/bin:/home/driver/scripts:/home/driver/mongodb-database-tools-amazon2-x86_64-100.9.4/bin:/usr/local/go/bin:/home/driver/go/bin:/home/driver/.dotnet
SHELL=/bin/bash
DISPLAY=:0
LANG=en_US.UTF-8
LC_CTYPE=en_US.UTF-8
LC_NUMERIC=it_IT.UTF-8
LC_TIME=it_IT.UTF-8
TERM=xterm-256color

Active Locale:
LC_ALL=LC_CTYPE=en_US.UTF-8;LC_NUMERIC=it_IT.UTF-8;LC_TIME=it_IT.UTF-8;LC_COLLATE=en_US.UTF-8;LC_MONETARY=it_IT.UTF-8;LC_MESSAGES=en_US.UTF-8;LC_PAPER=it_IT.UTF-8;LC_NAME=it_IT.UTF-8;LC_ADDRESS=it_IT.UTF-8;LC_TELEPHONE=it_IT.UTF-8;LC_MEASUREMENT=it_IT.UTF-8;LC_IDENTIFICATION=it_IT.UTF-8
LC_COLLATE=en_US.UTF-8
LC_CTYPE=en_US.UTF-8
LC_MESSAGES=en_US.UTF-8
LC_MONETARY=it_IT.UTF-8
LC_NUMERIC=it_IT.UTF-8
LC_TIME=it_IT.UTF-8

Signal Handlers:
   SIGSEGV: crash_handler in libjvm.so, mask=11100100010111111101111111111110, flags=SA_RESTART|SA_SIGINFO, unblocked
    SIGBUS: crash_handler in libjvm.so, mask=11100100010111111101111111111110, flags=SA_RESTART|SA_SIGINFO, unblocked
    SIGFPE: crash_handler in libjvm.so, mask=11100100010111111101111111111110, flags=SA_RESTART|SA_SIGINFO, unblocked
   SIGPIPE: javaSignalHandler in libjvm.so, mask=11100100010111111101111111111110, flags=SA_RESTART|SA_SIGINFO, blocked
   SIGXFSZ: javaSignalHandler in libjvm.so, mask=11100100010111111101111111111110, flags=SA_RESTART|SA_SIGINFO, blocked
    SIGILL: crash_handler in libjvm.so, mask=11100100010111111101111111111110, flags=SA_RESTART|SA_SIGINFO, unblocked
   SIGUSR2: SR_handler in libjvm.so, mask=00100000000000000000000000000000, flags=SA_RESTART|SA_SIGINFO, blocked
    SIGHUP: UserHandler in libjvm.so, mask=11100100010111111101111111111110, flags=SA_RESTART|SA_SIGINFO, blocked
    SIGINT: UserHandler in libjvm.so, mask=11100100010111111101111111111110, flags=SA_RESTART|SA_SIGINFO, blocked
   SIGTERM: UserHandler in libjvm.so, mask=11100100010111111101111111111110, flags=SA_RESTART|SA_SIGINFO, blocked
   SIGQUIT: UserHandler in libjvm.so, mask=11100100010111111101111111111110, flags=SA_RESTART|SA_SIGINFO, blocked
   SIGTRAP: crash_handler in libjvm.so, mask=11100100010111111101111111111110, flags=SA_RESTART|SA_SIGINFO, unblocked


Periodic native trim disabled


---------------  S Y S T E M  ---------------

OS:
DISTRIB_ID=LinuxMint
DISTRIB_RELEASE=21.3
DISTRIB_CODENAME=virginia
DISTRIB_DESCRIPTION="Linux Mint 21.3 Virginia"
uname: Linux 5.15.0-107-generic #117-Ubuntu SMP Fri Apr 26 12:26:49 UTC 2024 x86_64
OS uptime: 0 days 1:06 hours
libc: glibc 2.35 NPTL 2.35 
rlimit (soft/hard): STACK 8192k/infinity , CORE 0k/infinity , NPROC 127278/127278 , NOFILE 1048576/1048576 , AS infinity/infinity , CPU infinity/infinity , DATA infinity/infinity , FSIZE infinity/infinity , MEMLOCK 4100632k/4100632k
load average: 0,88 1,24 1,57

/proc/meminfo:
MemTotal:       32805060 kB
MemFree:        19962640 kB
MemAvailable:   24867896 kB
Buffers:          299316 kB
Cached:          4973668 kB
SwapCached:            0 kB
Active:          2338524 kB
Inactive:        9440848 kB
Active(anon):       6632 kB
Inactive(anon):  6702812 kB
Active(file):    2331892 kB
Inactive(file):  2738036 kB
Unevictable:          64 kB
Mlocked:              64 kB
SwapTotal:       2097148 kB
SwapFree:        2097148 kB
Dirty:               480 kB
Writeback:             0 kB
AnonPages:       6506476 kB
Mapped:          1638848 kB
Shmem:            203048 kB
KReclaimable:     297876 kB
Slab:             530472 kB
SReclaimable:     297876 kB
SUnreclaim:       232596 kB
KernelStack:       28752 kB
PageTables:        77664 kB
NFS_Unstable:          0 kB
Bounce:                0 kB
WritebackTmp:          0 kB
CommitLimit:    18499676 kB
Committed_AS:   33185552 kB
VmallocTotal:   34359738367 kB
VmallocUsed:      173504 kB
VmallocChunk:          0 kB
Percpu:            40704 kB
HardwareCorrupted:     0 kB
AnonHugePages:         0 kB
ShmemHugePages:        0 kB
ShmemPmdMapped:        0 kB
FileHugePages:         0 kB
FilePmdMapped:         0 kB
HugePages_Total:       0
HugePages_Free:        0
HugePages_Rsvd:        0
HugePages_Surp:        0
Hugepagesize:       2048 kB
Hugetlb:               0 kB
DirectMap4k:      857836 kB
DirectMap2M:    12722176 kB
DirectMap1G:    20971520 kB

/sys/kernel/mm/transparent_hugepage/enabled: always [madvise] never
/sys/kernel/mm/transparent_hugepage/defrag (defrag/compaction efforts parameter): always defer defer+madvise [madvise] never

Process Memory:
Virtual Size: 13035736K (peak: 13035736K)
Resident Set Size: 172760K (peak: 172760K) (anon: 150864K, file: 21896K, shmem: 0K)
Swapped out: 0K
C-Heap outstanding allocations: 42639K, retained: 8580K
glibc malloc tunables: (default)

/proc/sys/kernel/threads-max (system-wide limit on the number of threads): 254557
/proc/sys/vm/max_map_count (maximum number of memory map areas a process may have): 262144
/proc/sys/kernel/pid_max (system-wide limit on number of process identifiers): 4194304

container (cgroup) information:
container_type: cgroupv2
cpu_cpuset_cpus: not supported
cpu_memory_nodes: not supported
active_processor_count: 12
cpu_quota: not supported
cpu_period: not supported
cpu_shares: not supported
memory_limit_in_bytes: unlimited
memory_and_swap_limit_in_bytes: unlimited
memory_soft_limit_in_bytes: unlimited
memory_usage_in_bytes: 9348456 k
memory_max_usage_in_bytes: not supported
memory_swap_current_in_bytes: unlimited
memory_swap_max_limit_in_bytes: unlimited
maximum number of tasks: unlimited
current number of tasks: 1166

Steal ticks since vm start: 0
Steal ticks percentage since vm start:  0,000

CPU: total 12 (initial active 12) (12 cores per cpu, 2 threads per core) family 23 model 8 stepping 2 microcode 0x800820d, cx8, cmov, fxsr, ht, mmx, 3dnowpref, sse, sse2, sse3, ssse3, sse4a, sse4.1, sse4.2, popcnt, lzcnt, tsc, tscinvbit, avx, avx2, aes, clmul, bmi1, bmi2, adx, sha, fma, vzeroupper, clflush, clflushopt
CPU Model and flags from /proc/cpuinfo:
model name	: AMD Ryzen 5 2600 Six-Core Processor
flags		: fpu vme de pse tsc msr pae mce cx8 apic sep mtrr pge mca cmov pat pse36 clflush mmx fxsr sse sse2 ht syscall nx mmxext fxsr_opt pdpe1gb rdtscp lm constant_tsc rep_good nopl nonstop_tsc cpuid extd_apicid aperfmperf rapl pni pclmulqdq monitor ssse3 fma cx16 sse4_1 sse4_2 movbe popcnt aes xsave avx f16c rdrand lahf_lm cmp_legacy svm extapic cr8_legacy abm sse4a misalignsse 3dnowprefetch osvw skinit wdt tce topoext perfctr_core perfctr_nb bpext perfctr_llc mwaitx cpb hw_pstate ssbd ibpb vmmcall fsgsbase bmi1 avx2 smep bmi2 rdseed adx smap clflushopt sha_ni xsaveopt xsavec xgetbv1 clzero irperf xsaveerptr arat npt lbrv svm_lock nrip_save tsc_scale vmcb_clean flushbyasid decodeassists pausefilter pfthreshold avic v_vmsave_vmload vgif overflow_recov succor smca sme sev sev_es

Online cpus: 0-11
Offline cpus: 12-31
BIOS frequency limitation: <Not Available>
Frequency switch latency (ns): <Not Available>
Available cpu frequencies: <Not Available>
Current governor: <Not Available>
Core performance/turbo boost: <Not Available>

Memory: 4k page, physical 32805060k(19949060k free), swap 2097148k(2097148k free)
Page Sizes: 4k

vm_info: OpenJDK 64-Bit Server VM (17.0.10+7-Ubuntu-122.04.1) for linux-amd64 JRE (17.0.10+7-Ubuntu-122.04.1), built on Feb  5 2024 21:02:31 by "buildd" with gcc 11.4.0

END.
