#
# A fatal error has been detected by the Java Runtime Environment:
#
#  SIGSEGV (0xb) at pc=0x00007f95e8669b7b, pid=59166, tid=59166
#
# JRE version: OpenJDK Runtime Environment (17.0.10+7) (build 17.0.10+7-Ubuntu-122.04.1)
# Java VM: OpenJDK 64-Bit Server VM (17.0.10+7-Ubuntu-122.04.1, mixed mode, sharing, tiered, compressed oops, compressed class ptrs, g1 gc, linux-amd64)
# Problematic frame:
# V  [libjvm.so+0xdd0b7b]  SR_handler(int, siginfo_t*, ucontext_t*)+0xab
#
# Core dump will be written. Default location: Core dumps may be processed with "/lib/systemd/systemd-coredump %P %u %g %s %t 9223372036854775808 %h" (or dumping to /home/driver/Desktop/linux_dev/surpizza/server/core.59166)
#
# If you would like to submit a bug report, please visit:
#   Unknown
#

---------------  S U M M A R Y ------------

Command Line: -Dclassworlds.conf=/usr/share/maven/bin/m2.conf -Dmaven.home=/usr/share/maven -Dlibrary.jansi.path=/usr/share/maven/lib/jansi-native -Dmaven.multiModuleProjectDirectory=/home/driver/Desktop/linux_dev/surpizza/server org.codehaus.plexus.classworlds.launcher.Launcher spring-boot:run

Host: AMD Ryzen 5 2600 Six-Core Processor, 12 cores, 31G, Linux Mint 21.3 Virginia
Time: Thu Jun  6 16:15:52 2024 CEST elapsed time: 215.653359 seconds (0d 0h 3m 35s)

---------------  T H R E A D  ---------------

Current thread is native thread

Stack: [0x00007ffdae9c0000,0x00007ffdaf1be000],  sp=0x00007ffdaf1b8e30,  free space=8163k
Native frames: (J=compiled Java code, j=interpreted, Vv=VM code, C=native code)
V  [libjvm.so+0xdd0b7b]  SR_handler(int, siginfo_t*, ucontext_t*)+0xab
C  [libc.so.6+0x42520]


siginfo: si_signo: 11 (SIGSEGV), si_code: 1 (SEGV_MAPERR), si_addr: 0x0000000000000268

Registers:
RAX=0x0000000000000000, RBX=0x00007ffdaf1b8e40, RCX=0x00007f95e8cb6c1b, RDX=0x0000000000000000
RSP=0x00007ffdaf1b8e30, RBP=0x00007ffdaf1b8ef0, RSI=0x00007ffdaf1b8e40, RDI=0x0000000000000000
R8 =0x0000000000000000, R9 =0x00000000ffffffff, R10=0x0000000000000008, R11=0x0000000000000246
R12=0x00007f95e8c186c0, R13=0x0000000000000000, R14=0x0000000000000000, R15=0x0000000000000000
RIP=0x00007f95e8669b7b, EFLAGS=0x0000000000010246, CSGSFS=0x002b000000000033, ERR=0x0000000000000004
  TRAPNO=0x000000000000000e


Top of Stack: (sp=0x00007ffdaf1b8e30)
0x00007ffdaf1b8e30:   00007ffdaf1b9030 00007ffdaf1b8f00
0x00007ffdaf1b8e40:   00000000000004d8 0000000000000009
0x00007ffdaf1b8e50:   0000000000000000 0000000012ef9861
0x00007ffdaf1b8e60:   0000000000026000 0000000000000000
0x00007ffdaf1b8e70:   0000000000000000 0000000024bbd60a
0x00007ffdaf1b8e80:   00007ffdaf1b8fc0 00007f95e8c367e0
0x00007ffdaf1b8e90:   00007f95e8e890f0 00007ffdaf1b8f20
0x00007ffdaf1b8ea0:   00007ffdaf1b8f30 00007f95e8e96211
0x00007ffdaf1b8eb0:   0000000000000004 00007f95e8e89a50
0x00007ffdaf1b8ec0:   0000000000000001 00007f95e7565640
0x00007ffdaf1b8ed0:   0000000000000000 000000000000e731
0x00007ffdaf1b8ee0:   0000000000000000 0000000000000000
0x00007ffdaf1b8ef0:   00007ffdaf1b9578 00007f95e8c5d520
0x00007ffdaf1b8f00:   0000000000000007 0000000000000000
0x00007ffdaf1b8f10:   0000000000000000 00007f9500000002
0x00007ffdaf1b8f20:   0000000000000000 0000000000000000
0x00007ffdaf1b8f30:   00000000ffffffff 0000000000000000
0x00007ffdaf1b8f40:   0000000000000246 0000000000000000
0x00007ffdaf1b8f50:   000000000000e731 0000000000000000
0x00007ffdaf1b8f60:   0000000000000000 00007f95e7565910
0x00007ffdaf1b8f70:   0000000000000109 00007ffdaf1b9578
0x00007ffdaf1b8f80:   00007f95e7565640 000000000000e731
0x00007ffdaf1b8f90:   00000000000000ca 00007f95e8cac117
0x00007ffdaf1b8fa0:   00007ffdaf1b94b0 00007f95e8cac115
0x00007ffdaf1b8fb0:   0000000000000246 002b000000000033
0x00007ffdaf1b8fc0:   0000000000000000 0000000000000000
0x00007ffdaf1b8fd0:   0000000000000000 0000000000000000
0x00007ffdaf1b8fe0:   00007ffdaf1b90c0 0000000000000000
0x00007ffdaf1b8ff0:   00007ffdaf1b9580 00007f95e8e9fdae
0x00007ffdaf1b9000:   00007f95e7565950 0000000000000000
0x00007ffdaf1b9010:   0000000000000003 0000000000100000
0x00007ffdaf1b9020:   00007f95e7565640 0000000000000000 

Instructions: (pc=0x00007f95e8669b7b)
0x00007f95e8669a7b:   58 00 00 74 30 48 8d 05 59 82 58 00 48 8d 14 98
0x00007f95e8669a8b:   b8 01 00 00 00 f0 0f c1 02 48 8b 3d 4d 83 58 00
0x00007f95e8669a9b:   48 83 ec 80 be 01 00 00 00 5b 41 5c 5d e9 a3 19
0x00007f95e8669aab:   f2 ff 0f 1f 00 48 83 ec 80 5b 41 5c 5d c3 0f 1f
0x00007f95e8669abb:   80 00 00 00 00 e8 9b df 15 00 84 c0 74 ad e8 22
0x00007f95e8669acb:   1b 48 ff eb a6 f3 0f 1e fa 55 66 48 0f 6e d2 66
0x00007f95e8669adb:   48 0f 6e ce 66 0f 6c ca 48 89 e5 41 57 41 56 41
0x00007f95e8669aeb:   55 41 54 53 48 8d 9d 50 ff ff ff 48 81 ec 98 00
0x00007f95e8669afb:   00 00 0f 29 8d 40 ff ff ff e8 67 12 48 ff 48 89
0x00007f95e8669b0b:   df 44 8b 28 49 89 c4 e8 a9 0e 48 ff be 04 00 00
0x00007f95e8669b1b:   00 48 89 df e8 ec 10 48 ff be 07 00 00 00 48 89
0x00007f95e8669b2b:   df e8 df 10 48 ff be 08 00 00 00 48 89 df e8 d2
0x00007f95e8669b3b:   10 48 ff be 0b 00 00 00 48 89 df e8 c5 10 48 ff
0x00007f95e8669b4b:   be 05 00 00 00 48 89 df e8 b8 10 48 ff 31 d2 48
0x00007f95e8669b5b:   89 de bf 01 00 00 00 e8 39 06 48 ff e8 94 7e 0e
0x00007f95e8669b6b:   00 41 89 c0 31 c0 45 84 c0 74 05 e8 95 7e 0e 00
0x00007f95e8669b7b:   48 8b 90 68 02 00 00 48 85 d2 74 17 4c 8b b8 30
0x00007f95e8669b8b:   02 00 00 41 8b 87 a0 00 00 00 83 f8 01 74 16 45
0x00007f95e8669b9b:   89 2c 24 48 81 c4 98 00 00 00 5b 41 5c 41 5d 41
0x00007f95e8669bab:   5e 41 5f 5d c3 66 0f 6f 9d 40 ff ff ff ba 02 00
0x00007f95e8669bbb:   00 00 be 01 00 00 00 4d 8d b7 a0 00 00 00 4c 89
0x00007f95e8669bcb:   f7 41 0f 11 9f a8 00 00 00 e8 77 36 e6 ff 83 f8
0x00007f95e8669bdb:   02 74 3a 85 c0 75 0e 66 0f ef c0 41 0f 11 87 a8
0x00007f95e8669beb:   00 00 00 eb aa 48 8d 05 51 37 52 00 be 63 06 00
0x00007f95e8669bfb:   00 48 8d 3d 0d b1 27 00 48 8b 00 c6 00 58 e8 52
0x00007f95e8669c0b:   13 84 ff e8 8d 6c e6 ff eb cd 0f 1f 00 48 89 df
0x00007f95e8669c1b:   e8 a0 0d 48 ff 48 89 da 31 f6 31 ff e8 74 05 48
0x00007f95e8669c2b:   ff 8b 35 16 91 53 00 48 89 df e8 76 0a 48 ff be
0x00007f95e8669c3b:   01 00 00 00 48 8d 3d ba 81 58 00 e8 05 18 f2 ff
0x00007f95e8669c4b:   eb 08 0f 1f 00 83 f8 02 75 3b 48 89 df e8 73 11
0x00007f95e8669c5b:   48 ff 31 d2 be 03 00 00 00 4c 89 f7 e8 e4 35 e6
0x00007f95e8669c6b:   ff 85 c0 75 e0 be 01 00 00 00 48 8d 3d 84 81 58 



---------------  P R O C E S S  ---------------

VM state: not at safepoint (normal execution)

VM Mutex/Monitor currently owned by a thread: None

Heap address: 0x000000060b400000, size: 8012 MB, Compressed Oops mode: Zero based, Oop shift amount: 3

CDS archive(s) mapped at: [0x00007f955b000000-0x00007f955bbc7000-0x00007f955bbc7000), size 12349440, SharedBaseAddress: 0x00007f955b000000, ArchiveRelocationMode: 1.
Compressed class space mapped at: 0x00007f955c000000-0x00007f959c000000, reserved size: 1073741824
Narrow klass base: 0x00007f955b000000, Narrow klass shift: 0, Narrow klass range: 0x100000000

GC Precious Log:
<Skipped>

Heap:
 garbage-first heap   total 524288K, used 165077K [0x000000060b400000, 0x0000000800000000)
  region size 4096K, 32 young (131072K), 1 survivors (4096K)
 Metaspace       used 16165K, committed 16512K, reserved 1114112K
  class space    used 1789K, committed 1984K, reserved 1048576K

Heap Regions: E=young(eden), S=young(survivor), O=old, HS=humongous(starts), HC=humongous(continues), CS=collection set, F=free, OA=open archive, CA=closed archive, TAMS=top-at-mark-start (previous, next)
|   0|0x000000060b400000, 0x000000060b6bf600, 0x000000060b800000| 68%| O|  |TAMS 0x000000060b400000, 0x000000060b400000| Untracked 
|   1|0x000000060b800000, 0x000000060bc00000, 0x000000060bc00000|100%|HS|  |TAMS 0x000000060b800000, 0x000000060b800000| Complete 
|   2|0x000000060bc00000, 0x000000060c000000, 0x000000060c000000|100%|HC|  |TAMS 0x000000060bc00000, 0x000000060bc00000| Complete 
|   3|0x000000060c000000, 0x000000060c400000, 0x000000060c400000|100%|HS|  |TAMS 0x000000060c000000, 0x000000060c000000| Complete 
|   4|0x000000060c400000, 0x000000060c800000, 0x000000060c800000|100%|HC|  |TAMS 0x000000060c400000, 0x000000060c400000| Complete 
|   5|0x000000060c800000, 0x000000060cc00000, 0x000000060cc00000|100%|HC|  |TAMS 0x000000060c800000, 0x000000060c800000| Complete 
|   6|0x000000060cc00000, 0x000000060d000000, 0x000000060d000000|100%|HS|  |TAMS 0x000000060cc00000, 0x000000060cc00000| Complete 
|   7|0x000000060d000000, 0x000000060d400000, 0x000000060d400000|100%|HC|  |TAMS 0x000000060d000000, 0x000000060d000000| Complete 
|   8|0x000000060d400000, 0x000000060d800000, 0x000000060d800000|100%|HC|  |TAMS 0x000000060d400000, 0x000000060d400000| Complete 
|   9|0x000000060d800000, 0x000000060d800000, 0x000000060dc00000|  0%| F|  |TAMS 0x000000060d800000, 0x000000060d800000| Untracked 
|  10|0x000000060dc00000, 0x000000060dc00000, 0x000000060e000000|  0%| F|  |TAMS 0x000000060dc00000, 0x000000060dc00000| Untracked 
|  11|0x000000060e000000, 0x000000060e000000, 0x000000060e400000|  0%| F|  |TAMS 0x000000060e000000, 0x000000060e000000| Untracked 
|  12|0x000000060e400000, 0x000000060e400000, 0x000000060e800000|  0%| F|  |TAMS 0x000000060e400000, 0x000000060e400000| Untracked 
|  13|0x000000060e800000, 0x000000060e800000, 0x000000060ec00000|  0%| F|  |TAMS 0x000000060e800000, 0x000000060e800000| Untracked 
|  14|0x000000060ec00000, 0x000000060ec00000, 0x000000060f000000|  0%| F|  |TAMS 0x000000060ec00000, 0x000000060ec00000| Untracked 
|  15|0x000000060f000000, 0x000000060f000000, 0x000000060f400000|  0%| F|  |TAMS 0x000000060f000000, 0x000000060f000000| Untracked 
|  16|0x000000060f400000, 0x000000060f400000, 0x000000060f800000|  0%| F|  |TAMS 0x000000060f400000, 0x000000060f400000| Untracked 
|  17|0x000000060f800000, 0x000000060f800000, 0x000000060fc00000|  0%| F|  |TAMS 0x000000060f800000, 0x000000060f800000| Untracked 
|  18|0x000000060fc00000, 0x000000060fc00000, 0x0000000610000000|  0%| F|  |TAMS 0x000000060fc00000, 0x000000060fc00000| Untracked 
|  19|0x0000000610000000, 0x0000000610000000, 0x0000000610400000|  0%| F|  |TAMS 0x0000000610000000, 0x0000000610000000| Untracked 
|  20|0x0000000610400000, 0x0000000610400000, 0x0000000610800000|  0%| F|  |TAMS 0x0000000610400000, 0x0000000610400000| Untracked 
|  21|0x0000000610800000, 0x0000000610800000, 0x0000000610c00000|  0%| F|  |TAMS 0x0000000610800000, 0x0000000610800000| Untracked 
|  22|0x0000000610c00000, 0x0000000610c00000, 0x0000000611000000|  0%| F|  |TAMS 0x0000000610c00000, 0x0000000610c00000| Untracked 
|  23|0x0000000611000000, 0x0000000611000000, 0x0000000611400000|  0%| F|  |TAMS 0x0000000611000000, 0x0000000611000000| Untracked 
|  24|0x0000000611400000, 0x0000000611400000, 0x0000000611800000|  0%| F|  |TAMS 0x0000000611400000, 0x0000000611400000| Untracked 
|  25|0x0000000611800000, 0x0000000611800000, 0x0000000611c00000|  0%| F|  |TAMS 0x0000000611800000, 0x0000000611800000| Untracked 
|  26|0x0000000611c00000, 0x0000000611c00000, 0x0000000612000000|  0%| F|  |TAMS 0x0000000611c00000, 0x0000000611c00000| Untracked 
|  27|0x0000000612000000, 0x0000000612000000, 0x0000000612400000|  0%| F|  |TAMS 0x0000000612000000, 0x0000000612000000| Untracked 
|  28|0x0000000612400000, 0x0000000612400000, 0x0000000612800000|  0%| F|  |TAMS 0x0000000612400000, 0x0000000612400000| Untracked 
|  29|0x0000000612800000, 0x0000000612800000, 0x0000000612c00000|  0%| F|  |TAMS 0x0000000612800000, 0x0000000612800000| Untracked 
|  30|0x0000000612c00000, 0x0000000612c00000, 0x0000000613000000|  0%| F|  |TAMS 0x0000000612c00000, 0x0000000612c00000| Untracked 
|  31|0x0000000613000000, 0x0000000613000000, 0x0000000613400000|  0%| F|  |TAMS 0x0000000613000000, 0x0000000613000000| Untracked 
|  32|0x0000000613400000, 0x0000000613400000, 0x0000000613800000|  0%| F|  |TAMS 0x0000000613400000, 0x0000000613400000| Untracked 
|  33|0x0000000613800000, 0x0000000613800000, 0x0000000613c00000|  0%| F|  |TAMS 0x0000000613800000, 0x0000000613800000| Untracked 
|  34|0x0000000613c00000, 0x0000000613c00000, 0x0000000614000000|  0%| F|  |TAMS 0x0000000613c00000, 0x0000000613c00000| Untracked 
|  35|0x0000000614000000, 0x0000000614000000, 0x0000000614400000|  0%| F|  |TAMS 0x0000000614000000, 0x0000000614000000| Untracked 
|  36|0x0000000614400000, 0x0000000614400000, 0x0000000614800000|  0%| F|  |TAMS 0x0000000614400000, 0x0000000614400000| Untracked 
|  37|0x0000000614800000, 0x0000000614800000, 0x0000000614c00000|  0%| F|  |TAMS 0x0000000614800000, 0x0000000614800000| Untracked 
|  38|0x0000000614c00000, 0x0000000614c00000, 0x0000000615000000|  0%| F|  |TAMS 0x0000000614c00000, 0x0000000614c00000| Untracked 
|  39|0x0000000615000000, 0x0000000615000000, 0x0000000615400000|  0%| F|  |TAMS 0x0000000615000000, 0x0000000615000000| Untracked 
|  40|0x0000000615400000, 0x0000000615400000, 0x0000000615800000|  0%| F|  |TAMS 0x0000000615400000, 0x0000000615400000| Untracked 
|  41|0x0000000615800000, 0x0000000615800000, 0x0000000615c00000|  0%| F|  |TAMS 0x0000000615800000, 0x0000000615800000| Untracked 
|  42|0x0000000615c00000, 0x0000000615c00000, 0x0000000616000000|  0%| F|  |TAMS 0x0000000615c00000, 0x0000000615c00000| Untracked 
|  43|0x0000000616000000, 0x0000000616000000, 0x0000000616400000|  0%| F|  |TAMS 0x0000000616000000, 0x0000000616000000| Untracked 
|  44|0x0000000616400000, 0x0000000616400000, 0x0000000616800000|  0%| F|  |TAMS 0x0000000616400000, 0x0000000616400000| Untracked 
|  45|0x0000000616800000, 0x0000000616800000, 0x0000000616c00000|  0%| F|  |TAMS 0x0000000616800000, 0x0000000616800000| Untracked 
|  46|0x0000000616c00000, 0x0000000616c00000, 0x0000000617000000|  0%| F|  |TAMS 0x0000000616c00000, 0x0000000616c00000| Untracked 
|  47|0x0000000617000000, 0x0000000617000000, 0x0000000617400000|  0%| F|  |TAMS 0x0000000617000000, 0x0000000617000000| Untracked 
|  48|0x0000000617400000, 0x0000000617400000, 0x0000000617800000|  0%| F|  |TAMS 0x0000000617400000, 0x0000000617400000| Untracked 
|  49|0x0000000617800000, 0x0000000617800000, 0x0000000617c00000|  0%| F|  |TAMS 0x0000000617800000, 0x0000000617800000| Untracked 
|  50|0x0000000617c00000, 0x0000000617c00000, 0x0000000618000000|  0%| F|  |TAMS 0x0000000617c00000, 0x0000000617c00000| Untracked 
|  51|0x0000000618000000, 0x0000000618000000, 0x0000000618400000|  0%| F|  |TAMS 0x0000000618000000, 0x0000000618000000| Untracked 
|  52|0x0000000618400000, 0x0000000618400000, 0x0000000618800000|  0%| F|  |TAMS 0x0000000618400000, 0x0000000618400000| Untracked 
|  53|0x0000000618800000, 0x0000000618800000, 0x0000000618c00000|  0%| F|  |TAMS 0x0000000618800000, 0x0000000618800000| Untracked 
|  54|0x0000000618c00000, 0x0000000618c00000, 0x0000000619000000|  0%| F|  |TAMS 0x0000000618c00000, 0x0000000618c00000| Untracked 
|  55|0x0000000619000000, 0x0000000619000000, 0x0000000619400000|  0%| F|  |TAMS 0x0000000619000000, 0x0000000619000000| Untracked 
|  56|0x0000000619400000, 0x0000000619400000, 0x0000000619800000|  0%| F|  |TAMS 0x0000000619400000, 0x0000000619400000| Untracked 
|  57|0x0000000619800000, 0x0000000619800000, 0x0000000619c00000|  0%| F|  |TAMS 0x0000000619800000, 0x0000000619800000| Untracked 
|  58|0x0000000619c00000, 0x0000000619c00000, 0x000000061a000000|  0%| F|  |TAMS 0x0000000619c00000, 0x0000000619c00000| Untracked 
|  59|0x000000061a000000, 0x000000061a000000, 0x000000061a400000|  0%| F|  |TAMS 0x000000061a000000, 0x000000061a000000| Untracked 
|  60|0x000000061a400000, 0x000000061a400000, 0x000000061a800000|  0%| F|  |TAMS 0x000000061a400000, 0x000000061a400000| Untracked 
|  61|0x000000061a800000, 0x000000061a800000, 0x000000061ac00000|  0%| F|  |TAMS 0x000000061a800000, 0x000000061a800000| Untracked 
|  62|0x000000061ac00000, 0x000000061ac00000, 0x000000061b000000|  0%| F|  |TAMS 0x000000061ac00000, 0x000000061ac00000| Untracked 
|  63|0x000000061b000000, 0x000000061b000000, 0x000000061b400000|  0%| F|  |TAMS 0x000000061b000000, 0x000000061b000000| Untracked 
|  64|0x000000061b400000, 0x000000061b400000, 0x000000061b800000|  0%| F|  |TAMS 0x000000061b400000, 0x000000061b400000| Untracked 
|  65|0x000000061b800000, 0x000000061b800000, 0x000000061bc00000|  0%| F|  |TAMS 0x000000061b800000, 0x000000061b800000| Untracked 
|  66|0x000000061bc00000, 0x000000061bc00000, 0x000000061c000000|  0%| F|  |TAMS 0x000000061bc00000, 0x000000061bc00000| Untracked 
|  67|0x000000061c000000, 0x000000061c000000, 0x000000061c400000|  0%| F|  |TAMS 0x000000061c000000, 0x000000061c000000| Untracked 
|  68|0x000000061c400000, 0x000000061c400000, 0x000000061c800000|  0%| F|  |TAMS 0x000000061c400000, 0x000000061c400000| Untracked 
|  69|0x000000061c800000, 0x000000061c800000, 0x000000061cc00000|  0%| F|  |TAMS 0x000000061c800000, 0x000000061c800000| Untracked 
|  70|0x000000061cc00000, 0x000000061cc00000, 0x000000061d000000|  0%| F|  |TAMS 0x000000061cc00000, 0x000000061cc00000| Untracked 
|  71|0x000000061d000000, 0x000000061d000000, 0x000000061d400000|  0%| F|  |TAMS 0x000000061d000000, 0x000000061d000000| Untracked 
|  72|0x000000061d400000, 0x000000061d400000, 0x000000061d800000|  0%| F|  |TAMS 0x000000061d400000, 0x000000061d400000| Untracked 
|  73|0x000000061d800000, 0x000000061d800000, 0x000000061dc00000|  0%| F|  |TAMS 0x000000061d800000, 0x000000061d800000| Untracked 
|  74|0x000000061dc00000, 0x000000061dc00000, 0x000000061e000000|  0%| F|  |TAMS 0x000000061dc00000, 0x000000061dc00000| Untracked 
|  75|0x000000061e000000, 0x000000061e000000, 0x000000061e400000|  0%| F|  |TAMS 0x000000061e000000, 0x000000061e000000| Untracked 
|  76|0x000000061e400000, 0x000000061e400000, 0x000000061e800000|  0%| F|  |TAMS 0x000000061e400000, 0x000000061e400000| Untracked 
|  77|0x000000061e800000, 0x000000061e800000, 0x000000061ec00000|  0%| F|  |TAMS 0x000000061e800000, 0x000000061e800000| Untracked 
|  78|0x000000061ec00000, 0x000000061ec00000, 0x000000061f000000|  0%| F|  |TAMS 0x000000061ec00000, 0x000000061ec00000| Untracked 
|  79|0x000000061f000000, 0x000000061f000000, 0x000000061f400000|  0%| F|  |TAMS 0x000000061f000000, 0x000000061f000000| Untracked 
|  80|0x000000061f400000, 0x000000061f400000, 0x000000061f800000|  0%| F|  |TAMS 0x000000061f400000, 0x000000061f400000| Untracked 
|  81|0x000000061f800000, 0x000000061f800000, 0x000000061fc00000|  0%| F|  |TAMS 0x000000061f800000, 0x000000061f800000| Untracked 
|  82|0x000000061fc00000, 0x000000061fc00000, 0x0000000620000000|  0%| F|  |TAMS 0x000000061fc00000, 0x000000061fc00000| Untracked 
|  83|0x0000000620000000, 0x0000000620000000, 0x0000000620400000|  0%| F|  |TAMS 0x0000000620000000, 0x0000000620000000| Untracked 
|  84|0x0000000620400000, 0x0000000620400000, 0x0000000620800000|  0%| F|  |TAMS 0x0000000620400000, 0x0000000620400000| Untracked 
|  85|0x0000000620800000, 0x0000000620800000, 0x0000000620c00000|  0%| F|  |TAMS 0x0000000620800000, 0x0000000620800000| Untracked 
|  86|0x0000000620c00000, 0x0000000620c00000, 0x0000000621000000|  0%| F|  |TAMS 0x0000000620c00000, 0x0000000620c00000| Untracked 
|  87|0x0000000621000000, 0x0000000621000000, 0x0000000621400000|  0%| F|  |TAMS 0x0000000621000000, 0x0000000621000000| Untracked 
|  88|0x0000000621400000, 0x0000000621400000, 0x0000000621800000|  0%| F|  |TAMS 0x0000000621400000, 0x0000000621400000| Untracked 
|  89|0x0000000621800000, 0x0000000621800000, 0x0000000621c00000|  0%| F|  |TAMS 0x0000000621800000, 0x0000000621800000| Untracked 
|  90|0x0000000621c00000, 0x0000000621c00000, 0x0000000622000000|  0%| F|  |TAMS 0x0000000621c00000, 0x0000000621c00000| Untracked 
|  91|0x0000000622000000, 0x0000000622000000, 0x0000000622400000|  0%| F|  |TAMS 0x0000000622000000, 0x0000000622000000| Untracked 
|  92|0x0000000622400000, 0x0000000622400000, 0x0000000622800000|  0%| F|  |TAMS 0x0000000622400000, 0x0000000622400000| Untracked 
|  93|0x0000000622800000, 0x0000000622800000, 0x0000000622c00000|  0%| F|  |TAMS 0x0000000622800000, 0x0000000622800000| Untracked 
|  94|0x0000000622c00000, 0x0000000622c00800, 0x0000000623000000|  0%| E|  |TAMS 0x0000000622c00000, 0x0000000622c00000| Complete 
|  95|0x0000000623000000, 0x0000000623400000, 0x0000000623400000|100%| E|CS|TAMS 0x0000000623000000, 0x0000000623000000| Complete 
|  96|0x0000000623400000, 0x0000000623800000, 0x0000000623800000|100%| E|CS|TAMS 0x0000000623400000, 0x0000000623400000| Complete 
|  97|0x0000000623800000, 0x0000000623c00000, 0x0000000623c00000|100%| E|CS|TAMS 0x0000000623800000, 0x0000000623800000| Complete 
|  98|0x0000000623c00000, 0x0000000624000000, 0x0000000624000000|100%| E|CS|TAMS 0x0000000623c00000, 0x0000000623c00000| Complete 
|  99|0x0000000624000000, 0x0000000624400000, 0x0000000624400000|100%| E|CS|TAMS 0x0000000624000000, 0x0000000624000000| Complete 
| 100|0x0000000624400000, 0x0000000624800000, 0x0000000624800000|100%| E|CS|TAMS 0x0000000624400000, 0x0000000624400000| Complete 
| 101|0x0000000624800000, 0x0000000624c00000, 0x0000000624c00000|100%| E|CS|TAMS 0x0000000624800000, 0x0000000624800000| Complete 
| 102|0x0000000624c00000, 0x0000000625000000, 0x0000000625000000|100%| E|CS|TAMS 0x0000000624c00000, 0x0000000624c00000| Complete 
| 103|0x0000000625000000, 0x0000000625400000, 0x0000000625400000|100%| E|CS|TAMS 0x0000000625000000, 0x0000000625000000| Complete 
| 104|0x0000000625400000, 0x0000000625800000, 0x0000000625800000|100%| E|CS|TAMS 0x0000000625400000, 0x0000000625400000| Complete 
| 105|0x0000000625800000, 0x0000000625c00000, 0x0000000625c00000|100%| E|CS|TAMS 0x0000000625800000, 0x0000000625800000| Complete 
| 106|0x0000000625c00000, 0x0000000626000000, 0x0000000626000000|100%| E|CS|TAMS 0x0000000625c00000, 0x0000000625c00000| Complete 
| 107|0x0000000626000000, 0x0000000626400000, 0x0000000626400000|100%| E|CS|TAMS 0x0000000626000000, 0x0000000626000000| Complete 
| 108|0x0000000626400000, 0x0000000626800000, 0x0000000626800000|100%| E|CS|TAMS 0x0000000626400000, 0x0000000626400000| Complete 
| 109|0x0000000626800000, 0x0000000626c00000, 0x0000000626c00000|100%| E|CS|TAMS 0x0000000626800000, 0x0000000626800000| Complete 
| 110|0x0000000626c00000, 0x0000000627000000, 0x0000000627000000|100%| E|CS|TAMS 0x0000000626c00000, 0x0000000626c00000| Complete 
| 111|0x0000000627000000, 0x0000000627400000, 0x0000000627400000|100%| E|CS|TAMS 0x0000000627000000, 0x0000000627000000| Complete 
| 112|0x0000000627400000, 0x0000000627800000, 0x0000000627800000|100%| E|CS|TAMS 0x0000000627400000, 0x0000000627400000| Complete 
| 113|0x0000000627800000, 0x0000000627c00000, 0x0000000627c00000|100%| E|CS|TAMS 0x0000000627800000, 0x0000000627800000| Complete 
| 114|0x0000000627c00000, 0x0000000628000000, 0x0000000628000000|100%| E|CS|TAMS 0x0000000627c00000, 0x0000000627c00000| Complete 
| 115|0x0000000628000000, 0x0000000628400000, 0x0000000628400000|100%| E|CS|TAMS 0x0000000628000000, 0x0000000628000000| Complete 
| 116|0x0000000628400000, 0x0000000628800000, 0x0000000628800000|100%| E|CS|TAMS 0x0000000628400000, 0x0000000628400000| Complete 
| 117|0x0000000628800000, 0x0000000628a898f0, 0x0000000628c00000| 63%| S|CS|TAMS 0x0000000628800000, 0x0000000628800000| Complete 
| 118|0x0000000628c00000, 0x0000000629000000, 0x0000000629000000|100%| E|CS|TAMS 0x0000000628c00000, 0x0000000628c00000| Complete 
| 119|0x0000000629000000, 0x0000000629400000, 0x0000000629400000|100%| E|CS|TAMS 0x0000000629000000, 0x0000000629000000| Complete 
| 120|0x0000000629400000, 0x0000000629800000, 0x0000000629800000|100%| E|CS|TAMS 0x0000000629400000, 0x0000000629400000| Complete 
| 121|0x0000000629800000, 0x0000000629c00000, 0x0000000629c00000|100%| E|CS|TAMS 0x0000000629800000, 0x0000000629800000| Complete 
| 122|0x0000000629c00000, 0x000000062a000000, 0x000000062a000000|100%| E|CS|TAMS 0x0000000629c00000, 0x0000000629c00000| Complete 
| 123|0x000000062a000000, 0x000000062a400000, 0x000000062a400000|100%| E|CS|TAMS 0x000000062a000000, 0x000000062a000000| Complete 
| 124|0x000000062a400000, 0x000000062a800000, 0x000000062a800000|100%| E|CS|TAMS 0x000000062a400000, 0x000000062a400000| Complete 
| 125|0x000000062a800000, 0x000000062ac00000, 0x000000062ac00000|100%| E|CS|TAMS 0x000000062a800000, 0x000000062a800000| Complete 
|2001|0x00000007ff800000, 0x00000007ffb75000, 0x00000007ffc00000| 86%|OA|  |TAMS 0x00000007ff800000, 0x00000007ff800000| Untracked 
|2002|0x00000007ffc00000, 0x00000007ffc77000, 0x0000000800000000| 11%|CA|  |TAMS 0x00000007ffc00000, 0x00000007ffc00000| Untracked 

Card table byte_map: [0x00007f95e48c7000,0x00007f95e586d000] _byte_map_base: 0x00007f95e186d000

Marking Bits (Prev, Next): (CMBitMap*) 0x00007f95e0043b00, (CMBitMap*) 0x00007f95e0043b40
 Prev Bits: [0x00007f95c08bb000, 0x00007f95c85eb000)
 Next Bits: [0x00007f95b8b8b000, 0x00007f95c08bb000)

Polling page: 0x00007f95e8e7d000

Metaspace:

Usage:
  Non-class:     14,04 MB used.
      Class:      1,75 MB used.
       Both:     15,79 MB used.

Virtual space:
  Non-class space:       64,00 MB reserved,      14,19 MB ( 22%) committed,  1 nodes.
      Class space:        1,00 GB reserved,       1,94 MB ( <1%) committed,  1 nodes.
             Both:        1,06 GB reserved,      16,12 MB (  1%) committed. 

Chunk freelists:
   Non-Class:  1,48 MB
       Class:  13,99 MB
        Both:  15,47 MB

MaxMetaspaceSize: unlimited
CompressedClassSpaceSize: 1,00 GB
Initial GC threshold: 21,00 MB
Current GC threshold: 21,00 MB
CDS: on
MetaspaceReclaimPolicy: balanced
 - commit_granule_bytes: 65536.
 - commit_granule_words: 8192.
 - virtual_space_node_default_size: 8388608.
 - enlarge_chunks_in_place: 1.
 - new_chunks_are_fully_committed: 0.
 - uncommit_free_chunks: 1.
 - use_allocation_guard: 0.
 - handle_deallocations: 1.


Internal statistics:

num_allocs_failed_limit: 0.
num_arena_births: 126.
num_arena_deaths: 0.
num_vsnodes_births: 2.
num_vsnodes_deaths: 0.
num_space_committed: 258.
num_space_uncommitted: 0.
num_chunks_returned_to_freelist: 0.
num_chunks_taken_from_freelist: 689.
num_chunk_merges: 0.
num_chunk_splits: 480.
num_chunks_enlarged: 366.
num_inconsistent_stats: 0.

CodeHeap 'non-profiled nmethods': size=120028Kb used=2031Kb max_used=2031Kb free=117996Kb
 bounds [0x00007f95d105a000, 0x00007f95d12ca000, 0x00007f95d8591000]
CodeHeap 'profiled nmethods': size=120028Kb used=7784Kb max_used=7784Kb free=112243Kb
 bounds [0x00007f95c9591000, 0x00007f95c9d31000, 0x00007f95d0ac8000]
CodeHeap 'non-nmethods': size=5704Kb used=1172Kb max_used=1224Kb free=4531Kb
 bounds [0x00007f95d0ac8000, 0x00007f95d0d38000, 0x00007f95d105a000]
 total_blobs=4269 nmethods=3806 adapters=376
 compilation: enabled
              stopped_count=0, restarted_count=0
 full_count=0

Compilation events (20 events):
Event: 1,597 Thread 0x00007f95e0154360 nmethod 3791 0x00007f95c9d21510 code [0x00007f95c9d217a0, 0x00007f95c9d22440]
Event: 1,597 Thread 0x00007f95e0154360 3793       3       sun.invoke.util.Wrapper::findPrimitiveType (25 bytes)
Event: 1,597 Thread 0x00007f95e0154360 nmethod 3793 0x00007f95c9d22910 code [0x00007f95c9d22ba0, 0x00007f95c9d236a0]
Event: 1,598 Thread 0x00007f95e0154360 3796       1       java.lang.invoke.LambdaForm$Name::index (5 bytes)
Event: 1,598 Thread 0x00007f95e0154360 nmethod 3796 0x00007f95d124ab10 code [0x00007f95d124aca0, 0x00007f95d124ad70]
Event: 1,598 Thread 0x00007f95e0154360 3797       3       java.lang.invoke.LambdaForm$Name::initIndex (26 bytes)
Event: 1,598 Thread 0x00007f95e0154360 nmethod 3797 0x00007f95c9d23b10 code [0x00007f95c9d23cc0, 0x00007f95c9d23e70]
Event: 1,598 Thread 0x00007f95e0154360 3798       3       jdk.internal.org.objectweb.asm.Type::<init> (26 bytes)
Event: 1,598 Thread 0x00007f95e0154360 nmethod 3798 0x00007f95c9d23f10 code [0x00007f95c9d240c0, 0x00007f95c9d24290]
Event: 1,599 Thread 0x00007f95e0154360 3799       3       sun.invoke.util.Wrapper::forPrimitiveType (49 bytes)
Event: 1,600 Thread 0x00007f95e0154360 nmethod 3799 0x00007f95c9d24390 code [0x00007f95c9d24700, 0x00007f95c9d25a80]
Event: 1,600 Thread 0x00007f95e0154360 3800       3       java.lang.invoke.MemberName$Factory::resolveOrFail (79 bytes)
Event: 1,600 Thread 0x00007f95e0154360 nmethod 3800 0x00007f95c9d26190 code [0x00007f95c9d263a0, 0x00007f95c9d26ab0]
Event: 1,601 Thread 0x00007f95e0154360 3803       3       java.lang.invoke.MemberName::isCallerSensitive (8 bytes)
Event: 1,601 Thread 0x00007f95e0154360 nmethod 3803 0x00007f95c9d26d10 code [0x00007f95c9d26ec0, 0x00007f95c9d270f0]
Event: 1,602 Thread 0x00007f95e0154360 3805       3       jdk.internal.org.objectweb.asm.Type::getArgumentTypes (154 bytes)
Event: 1,603 Thread 0x00007f95e0154360 nmethod 3805 0x00007f95c9d27210 code [0x00007f95c9d27700, 0x00007f95c9d2a140]
Event: 1,603 Thread 0x00007f95e0154360 3806       1       java.lang.invoke.InfoFromMemberName::getReferenceKind (5 bytes)
Event: 1,603 Thread 0x00007f95e0154360 nmethod 3806 0x00007f95d124b710 code [0x00007f95d124b8a0, 0x00007f95d124b970]
Event: 1,641 Thread 0x00007f95e0152e20 nmethod 3631 0x00007f95d124ba10 code [0x00007f95d124be80, 0x00007f95d12518a8]

GC Heap History (4 events):
Event: 0,405 GC heap before
{Heap before GC invocations=0 (full 0):
 garbage-first heap   total 524288K, used 28592K [0x000000060b400000, 0x0000000800000000)
  region size 4096K, 6 young (24576K), 0 survivors (0K)
 Metaspace       used 5109K, committed 5312K, reserved 1114112K
  class space    used 609K, committed 704K, reserved 1048576K
}
Event: 0,407 GC heap after
{Heap after GC invocations=1 (full 0):
 garbage-first heap   total 524288K, used 7184K [0x000000060b400000, 0x0000000800000000)
  region size 4096K, 1 young (4096K), 1 survivors (4096K)
 Metaspace       used 5109K, committed 5312K, reserved 1114112K
  class space    used 609K, committed 704K, reserved 1048576K
}
Event: 0,801 GC heap before
{Heap before GC invocations=1 (full 0):
 garbage-first heap   total 524288K, used 35856K [0x000000060b400000, 0x0000000800000000)
  region size 4096K, 8 young (32768K), 1 survivors (4096K)
 Metaspace       used 11163K, committed 11328K, reserved 1114112K
  class space    used 1362K, committed 1472K, reserved 1048576K
}
Event: 0,804 GC heap after
{Heap after GC invocations=2 (full 0):
 garbage-first heap   total 524288K, used 9427K [0x000000060b400000, 0x0000000800000000)
  region size 4096K, 1 young (4096K), 1 survivors (4096K)
 Metaspace       used 11163K, committed 11328K, reserved 1114112K
  class space    used 1362K, committed 1472K, reserved 1048576K
}

Dll operation events (7 events):
Event: 0,001 Loaded shared library /usr/lib/jvm/java-17-openjdk-amd64/lib/libjava.so
Event: 0,014 Loaded shared library /usr/lib/jvm/java-17-openjdk-amd64/lib/libjsvml.so
Event: 0,026 Loaded shared library /usr/lib/jvm/java-17-openjdk-amd64/lib/libnio.so
Event: 0,029 Loaded shared library /usr/lib/jvm/java-17-openjdk-amd64/lib/libzip.so
Event: 0,100 Loaded shared library /usr/lib/jvm/java-17-openjdk-amd64/lib/libjimage.so
Event: 0,142 Loaded shared library /usr/lib/jvm/java-17-openjdk-amd64/lib/libverify.so
Event: 0,811 Loaded shared library /usr/lib/jvm/java-17-openjdk-amd64/lib/libnet.so

Deoptimization events (20 events):
Event: 1,573 Thread 0x00007f95e0014430 Uncommon trap: trap_request=0xffffffde fr.pc=0x00007f95d10feac0 relative=0x0000000000000080
Event: 1,573 Thread 0x00007f95e0014430 Uncommon trap: reason=class_check action=maybe_recompile pc=0x00007f95d10feac0 method=com.google.inject.internal.MoreTypes.getRawType(Ljava/lang/reflect/Type;)Ljava/lang/Class; @ 13 c2
Event: 1,573 Thread 0x00007f95e0014430 DEOPT PACKING pc=0x00007f95d10feac0 sp=0x00007f95e75631c0
Event: 1,573 Thread 0x00007f95e0014430 DEOPT UNPACKING pc=0x00007f95d0b1e699 sp=0x00007f95e7563170 mode 2
Event: 1,573 Thread 0x00007f95e0014430 Uncommon trap: trap_request=0xffffffde fr.pc=0x00007f95d10feac0 relative=0x0000000000000080
Event: 1,573 Thread 0x00007f95e0014430 Uncommon trap: reason=class_check action=maybe_recompile pc=0x00007f95d10feac0 method=com.google.inject.internal.MoreTypes.getRawType(Ljava/lang/reflect/Type;)Ljava/lang/Class; @ 13 c2
Event: 1,573 Thread 0x00007f95e0014430 DEOPT PACKING pc=0x00007f95d10feac0 sp=0x00007f95e75631c0
Event: 1,573 Thread 0x00007f95e0014430 DEOPT UNPACKING pc=0x00007f95d0b1e699 sp=0x00007f95e7563170 mode 2
Event: 1,586 Thread 0x00007f95e0014430 Uncommon trap: trap_request=0xffffff45 fr.pc=0x00007f95d123ac00 relative=0x00000000000006c0
Event: 1,586 Thread 0x00007f95e0014430 Uncommon trap: reason=unstable_if action=reinterpret pc=0x00007f95d123ac00 method=java.util.jar.Manifest$FastInputStream.readLine([BII)I @ 130 c2
Event: 1,586 Thread 0x00007f95e0014430 DEOPT PACKING pc=0x00007f95d123ac00 sp=0x00007f95e7562d40
Event: 1,586 Thread 0x00007f95e0014430 DEOPT UNPACKING pc=0x00007f95d0b1e699 sp=0x00007f95e7562cd0 mode 2
Event: 1,592 Thread 0x00007f95e0014430 Uncommon trap: trap_request=0xffffffde fr.pc=0x00007f95d117e718 relative=0x0000000000000078
Event: 1,592 Thread 0x00007f95e0014430 Uncommon trap: reason=class_check action=maybe_recompile pc=0x00007f95d117e718 method=java.util.Collections$UnmodifiableMap$UnmodifiableEntrySet$1.hasNext()Z @ 4 c2
Event: 1,592 Thread 0x00007f95e0014430 DEOPT PACKING pc=0x00007f95d117e718 sp=0x00007f95e7563350
Event: 1,592 Thread 0x00007f95e0014430 DEOPT UNPACKING pc=0x00007f95d0b1e699 sp=0x00007f95e7563300 mode 2
Event: 1,602 Thread 0x00007f95e0014430 Uncommon trap: trap_request=0xffffffde fr.pc=0x00007f95d11c4900 relative=0x0000000000000540
Event: 1,602 Thread 0x00007f95e0014430 Uncommon trap: reason=class_check action=maybe_recompile pc=0x00007f95d11c4900 method=java.util.Hashtable.get(Ljava/lang/Object;)Ljava/lang/Object; @ 6 c2
Event: 1,602 Thread 0x00007f95e0014430 DEOPT PACKING pc=0x00007f95d11c4900 sp=0x00007f95e75631f0
Event: 1,602 Thread 0x00007f95e0014430 DEOPT UNPACKING pc=0x00007f95d0b1e699 sp=0x00007f95e75631a0 mode 2

Classes unloaded (0 events):
No events

Classes redefined (0 events):
No events

Internal exceptions (20 events):
Event: 1,022 Thread 0x00007f95e0014430 Implicit null exception at 0x00007f95d10ea0d8 to 0x00007f95d10ea16a
Event: 1,178 Thread 0x00007f95e0014430 Implicit null exception at 0x00007f95d10be06d to 0x00007f95d10be230
Event: 1,178 Thread 0x00007f95e0014430 Implicit null exception at 0x00007f95d10f3eaf to 0x00007f95d10f3f29
Event: 1,427 Thread 0x00007f95e0014430 Exception <a 'java/lang/NoSuchMethodError'{0x0000000625218e78}: 'java.lang.Object java.lang.invoke.DirectMethodHandle$Holder.invokeInterface(java.lang.Object, java.lang.Object)'> (0x0000000625218e78) 
thrown [./src/hotspot/share/interpreter/linkResolver.cpp, line 758]
Event: 1,444 Thread 0x00007f95e0014430 Exception <a 'java/lang/NoSuchMethodError'{0x0000000625377ee0}: 'void java.lang.invoke.DirectMethodHandle$Holder.invokeVirtual(java.lang.Object, java.lang.Object)'> (0x0000000625377ee0) 
thrown [./src/hotspot/share/interpreter/linkResolver.cpp, line 758]
Event: 1,445 Thread 0x00007f95e0014430 Exception <a 'java/lang/NoSuchMethodError'{0x0000000625380818}: 'int java.lang.invoke.DirectMethodHandle$Holder.invokeSpecial(java.lang.Object, java.lang.Object, java.lang.Object, java.lang.Object)'> (0x0000000625380818) 
thrown [./src/hotspot/share/interpreter/linkResolver.cpp, line 758]
Event: 1,567 Thread 0x00007f95e0014430 Exception <a 'java/lang/NoClassDefFoundError'{0x000000062379c258}: org/codehaus/plexus/util/io/CachingOutputStream> (0x000000062379c258) 
thrown [./src/hotspot/share/classfile/systemDictionary.cpp, line 245]
Event: 1,575 Thread 0x00007f95e0014430 Exception <a 'java/lang/NoSuchMethodError'{0x0000000623057d08}: 'int java.lang.invoke.DirectMethodHandle$Holder.invokeStaticInit(java.lang.Object, java.lang.Object)'> (0x0000000623057d08) 
thrown [./src/hotspot/share/interpreter/linkResolver.cpp, line 758]
Event: 1,577 Thread 0x00007f95e0014430 Exception <a 'java/lang/NoSuchMethodError'{0x0000000623068128}: 'int java.lang.invoke.DirectMethodHandle$Holder.invokeStatic(java.lang.Object, java.lang.Object, java.lang.Object, java.lang.Object)'> (0x0000000623068128) 
thrown [./src/hotspot/share/interpreter/linkResolver.cpp, line 758]
Event: 1,577 Thread 0x00007f95e0014430 Exception <a 'java/lang/NoSuchMethodError'{0x000000062306baa8}: 'java.lang.Object java.lang.invoke.Invokers$Holder.invokeExact_MT(java.lang.Object, java.lang.Object, java.lang.Object, java.lang.Object, java.lang.Object, java.lang.Object)'> (0x000000062306baa8) 
thrown [./src/hotspot/share/interpreter/linkResolver.cpp, line 758]
Event: 1,591 Thread 0x00007f95e0014430 Exception <a 'java/lang/NoSuchMethodError'{0x000000062331fb28}: 'void java.lang.invoke.DirectMethodHandle$Holder.invokeStatic(java.lang.Object, java.lang.Object)'> (0x000000062331fb28) 
thrown [./src/hotspot/share/interpreter/linkResolver.cpp, line 758]
Event: 1,594 Thread 0x00007f95e0014430 Exception <a 'java/lang/NoSuchMethodError'{0x0000000623339788}: 'java.lang.Object java.lang.invoke.DirectMethodHandle$Holder.invokeStaticInit(java.lang.Object)'> (0x0000000623339788) 
thrown [./src/hotspot/share/interpreter/linkResolver.cpp, line 758]
Event: 1,595 Thread 0x00007f95e0014430 Exception <a 'java/lang/NoSuchMethodError'{0x0000000623343100}: 'java.lang.Object java.lang.invoke.DirectMethodHandle$Holder.invokeStaticInit(java.lang.Object, java.lang.Object, long, java.lang.Object)'> (0x0000000623343100) 
thrown [./src/hotspot/share/interpreter/linkResolver.cpp, line 758]
Event: 1,596 Thread 0x00007f95e0014430 Exception <a 'java/lang/NoSuchMethodError'{0x00000006233499c8}: 'java.lang.Object java.lang.invoke.DirectMethodHandle$Holder.newInvokeSpecial(java.lang.Object, java.lang.Object, long)'> (0x00000006233499c8) 
thrown [./src/hotspot/share/interpreter/linkResolver.cpp, line 758]
Event: 1,596 Thread 0x00007f95e0014430 Exception <a 'java/lang/NoSuchMethodError'{0x000000062334dcb8}: 'java.lang.Object java.lang.invoke.Invokers$Holder.linkToTargetMethod(java.lang.Object, long, java.lang.Object)'> (0x000000062334dcb8) 
thrown [./src/hotspot/share/interpreter/linkResolver.cpp, line 758]
Event: 1,597 Thread 0x00007f95e0014430 Exception <a 'java/lang/NoSuchMethodError'{0x0000000623355698}: 'java.lang.Object java.lang.invoke.DirectMethodHandle$Holder.newInvokeSpecial(java.lang.Object, java.lang.Object, java.lang.Object, int)'> (0x0000000623355698) 
thrown [./src/hotspot/share/interpreter/linkResolver.cpp, line 758]
Event: 1,597 Thread 0x00007f95e0014430 Exception <a 'java/lang/NoSuchMethodError'{0x0000000623359a78}: 'java.lang.Object java.lang.invoke.DirectMethodHandle$Holder.invokeSpecial(java.lang.Object, java.lang.Object, java.lang.Object, java.lang.Object, int)'> (0x0000000623359a78) 
thrown [./src/hotspot/share/interpreter/linkResolver.cpp, line 758]
Event: 1,598 Thread 0x00007f95e0014430 Exception <a 'java/lang/NoSuchMethodError'{0x000000062335d640}: 'java.lang.Object java.lang.invoke.Invokers$Holder.linkToTargetMethod(java.lang.Object, java.lang.Object, int, java.lang.Object)'> (0x000000062335d640) 
thrown [./src/hotspot/share/interpreter/linkResolver.cpp, line 758]
Event: 1,601 Thread 0x00007f95e0014430 Exception <a 'java/lang/NoSuchMethodError'{0x0000000623368400}: 'int java.lang.invoke.DirectMethodHandle$Holder.invokeVirtual(java.lang.Object, java.lang.Object)'> (0x0000000623368400) 
thrown [./src/hotspot/share/interpreter/linkResolver.cpp, line 758]
Event: 1,601 Thread 0x00007f95e0014430 Exception <a 'java/lang/NoSuchMethodError'{0x0000000623372468}: 'void java.lang.invoke.DirectMethodHandle$Holder.invokeStatic(java.lang.Object, java.lang.Object, java.lang.Object)'> (0x0000000623372468) 
thrown [./src/hotspot/share/interpreter/linkResolver.cpp, line 758]

VM Operations (20 events):
Event: 1,235 Executing VM operation: HandshakeAllThreads
Event: 1,235 Executing VM operation: HandshakeAllThreads done
Event: 1,251 Executing VM operation: ICBufferFull
Event: 1,251 Executing VM operation: ICBufferFull done
Event: 1,261 Executing VM operation: HandshakeAllThreads
Event: 1,261 Executing VM operation: HandshakeAllThreads done
Event: 1,407 Executing VM operation: HandshakeAllThreads
Event: 1,407 Executing VM operation: HandshakeAllThreads done
Event: 1,442 Executing VM operation: HandshakeAllThreads
Event: 1,442 Executing VM operation: HandshakeAllThreads done
Event: 1,443 Executing VM operation: HandshakeAllThreads
Event: 1,443 Executing VM operation: HandshakeAllThreads done
Event: 1,466 Executing VM operation: ICBufferFull
Event: 1,466 Executing VM operation: ICBufferFull done
Event: 1,599 Executing VM operation: HandshakeAllThreads
Event: 1,599 Executing VM operation: HandshakeAllThreads done
Event: 2,599 Executing VM operation: Cleanup
Event: 2,599 Executing VM operation: Cleanup done
Event: 60,038 Executing VM operation: HandshakeAllThreads
Event: 60,038 Executing VM operation: HandshakeAllThreads done

Events (20 events):
Event: 1,600 Thread 0x00007f95e0c46800 Thread added: 0x00007f95e0c46800
Event: 1,600 Protecting memory [0x00007f95b800e000,0x00007f95b8012000] with protection modes 0
Event: 1,600 loading class java/util/concurrent/CompletableFuture$UniHandle
Event: 1,600 loading class java/util/concurrent/CompletableFuture$UniCompletion
Event: 1,600 loading class java/util/concurrent/CompletableFuture$UniCompletion done
Event: 1,600 loading class java/util/concurrent/CompletableFuture$UniHandle done
Event: 1,600 loading class jdk/internal/event/ProcessStartEvent
Event: 1,600 loading class jdk/internal/event/ProcessStartEvent done
Event: 1,601 loading class sun/misc/Signal
Event: 1,601 loading class sun/misc/Signal done
Event: 1,601 loading class sun/misc/SignalHandler
Event: 1,601 loading class sun/misc/SignalHandler done
Event: 1,601 loading class sun/invoke/util/VerifyAccess$1
Event: 1,601 loading class sun/invoke/util/VerifyAccess$1 done
Event: 1,602 loading class sun/misc/Signal$InternalMiscHandler
Event: 1,602 loading class sun/misc/Signal$InternalMiscHandler done
Event: 1,602 loading class sun/misc/Signal$SunMiscHandler
Event: 1,602 loading class sun/misc/Signal$SunMiscHandler done
Event: 6,602 Thread 0x00007f95341748e0 Thread exited: 0x00007f95341748e0
Event: 6,602 Thread 0x00007f95340a0840 Thread exited: 0x00007f95340a0840


Dynamic libraries:
60b400000-62ac00000 rw-p 00000000 00:00 0 
62ac00000-7ff800000 ---p 00000000 00:00 0 
7ff800000-7ffb00000 rw-p 00000000 00:00 0 
7ffb00000-7ffb75000 rw-p 00c76000 08:02 13399095                         /usr/lib/jvm/java-17-openjdk-amd64/lib/server/classes.jsa
7ffb75000-7ffc00000 rw-p 00000000 00:00 0 
7ffc00000-7ffc77000 rw-p 00bff000 08:02 13399095                         /usr/lib/jvm/java-17-openjdk-amd64/lib/server/classes.jsa
7ffc77000-800000000 rw-p 00000000 00:00 0 
55596e0b1000-55596e0b2000 r--p 00000000 08:02 13398943                   /usr/lib/jvm/java-17-openjdk-amd64/bin/java
55596e0b2000-55596e0b3000 r-xp 00001000 08:02 13398943                   /usr/lib/jvm/java-17-openjdk-amd64/bin/java
55596e0b3000-55596e0b4000 r--p 00002000 08:02 13398943                   /usr/lib/jvm/java-17-openjdk-amd64/bin/java
55596e0b4000-55596e0b5000 r--p 00002000 08:02 13398943                   /usr/lib/jvm/java-17-openjdk-amd64/bin/java
55596e0b5000-55596e0b6000 rw-p 00003000 08:02 13398943                   /usr/lib/jvm/java-17-openjdk-amd64/bin/java
55596f53d000-55596f6e1000 rw-p 00000000 00:00 0                          [heap]
7f94f4000000-7f94f4021000 rw-p 00000000 00:00 0 
7f94f4021000-7f94f8000000 ---p 00000000 00:00 0 
7f94fc000000-7f94fc021000 rw-p 00000000 00:00 0 
7f94fc021000-7f9500000000 ---p 00000000 00:00 0 
7f9500000000-7f9500021000 rw-p 00000000 00:00 0 
7f9500021000-7f9504000000 ---p 00000000 00:00 0 
7f9504000000-7f9504021000 rw-p 00000000 00:00 0 
7f9504021000-7f9508000000 ---p 00000000 00:00 0 
7f9508000000-7f9508021000 rw-p 00000000 00:00 0 
7f9508021000-7f950c000000 ---p 00000000 00:00 0 
7f950c000000-7f950c021000 rw-p 00000000 00:00 0 
7f950c021000-7f9510000000 ---p 00000000 00:00 0 
7f9510000000-7f9510021000 rw-p 00000000 00:00 0 
7f9510021000-7f9514000000 ---p 00000000 00:00 0 
7f9514000000-7f9514021000 rw-p 00000000 00:00 0 
7f9514021000-7f9518000000 ---p 00000000 00:00 0 
7f9518000000-7f9518021000 rw-p 00000000 00:00 0 
7f9518021000-7f951c000000 ---p 00000000 00:00 0 
7f951c000000-7f951ca86000 rw-p 00000000 00:00 0 
7f951ca86000-7f9520000000 ---p 00000000 00:00 0 
7f9520000000-7f9520021000 rw-p 00000000 00:00 0 
7f9520021000-7f9524000000 ---p 00000000 00:00 0 
7f9524000000-7f9524021000 rw-p 00000000 00:00 0 
7f9524021000-7f9528000000 ---p 00000000 00:00 0 
7f9528000000-7f9528ce1000 rw-p 00000000 00:00 0 
7f9528ce1000-7f952c000000 ---p 00000000 00:00 0 
7f952c000000-7f952c021000 rw-p 00000000 00:00 0 
7f952c021000-7f9530000000 ---p 00000000 00:00 0 
7f9530000000-7f9530021000 rw-p 00000000 00:00 0 
7f9530021000-7f9534000000 ---p 00000000 00:00 0 
7f9534000000-7f9534725000 rw-p 00000000 00:00 0 
7f9534725000-7f9538000000 ---p 00000000 00:00 0 
7f9538000000-7f9538021000 rw-p 00000000 00:00 0 
7f9538021000-7f953c000000 ---p 00000000 00:00 0 
7f953c000000-7f953c021000 rw-p 00000000 00:00 0 
7f953c021000-7f9540000000 ---p 00000000 00:00 0 
7f9540000000-7f9540e66000 rw-p 00000000 00:00 0 
7f9540e66000-7f9544000000 ---p 00000000 00:00 0 
7f9544000000-7f9544021000 rw-p 00000000 00:00 0 
7f9544021000-7f9548000000 ---p 00000000 00:00 0 
7f9548000000-7f9548021000 rw-p 00000000 00:00 0 
7f9548021000-7f954c000000 ---p 00000000 00:00 0 
7f954c000000-7f954c021000 rw-p 00000000 00:00 0 
7f954c021000-7f9550000000 ---p 00000000 00:00 0 
7f9550000000-7f9550021000 rw-p 00000000 00:00 0 
7f9550021000-7f9554000000 ---p 00000000 00:00 0 
7f9554000000-7f9554021000 rw-p 00000000 00:00 0 
7f9554021000-7f9558000000 ---p 00000000 00:00 0 
7f955b000000-7f955bbc7000 rw-p 00001000 08:02 13399095                   /usr/lib/jvm/java-17-openjdk-amd64/lib/server/classes.jsa
7f955bbc7000-7f955c000000 ---p 00000000 00:00 0 
7f955c000000-7f955c040000 rw-p 00000000 00:00 0 
7f955c040000-7f955c080000 rw-p 00000000 00:00 0 
7f955c080000-7f955c1c0000 rw-p 00000000 00:00 0 
7f955c1c0000-7f955c1e0000 rw-p 00000000 00:00 0 
7f955c1e0000-7f955c200000 ---p 00000000 00:00 0 
7f955c200000-7f955c210000 rw-p 00000000 00:00 0 
7f955c210000-7f959c000000 ---p 00000000 00:00 0 
7f959c000000-7f959c021000 rw-p 00000000 00:00 0 
7f959c021000-7f95a0000000 ---p 00000000 00:00 0 
7f95a0000000-7f95a03a0000 rw-p 00000000 00:00 0 
7f95a03a0000-7f95a0400000 ---p 00000000 00:00 0 
7f95a0400000-7f95a0e90000 rw-p 00000000 00:00 0 
7f95a0e90000-7f95a4000000 ---p 00000000 00:00 0 
7f95a4000000-7f95a4021000 rw-p 00000000 00:00 0 
7f95a4021000-7f95a8000000 ---p 00000000 00:00 0 
7f95a8232000-7f95a84bf000 rw-p 00000000 00:00 0 
7f95a84bf000-7f95a84c0000 ---p 00000000 00:00 0 
7f95a84c0000-7f95a85c0000 rw-p 00000000 00:00 0 
7f95a85c0000-7f95a85c1000 ---p 00000000 00:00 0 
7f95a85c1000-7f95a86c1000 rw-p 00000000 00:00 0 
7f95a86c1000-7f95a86c2000 ---p 00000000 00:00 0 
7f95a86c2000-7f95a87c2000 rw-p 00000000 00:00 0 
7f95a87c2000-7f95a87c3000 ---p 00000000 00:00 0 
7f95a87c3000-7f95a88c3000 rw-p 00000000 00:00 0 
7f95a88c3000-7f95a88c4000 ---p 00000000 00:00 0 
7f95a88c4000-7f95a89c4000 rw-p 00000000 00:00 0 
7f95a89c4000-7f95a89c5000 ---p 00000000 00:00 0 
7f95a89c5000-7f95a8ac5000 rw-p 00000000 00:00 0 
7f95a8ac5000-7f95a8ac6000 ---p 00000000 00:00 0 
7f95a8ac6000-7f95a8bc6000 rw-p 00000000 00:00 0 
7f95a8bc6000-7f95a8bc7000 ---p 00000000 00:00 0 
7f95a8bc7000-7f95a8cc7000 rw-p 00000000 00:00 0 
7f95a8cc7000-7f95a8cc8000 ---p 00000000 00:00 0 
7f95a8cc8000-7f95a8dc8000 rw-p 00000000 00:00 0 
7f95a8e59000-7f95a8e5d000 ---p 00000000 00:00 0 
7f95a8e5d000-7f95a8f59000 rw-p 00000000 00:00 0 
7f95a8f59000-7f95a8f5d000 ---p 00000000 00:00 0 
7f95a8f5d000-7f95a908a000 rw-p 00000000 00:00 0 
7f95a908a000-7f95a908e000 ---p 00000000 00:00 0 
7f95a908e000-7f95a918a000 rw-p 00000000 00:00 0 
7f95a918a000-7f95a918b000 ---p 00000000 00:00 0 
7f95a918b000-7f95a928b000 rw-p 00000000 00:00 0 
7f95a928b000-7f95a928f000 ---p 00000000 00:00 0 
7f95a928f000-7f95a938b000 rw-p 00000000 00:00 0 
7f95a938b000-7f95a938f000 ---p 00000000 00:00 0 
7f95a938f000-7f95a948b000 rw-p 00000000 00:00 0 
7f95a948b000-7f95a948f000 ---p 00000000 00:00 0 
7f95a948f000-7f95a958b000 rw-p 00000000 00:00 0 
7f95a958b000-7f95a958f000 ---p 00000000 00:00 0 
7f95a958f000-7f95a968b000 rw-p 00000000 00:00 0 
7f95a968b000-7f95a968f000 ---p 00000000 00:00 0 
7f95a968f000-7f95a978b000 rw-p 00000000 00:00 0 
7f95a978b000-7f95a978f000 ---p 00000000 00:00 0 
7f95a978f000-7f95a988b000 rw-p 00000000 00:00 0 
7f95a988b000-7f95a988f000 ---p 00000000 00:00 0 
7f95a988f000-7f95a998b000 rw-p 00000000 00:00 0 
7f95a998b000-7f95a9f00000 r--p 00000000 08:02 13374161                   /usr/lib/locale/locale-archive
7f95a9f00000-7f95a9f04000 ---p 00000000 00:00 0 
7f95a9f04000-7f95ac000000 rw-p 00000000 00:00 0 
7f95ac000000-7f95ac021000 rw-p 00000000 00:00 0 
7f95ac021000-7f95b0000000 ---p 00000000 00:00 0 
7f95b0000000-7f95b0021000 rw-p 00000000 00:00 0 
7f95b0021000-7f95b4000000 ---p 00000000 00:00 0 
7f95b4000000-7f95b4021000 rw-p 00000000 00:00 0 
7f95b4021000-7f95b8000000 ---p 00000000 00:00 0 
7f95b800e000-7f95b8012000 ---p 00000000 00:00 0 
7f95b8012000-7f95b8030000 rw-p 00000000 00:00 0 
7f95b8030000-7f95b8034000 ---p 00000000 00:00 0 
7f95b8034000-7f95b8130000 rw-p 00000000 00:00 0 
7f95b8130000-7f95b8131000 ---p 00000000 00:00 0 
7f95b8131000-7f95b8231000 rw-p 00000000 00:00 0 
7f95b8231000-7f95b8236000 r--p 00000000 08:02 13399077                   /usr/lib/jvm/java-17-openjdk-amd64/lib/libjsvml.so
7f95b8236000-7f95b8277000 r-xp 00005000 08:02 13399077                   /usr/lib/jvm/java-17-openjdk-amd64/lib/libjsvml.so
7f95b8277000-7f95b8300000 r--p 00046000 08:02 13399077                   /usr/lib/jvm/java-17-openjdk-amd64/lib/libjsvml.so
7f95b8300000-7f95b8301000 r--p 000ce000 08:02 13399077                   /usr/lib/jvm/java-17-openjdk-amd64/lib/libjsvml.so
7f95b8301000-7f95b8302000 rw-p 000cf000 08:02 13399077                   /usr/lib/jvm/java-17-openjdk-amd64/lib/libjsvml.so
7f95b8302000-7f95b8383000 rw-p 00000000 00:00 0 
7f95b8383000-7f95b8384000 ---p 00000000 00:00 0 
7f95b8384000-7f95b8484000 rw-p 00000000 00:00 0 
7f95b8484000-7f95b8485000 ---p 00000000 00:00 0 
7f95b8485000-7f95b936b000 rw-p 00000000 00:00 0 
7f95b936b000-7f95c089b000 ---p 00000000 00:00 0 
7f95c089b000-7f95c109b000 rw-p 00000000 00:00 0 
7f95c109b000-7f95c85cb000 ---p 00000000 00:00 0 
7f95c85cb000-7f95c86e7000 rw-p 00000000 00:00 0 
7f95c86e7000-7f95c958d000 ---p 00000000 00:00 0 
7f95c958d000-7f95c9591000 rw-p 00000000 00:00 0 
7f95c9591000-7f95c9d31000 rwxp 00000000 00:00 0 
7f95c9d31000-7f95d0ac8000 ---p 00000000 00:00 0 
7f95d0ac8000-7f95d0d38000 rwxp 00000000 00:00 0 
7f95d0d38000-7f95d105a000 ---p 00000000 00:00 0 
7f95d105a000-7f95d12ca000 rwxp 00000000 00:00 0 
7f95d12ca000-7f95d8591000 ---p 00000000 00:00 0 
7f95d8591000-7f95e0000000 r--s 00000000 08:02 13399092                   /usr/lib/jvm/java-17-openjdk-amd64/lib/modules
7f95e0000000-7f95e0c5a000 rw-p 00000000 00:00 0 
7f95e0c5a000-7f95e4000000 ---p 00000000 00:00 0 
7f95e4011000-7f95e4015000 r--p 00000000 08:02 13399090                   /usr/lib/jvm/java-17-openjdk-amd64/lib/libverify.so
7f95e4015000-7f95e401c000 r-xp 00004000 08:02 13399090                   /usr/lib/jvm/java-17-openjdk-amd64/lib/libverify.so
7f95e401c000-7f95e401e000 r--p 0000b000 08:02 13399090                   /usr/lib/jvm/java-17-openjdk-amd64/lib/libverify.so
7f95e401e000-7f95e4020000 r--p 0000c000 08:02 13399090                   /usr/lib/jvm/java-17-openjdk-amd64/lib/libverify.so
7f95e4020000-7f95e4021000 rw-p 0000e000 08:02 13399090                   /usr/lib/jvm/java-17-openjdk-amd64/lib/libverify.so
7f95e4021000-7f95e4023000 r--p 00000000 08:02 13399091                   /usr/lib/jvm/java-17-openjdk-amd64/lib/libzip.so
7f95e4023000-7f95e4028000 r-xp 00002000 08:02 13399091                   /usr/lib/jvm/java-17-openjdk-amd64/lib/libzip.so
7f95e4028000-7f95e402a000 r--p 00007000 08:02 13399091                   /usr/lib/jvm/java-17-openjdk-amd64/lib/libzip.so
7f95e402a000-7f95e402b000 r--p 00008000 08:02 13399091                   /usr/lib/jvm/java-17-openjdk-amd64/lib/libzip.so
7f95e402b000-7f95e402c000 rw-p 00009000 08:02 13399091                   /usr/lib/jvm/java-17-openjdk-amd64/lib/libzip.so
7f95e402c000-7f95e40c8000 rw-p 00000000 00:00 0 
7f95e40c9000-7f95e40d0000 r--s 00000000 08:02 13515245                   /usr/lib/x86_64-linux-gnu/gconv/gconv-modules.cache
7f95e40d0000-7f95e40d4000 r--p 00000000 08:02 13399083                   /usr/lib/jvm/java-17-openjdk-amd64/lib/libnet.so
7f95e40d4000-7f95e40e2000 r-xp 00004000 08:02 13399083                   /usr/lib/jvm/java-17-openjdk-amd64/lib/libnet.so
7f95e40e2000-7f95e40e6000 r--p 00012000 08:02 13399083                   /usr/lib/jvm/java-17-openjdk-amd64/lib/libnet.so
7f95e40e6000-7f95e40e7000 r--p 00015000 08:02 13399083                   /usr/lib/jvm/java-17-openjdk-amd64/lib/libnet.so
7f95e40e7000-7f95e40e8000 rw-p 00016000 08:02 13399083                   /usr/lib/jvm/java-17-openjdk-amd64/lib/libnet.so
7f95e40e8000-7f95e40ef000 r--p 00000000 08:02 13399084                   /usr/lib/jvm/java-17-openjdk-amd64/lib/libnio.so
7f95e40ef000-7f95e40f8000 r-xp 00007000 08:02 13399084                   /usr/lib/jvm/java-17-openjdk-amd64/lib/libnio.so
7f95e40f8000-7f95e40fc000 r--p 00010000 08:02 13399084                   /usr/lib/jvm/java-17-openjdk-amd64/lib/libnio.so
7f95e40fc000-7f95e40fd000 ---p 00014000 08:02 13399084                   /usr/lib/jvm/java-17-openjdk-amd64/lib/libnio.so
7f95e40fd000-7f95e40fe000 r--p 00014000 08:02 13399084                   /usr/lib/jvm/java-17-openjdk-amd64/lib/libnio.so
7f95e40fe000-7f95e40ff000 rw-p 00015000 08:02 13399084                   /usr/lib/jvm/java-17-openjdk-amd64/lib/libnio.so
7f95e40ff000-7f95e4503000 rw-p 00000000 00:00 0 
7f95e4503000-7f95e4504000 ---p 00000000 00:00 0 
7f95e4504000-7f95e4604000 rw-p 00000000 00:00 0 
7f95e4604000-7f95e4605000 ---p 00000000 00:00 0 
7f95e4605000-7f95e4705000 rw-p 00000000 00:00 0 
7f95e4705000-7f95e4706000 ---p 00000000 00:00 0 
7f95e4706000-7f95e49c3000 rw-p 00000000 00:00 0 
7f95e49c3000-7f95e5869000 ---p 00000000 00:00 0 
7f95e5869000-7f95e5969000 rw-p 00000000 00:00 0 
7f95e5969000-7f95e680f000 ---p 00000000 00:00 0 
7f95e680f000-7f95e7261000 rw-p 00000000 00:00 0 
7f95e7261000-7f95e7347000 ---p 00000000 00:00 0 
7f95e7347000-7f95e7357000 rw-p 00000000 00:00 0 
7f95e7357000-7f95e7432000 ---p 00000000 00:00 0 
7f95e7432000-7f95e7437000 rw-p 00000000 00:00 0 
7f95e7437000-7f95e743e000 ---p 00000000 00:00 0 
7f95e743e000-7f95e744a000 r--p 00000000 08:02 13399070                   /usr/lib/jvm/java-17-openjdk-amd64/lib/libjava.so
7f95e744a000-7f95e745d000 r-xp 0000c000 08:02 13399070                   /usr/lib/jvm/java-17-openjdk-amd64/lib/libjava.so
7f95e745d000-7f95e7463000 r--p 0001f000 08:02 13399070                   /usr/lib/jvm/java-17-openjdk-amd64/lib/libjava.so
7f95e7463000-7f95e7464000 r--p 00024000 08:02 13399070                   /usr/lib/jvm/java-17-openjdk-amd64/lib/libjava.so
7f95e7464000-7f95e7465000 rw-p 00025000 08:02 13399070                   /usr/lib/jvm/java-17-openjdk-amd64/lib/libjava.so
7f95e7465000-7f95e7466000 rw-p 00000000 00:00 0 
7f95e7466000-7f95e746a000 ---p 00000000 00:00 0 
7f95e746a000-7f95e7566000 rw-p 00000000 00:00 0 
7f95e7566000-7f95e7569000 r--p 00000000 08:02 13369903                   /usr/lib/x86_64-linux-gnu/libgcc_s.so.1
7f95e7569000-7f95e7580000 r-xp 00003000 08:02 13369903                   /usr/lib/x86_64-linux-gnu/libgcc_s.so.1
7f95e7580000-7f95e7584000 r--p 0001a000 08:02 13369903                   /usr/lib/x86_64-linux-gnu/libgcc_s.so.1
7f95e7584000-7f95e7585000 r--p 0001d000 08:02 13369903                   /usr/lib/x86_64-linux-gnu/libgcc_s.so.1
7f95e7585000-7f95e7586000 rw-p 0001e000 08:02 13369903                   /usr/lib/x86_64-linux-gnu/libgcc_s.so.1
7f95e7586000-7f95e7594000 r--p 00000000 08:02 13370571                   /usr/lib/x86_64-linux-gnu/libm.so.6
7f95e7594000-7f95e7610000 r-xp 0000e000 08:02 13370571                   /usr/lib/x86_64-linux-gnu/libm.so.6
7f95e7610000-7f95e766b000 r--p 0008a000 08:02 13370571                   /usr/lib/x86_64-linux-gnu/libm.so.6
7f95e766b000-7f95e766c000 r--p 000e4000 08:02 13370571                   /usr/lib/x86_64-linux-gnu/libm.so.6
7f95e766c000-7f95e766d000 rw-p 000e5000 08:02 13370571                   /usr/lib/x86_64-linux-gnu/libm.so.6
7f95e766d000-7f95e7707000 r--p 00000000 08:02 13369612                   /usr/lib/x86_64-linux-gnu/libstdc++.so.6.0.30
7f95e7707000-7f95e7818000 r-xp 0009a000 08:02 13369612                   /usr/lib/x86_64-linux-gnu/libstdc++.so.6.0.30
7f95e7818000-7f95e7887000 r--p 001ab000 08:02 13369612                   /usr/lib/x86_64-linux-gnu/libstdc++.so.6.0.30
7f95e7887000-7f95e7888000 ---p 0021a000 08:02 13369612                   /usr/lib/x86_64-linux-gnu/libstdc++.so.6.0.30
7f95e7888000-7f95e7893000 r--p 0021a000 08:02 13369612                   /usr/lib/x86_64-linux-gnu/libstdc++.so.6.0.30
7f95e7893000-7f95e7896000 rw-p 00225000 08:02 13369612                   /usr/lib/x86_64-linux-gnu/libstdc++.so.6.0.30
7f95e7896000-7f95e7899000 rw-p 00000000 00:00 0 
7f95e7899000-7f95e7aea000 r--p 00000000 08:02 13399098                   /usr/lib/jvm/java-17-openjdk-amd64/lib/server/libjvm.so
7f95e7aea000-7f95e884e000 r-xp 00251000 08:02 13399098                   /usr/lib/jvm/java-17-openjdk-amd64/lib/server/libjvm.so
7f95e884e000-7f95e8ad0000 r--p 00fb5000 08:02 13399098                   /usr/lib/jvm/java-17-openjdk-amd64/lib/server/libjvm.so
7f95e8ad0000-7f95e8ad1000 ---p 01237000 08:02 13399098                   /usr/lib/jvm/java-17-openjdk-amd64/lib/server/libjvm.so
7f95e8ad1000-7f95e8b89000 r--p 01237000 08:02 13399098                   /usr/lib/jvm/java-17-openjdk-amd64/lib/server/libjvm.so
7f95e8b89000-7f95e8bbe000 rw-p 012ef000 08:02 13399098                   /usr/lib/jvm/java-17-openjdk-amd64/lib/server/libjvm.so
7f95e8bbe000-7f95e8c1b000 rw-p 00000000 00:00 0 
7f95e8c1b000-7f95e8c43000 r--p 00000000 08:02 13370567                   /usr/lib/x86_64-linux-gnu/libc.so.6
7f95e8c43000-7f95e8dd8000 r-xp 00028000 08:02 13370567                   /usr/lib/x86_64-linux-gnu/libc.so.6
7f95e8dd8000-7f95e8e30000 r--p 001bd000 08:02 13370567                   /usr/lib/x86_64-linux-gnu/libc.so.6
7f95e8e30000-7f95e8e31000 ---p 00215000 08:02 13370567                   /usr/lib/x86_64-linux-gnu/libc.so.6
7f95e8e31000-7f95e8e35000 r--p 00215000 08:02 13370567                   /usr/lib/x86_64-linux-gnu/libc.so.6
7f95e8e35000-7f95e8e37000 rw-p 00219000 08:02 13370567                   /usr/lib/x86_64-linux-gnu/libc.so.6
7f95e8e37000-7f95e8e44000 rw-p 00000000 00:00 0 
7f95e8e44000-7f95e8e46000 r--p 00000000 08:02 13399074                   /usr/lib/jvm/java-17-openjdk-amd64/lib/libjli.so
7f95e8e46000-7f95e8e50000 r-xp 00002000 08:02 13399074                   /usr/lib/jvm/java-17-openjdk-amd64/lib/libjli.so
7f95e8e50000-7f95e8e53000 r--p 0000c000 08:02 13399074                   /usr/lib/jvm/java-17-openjdk-amd64/lib/libjli.so
7f95e8e53000-7f95e8e54000 r--p 0000e000 08:02 13399074                   /usr/lib/jvm/java-17-openjdk-amd64/lib/libjli.so
7f95e8e54000-7f95e8e55000 rw-p 0000f000 08:02 13399074                   /usr/lib/jvm/java-17-openjdk-amd64/lib/libjli.so
7f95e8e55000-7f95e8e57000 r--p 00000000 08:02 13402577                   /usr/lib/x86_64-linux-gnu/libz.so.1.2.11
7f95e8e57000-7f95e8e68000 r-xp 00002000 08:02 13402577                   /usr/lib/x86_64-linux-gnu/libz.so.1.2.11
7f95e8e68000-7f95e8e6e000 r--p 00013000 08:02 13402577                   /usr/lib/x86_64-linux-gnu/libz.so.1.2.11
7f95e8e6e000-7f95e8e6f000 ---p 00019000 08:02 13402577                   /usr/lib/x86_64-linux-gnu/libz.so.1.2.11
7f95e8e6f000-7f95e8e70000 r--p 00019000 08:02 13402577                   /usr/lib/x86_64-linux-gnu/libz.so.1.2.11
7f95e8e70000-7f95e8e71000 rw-p 0001a000 08:02 13402577                   /usr/lib/x86_64-linux-gnu/libz.so.1.2.11
7f95e8e75000-7f95e8e7d000 rw-s 00000000 08:02 3407892                    /tmp/hsperfdata_driver/59166
7f95e8e7d000-7f95e8e7e000 ---p 00000000 00:00 0 
7f95e8e7e000-7f95e8e7f000 r--p 00000000 00:00 0 
7f95e8e7f000-7f95e8e81000 r--p 00000000 08:02 13399073                   /usr/lib/jvm/java-17-openjdk-amd64/lib/libjimage.so
7f95e8e81000-7f95e8e84000 r-xp 00002000 08:02 13399073                   /usr/lib/jvm/java-17-openjdk-amd64/lib/libjimage.so
7f95e8e84000-7f95e8e85000 r--p 00005000 08:02 13399073                   /usr/lib/jvm/java-17-openjdk-amd64/lib/libjimage.so
7f95e8e85000-7f95e8e86000 ---p 00006000 08:02 13399073                   /usr/lib/jvm/java-17-openjdk-amd64/lib/libjimage.so
7f95e8e86000-7f95e8e87000 r--p 00006000 08:02 13399073                   /usr/lib/jvm/java-17-openjdk-amd64/lib/libjimage.so
7f95e8e87000-7f95e8e88000 rw-p 00007000 08:02 13399073                   /usr/lib/jvm/java-17-openjdk-amd64/lib/libjimage.so
7f95e8e88000-7f95e8e8a000 rw-p 00000000 00:00 0 
7f95e8e8a000-7f95e8e8c000 r--p 00000000 08:02 13370134                   /usr/lib/x86_64-linux-gnu/ld-linux-x86-64.so.2
7f95e8e8c000-7f95e8eb6000 r-xp 00002000 08:02 13370134                   /usr/lib/x86_64-linux-gnu/ld-linux-x86-64.so.2
7f95e8eb6000-7f95e8ec1000 r--p 0002c000 08:02 13370134                   /usr/lib/x86_64-linux-gnu/ld-linux-x86-64.so.2
7f95e8ec1000-7f95e8ec2000 ---p 00000000 00:00 0 
7f95e8ec2000-7f95e8ec4000 r--p 00037000 08:02 13370134                   /usr/lib/x86_64-linux-gnu/ld-linux-x86-64.so.2
7f95e8ec4000-7f95e8ec6000 rw-p 00039000 08:02 13370134                   /usr/lib/x86_64-linux-gnu/ld-linux-x86-64.so.2
7ffdaf19e000-7ffdaf1c0000 rw-p 00000000 00:00 0                          [stack]
7ffdaf1e6000-7ffdaf1ea000 r--p 00000000 00:00 0                          [vvar]
7ffdaf1ea000-7ffdaf1ec000 r-xp 00000000 00:00 0                          [vdso]
ffffffffff600000-ffffffffff601000 --xp 00000000 00:00 0                  [vsyscall]


VM Arguments:
jvm_args: -Dclassworlds.conf=/usr/share/maven/bin/m2.conf -Dmaven.home=/usr/share/maven -Dlibrary.jansi.path=/usr/share/maven/lib/jansi-native -Dmaven.multiModuleProjectDirectory=/home/driver/Desktop/linux_dev/surpizza/server 
java_command: org.codehaus.plexus.classworlds.launcher.Launcher spring-boot:run
java_class_path (initial): /usr/share/maven/boot/plexus-classworlds-2.x.jar
Launcher Type: SUN_STANDARD

[Global flags]
     intx CICompilerCount                          = 4                                         {product} {ergonomic}
     uint ConcGCThreads                            = 3                                         {product} {ergonomic}
     uint G1ConcRefinementThreads                  = 10                                        {product} {ergonomic}
   size_t G1HeapRegionSize                         = 4194304                                   {product} {ergonomic}
    uintx GCDrainStackTargetSize                   = 64                                        {product} {ergonomic}
   size_t InitialHeapSize                          = 528482304                                 {product} {ergonomic}
   size_t MarkStackSize                            = 4194304                                   {product} {ergonomic}
   size_t MaxHeapSize                              = 8401190912                                {product} {ergonomic}
   size_t MaxNewSize                               = 5037359104                                {product} {ergonomic}
   size_t MinHeapDeltaBytes                        = 4194304                                   {product} {ergonomic}
   size_t MinHeapSize                              = 8388608                                   {product} {ergonomic}
    uintx NonNMethodCodeHeapSize                   = 5839372                                {pd product} {ergonomic}
    uintx NonProfiledCodeHeapSize                  = 122909434                              {pd product} {ergonomic}
    uintx ProfiledCodeHeapSize                     = 122909434                              {pd product} {ergonomic}
    uintx ReservedCodeCacheSize                    = 251658240                              {pd product} {ergonomic}
     bool SegmentedCodeCache                       = true                                      {product} {ergonomic}
   size_t SoftMaxHeapSize                          = 8401190912                             {manageable} {ergonomic}
     bool UseCompressedClassPointers               = true                           {product lp64_product} {ergonomic}
     bool UseCompressedOops                        = true                           {product lp64_product} {ergonomic}
     bool UseG1GC                                  = true                                      {product} {ergonomic}

Logging:
Log output configuration:
 #0: stdout all=warning uptime,level,tags
 #1: stderr all=off uptime,level,tags

Environment Variables:
PATH=/home/driver/Desktop/linux_dev/surpizza/server/node_modules/.bin:/home/driver/Desktop/linux_dev/surpizza/server/node_modules/.bin:/home/driver/Desktop/linux_dev/surpizza/node_modules/.bin:/home/driver/Desktop/linux_dev/node_modules/.bin:/home/driver/Desktop/node_modules/.bin:/home/driver/node_modules/.bin:/home/node_modules/.bin:/node_modules/.bin:/home/driver/.nvm/versions/node/v21.5.0/lib/node_modules/npm/node_modules/@npmcli/run-script/lib/node-gyp-bin:/home/driver/.local/share/pnpm:/home/driver/.nvm/versions/node/v21.5.0/bin:/home/driver/.cargo/bin:/usr/local/sbin:/usr/local/bin:/usr/sbin:/usr/bin:/sbin:/bin:/usr/games:/usr/local/games:/snap/bin:/home/driver/scripts:/home/driver/mongodb-database-tools-amazon2-x86_64-100.9.4/bin:/usr/local/go/bin:/home/driver/go/bin:/home/driver/.dotnet
SHELL=/bin/bash
DISPLAY=:0
LANG=en_US.UTF-8
LC_CTYPE=en_US.UTF-8
LC_NUMERIC=it_IT.UTF-8
LC_TIME=it_IT.UTF-8
TERM=xterm-256color

Active Locale:
LC_ALL=LC_CTYPE=en_US.UTF-8;LC_NUMERIC=it_IT.UTF-8;LC_TIME=it_IT.UTF-8;LC_COLLATE=en_US.UTF-8;LC_MONETARY=it_IT.UTF-8;LC_MESSAGES=en_US.UTF-8;LC_PAPER=it_IT.UTF-8;LC_NAME=it_IT.UTF-8;LC_ADDRESS=it_IT.UTF-8;LC_TELEPHONE=it_IT.UTF-8;LC_MEASUREMENT=it_IT.UTF-8;LC_IDENTIFICATION=it_IT.UTF-8
LC_COLLATE=en_US.UTF-8
LC_CTYPE=en_US.UTF-8
LC_MESSAGES=en_US.UTF-8
LC_MONETARY=it_IT.UTF-8
LC_NUMERIC=it_IT.UTF-8
LC_TIME=it_IT.UTF-8

Signal Handlers:
   SIGSEGV: crash_handler in libjvm.so, mask=11100100010111111101111111111110, flags=SA_RESTART|SA_SIGINFO, unblocked
    SIGBUS: crash_handler in libjvm.so, mask=11100100010111111101111111111110, flags=SA_RESTART|SA_SIGINFO, unblocked
    SIGFPE: crash_handler in libjvm.so, mask=11100100010111111101111111111110, flags=SA_RESTART|SA_SIGINFO, unblocked
   SIGPIPE: javaSignalHandler in libjvm.so, mask=11100100010111111101111111111110, flags=SA_RESTART|SA_SIGINFO, blocked
   SIGXFSZ: javaSignalHandler in libjvm.so, mask=11100100010111111101111111111110, flags=SA_RESTART|SA_SIGINFO, blocked
    SIGILL: crash_handler in libjvm.so, mask=11100100010111111101111111111110, flags=SA_RESTART|SA_SIGINFO, unblocked
   SIGUSR2: SR_handler in libjvm.so, mask=00000000000000000000000000000000, flags=SA_RESTART|SA_SIGINFO, blocked
    SIGHUP: UserHandler in libjvm.so, mask=11100100010111111101111111111110, flags=SA_RESTART|SA_SIGINFO, blocked
    SIGINT: UserHandler in libjvm.so, mask=11100100010111111101111111111110, flags=SA_RESTART|SA_SIGINFO, blocked
   SIGTERM: UserHandler in libjvm.so, mask=11100100010111111101111111111110, flags=SA_RESTART|SA_SIGINFO, blocked
   SIGQUIT: UserHandler in libjvm.so, mask=11100100010111111101111111111110, flags=SA_RESTART|SA_SIGINFO, blocked
   SIGTRAP: crash_handler in libjvm.so, mask=11100100010111111101111111111110, flags=SA_RESTART|SA_SIGINFO, unblocked


Periodic native trim disabled


---------------  S Y S T E M  ---------------

OS:
DISTRIB_ID=LinuxMint
DISTRIB_RELEASE=21.3
DISTRIB_CODENAME=virginia
DISTRIB_DESCRIPTION="Linux Mint 21.3 Virginia"
uname: Linux 5.15.0-107-generic #117-Ubuntu SMP Fri Apr 26 12:26:49 UTC 2024 x86_64
OS uptime: 0 days 0:54 hours
libc: glibc 2.35 NPTL 2.35 
rlimit (soft/hard): STACK 8192k/infinity , CORE 0k/infinity , NPROC 127278/127278 , NOFILE 1048576/1048576 , AS infinity/infinity , CPU infinity/infinity , DATA infinity/infinity , FSIZE infinity/infinity , MEMLOCK 4100632k/4100632k
load average: 1,51 2,21 1,46

/proc/meminfo:
MemTotal:       32805060 kB
MemFree:        20652728 kB
MemAvailable:   25048748 kB
Buffers:          290604 kB
Cached:          4465144 kB
SwapCached:            0 kB
Active:          2324680 kB
Inactive:        8802800 kB
Active(anon):       6624 kB
Inactive(anon):  6545744 kB
Active(file):    2318056 kB
Inactive(file):  2257056 kB
Unevictable:          64 kB
Mlocked:              64 kB
SwapTotal:       2097148 kB
SwapFree:        2097148 kB
Dirty:               116 kB
Writeback:             0 kB
AnonPages:       6371944 kB
Mapped:          1607504 kB
Shmem:            180624 kB
KReclaimable:     283456 kB
Slab:             512988 kB
SReclaimable:     283456 kB
SUnreclaim:       229532 kB
KernelStack:       28916 kB
PageTables:        76920 kB
NFS_Unstable:          0 kB
Bounce:                0 kB
WritebackTmp:          0 kB
CommitLimit:    18499676 kB
Committed_AS:   33013948 kB
VmallocTotal:   34359738367 kB
VmallocUsed:      173052 kB
VmallocChunk:          0 kB
Percpu:            40320 kB
HardwareCorrupted:     0 kB
AnonHugePages:         0 kB
ShmemHugePages:        0 kB
ShmemPmdMapped:        0 kB
FileHugePages:         0 kB
FilePmdMapped:         0 kB
HugePages_Total:       0
HugePages_Free:        0
HugePages_Rsvd:        0
HugePages_Surp:        0
Hugepagesize:       2048 kB
Hugetlb:               0 kB
DirectMap4k:      855788 kB
DirectMap2M:    12724224 kB
DirectMap1G:    20971520 kB

/sys/kernel/mm/transparent_hugepage/enabled: always [madvise] never
/sys/kernel/mm/transparent_hugepage/defrag (defrag/compaction efforts parameter): always defer defer+madvise [madvise] never

Process Memory:
Virtual Size: 12101312K (peak: 12162812K)
Resident Set Size: 270580K (peak: 278784K) (anon: 247536K, file: 23044K, shmem: 0K)
Swapped out: 0K
C-Heap outstanding allocations: 39224K, retained: 36059K
glibc malloc tunables: (default)

/proc/sys/kernel/threads-max (system-wide limit on the number of threads): 254557
/proc/sys/vm/max_map_count (maximum number of memory map areas a process may have): 262144
/proc/sys/kernel/pid_max (system-wide limit on number of process identifiers): 4194304

container (cgroup) information:
container_type: cgroupv2
cpu_cpuset_cpus: not supported
cpu_memory_nodes: not supported
active_processor_count: 12
cpu_quota: not supported
cpu_period: not supported
cpu_shares: not supported
memory_limit_in_bytes: unlimited
memory_and_swap_limit_in_bytes: unlimited
memory_soft_limit_in_bytes: unlimited
memory_usage_in_bytes: 9181748 k
memory_max_usage_in_bytes: not supported
memory_swap_current_in_bytes: unlimited
memory_swap_max_limit_in_bytes: unlimited
maximum number of tasks: unlimited
current number of tasks: 1166

Steal ticks since vm start: 0
Steal ticks percentage since vm start:  0,000

CPU: total 12 (initial active 12) (12 cores per cpu, 2 threads per core) family 23 model 8 stepping 2 microcode 0x800820d, cx8, cmov, fxsr, ht, mmx, 3dnowpref, sse, sse2, sse3, ssse3, sse4a, sse4.1, sse4.2, popcnt, lzcnt, tsc, tscinvbit, avx, avx2, aes, clmul, bmi1, bmi2, adx, sha, fma, vzeroupper, clflush, clflushopt
CPU Model and flags from /proc/cpuinfo:
model name	: AMD Ryzen 5 2600 Six-Core Processor
flags		: fpu vme de pse tsc msr pae mce cx8 apic sep mtrr pge mca cmov pat pse36 clflush mmx fxsr sse sse2 ht syscall nx mmxext fxsr_opt pdpe1gb rdtscp lm constant_tsc rep_good nopl nonstop_tsc cpuid extd_apicid aperfmperf rapl pni pclmulqdq monitor ssse3 fma cx16 sse4_1 sse4_2 movbe popcnt aes xsave avx f16c rdrand lahf_lm cmp_legacy svm extapic cr8_legacy abm sse4a misalignsse 3dnowprefetch osvw skinit wdt tce topoext perfctr_core perfctr_nb bpext perfctr_llc mwaitx cpb hw_pstate ssbd ibpb vmmcall fsgsbase bmi1 avx2 smep bmi2 rdseed adx smap clflushopt sha_ni xsaveopt xsavec xgetbv1 clzero irperf xsaveerptr arat npt lbrv svm_lock nrip_save tsc_scale vmcb_clean flushbyasid decodeassists pausefilter pfthreshold avic v_vmsave_vmload vgif overflow_recov succor smca sme sev sev_es

Online cpus: 0-11
Offline cpus: 12-31
BIOS frequency limitation: <Not Available>
Frequency switch latency (ns): <Not Available>
Available cpu frequencies: <Not Available>
Current governor: <Not Available>
Core performance/turbo boost: <Not Available>

Memory: 4k page, physical 32805060k(20652224k free), swap 2097148k(2097148k free)
Page Sizes: 4k

vm_info: OpenJDK 64-Bit Server VM (17.0.10+7-Ubuntu-122.04.1) for linux-amd64 JRE (17.0.10+7-Ubuntu-122.04.1), built on Feb  5 2024 21:02:31 by "buildd" with gcc 11.4.0

END.
