#
# A fatal error has been detected by the Java Runtime Environment:
#
#  SIGSEGV (0xb) at pc=0x00007f660495fb7b, pid=58680, tid=58680
#
# JRE version: OpenJDK Runtime Environment (17.0.10+7) (build 17.0.10+7-Ubuntu-122.04.1)
# Java VM: OpenJDK 64-Bit Server VM (17.0.10+7-Ubuntu-122.04.1, mixed mode, emulated-client, sharing, tiered, compressed oops, compressed class ptrs, g1 gc, linux-amd64)
# Problematic frame:
# V  [libjvm.so+0xdd0b7b]  SR_handler(int, siginfo_t*, ucontext_t*)+0xab
#
# Core dump will be written. Default location: Core dumps may be processed with "/lib/systemd/systemd-coredump %P %u %g %s %t 9223372036854775808 %h" (or dumping to /home/driver/Desktop/linux_dev/surpizza/server/core.58680)
#
# If you would like to submit a bug report, please visit:
#   Unknown
#

---------------  S U M M A R Y ------------

Command Line: -XX:TieredStopAtLevel=1 com.SurpizzaApplication

Host: AMD Ryzen 5 2600 Six-Core Processor, 12 cores, 31G, Linux Mint 21.3 Virginia
Time: Thu Jun  6 16:12:05 2024 CEST elapsed time: 3.511733 seconds (0d 0h 0m 3s)

---------------  T H R E A D  ---------------

Current thread is native thread

Stack: [0x00007fff2a813000,0x00007fff2b010000],  sp=0x00007fff2b00a730,  free space=8157k
Native frames: (J=compiled Java code, j=interpreted, Vv=VM code, C=native code)
V  [libjvm.so+0xdd0b7b]  SR_handler(int, siginfo_t*, ucontext_t*)+0xab
C  [libc.so.6+0x42520]


siginfo: si_signo: 11 (SIGSEGV), si_code: 1 (SEGV_MAPERR), si_addr: 0x0000000000000268

Registers:
RAX=0x0000000000000000, RBX=0x00007fff2b00a740, RCX=0x00007f6604facc1b, RDX=0x0000000000000000
RSP=0x00007fff2b00a730, RBP=0x00007fff2b00a7f0, RSI=0x00007fff2b00a740, RDI=0x0000000000000000
R8 =0x0000000000000000, R9 =0x00000000ffffffff, R10=0x0000000000000008, R11=0x0000000000000246
R12=0x00007f6604f0e6c0, R13=0x0000000000000000, R14=0x0000000000000000, R15=0x0000000000000000
RIP=0x00007f660495fb7b, EFLAGS=0x0000000000010246, CSGSFS=0x002b000000000033, ERR=0x0000000000000004
  TRAPNO=0x000000000000000e


Top of Stack: (sp=0x00007fff2b00a730)
0x00007fff2b00a730:   00007fff2b00a930 00007fff2b00a800
0x00007fff2b00a740:   00000000000004d8 0000000000000009
0x00007fff2b00a750:   0000000000000000 0000000000000000
0x00007fff2b00a760:   0000000000000000 0000000000000000
0x00007fff2b00a770:   0000000000000000 0000000024bbd60a
0x00007fff2b00a780:   00007fff2b00a8c0 00007f6604f2c7e0
0x00007fff2b00a790:   00007f660517f0f0 00007fff2b00a820
0x00007fff2b00a7a0:   00007fff2b00a830 00007f660518c211
0x00007fff2b00a7b0:   0000000000000004 00007f660517fa50
0x00007fff2b00a7c0:   0000000000000001 00007f660385b640
0x00007fff2b00a7d0:   0000000000000000 000000000000e539
0x00007fff2b00a7e0:   0000000000000000 0000000000000000
0x00007fff2b00a7f0:   00007fff2b00ae58 00007f6604f53520
0x00007fff2b00a800:   0000000000000007 0000000000000000
0x00007fff2b00a810:   0000000000000000 00007fff00000002
0x00007fff2b00a820:   0000000000000000 0000000000000000
0x00007fff2b00a830:   00000000ffffffff 0000000000000000
0x00007fff2b00a840:   0000000000000246 0000000000000000
0x00007fff2b00a850:   000000000000e539 0000000000000000
0x00007fff2b00a860:   0000000000000000 00007f660385b910
0x00007fff2b00a870:   0000000000000109 00007fff2b00ae58
0x00007fff2b00a880:   00007f660385b640 000000000000e539
0x00007fff2b00a890:   00000000000000ca 00007f6604fa2117
0x00007fff2b00a8a0:   00007fff2b00ad90 00007f6604fa2115
0x00007fff2b00a8b0:   0000000000000246 002b000000000033
0x00007fff2b00a8c0:   0000000000000004 000000000000000e
0x00007fff2b00a8d0:   0000000000000004 0000000000000008
0x00007fff2b00a8e0:   00007fff2b00a9c0 0000000000000000
0x00007fff2b00a8f0:   00007fff2b00ae60 00007f6605195dae
0x00007fff2b00a900:   00007f660385b950 0000000000000000
0x00007fff2b00a910:   0000000000000003 0000000000100000
0x00007fff2b00a920:   00007f660385b640 0000000000000004 

Instructions: (pc=0x00007f660495fb7b)
0x00007f660495fa7b:   58 00 00 74 30 48 8d 05 59 82 58 00 48 8d 14 98
0x00007f660495fa8b:   b8 01 00 00 00 f0 0f c1 02 48 8b 3d 4d 83 58 00
0x00007f660495fa9b:   48 83 ec 80 be 01 00 00 00 5b 41 5c 5d e9 a3 19
0x00007f660495faab:   f2 ff 0f 1f 00 48 83 ec 80 5b 41 5c 5d c3 0f 1f
0x00007f660495fabb:   80 00 00 00 00 e8 9b df 15 00 84 c0 74 ad e8 22
0x00007f660495facb:   1b 48 ff eb a6 f3 0f 1e fa 55 66 48 0f 6e d2 66
0x00007f660495fadb:   48 0f 6e ce 66 0f 6c ca 48 89 e5 41 57 41 56 41
0x00007f660495faeb:   55 41 54 53 48 8d 9d 50 ff ff ff 48 81 ec 98 00
0x00007f660495fafb:   00 00 0f 29 8d 40 ff ff ff e8 67 12 48 ff 48 89
0x00007f660495fb0b:   df 44 8b 28 49 89 c4 e8 a9 0e 48 ff be 04 00 00
0x00007f660495fb1b:   00 48 89 df e8 ec 10 48 ff be 07 00 00 00 48 89
0x00007f660495fb2b:   df e8 df 10 48 ff be 08 00 00 00 48 89 df e8 d2
0x00007f660495fb3b:   10 48 ff be 0b 00 00 00 48 89 df e8 c5 10 48 ff
0x00007f660495fb4b:   be 05 00 00 00 48 89 df e8 b8 10 48 ff 31 d2 48
0x00007f660495fb5b:   89 de bf 01 00 00 00 e8 39 06 48 ff e8 94 7e 0e
0x00007f660495fb6b:   00 41 89 c0 31 c0 45 84 c0 74 05 e8 95 7e 0e 00
0x00007f660495fb7b:   48 8b 90 68 02 00 00 48 85 d2 74 17 4c 8b b8 30
0x00007f660495fb8b:   02 00 00 41 8b 87 a0 00 00 00 83 f8 01 74 16 45
0x00007f660495fb9b:   89 2c 24 48 81 c4 98 00 00 00 5b 41 5c 41 5d 41
0x00007f660495fbab:   5e 41 5f 5d c3 66 0f 6f 9d 40 ff ff ff ba 02 00
0x00007f660495fbbb:   00 00 be 01 00 00 00 4d 8d b7 a0 00 00 00 4c 89
0x00007f660495fbcb:   f7 41 0f 11 9f a8 00 00 00 e8 77 36 e6 ff 83 f8
0x00007f660495fbdb:   02 74 3a 85 c0 75 0e 66 0f ef c0 41 0f 11 87 a8
0x00007f660495fbeb:   00 00 00 eb aa 48 8d 05 51 37 52 00 be 63 06 00
0x00007f660495fbfb:   00 48 8d 3d 0d b1 27 00 48 8b 00 c6 00 58 e8 52
0x00007f660495fc0b:   13 84 ff e8 8d 6c e6 ff eb cd 0f 1f 00 48 89 df
0x00007f660495fc1b:   e8 a0 0d 48 ff 48 89 da 31 f6 31 ff e8 74 05 48
0x00007f660495fc2b:   ff 8b 35 16 91 53 00 48 89 df e8 76 0a 48 ff be
0x00007f660495fc3b:   01 00 00 00 48 8d 3d ba 81 58 00 e8 05 18 f2 ff
0x00007f660495fc4b:   eb 08 0f 1f 00 83 f8 02 75 3b 48 89 df e8 73 11
0x00007f660495fc5b:   48 ff 31 d2 be 03 00 00 00 4c 89 f7 e8 e4 35 e6
0x00007f660495fc6b:   ff 85 c0 75 e0 be 01 00 00 00 48 8d 3d 84 81 58 



---------------  P R O C E S S  ---------------

VM state: not at safepoint (normal execution)

VM Mutex/Monitor currently owned by a thread: None

Heap address: 0x000000060b400000, size: 8012 MB, Compressed Oops mode: Zero based, Oop shift amount: 3

CDS archive(s) mapped at: [0x00007f6583000000-0x00007f6583bc7000-0x00007f6583bc7000), size 12349440, SharedBaseAddress: 0x00007f6583000000, ArchiveRelocationMode: 1.
Compressed class space mapped at: 0x00007f6584000000-0x00007f65c4000000, reserved size: 1073741824
Narrow klass base: 0x00007f6583000000, Narrow klass shift: 0, Narrow klass range: 0x100000000

GC Precious Log:
<Skipped>

Heap:
 garbage-first heap   total 81920K, used 52490K [0x000000060b400000, 0x0000000800000000)
  region size 4096K, 12 young (49152K), 3 survivors (12288K)
 Metaspace       used 25331K, committed 25728K, reserved 1114112K
  class space    used 3528K, committed 3712K, reserved 1048576K

Heap Regions: E=young(eden), S=young(survivor), O=old, HS=humongous(starts), HC=humongous(continues), CS=collection set, F=free, OA=open archive, CA=closed archive, TAMS=top-at-mark-start (previous, next)
|   0|0x000000060b400000, 0x000000060b7bc600, 0x000000060b800000| 93%| O|  |TAMS 0x000000060b7bc600, 0x000000060b400000| Untracked 
|   1|0x000000060b800000, 0x000000060b800000, 0x000000060bc00000|  0%| F|  |TAMS 0x000000060b800000, 0x000000060b800000| Untracked 
|   2|0x000000060bc00000, 0x000000060bd8cfc0, 0x000000060c000000| 38%| S|CS|TAMS 0x000000060bc00000, 0x000000060bc00000| Complete 
|   3|0x000000060c000000, 0x000000060c400000, 0x000000060c400000|100%| S|CS|TAMS 0x000000060c000000, 0x000000060c000000| Complete 
|   4|0x000000060c400000, 0x000000060c800000, 0x000000060c800000|100%| S|CS|TAMS 0x000000060c400000, 0x000000060c400000| Complete 
|   5|0x000000060c800000, 0x000000060c800000, 0x000000060cc00000|  0%| F|  |TAMS 0x000000060c800000, 0x000000060c800000| Untracked 
|   6|0x000000060cc00000, 0x000000060cc00000, 0x000000060d000000|  0%| F|  |TAMS 0x000000060cc00000, 0x000000060cc00000| Untracked 
|   7|0x000000060d000000, 0x000000060d000000, 0x000000060d400000|  0%| F|  |TAMS 0x000000060d000000, 0x000000060d000000| Untracked 
|   8|0x000000060d400000, 0x000000060d400000, 0x000000060d800000|  0%| F|  |TAMS 0x000000060d400000, 0x000000060d400000| Untracked 
|   9|0x000000060d800000, 0x000000060da0d630, 0x000000060dc00000| 51%| E|  |TAMS 0x000000060d800000, 0x000000060d800000| Complete 
|  10|0x000000060dc00000, 0x000000060e000000, 0x000000060e000000|100%| E|CS|TAMS 0x000000060dc00000, 0x000000060dc00000| Complete 
|  11|0x000000060e000000, 0x000000060e400000, 0x000000060e400000|100%| E|CS|TAMS 0x000000060e000000, 0x000000060e000000| Complete 
|  12|0x000000060e400000, 0x000000060e800000, 0x000000060e800000|100%| E|CS|TAMS 0x000000060e400000, 0x000000060e400000| Complete 
|  13|0x000000060e800000, 0x000000060ec00000, 0x000000060ec00000|100%| E|CS|TAMS 0x000000060e800000, 0x000000060e800000| Complete 
|  14|0x000000060ec00000, 0x000000060f000000, 0x000000060f000000|100%| E|CS|TAMS 0x000000060ec00000, 0x000000060ec00000| Complete 
| 123|0x000000062a000000, 0x000000062a400000, 0x000000062a400000|100%| E|CS|TAMS 0x000000062a000000, 0x000000062a000000| Complete 
| 124|0x000000062a400000, 0x000000062a800000, 0x000000062a800000|100%| E|CS|TAMS 0x000000062a400000, 0x000000062a400000| Complete 
| 125|0x000000062a800000, 0x000000062ac00000, 0x000000062ac00000|100%| E|CS|TAMS 0x000000062a800000, 0x000000062a800000| Complete 
|2001|0x00000007ff800000, 0x00000007ffb75000, 0x00000007ffc00000| 86%|OA|  |TAMS 0x00000007ffb75000, 0x00000007ff800000| Untracked 
|2002|0x00000007ffc00000, 0x00000007ffc77000, 0x0000000800000000| 11%|CA|  |TAMS 0x00000007ffc77000, 0x00000007ffc00000| Untracked 

Card table byte_map: [0x00007f65f2241000,0x00007f65f31e7000] _byte_map_base: 0x00007f65ef1e7000

Marking Bits (Prev, Next): (CMBitMap*) 0x00007f65fc043d60, (CMBitMap*) 0x00007f65fc043d20
 Prev Bits: [0x00007f65e183b000, 0x00007f65e956b000)
 Next Bits: [0x00007f65e956b000, 0x00007f65f129b000)

Polling page: 0x00007f6605173000

Metaspace:

Usage:
  Non-class:     21,29 MB used.
      Class:      3,45 MB used.
       Both:     24,74 MB used.

Virtual space:
  Non-class space:       64,00 MB reserved,      21,50 MB ( 34%) committed,  1 nodes.
      Class space:        1,00 GB reserved,       3,62 MB ( <1%) committed,  1 nodes.
             Both:        1,06 GB reserved,      25,12 MB (  2%) committed. 

Chunk freelists:
   Non-Class:  9,78 MB
       Class:  12,35 MB
        Both:  22,14 MB

MaxMetaspaceSize: unlimited
CompressedClassSpaceSize: 1,00 GB
Initial GC threshold: 21,00 MB
Current GC threshold: 35,25 MB
CDS: on
MetaspaceReclaimPolicy: balanced
 - commit_granule_bytes: 65536.
 - commit_granule_words: 8192.
 - virtual_space_node_default_size: 8388608.
 - enlarge_chunks_in_place: 1.
 - new_chunks_are_fully_committed: 0.
 - uncommit_free_chunks: 1.
 - use_allocation_guard: 0.
 - handle_deallocations: 1.


Internal statistics:

num_allocs_failed_limit: 3.
num_arena_births: 554.
num_arena_deaths: 0.
num_vsnodes_births: 2.
num_vsnodes_deaths: 0.
num_space_committed: 402.
num_space_uncommitted: 0.
num_chunks_returned_to_freelist: 3.
num_chunks_taken_from_freelist: 1526.
num_chunk_merges: 3.
num_chunk_splits: 1028.
num_chunks_enlarged: 742.
num_inconsistent_stats: 0.

CodeCache: size=49152Kb used=8206Kb max_used=8206Kb free=40945Kb
 bounds [0x00007f6600734000, 0x00007f6600f44000, 0x00007f6603734000]
 total_blobs=3943 nmethods=3430 adapters=438
 compilation: enabled
              stopped_count=0, restarted_count=0
 full_count=0

Compilation events (20 events):
Event: 1,338 Thread 0x00007f656809c800 3421       1       org.springframework.core.ResolvableType::isAssignableFrom (8 bytes)
Event: 1,338 Thread 0x00007f656809c800 nmethod 3421 0x00007f6600f34190 code [0x00007f6600f34340, 0x00007f6600f34420]
Event: 1,338 Thread 0x00007f654c1a84e0 3422       1       org.springframework.core.ResolvableType::isAssignableFrom (36 bytes)
Event: 1,339 Thread 0x00007f65fc152a10 3423       1       org.springframework.core.SerializableTypeWrapper::unwrap (36 bytes)
Event: 1,339 Thread 0x00007f65fc152a10 nmethod 3423 0x00007f6600f34490 code [0x00007f6600f34640, 0x00007f6600f34810]
Event: 1,339 Thread 0x00007f654c1a84e0 nmethod 3422 0x00007f6600f34910 code [0x00007f6600f34ae0, 0x00007f6600f34d20]
Event: 1,339 Thread 0x00007f656809c800 3424       1       java.util.TreeMap::successor (66 bytes)
Event: 1,339 Thread 0x00007f6550001d50 3425       1       org.springframework.boot.autoconfigure.condition.ConditionEvaluationReport$$Lambda$720/0x00007f65843a6380::accept (20 bytes)
Event: 1,339 Thread 0x00007f656809c800 nmethod 3424 0x00007f6600f34e10 code [0x00007f6600f34fc0, 0x00007f6600f35150]
Event: 1,339 Thread 0x00007f65fc152a10 3426       1       org.springframework.boot.autoconfigure.condition.ConditionEvaluationReport::lambda$addNoMatchOutcomeToAncestors$2 (41 bytes)
Event: 1,339 Thread 0x00007f6550001d50 nmethod 3425 0x00007f6600f35290 code [0x00007f6600f35440, 0x00007f6600f355a0]
Event: 1,340 Thread 0x00007f65fc152a10 nmethod 3426 0x00007f6600f35690 code [0x00007f6600f358a0, 0x00007f6600f35e30]
Event: 1,344 Thread 0x00007f656809c800 3427       1       java.util.TreeMap::forEach (58 bytes)
Event: 1,344 Thread 0x00007f6550001d50 3428       1       org.springframework.boot.autoconfigure.condition.ConditionEvaluationReport$ConditionAndOutcome::getOutcome (5 bytes)
Event: 1,344 Thread 0x00007f6550001d50 nmethod 3428 0x00007f6600f36110 code [0x00007f6600f362a0, 0x00007f6600f36370]
Event: 1,344 Thread 0x00007f656809c800 nmethod 3427 0x00007f6600f36410 code [0x00007f6600f365e0, 0x00007f6600f368b0]
Event: 1,346 Thread 0x00007f65fc152a10 3429   !   1       org.springframework.beans.factory.support.AbstractBeanFactory::adaptBeanInstance (98 bytes)
Event: 1,346 Thread 0x00007f65fc152a10 nmethod 3429 0x00007f6600f36a90 code [0x00007f6600f36cc0, 0x00007f6600f37440]
Event: 1,348 Thread 0x00007f65fc152a10 3430       1       sun.reflect.generics.reflectiveObjects.ParameterizedTypeImpl::getRawType (5 bytes)
Event: 1,348 Thread 0x00007f65fc152a10 nmethod 3430 0x00007f6600f37890 code [0x00007f6600f37a20, 0x00007f6600f37af0]

GC Heap History (10 events):
Event: 0,349 GC heap before
{Heap before GC invocations=0 (full 0):
 garbage-first heap   total 524288K, used 28592K [0x000000060b400000, 0x0000000800000000)
  region size 4096K, 6 young (24576K), 0 survivors (0K)
 Metaspace       used 5907K, committed 6144K, reserved 1114112K
  class space    used 837K, committed 960K, reserved 1048576K
}
Event: 0,351 GC heap after
{Heap after GC invocations=1 (full 0):
 garbage-first heap   total 524288K, used 8022K [0x000000060b400000, 0x0000000800000000)
  region size 4096K, 1 young (4096K), 1 survivors (4096K)
 Metaspace       used 5907K, committed 6144K, reserved 1114112K
  class space    used 837K, committed 960K, reserved 1048576K
}
Event: 0,489 GC heap before
{Heap before GC invocations=1 (full 0):
 garbage-first heap   total 524288K, used 32598K [0x000000060b400000, 0x0000000800000000)
  region size 4096K, 7 young (28672K), 1 survivors (4096K)
 Metaspace       used 11360K, committed 11648K, reserved 1114112K
  class space    used 1537K, committed 1664K, reserved 1048576K
}
Event: 0,492 GC heap after
{Heap after GC invocations=2 (full 0):
 garbage-first heap   total 524288K, used 9669K [0x000000060b400000, 0x0000000800000000)
  region size 4096K, 1 young (4096K), 1 survivors (4096K)
 Metaspace       used 11360K, committed 11648K, reserved 1114112K
  class space    used 1537K, committed 1664K, reserved 1048576K
}
Event: 0,945 GC heap before
{Heap before GC invocations=2 (full 0):
 garbage-first heap   total 524288K, used 62917K [0x000000060b400000, 0x0000000800000000)
  region size 4096K, 14 young (57344K), 1 survivors (4096K)
 Metaspace       used 20058K, committed 20480K, reserved 1114112K
  class space    used 2828K, committed 3008K, reserved 1048576K
}
Event: 0,948 GC heap after
{Heap after GC invocations=3 (full 0):
 garbage-first heap   total 524288K, used 14050K [0x000000060b400000, 0x0000000800000000)
  region size 4096K, 2 young (8192K), 2 survivors (8192K)
 Metaspace       used 20058K, committed 20480K, reserved 1114112K
  class space    used 2828K, committed 3008K, reserved 1048576K
}
Event: 0,984 GC heap before
{Heap before GC invocations=3 (full 0):
 garbage-first heap   total 524288K, used 14050K [0x000000060b400000, 0x0000000800000000)
  region size 4096K, 3 young (12288K), 2 survivors (8192K)
 Metaspace       used 21127K, committed 21504K, reserved 1114112K
  class space    used 2935K, committed 3136K, reserved 1048576K
}
Event: 0,987 GC heap after
{Heap after GC invocations=4 (full 0):
 garbage-first heap   total 524288K, used 14684K [0x000000060b400000, 0x0000000800000000)
  region size 4096K, 2 young (8192K), 2 survivors (8192K)
 Metaspace       used 21127K, committed 21504K, reserved 1114112K
  class space    used 2935K, committed 3136K, reserved 1048576K
}
Event: 1,193 GC heap before
{Heap before GC invocations=5 (full 0):
 garbage-first heap   total 81920K, used 55644K [0x000000060b400000, 0x0000000800000000)
  region size 4096K, 13 young (53248K), 2 survivors (8192K)
 Metaspace       used 23664K, committed 24128K, reserved 1114112K
  class space    used 3293K, committed 3520K, reserved 1048576K
}
Event: 1,196 GC heap after
{Heap after GC invocations=6 (full 0):
 garbage-first heap   total 81920K, used 17621K [0x000000060b400000, 0x0000000800000000)
  region size 4096K, 3 young (12288K), 3 survivors (12288K)
 Metaspace       used 23664K, committed 24128K, reserved 1114112K
  class space    used 3293K, committed 3520K, reserved 1048576K
}

Dll operation events (9 events):
Event: 0,002 Loaded shared library /usr/lib/jvm/java-17-openjdk-amd64/lib/libjava.so
Event: 0,016 Loaded shared library /usr/lib/jvm/java-17-openjdk-amd64/lib/libjsvml.so
Event: 0,029 Loaded shared library /usr/lib/jvm/java-17-openjdk-amd64/lib/libnio.so
Event: 0,033 Loaded shared library /usr/lib/jvm/java-17-openjdk-amd64/lib/libzip.so
Event: 0,076 Loaded shared library /usr/lib/jvm/java-17-openjdk-amd64/lib/libjimage.so
Event: 0,091 Loaded shared library /usr/lib/jvm/java-17-openjdk-amd64/lib/libnet.so
Event: 1,013 Loaded shared library /usr/lib/jvm/java-17-openjdk-amd64/lib/libmanagement.so
Event: 1,014 Loaded shared library /usr/lib/jvm/java-17-openjdk-amd64/lib/libmanagement_ext.so
Event: 1,329 Loaded shared library /usr/lib/jvm/java-17-openjdk-amd64/lib/libextnet.so

Deoptimization events (4 events):
Event: 1,059 Thread 0x00007f651400b3a0 DEOPT PACKING pc=0x00007f6600c60c96 sp=0x00007f65d087f540
Event: 1,059 Thread 0x00007f651400b3a0 DEOPT UNPACKING pc=0x00007f660078ae2f sp=0x00007f65d087e9b8 mode 3
Event: 1,061 Thread 0x00007f65fc014b50 DEOPT PACKING pc=0x00007f6600c86481 sp=0x00007f6603859e00
Event: 1,061 Thread 0x00007f65fc014b50 DEOPT UNPACKING pc=0x00007f660078ae2f sp=0x00007f66038592b0 mode 3

Classes unloaded (0 events):
No events

Classes redefined (0 events):
No events

Internal exceptions (20 events):
Event: 0,900 Thread 0x00007f65fc014b50 Exception <a 'java/lang/IncompatibleClassChangeError'{0x0000000627afdeb0}: Found class java.lang.Object, but interface was expected> (0x0000000627afdeb0) 
thrown [./src/hotspot/share/interpreter/linkResolver.cpp, line 826]
Event: 0,900 Thread 0x00007f65fc014b50 Exception <a 'java/lang/NoSuchMethodError'{0x0000000627b0e9e8}: 'int java.lang.invoke.DirectMethodHandle$Holder.invokeSpecialIFC(java.lang.Object, java.lang.Object, java.lang.Object)'> (0x0000000627b0e9e8) 
thrown [./src/hotspot/share/interpreter/linkResolver.cpp, line 758]
Event: 0,902 Thread 0x00007f65fc014b50 Exception <a 'java/lang/NoSuchMethodError'{0x0000000627b27210}: 'void java.lang.invoke.DirectMethodHandle$Holder.invokeStatic(java.lang.Object, int, java.lang.Object)'> (0x0000000627b27210) 
thrown [./src/hotspot/share/interpreter/linkResolver.cpp, line 758]
Event: 0,906 Thread 0x00007f65fc014b50 Exception <a 'java/lang/NoSuchMethodError'{0x0000000627b81800}: 'void java.lang.invoke.DirectMethodHandle$Holder.invokeVirtual(java.lang.Object, java.lang.Object, int)'> (0x0000000627b81800) 
thrown [./src/hotspot/share/interpreter/linkResolver.cpp, line 758]
Event: 0,906 Thread 0x00007f65fc014b50 Exception <a 'java/lang/NoSuchMethodError'{0x0000000627b87a58}: 'void java.lang.invoke.DirectMethodHandle$Holder.invokeStatic(java.lang.Object, java.lang.Object, java.lang.Object, int, java.lang.Object)'> (0x0000000627b87a58) 
thrown [./src/hotspot/share/interpreter/linkResolver.cpp, line 758]
Event: 0,906 Thread 0x00007f65fc014b50 Exception <a 'java/lang/NoSuchMethodError'{0x0000000627b8eed8}: 'java.lang.Object java.lang.invoke.DirectMethodHandle$Holder.newInvokeSpecial(java.lang.Object, java.lang.Object, java.lang.Object, int)'> (0x0000000627b8eed8) 
thrown [./src/hotspot/share/interpreter/linkResolver.cpp, line 758]
Event: 0,906 Thread 0x00007f65fc014b50 Exception <a 'java/lang/NoSuchMethodError'{0x0000000627b931c0}: 'java.lang.Object java.lang.invoke.DirectMethodHandle$Holder.invokeSpecial(java.lang.Object, java.lang.Object, java.lang.Object, java.lang.Object, int)'> (0x0000000627b931c0) 
thrown [./src/hotspot/share/interpreter/linkResolver.cpp, line 758]
Event: 0,906 Thread 0x00007f65fc014b50 Exception <a 'java/lang/NoSuchMethodError'{0x0000000627b96d88}: 'java.lang.Object java.lang.invoke.Invokers$Holder.linkToTargetMethod(java.lang.Object, java.lang.Object, int, java.lang.Object)'> (0x0000000627b96d88) 
thrown [./src/hotspot/share/interpreter/linkResolver.cpp, line 758]
Event: 1,001 Thread 0x00007f65fc014b50 Exception <a 'java/lang/NoSuchMethodError'{0x000000062a924b30}: 'java.lang.Object java.lang.invoke.DirectMethodHandle$Holder.invokeSpecial(java.lang.Object, java.lang.Object, long, java.lang.Object, java.lang.Object, java.lang.Object, java.lang.Object, java.lang.Object, java.lang.Object)'> (0x000000062a924b30) 
thrown [./src/hotspot/share/interpreter/linkResolver.cpp, line 758]
Event: 1,002 Thread 0x00007f65fc014b50 Exception <a 'java/lang/NoSuchMethodError'{0x000000062a929658}: 'java.lang.Object java.lang.invoke.DelegatingMethodHandle$Holder.reinvoke_L(java.lang.Object, long, java.lang.Object, java.lang.Object, java.lang.Object, java.lang.Object, java.lang.Object, java.lang.Object)'> (0x000000062a929658) 
thrown [./src/hotspot/share/interpreter/linkResolver.cpp, line 758]
Event: 1,018 Thread 0x00007f65fc014b50 Exception <a 'java/io/FileNotFoundException'{0x000000062aa7fe68}> (0x000000062aa7fe68) 
thrown [./src/hotspot/share/prims/jni.cpp, line 516]
Event: 1,030 Thread 0x00007f65fc014b50 Exception <a 'java/lang/NoSuchMethodError'{0x000000062ab9ac28}: 'int java.lang.invoke.DirectMethodHandle$Holder.invokeInterface(java.lang.Object, java.lang.Object, java.lang.Object, java.lang.Object)'> (0x000000062ab9ac28) 
thrown [./src/hotspot/share/interpreter/linkResolver.cpp, line 758]
Event: 1,050 Thread 0x00007f65fc014b50 Exception <a 'java/lang/NoSuchMethodError'{0x000000060ed62c08}: 'long java.lang.invoke.DirectMethodHandle$Holder.invokeVirtual(java.lang.Object, java.lang.Object)'> (0x000000060ed62c08) 
thrown [./src/hotspot/share/interpreter/linkResolver.cpp, line 758]
Event: 1,255 Thread 0x00007f65fc014b50 Exception <a 'java/lang/IncompatibleClassChangeError'{0x000000060e1a9658}: Found class java.lang.Object, but interface was expected> (0x000000060e1a9658) 
thrown [./src/hotspot/share/interpreter/linkResolver.cpp, line 826]
Event: 1,268 Thread 0x00007f65fc014b50 Exception <a 'java/lang/NoSuchMethodError'{0x000000060e2e9000}: 'void java.lang.invoke.DirectMethodHandle$Holder.invokeVirtual(java.lang.Object, java.lang.Object, long)'> (0x000000060e2e9000) 
thrown [./src/hotspot/share/interpreter/linkResolver.cpp, line 758]
Event: 1,297 Thread 0x00007f65fc014b50 Exception <a 'java/lang/NoSuchMethodError'{0x000000060de16510}: 'int java.lang.invoke.DirectMethodHandle$Holder.invokeStaticInit(java.lang.Object, java.lang.Object, java.lang.Object, java.lang.Object)'> (0x000000060de16510) 
thrown [./src/hotspot/share/interpreter/linkResolver.cpp, line 758]
Event: 1,324 Thread 0x00007f65fc014b50 Exception <a 'java/lang/NoSuchMethodError'{0x000000060d844b68}: 'java.lang.Object java.lang.invoke.DirectMethodHandle$Holder.newInvokeSpecial(java.lang.Object, java.lang.Object, int, java.lang.Object, java.lang.Object)'> (0x000000060d844b68) 
thrown [./src/hotspot/share/interpreter/linkResolver.cpp, line 758]
Event: 1,325 Thread 0x00007f65fc014b50 Exception <a 'java/lang/NoSuchMethodError'{0x000000060d8501e0}: 'java.lang.Object java.lang.invoke.DirectMethodHandle$Holder.invokeSpecial(java.lang.Object, java.lang.Object, int, java.lang.Object, int, java.lang.Object)'> (0x000000060d8501e0) 
thrown [./src/hotspot/share/interpreter/linkResolver.cpp, line 758]
Event: 1,325 Thread 0x00007f65fc014b50 Exception <a 'java/lang/NoSuchMethodError'{0x000000060d857fe8}: 'java.lang.Object java.lang.invoke.DirectMethodHandle$Holder.newInvokeSpecial(java.lang.Object, java.lang.Object, int, java.lang.Object, int)'> (0x000000060d857fe8) 
thrown [./src/hotspot/share/interpreter/linkResolver.cpp, line 758]
Event: 1,325 Thread 0x00007f65fc014b50 Exception <a 'java/lang/NoSuchMethodError'{0x000000060d85c0e8}: 'java.lang.Object java.lang.invoke.DirectMethodHandle$Holder.invokeSpecial(java.lang.Object, java.lang.Object, java.lang.Object, int, java.lang.Object, int)'> (0x000000060d85c0e8) 
thrown [./src/hotspot/share/interpreter/linkResolver.cpp, line 758]

VM Operations (20 events):
Event: 1,038 Executing VM operation: HandshakeAllThreads
Event: 1,038 Executing VM operation: HandshakeAllThreads done
Event: 1,038 Executing VM operation: HandshakeAllThreads
Event: 1,038 Executing VM operation: HandshakeAllThreads done
Event: 1,051 Executing VM operation: HandshakeAllThreads
Event: 1,051 Executing VM operation: HandshakeAllThreads done
Event: 1,054 Executing VM operation: HandshakeAllThreads
Event: 1,054 Executing VM operation: HandshakeAllThreads done
Event: 1,108 Executing VM operation: HandshakeAllThreads
Event: 1,108 Executing VM operation: HandshakeAllThreads done
Event: 1,115 Executing VM operation: HandshakeAllThreads
Event: 1,115 Executing VM operation: HandshakeAllThreads done
Event: 1,130 Executing VM operation: HandshakeAllThreads
Event: 1,130 Executing VM operation: HandshakeAllThreads done
Event: 1,193 Executing VM operation: G1CollectForAllocation
Event: 1,196 Executing VM operation: G1CollectForAllocation done
Event: 1,279 Executing VM operation: HandshakeAllThreads
Event: 1,279 Executing VM operation: HandshakeAllThreads done
Event: 2,279 Executing VM operation: Cleanup
Event: 2,279 Executing VM operation: Cleanup done

Events (20 events):
Event: 1,334 Protecting memory [0x00007f6582900000,0x00007f6582904000] with protection modes 0
Event: 1,335 loading class java/nio/channels/spi/AbstractSelector$1
Event: 1,335 loading class sun/nio/ch/Interruptible
Event: 1,335 loading class sun/nio/ch/Interruptible done
Event: 1,335 loading class java/nio/channels/spi/AbstractSelector$1 done
Event: 1,335 Thread 0x00007f65fca45100 Thread added: 0x00007f65fca45100
Event: 1,335 Protecting memory [0x00007f6582800000,0x00007f6582804000] with protection modes 0
Event: 1,335 loading class java/nio/channels/spi/AbstractInterruptibleChannel$1
Event: 1,335 loading class java/nio/channels/spi/AbstractInterruptibleChannel$1 done
Event: 1,336 loading class java/util/TreeMap$ValueSpliterator
Event: 1,336 loading class java/util/TreeMap$TreeMapSpliterator
Event: 1,336 loading class java/util/TreeMap$TreeMapSpliterator done
Event: 1,336 loading class java/util/TreeMap$ValueSpliterator done
Event: 1,349 loading class java/util/IdentityHashMap$KeySpliterator
Event: 1,349 loading class java/util/IdentityHashMap$IdentityHashMapSpliterator
Event: 1,349 loading class java/util/IdentityHashMap$IdentityHashMapSpliterator done
Event: 1,349 loading class java/util/IdentityHashMap$KeySpliterator done
Event: 1,350 Thread 0x00007f65fc014b50 Thread exited: 0x00007f65fc014b50
Event: 1,350 Protecting memory [0x00007f660375c000,0x00007f6603760000] with protection modes 0
Event: 1,350 Thread 0x00007f65fc014b50 Thread added: 0x00007f65fc014b50


Dynamic libraries:
60b400000-60f000000 rw-p 00000000 00:00 0 
60f000000-62a000000 ---p 00000000 00:00 0 
62a000000-62ac00000 rw-p 00000000 00:00 0 
62ac00000-7ff800000 ---p 00000000 00:00 0 
7ff800000-7ffb00000 rw-p 00000000 00:00 0 
7ffb00000-7ffb75000 rw-p 00c76000 08:02 13399095                         /usr/lib/jvm/java-17-openjdk-amd64/lib/server/classes.jsa
7ffb75000-7ffc00000 rw-p 00000000 00:00 0 
7ffc00000-7ffc77000 rw-p 00bff000 08:02 13399095                         /usr/lib/jvm/java-17-openjdk-amd64/lib/server/classes.jsa
7ffc77000-800000000 rw-p 00000000 00:00 0 
555bb824e000-555bb824f000 r--p 00000000 08:02 13398943                   /usr/lib/jvm/java-17-openjdk-amd64/bin/java
555bb824f000-555bb8250000 r-xp 00001000 08:02 13398943                   /usr/lib/jvm/java-17-openjdk-amd64/bin/java
555bb8250000-555bb8251000 r--p 00002000 08:02 13398943                   /usr/lib/jvm/java-17-openjdk-amd64/bin/java
555bb8251000-555bb8252000 r--p 00002000 08:02 13398943                   /usr/lib/jvm/java-17-openjdk-amd64/bin/java
555bb8252000-555bb8253000 rw-p 00003000 08:02 13398943                   /usr/lib/jvm/java-17-openjdk-amd64/bin/java
555bb98b6000-555bb9923000 rw-p 00000000 00:00 0                          [heap]
7f64dc000000-7f64dc021000 rw-p 00000000 00:00 0 
7f64dc021000-7f64e0000000 ---p 00000000 00:00 0 
7f64e4000000-7f64e4021000 rw-p 00000000 00:00 0 
7f64e4021000-7f64e8000000 ---p 00000000 00:00 0 
7f64e8000000-7f64e8021000 rw-p 00000000 00:00 0 
7f64e8021000-7f64ec000000 ---p 00000000 00:00 0 
7f64ec000000-7f64ec021000 rw-p 00000000 00:00 0 
7f64ec021000-7f64f0000000 ---p 00000000 00:00 0 
7f64f0000000-7f64f0021000 rw-p 00000000 00:00 0 
7f64f0021000-7f64f4000000 ---p 00000000 00:00 0 
7f64f4000000-7f64f4021000 rw-p 00000000 00:00 0 
7f64f4021000-7f64f8000000 ---p 00000000 00:00 0 
7f64f8000000-7f64f8021000 rw-p 00000000 00:00 0 
7f64f8021000-7f64fc000000 ---p 00000000 00:00 0 
7f64fc000000-7f64fc021000 rw-p 00000000 00:00 0 
7f64fc021000-7f6500000000 ---p 00000000 00:00 0 
7f6500000000-7f6500021000 rw-p 00000000 00:00 0 
7f6500021000-7f6504000000 ---p 00000000 00:00 0 
7f6504000000-7f6504021000 rw-p 00000000 00:00 0 
7f6504021000-7f6508000000 ---p 00000000 00:00 0 
7f6508000000-7f6508021000 rw-p 00000000 00:00 0 
7f6508021000-7f650c000000 ---p 00000000 00:00 0 
7f650c000000-7f650c021000 rw-p 00000000 00:00 0 
7f650c021000-7f6510000000 ---p 00000000 00:00 0 
7f6510000000-7f6510021000 rw-p 00000000 00:00 0 
7f6510021000-7f6514000000 ---p 00000000 00:00 0 
7f6514000000-7f6514021000 rw-p 00000000 00:00 0 
7f6514021000-7f6518000000 ---p 00000000 00:00 0 
7f6518000000-7f6518021000 rw-p 00000000 00:00 0 
7f6518021000-7f651c000000 ---p 00000000 00:00 0 
7f651c000000-7f651c21b000 rw-p 00000000 00:00 0 
7f651c21b000-7f6520000000 ---p 00000000 00:00 0 
7f6520000000-7f6520021000 rw-p 00000000 00:00 0 
7f6520021000-7f6524000000 ---p 00000000 00:00 0 
7f6524000000-7f6524021000 rw-p 00000000 00:00 0 
7f6524021000-7f6528000000 ---p 00000000 00:00 0 
7f6528000000-7f6528021000 rw-p 00000000 00:00 0 
7f6528021000-7f652c000000 ---p 00000000 00:00 0 
7f652c000000-7f652c021000 rw-p 00000000 00:00 0 
7f652c021000-7f6530000000 ---p 00000000 00:00 0 
7f6530000000-7f6530021000 rw-p 00000000 00:00 0 
7f6530021000-7f6534000000 ---p 00000000 00:00 0 
7f6534000000-7f6534021000 rw-p 00000000 00:00 0 
7f6534021000-7f6538000000 ---p 00000000 00:00 0 
7f6538000000-7f6538021000 rw-p 00000000 00:00 0 
7f6538021000-7f653c000000 ---p 00000000 00:00 0 
7f653c000000-7f653c021000 rw-p 00000000 00:00 0 
7f653c021000-7f6540000000 ---p 00000000 00:00 0 
7f6540000000-7f6540021000 rw-p 00000000 00:00 0 
7f6540021000-7f6544000000 ---p 00000000 00:00 0 
7f6544000000-7f6544021000 rw-p 00000000 00:00 0 
7f6544021000-7f6548000000 ---p 00000000 00:00 0 
7f6548000000-7f6548021000 rw-p 00000000 00:00 0 
7f6548021000-7f654c000000 ---p 00000000 00:00 0 
7f654c000000-7f654c1cc000 rw-p 00000000 00:00 0 
7f654c1cc000-7f6550000000 ---p 00000000 00:00 0 
7f6550000000-7f655002a000 rw-p 00000000 00:00 0 
7f655002a000-7f6554000000 ---p 00000000 00:00 0 
7f6554000000-7f6554021000 rw-p 00000000 00:00 0 
7f6554021000-7f6558000000 ---p 00000000 00:00 0 
7f6558000000-7f6558021000 rw-p 00000000 00:00 0 
7f6558021000-7f655c000000 ---p 00000000 00:00 0 
7f655c000000-7f655c021000 rw-p 00000000 00:00 0 
7f655c021000-7f6560000000 ---p 00000000 00:00 0 
7f6560000000-7f6560021000 rw-p 00000000 00:00 0 
7f6560021000-7f6564000000 ---p 00000000 00:00 0 
7f6564000000-7f6564021000 rw-p 00000000 00:00 0 
7f6564021000-7f6568000000 ---p 00000000 00:00 0 
7f6568000000-7f6568212000 rw-p 00000000 00:00 0 
7f6568212000-7f656c000000 ---p 00000000 00:00 0 
7f656c000000-7f656c021000 rw-p 00000000 00:00 0 
7f656c021000-7f6570000000 ---p 00000000 00:00 0 
7f6570000000-7f6570021000 rw-p 00000000 00:00 0 
7f6570021000-7f6574000000 ---p 00000000 00:00 0 
7f6574000000-7f6574021000 rw-p 00000000 00:00 0 
7f6574021000-7f6578000000 ---p 00000000 00:00 0 
7f6578000000-7f6578021000 rw-p 00000000 00:00 0 
7f6578021000-7f657c000000 ---p 00000000 00:00 0 
7f657c000000-7f657c021000 rw-p 00000000 00:00 0 
7f657c021000-7f6580000000 ---p 00000000 00:00 0 
7f658241f000-7f6582800000 rw-p 00000000 00:00 0 
7f6582800000-7f6582804000 ---p 00000000 00:00 0 
7f6582804000-7f6582900000 rw-p 00000000 00:00 0 
7f6582900000-7f6582904000 ---p 00000000 00:00 0 
7f6582904000-7f6582a00000 rw-p 00000000 00:00 0 
7f6582a00000-7f6582a04000 ---p 00000000 00:00 0 
7f6582a04000-7f6582b00000 rw-p 00000000 00:00 0 
7f6582b00000-7f6582b04000 ---p 00000000 00:00 0 
7f6582b04000-7f6582c00000 rw-p 00000000 00:00 0 
7f6582c00000-7f6582c04000 ---p 00000000 00:00 0 
7f6582c04000-7f6582d00000 rw-p 00000000 00:00 0 
7f6582d00000-7f6582d04000 ---p 00000000 00:00 0 
7f6582d04000-7f6582e00000 rw-p 00000000 00:00 0 
7f6582e00000-7f6582e04000 ---p 00000000 00:00 0 
7f6582e04000-7f6582f00000 rw-p 00000000 00:00 0 
7f6582f00000-7f6582f04000 ---p 00000000 00:00 0 
7f6582f04000-7f6583000000 rw-p 00000000 00:00 0 
7f6583000000-7f6583bc7000 rw-p 00001000 08:02 13399095                   /usr/lib/jvm/java-17-openjdk-amd64/lib/server/classes.jsa
7f6583bc7000-7f6584000000 ---p 00000000 00:00 0 
7f6584000000-7f6584040000 rw-p 00000000 00:00 0 
7f6584040000-7f6584080000 rw-p 00000000 00:00 0 
7f6584080000-7f65840e0000 rw-p 00000000 00:00 0 
7f65840e0000-7f6584100000 rw-p 00000000 00:00 0 
7f6584100000-7f65842c0000 rw-p 00000000 00:00 0 
7f65842c0000-7f65842f0000 rw-p 00000000 00:00 0 
7f65842f0000-7f6584300000 ---p 00000000 00:00 0 
7f6584300000-7f65843b0000 rw-p 00000000 00:00 0 
7f65843b0000-7f65c4000000 ---p 00000000 00:00 0 
7f65c4000000-7f65c4021000 rw-p 00000000 00:00 0 
7f65c4021000-7f65c8000000 ---p 00000000 00:00 0 
7f65c8000000-7f65c8400000 rw-p 00000000 00:00 0 
7f65c8400000-7f65c9500000 rw-p 00000000 00:00 0 
7f65c9500000-7f65c9540000 rw-p 00000000 00:00 0 
7f65c9540000-7f65c9600000 ---p 00000000 00:00 0 
7f65c9600000-7f65c9640000 rw-p 00000000 00:00 0 
7f65c9640000-7f65cc000000 ---p 00000000 00:00 0 
7f65cc000000-7f65cc021000 rw-p 00000000 00:00 0 
7f65cc021000-7f65d0000000 ---p 00000000 00:00 0 
7f65d007f000-7f65d0083000 ---p 00000000 00:00 0 
7f65d0083000-7f65d017f000 rw-p 00000000 00:00 0 
7f65d017f000-7f65d0183000 ---p 00000000 00:00 0 
7f65d0183000-7f65d027f000 rw-p 00000000 00:00 0 
7f65d027f000-7f65d0283000 ---p 00000000 00:00 0 
7f65d0283000-7f65d037f000 rw-p 00000000 00:00 0 
7f65d037f000-7f65d0383000 ---p 00000000 00:00 0 
7f65d0383000-7f65d047f000 rw-p 00000000 00:00 0 
7f65d047f000-7f65d0483000 ---p 00000000 00:00 0 
7f65d0483000-7f65d057f000 rw-p 00000000 00:00 0 
7f65d057f000-7f65d0580000 ---p 00000000 00:00 0 
7f65d0580000-7f65d0680000 rw-p 00000000 00:00 0 
7f65d0680000-7f65d0681000 ---p 00000000 00:00 0 
7f65d0681000-7f65d0781000 rw-p 00000000 00:00 0 
7f65d0781000-7f65d0785000 ---p 00000000 00:00 0 
7f65d0785000-7f65d0881000 rw-p 00000000 00:00 0 
7f65d0881000-7f65d0885000 ---p 00000000 00:00 0 
7f65d0885000-7f65d0981000 rw-p 00000000 00:00 0 
7f65d0981000-7f65d0982000 ---p 00000000 00:00 0 
7f65d0982000-7f65d0a82000 rw-p 00000000 00:00 0 
7f65d0a82000-7f65d0a83000 ---p 00000000 00:00 0 
7f65d0a83000-7f65d0b83000 rw-p 00000000 00:00 0 
7f65d0b83000-7f65d0b84000 ---p 00000000 00:00 0 
7f65d0b84000-7f65d0c84000 rw-p 00000000 00:00 0 
7f65d0c84000-7f65d0c85000 ---p 00000000 00:00 0 
7f65d0c85000-7f65d0d85000 rw-p 00000000 00:00 0 
7f65d0d85000-7f65d0d86000 ---p 00000000 00:00 0 
7f65d0d86000-7f65d0e86000 rw-p 00000000 00:00 0 
7f65d0e86000-7f65d0e87000 ---p 00000000 00:00 0 
7f65d0e87000-7f65d0f87000 rw-p 00000000 00:00 0 
7f65d0f87000-7f65d0f88000 ---p 00000000 00:00 0 
7f65d0f88000-7f65d1088000 rw-p 00000000 00:00 0 
7f65d1088000-7f65d1089000 ---p 00000000 00:00 0 
7f65d1089000-7f65d1189000 rw-p 00000000 00:00 0 
7f65d1189000-7f65d118a000 ---p 00000000 00:00 0 
7f65d118a000-7f65d128a000 rw-p 00000000 00:00 0 
7f65d128a000-7f65d128e000 ---p 00000000 00:00 0 
7f65d128e000-7f65d138a000 rw-p 00000000 00:00 0 
7f65d138a000-7f65d138e000 ---p 00000000 00:00 0 
7f65d138e000-7f65d148a000 rw-p 00000000 00:00 0 
7f65d148a000-7f65d148e000 ---p 00000000 00:00 0 
7f65d148e000-7f65d158a000 rw-p 00000000 00:00 0 
7f65d158a000-7f65d158e000 ---p 00000000 00:00 0 
7f65d158e000-7f65d168a000 rw-p 00000000 00:00 0 
7f65d168a000-7f65d168b000 ---p 00000000 00:00 0 
7f65d168b000-7f65d178b000 rw-p 00000000 00:00 0 
7f65d178b000-7f65d178f000 ---p 00000000 00:00 0 
7f65d178f000-7f65d188b000 rw-p 00000000 00:00 0 
7f65d188b000-7f65d188f000 ---p 00000000 00:00 0 
7f65d188f000-7f65d198b000 rw-p 00000000 00:00 0 
7f65d198b000-7f65d198f000 ---p 00000000 00:00 0 
7f65d198f000-7f65d1a8b000 rw-p 00000000 00:00 0 
7f65d1a8b000-7f65d2000000 r--p 00000000 08:02 13374161                   /usr/lib/locale/locale-archive
7f65d2000000-7f65d4000000 rw-p 00000000 00:00 0 
7f65d4000000-7f65d4021000 rw-p 00000000 00:00 0 
7f65d4021000-7f65d8000000 ---p 00000000 00:00 0 
7f65d8000000-7f65d8021000 rw-p 00000000 00:00 0 
7f65d8021000-7f65dc000000 ---p 00000000 00:00 0 
7f65dc000000-7f65dc021000 rw-p 00000000 00:00 0 
7f65dc021000-7f65e0000000 ---p 00000000 00:00 0 
7f65e0081000-7f65e0088000 r--s 00000000 08:02 13515245                   /usr/lib/x86_64-linux-gnu/gconv/gconv-modules.cache
7f65e0088000-7f65e0089000 r--p 00000000 08:02 13399063                   /usr/lib/jvm/java-17-openjdk-amd64/lib/libextnet.so
7f65e0089000-7f65e008a000 r-xp 00001000 08:02 13399063                   /usr/lib/jvm/java-17-openjdk-amd64/lib/libextnet.so
7f65e008a000-7f65e008b000 r--p 00002000 08:02 13399063                   /usr/lib/jvm/java-17-openjdk-amd64/lib/libextnet.so
7f65e008b000-7f65e008c000 r--p 00002000 08:02 13399063                   /usr/lib/jvm/java-17-openjdk-amd64/lib/libextnet.so
7f65e008c000-7f65e008d000 rw-p 00003000 08:02 13399063                   /usr/lib/jvm/java-17-openjdk-amd64/lib/libextnet.so
7f65e008d000-7f65e008f000 r--p 00000000 08:02 13399081                   /usr/lib/jvm/java-17-openjdk-amd64/lib/libmanagement_ext.so
7f65e008f000-7f65e0092000 r-xp 00002000 08:02 13399081                   /usr/lib/jvm/java-17-openjdk-amd64/lib/libmanagement_ext.so
7f65e0092000-7f65e0094000 r--p 00005000 08:02 13399081                   /usr/lib/jvm/java-17-openjdk-amd64/lib/libmanagement_ext.so
7f65e0094000-7f65e0095000 r--p 00006000 08:02 13399081                   /usr/lib/jvm/java-17-openjdk-amd64/lib/libmanagement_ext.so
7f65e0095000-7f65e0096000 rw-p 00007000 08:02 13399081                   /usr/lib/jvm/java-17-openjdk-amd64/lib/libmanagement_ext.so
7f65e0096000-7f65e00c7000 rw-p 00000000 00:00 0 
7f65e00c7000-7f65e00cb000 ---p 00000000 00:00 0 
7f65e00cb000-7f65e01c7000 rw-p 00000000 00:00 0 
7f65e01c7000-7f65e01cb000 ---p 00000000 00:00 0 
7f65e01cb000-7f65e02c7000 rw-p 00000000 00:00 0 
7f65e02c7000-7f65e02cb000 ---p 00000000 00:00 0 
7f65e02cb000-7f65e03c7000 rw-p 00000000 00:00 0 
7f65e03c7000-7f65e03cb000 ---p 00000000 00:00 0 
7f65e03cb000-7f65e04c7000 rw-p 00000000 00:00 0 
7f65e04c7000-7f65e04cb000 ---p 00000000 00:00 0 
7f65e04cb000-7f65e05c7000 rw-p 00000000 00:00 0 
7f65e05c7000-7f65e05c8000 ---p 00000000 00:00 0 
7f65e05c8000-7f65e06c8000 rw-p 00000000 00:00 0 
7f65e06c8000-7f65e06cd000 r--p 00000000 08:02 13399077                   /usr/lib/jvm/java-17-openjdk-amd64/lib/libjsvml.so
7f65e06cd000-7f65e070e000 r-xp 00005000 08:02 13399077                   /usr/lib/jvm/java-17-openjdk-amd64/lib/libjsvml.so
7f65e070e000-7f65e0797000 r--p 00046000 08:02 13399077                   /usr/lib/jvm/java-17-openjdk-amd64/lib/libjsvml.so
7f65e0797000-7f65e0798000 r--p 000ce000 08:02 13399077                   /usr/lib/jvm/java-17-openjdk-amd64/lib/libjsvml.so
7f65e0798000-7f65e0799000 rw-p 000cf000 08:02 13399077                   /usr/lib/jvm/java-17-openjdk-amd64/lib/libjsvml.so
7f65e0799000-7f65e08b6000 rw-p 00000000 00:00 0 
7f65e08b8000-7f65e08ba000 r--p 00000000 08:02 13399079                   /usr/lib/jvm/java-17-openjdk-amd64/lib/libmanagement.so
7f65e08ba000-7f65e08bb000 r-xp 00002000 08:02 13399079                   /usr/lib/jvm/java-17-openjdk-amd64/lib/libmanagement.so
7f65e08bb000-7f65e08bc000 r--p 00003000 08:02 13399079                   /usr/lib/jvm/java-17-openjdk-amd64/lib/libmanagement.so
7f65e08bc000-7f65e08bd000 r--p 00003000 08:02 13399079                   /usr/lib/jvm/java-17-openjdk-amd64/lib/libmanagement.so
7f65e08bd000-7f65e08be000 rw-p 00004000 08:02 13399079                   /usr/lib/jvm/java-17-openjdk-amd64/lib/libmanagement.so
7f65e08be000-7f65e08c2000 r--p 00000000 08:02 13399083                   /usr/lib/jvm/java-17-openjdk-amd64/lib/libnet.so
7f65e08c2000-7f65e08d0000 r-xp 00004000 08:02 13399083                   /usr/lib/jvm/java-17-openjdk-amd64/lib/libnet.so
7f65e08d0000-7f65e08d4000 r--p 00012000 08:02 13399083                   /usr/lib/jvm/java-17-openjdk-amd64/lib/libnet.so
7f65e08d4000-7f65e08d5000 r--p 00015000 08:02 13399083                   /usr/lib/jvm/java-17-openjdk-amd64/lib/libnet.so
7f65e08d5000-7f65e08d6000 rw-p 00016000 08:02 13399083                   /usr/lib/jvm/java-17-openjdk-amd64/lib/libnet.so
7f65e08d6000-7f65e08dd000 r--p 00000000 08:02 13399084                   /usr/lib/jvm/java-17-openjdk-amd64/lib/libnio.so
7f65e08dd000-7f65e08e6000 r-xp 00007000 08:02 13399084                   /usr/lib/jvm/java-17-openjdk-amd64/lib/libnio.so
7f65e08e6000-7f65e08ea000 r--p 00010000 08:02 13399084                   /usr/lib/jvm/java-17-openjdk-amd64/lib/libnio.so
7f65e08ea000-7f65e08eb000 ---p 00014000 08:02 13399084                   /usr/lib/jvm/java-17-openjdk-amd64/lib/libnio.so
7f65e08eb000-7f65e08ec000 r--p 00014000 08:02 13399084                   /usr/lib/jvm/java-17-openjdk-amd64/lib/libnio.so
7f65e08ec000-7f65e08ed000 rw-p 00015000 08:02 13399084                   /usr/lib/jvm/java-17-openjdk-amd64/lib/libnio.so
7f65e08ed000-7f65e08ee000 ---p 00000000 00:00 0 
7f65e08ee000-7f65e09ee000 rw-p 00000000 00:00 0 
7f65e09ee000-7f65e09ef000 ---p 00000000 00:00 0 
7f65e09ef000-7f65e14f9000 rw-p 00000000 00:00 0 
7f65e14f9000-7f65e14fa000 ---p 00000000 00:00 0 
7f65e14fa000-7f65e15fa000 rw-p 00000000 00:00 0 
7f65e15fa000-7f65e15fb000 ---p 00000000 00:00 0 
7f65e15fb000-7f65e16fb000 rw-p 00000000 00:00 0 
7f65e16fb000-7f65e16fc000 ---p 00000000 00:00 0 
7f65e16fc000-7f65e192b000 rw-p 00000000 00:00 0 
7f65e192b000-7f65e1feb000 ---p 00000000 00:00 0 
7f65e1feb000-7f65e201b000 rw-p 00000000 00:00 0 
7f65e201b000-7f65e954b000 ---p 00000000 00:00 0 
7f65e954b000-7f65e965b000 rw-p 00000000 00:00 0 
7f65e965b000-7f65e9d1b000 ---p 00000000 00:00 0 
7f65e9d1b000-7f65e9d4b000 rw-p 00000000 00:00 0 
7f65e9d4b000-7f65f127b000 ---p 00000000 00:00 0 
7f65f127b000-7f65f12b9000 rw-p 00000000 00:00 0 
7f65f12b9000-7f65f1391000 ---p 00000000 00:00 0 
7f65f1391000-7f65f1397000 rw-p 00000000 00:00 0 
7f65f1397000-7f65f223d000 ---p 00000000 00:00 0 
7f65f223d000-7f65f225f000 rw-p 00000000 00:00 0 
7f65f225f000-7f65f2337000 ---p 00000000 00:00 0 
7f65f2337000-7f65f233d000 rw-p 00000000 00:00 0 
7f65f233d000-7f65f31e3000 ---p 00000000 00:00 0 
7f65f31e3000-7f65f3205000 rw-p 00000000 00:00 0 
7f65f3205000-7f65f32dd000 ---p 00000000 00:00 0 
7f65f32dd000-7f65f32e3000 rw-p 00000000 00:00 0 
7f65f32e3000-7f65f4189000 ---p 00000000 00:00 0 
7f65f4189000-7f65f4591000 rw-p 00000000 00:00 0 
7f65f4591000-7f65fc000000 r--s 00000000 08:02 13399092                   /usr/lib/jvm/java-17-openjdk-amd64/lib/modules
7f65fc000000-7f65fca4c000 rw-p 00000000 00:00 0 
7f65fca4c000-7f6600000000 ---p 00000000 00:00 0 
7f6600002000-7f6600004000 r--p 00000000 08:02 13399091                   /usr/lib/jvm/java-17-openjdk-amd64/lib/libzip.so
7f6600004000-7f6600009000 r-xp 00002000 08:02 13399091                   /usr/lib/jvm/java-17-openjdk-amd64/lib/libzip.so
7f6600009000-7f660000b000 r--p 00007000 08:02 13399091                   /usr/lib/jvm/java-17-openjdk-amd64/lib/libzip.so
7f660000b000-7f660000c000 r--p 00008000 08:02 13399091                   /usr/lib/jvm/java-17-openjdk-amd64/lib/libzip.so
7f660000c000-7f660000d000 rw-p 00009000 08:02 13399091                   /usr/lib/jvm/java-17-openjdk-amd64/lib/libzip.so
7f660000d000-7f66006e5000 rw-p 00000000 00:00 0 
7f66006e5000-7f6600734000 ---p 00000000 00:00 0 
7f6600734000-7f6600f44000 rwxp 00000000 00:00 0 
7f6600f44000-7f6603734000 ---p 00000000 00:00 0 
7f6603734000-7f6603740000 r--p 00000000 08:02 13399070                   /usr/lib/jvm/java-17-openjdk-amd64/lib/libjava.so
7f6603740000-7f6603753000 r-xp 0000c000 08:02 13399070                   /usr/lib/jvm/java-17-openjdk-amd64/lib/libjava.so
7f6603753000-7f6603759000 r--p 0001f000 08:02 13399070                   /usr/lib/jvm/java-17-openjdk-amd64/lib/libjava.so
7f6603759000-7f660375a000 r--p 00024000 08:02 13399070                   /usr/lib/jvm/java-17-openjdk-amd64/lib/libjava.so
7f660375a000-7f660375b000 rw-p 00025000 08:02 13399070                   /usr/lib/jvm/java-17-openjdk-amd64/lib/libjava.so
7f660375b000-7f660375c000 rw-p 00000000 00:00 0 
7f660375c000-7f6603760000 ---p 00000000 00:00 0 
7f6603760000-7f660385c000 rw-p 00000000 00:00 0 
7f660385c000-7f660385f000 r--p 00000000 08:02 13369903                   /usr/lib/x86_64-linux-gnu/libgcc_s.so.1
7f660385f000-7f6603876000 r-xp 00003000 08:02 13369903                   /usr/lib/x86_64-linux-gnu/libgcc_s.so.1
7f6603876000-7f660387a000 r--p 0001a000 08:02 13369903                   /usr/lib/x86_64-linux-gnu/libgcc_s.so.1
7f660387a000-7f660387b000 r--p 0001d000 08:02 13369903                   /usr/lib/x86_64-linux-gnu/libgcc_s.so.1
7f660387b000-7f660387c000 rw-p 0001e000 08:02 13369903                   /usr/lib/x86_64-linux-gnu/libgcc_s.so.1
7f660387c000-7f660388a000 r--p 00000000 08:02 13370571                   /usr/lib/x86_64-linux-gnu/libm.so.6
7f660388a000-7f6603906000 r-xp 0000e000 08:02 13370571                   /usr/lib/x86_64-linux-gnu/libm.so.6
7f6603906000-7f6603961000 r--p 0008a000 08:02 13370571                   /usr/lib/x86_64-linux-gnu/libm.so.6
7f6603961000-7f6603962000 r--p 000e4000 08:02 13370571                   /usr/lib/x86_64-linux-gnu/libm.so.6
7f6603962000-7f6603963000 rw-p 000e5000 08:02 13370571                   /usr/lib/x86_64-linux-gnu/libm.so.6
7f6603963000-7f66039fd000 r--p 00000000 08:02 13369612                   /usr/lib/x86_64-linux-gnu/libstdc++.so.6.0.30
7f66039fd000-7f6603b0e000 r-xp 0009a000 08:02 13369612                   /usr/lib/x86_64-linux-gnu/libstdc++.so.6.0.30
7f6603b0e000-7f6603b7d000 r--p 001ab000 08:02 13369612                   /usr/lib/x86_64-linux-gnu/libstdc++.so.6.0.30
7f6603b7d000-7f6603b7e000 ---p 0021a000 08:02 13369612                   /usr/lib/x86_64-linux-gnu/libstdc++.so.6.0.30
7f6603b7e000-7f6603b89000 r--p 0021a000 08:02 13369612                   /usr/lib/x86_64-linux-gnu/libstdc++.so.6.0.30
7f6603b89000-7f6603b8c000 rw-p 00225000 08:02 13369612                   /usr/lib/x86_64-linux-gnu/libstdc++.so.6.0.30
7f6603b8c000-7f6603b8f000 rw-p 00000000 00:00 0 
7f6603b8f000-7f6603de0000 r--p 00000000 08:02 13399098                   /usr/lib/jvm/java-17-openjdk-amd64/lib/server/libjvm.so
7f6603de0000-7f6604b44000 r-xp 00251000 08:02 13399098                   /usr/lib/jvm/java-17-openjdk-amd64/lib/server/libjvm.so
7f6604b44000-7f6604dc6000 r--p 00fb5000 08:02 13399098                   /usr/lib/jvm/java-17-openjdk-amd64/lib/server/libjvm.so
7f6604dc6000-7f6604dc7000 ---p 01237000 08:02 13399098                   /usr/lib/jvm/java-17-openjdk-amd64/lib/server/libjvm.so
7f6604dc7000-7f6604e7f000 r--p 01237000 08:02 13399098                   /usr/lib/jvm/java-17-openjdk-amd64/lib/server/libjvm.so
7f6604e7f000-7f6604eb4000 rw-p 012ef000 08:02 13399098                   /usr/lib/jvm/java-17-openjdk-amd64/lib/server/libjvm.so
7f6604eb4000-7f6604f11000 rw-p 00000000 00:00 0 
7f6604f11000-7f6604f39000 r--p 00000000 08:02 13370567                   /usr/lib/x86_64-linux-gnu/libc.so.6
7f6604f39000-7f66050ce000 r-xp 00028000 08:02 13370567                   /usr/lib/x86_64-linux-gnu/libc.so.6
7f66050ce000-7f6605126000 r--p 001bd000 08:02 13370567                   /usr/lib/x86_64-linux-gnu/libc.so.6
7f6605126000-7f6605127000 ---p 00215000 08:02 13370567                   /usr/lib/x86_64-linux-gnu/libc.so.6
7f6605127000-7f660512b000 r--p 00215000 08:02 13370567                   /usr/lib/x86_64-linux-gnu/libc.so.6
7f660512b000-7f660512d000 rw-p 00219000 08:02 13370567                   /usr/lib/x86_64-linux-gnu/libc.so.6
7f660512d000-7f660513a000 rw-p 00000000 00:00 0 
7f660513a000-7f660513c000 r--p 00000000 08:02 13399074                   /usr/lib/jvm/java-17-openjdk-amd64/lib/libjli.so
7f660513c000-7f6605146000 r-xp 00002000 08:02 13399074                   /usr/lib/jvm/java-17-openjdk-amd64/lib/libjli.so
7f6605146000-7f6605149000 r--p 0000c000 08:02 13399074                   /usr/lib/jvm/java-17-openjdk-amd64/lib/libjli.so
7f6605149000-7f660514a000 r--p 0000e000 08:02 13399074                   /usr/lib/jvm/java-17-openjdk-amd64/lib/libjli.so
7f660514a000-7f660514b000 rw-p 0000f000 08:02 13399074                   /usr/lib/jvm/java-17-openjdk-amd64/lib/libjli.so
7f660514b000-7f660514d000 r--p 00000000 08:02 13402577                   /usr/lib/x86_64-linux-gnu/libz.so.1.2.11
7f660514d000-7f660515e000 r-xp 00002000 08:02 13402577                   /usr/lib/x86_64-linux-gnu/libz.so.1.2.11
7f660515e000-7f6605164000 r--p 00013000 08:02 13402577                   /usr/lib/x86_64-linux-gnu/libz.so.1.2.11
7f6605164000-7f6605165000 ---p 00019000 08:02 13402577                   /usr/lib/x86_64-linux-gnu/libz.so.1.2.11
7f6605165000-7f6605166000 r--p 00019000 08:02 13402577                   /usr/lib/x86_64-linux-gnu/libz.so.1.2.11
7f6605166000-7f6605167000 rw-p 0001a000 08:02 13402577                   /usr/lib/x86_64-linux-gnu/libz.so.1.2.11
7f660516b000-7f6605173000 rw-s 00000000 08:02 3410163                    /tmp/hsperfdata_driver/58680
7f6605173000-7f6605174000 ---p 00000000 00:00 0 
7f6605174000-7f6605175000 r--p 00000000 00:00 0 
7f6605175000-7f6605177000 r--p 00000000 08:02 13399073                   /usr/lib/jvm/java-17-openjdk-amd64/lib/libjimage.so
7f6605177000-7f660517a000 r-xp 00002000 08:02 13399073                   /usr/lib/jvm/java-17-openjdk-amd64/lib/libjimage.so
7f660517a000-7f660517b000 r--p 00005000 08:02 13399073                   /usr/lib/jvm/java-17-openjdk-amd64/lib/libjimage.so
7f660517b000-7f660517c000 ---p 00006000 08:02 13399073                   /usr/lib/jvm/java-17-openjdk-amd64/lib/libjimage.so
7f660517c000-7f660517d000 r--p 00006000 08:02 13399073                   /usr/lib/jvm/java-17-openjdk-amd64/lib/libjimage.so
7f660517d000-7f660517e000 rw-p 00007000 08:02 13399073                   /usr/lib/jvm/java-17-openjdk-amd64/lib/libjimage.so
7f660517e000-7f6605180000 rw-p 00000000 00:00 0 
7f6605180000-7f6605182000 r--p 00000000 08:02 13370134                   /usr/lib/x86_64-linux-gnu/ld-linux-x86-64.so.2
7f6605182000-7f66051ac000 r-xp 00002000 08:02 13370134                   /usr/lib/x86_64-linux-gnu/ld-linux-x86-64.so.2
7f66051ac000-7f66051b7000 r--p 0002c000 08:02 13370134                   /usr/lib/x86_64-linux-gnu/ld-linux-x86-64.so.2
7f66051b7000-7f66051b8000 ---p 00000000 00:00 0 
7f66051b8000-7f66051ba000 r--p 00037000 08:02 13370134                   /usr/lib/x86_64-linux-gnu/ld-linux-x86-64.so.2
7f66051ba000-7f66051bc000 rw-p 00039000 08:02 13370134                   /usr/lib/x86_64-linux-gnu/ld-linux-x86-64.so.2
7fff2aff0000-7fff2b013000 rw-p 00000000 00:00 0                          [stack]
7fff2b05c000-7fff2b060000 r--p 00000000 00:00 0                          [vvar]
7fff2b060000-7fff2b062000 r-xp 00000000 00:00 0                          [vdso]
ffffffffff600000-ffffffffff601000 --xp 00000000 00:00 0                  [vsyscall]


VM Arguments:
jvm_args: -XX:TieredStopAtLevel=1 
java_command: com.SurpizzaApplication
java_class_path (initial): /home/driver/Desktop/linux_dev/surpizza/server/target/classes:/home/driver/.m2/repository/org/springframework/boot/spring-boot/3.3.0/spring-boot-3.3.0.jar:/home/driver/.m2/repository/org/springframework/boot/spring-boot-autoconfigure/3.3.0/spring-boot-autoconfigure-3.3.0.jar:/home/driver/.m2/repository/ch/qos/logback/logback-classic/1.5.6/logback-classic-1.5.6.jar:/home/driver/.m2/repository/ch/qos/logback/logback-core/1.5.6/logback-core-1.5.6.jar:/home/driver/.m2/repository/org/apache/logging/log4j/log4j-to-slf4j/2.23.1/log4j-to-slf4j-2.23.1.jar:/home/driver/.m2/repository/org/apache/logging/log4j/log4j-api/2.23.1/log4j-api-2.23.1.jar:/home/driver/.m2/repository/org/slf4j/jul-to-slf4j/2.0.13/jul-to-slf4j-2.0.13.jar:/home/driver/.m2/repository/jakarta/annotation/jakarta.annotation-api/2.1.1/jakarta.annotation-api-2.1.1.jar:/home/driver/.m2/repository/org/yaml/snakeyaml/2.2/snakeyaml-2.2.jar:/home/driver/.m2/repository/com/fasterxml/jackson/core/jackson-databind/2.17.1/jackson-databind-2.17.1.jar:/home/driver/.m2/repository/com/fasterxml/jackson/core/jackson-annotations/2.17.1/jackson-annotations-2.17.1.jar:/home/driver/.m2/repository/com/fasterxml/jackson/core/jackson-core/2.17.1/jackson-core-2.17.1.jar:/home/driver/.m2/repository/com/fasterxml/jackson/datatype/jackson-datatype-jdk8/2.17.1/jackson-datatype-jdk8-2.17.1.jar:/home/driver/.m2/repository/com/fasterxml/jackson/datatype/jackson-datatype-jsr310/2.17.1/jackson-datatype-jsr310-2.17.1.jar:/home/driver/.m2/repository/com/fasterxml/jackson/module/jackson-module-parameter-names/2.17.1/jackson-module-parameter-names-2.17.1.jar:/home/driver/.m2/repository/org/apache/tomcat/embed/tomcat-embed-core/10.1.24/tomcat-embed-core-10.1.24.jar:/home/driver/.m2/repository/org/apache/tomcat/embed/tomcat-embed-el/10.1.24/tomcat-embed-el-10.1.24.jar:/home/driver/.m2/repository/org/apache/tomcat/embed/tomcat-embed-websocket/10.1.24/tomcat-embed-websocket-10.1.24.jar:/home/driver/.m2/repository/org/spr
Launcher Type: SUN_STANDARD

[Global flags]
     intx CICompilerCount                          = 4                                         {product} {ergonomic}
     uint ConcGCThreads                            = 3                                         {product} {ergonomic}
     uint G1ConcRefinementThreads                  = 10                                        {product} {ergonomic}
   size_t G1HeapRegionSize                         = 4194304                                   {product} {ergonomic}
    uintx GCDrainStackTargetSize                   = 64                                        {product} {ergonomic}
   size_t InitialHeapSize                          = 528482304                                 {product} {ergonomic}
   size_t MarkStackSize                            = 4194304                                   {product} {ergonomic}
   size_t MaxHeapSize                              = 8401190912                                {product} {ergonomic}
   size_t MaxNewSize                               = 5037359104                                {product} {ergonomic}
   size_t MinHeapDeltaBytes                        = 4194304                                   {product} {ergonomic}
   size_t MinHeapSize                              = 8388608                                   {product} {ergonomic}
    uintx NonProfiledCodeHeapSize                  = 0                                      {pd product} {ergonomic}
     bool ProfileInterpreter                       = false                                  {pd product} {command line}
    uintx ProfiledCodeHeapSize                     = 0                                      {pd product} {ergonomic}
   size_t SoftMaxHeapSize                          = 8401190912                             {manageable} {ergonomic}
     intx TieredStopAtLevel                        = 1                                         {product} {command line}
     bool UseCompressedClassPointers               = true                           {product lp64_product} {ergonomic}
     bool UseCompressedOops                        = true                           {product lp64_product} {ergonomic}
     bool UseG1GC                                  = true                                      {product} {ergonomic}

Logging:
Log output configuration:
 #0: stdout all=warning uptime,level,tags
 #1: stderr all=off uptime,level,tags

Environment Variables:
PATH=/home/driver/Desktop/linux_dev/surpizza/server/node_modules/.bin:/home/driver/Desktop/linux_dev/surpizza/server/node_modules/.bin:/home/driver/Desktop/linux_dev/surpizza/node_modules/.bin:/home/driver/Desktop/linux_dev/node_modules/.bin:/home/driver/Desktop/node_modules/.bin:/home/driver/node_modules/.bin:/home/node_modules/.bin:/node_modules/.bin:/home/driver/.nvm/versions/node/v21.5.0/lib/node_modules/npm/node_modules/@npmcli/run-script/lib/node-gyp-bin:/home/driver/.local/share/pnpm:/home/driver/.nvm/versions/node/v21.5.0/bin:/home/driver/.cargo/bin:/usr/local/sbin:/usr/local/bin:/usr/sbin:/usr/bin:/sbin:/bin:/usr/games:/usr/local/games:/snap/bin:/home/driver/scripts:/home/driver/mongodb-database-tools-amazon2-x86_64-100.9.4/bin:/usr/local/go/bin:/home/driver/go/bin:/home/driver/.dotnet
SHELL=/bin/bash
DISPLAY=:0
LANG=en_US.UTF-8
LC_CTYPE=en_US.UTF-8
LC_NUMERIC=it_IT.UTF-8
LC_TIME=it_IT.UTF-8
TERM=xterm-256color

Active Locale:
LC_ALL=LC_CTYPE=en_US.UTF-8;LC_NUMERIC=it_IT.UTF-8;LC_TIME=it_IT.UTF-8;LC_COLLATE=en_US.UTF-8;LC_MONETARY=it_IT.UTF-8;LC_MESSAGES=en_US.UTF-8;LC_PAPER=it_IT.UTF-8;LC_NAME=it_IT.UTF-8;LC_ADDRESS=it_IT.UTF-8;LC_TELEPHONE=it_IT.UTF-8;LC_MEASUREMENT=it_IT.UTF-8;LC_IDENTIFICATION=it_IT.UTF-8
LC_COLLATE=en_US.UTF-8
LC_CTYPE=en_US.UTF-8
LC_MESSAGES=en_US.UTF-8
LC_MONETARY=it_IT.UTF-8
LC_NUMERIC=it_IT.UTF-8
LC_TIME=it_IT.UTF-8

Signal Handlers:
   SIGSEGV: crash_handler in libjvm.so, mask=11100100010111111101111111111110, flags=SA_RESTART|SA_SIGINFO, unblocked
    SIGBUS: crash_handler in libjvm.so, mask=11100100010111111101111111111110, flags=SA_RESTART|SA_SIGINFO, unblocked
    SIGFPE: crash_handler in libjvm.so, mask=11100100010111111101111111111110, flags=SA_RESTART|SA_SIGINFO, unblocked
   SIGPIPE: javaSignalHandler in libjvm.so, mask=11100100010111111101111111111110, flags=SA_RESTART|SA_SIGINFO, blocked
   SIGXFSZ: javaSignalHandler in libjvm.so, mask=11100100010111111101111111111110, flags=SA_RESTART|SA_SIGINFO, blocked
    SIGILL: crash_handler in libjvm.so, mask=11100100010111111101111111111110, flags=SA_RESTART|SA_SIGINFO, unblocked
   SIGUSR2: SR_handler in libjvm.so, mask=00100000000000000000000000000000, flags=SA_RESTART|SA_SIGINFO, blocked
    SIGHUP: UserHandler in libjvm.so, mask=11100100010111111101111111111110, flags=SA_RESTART|SA_SIGINFO, blocked
    SIGINT: UserHandler in libjvm.so, mask=11100100010111111101111111111110, flags=SA_RESTART|SA_SIGINFO, blocked
   SIGTERM: UserHandler in libjvm.so, mask=11100100010111111101111111111110, flags=SA_RESTART|SA_SIGINFO, blocked
   SIGQUIT: UserHandler in libjvm.so, mask=11100100010111111101111111111110, flags=SA_RESTART|SA_SIGINFO, blocked
   SIGTRAP: crash_handler in libjvm.so, mask=11100100010111111101111111111110, flags=SA_RESTART|SA_SIGINFO, unblocked


Periodic native trim disabled


---------------  S Y S T E M  ---------------

OS:
DISTRIB_ID=LinuxMint
DISTRIB_RELEASE=21.3
DISTRIB_CODENAME=virginia
DISTRIB_DESCRIPTION="Linux Mint 21.3 Virginia"
uname: Linux 5.15.0-107-generic #117-Ubuntu SMP Fri Apr 26 12:26:49 UTC 2024 x86_64
OS uptime: 0 days 0:50 hours
libc: glibc 2.35 NPTL 2.35 
rlimit (soft/hard): STACK 8192k/infinity , CORE 0k/infinity , NPROC 127278/127278 , NOFILE 1048576/1048576 , AS infinity/infinity , CPU infinity/infinity , DATA infinity/infinity , FSIZE infinity/infinity , MEMLOCK 4100632k/4100632k
load average: 5,55 1,74 1,03

/proc/meminfo:
MemTotal:       32805060 kB
MemFree:        20836352 kB
MemAvailable:   25002824 kB
Buffers:          287956 kB
Cached:          4244000 kB
SwapCached:            0 kB
Active:          2316540 kB
Inactive:        8644112 kB
Active(anon):       6644 kB
Inactive(anon):  6601648 kB
Active(file):    2309896 kB
Inactive(file):  2042464 kB
Unevictable:          64 kB
Mlocked:              64 kB
SwapTotal:       2097148 kB
SwapFree:        2097148 kB
Dirty:              1224 kB
Writeback:             0 kB
AnonPages:       6428916 kB
Mapped:          1601596 kB
Shmem:            179596 kB
KReclaimable:     276660 kB
Slab:             503864 kB
SReclaimable:     276660 kB
SUnreclaim:       227204 kB
KernelStack:       28804 kB
PageTables:        74488 kB
NFS_Unstable:          0 kB
Bounce:                0 kB
WritebackTmp:          0 kB
CommitLimit:    18499676 kB
Committed_AS:   31942280 kB
VmallocTotal:   34359738367 kB
VmallocUsed:      172860 kB
VmallocChunk:          0 kB
Percpu:            39552 kB
HardwareCorrupted:     0 kB
AnonHugePages:         0 kB
ShmemHugePages:        0 kB
ShmemPmdMapped:        0 kB
FileHugePages:         0 kB
FilePmdMapped:         0 kB
HugePages_Total:       0
HugePages_Free:        0
HugePages_Rsvd:        0
HugePages_Surp:        0
Hugepagesize:       2048 kB
Hugetlb:               0 kB
DirectMap4k:      823020 kB
DirectMap2M:    12756992 kB
DirectMap1G:    20971520 kB

/sys/kernel/mm/transparent_hugepage/enabled: always [madvise] never
/sys/kernel/mm/transparent_hugepage/defrag (defrag/compaction efforts parameter): always defer defer+madvise [madvise] never

Process Memory:
Virtual Size: 12969152K (peak: 13030536K)
Resident Set Size: 155496K (peak: 155496K) (anon: 133768K, file: 21728K, shmem: 0K)
Swapped out: 0K
C-Heap outstanding allocations: 43978K, retained: 5069K
glibc malloc tunables: (default)

/proc/sys/kernel/threads-max (system-wide limit on the number of threads): 254557
/proc/sys/vm/max_map_count (maximum number of memory map areas a process may have): 262144
/proc/sys/kernel/pid_max (system-wide limit on number of process identifiers): 4194304

container (cgroup) information:
container_type: cgroupv2
cpu_cpuset_cpus: not supported
cpu_memory_nodes: not supported
active_processor_count: 12
cpu_quota: not supported
cpu_period: not supported
cpu_shares: not supported
memory_limit_in_bytes: unlimited
memory_and_swap_limit_in_bytes: unlimited
memory_soft_limit_in_bytes: unlimited
memory_usage_in_bytes: 9224784 k
memory_max_usage_in_bytes: not supported
memory_swap_current_in_bytes: unlimited
memory_swap_max_limit_in_bytes: unlimited
maximum number of tasks: unlimited
current number of tasks: 1154

Steal ticks since vm start: 0
Steal ticks percentage since vm start:  0,000

CPU: total 12 (initial active 12) (12 cores per cpu, 2 threads per core) family 23 model 8 stepping 2 microcode 0x800820d, cx8, cmov, fxsr, ht, mmx, 3dnowpref, sse, sse2, sse3, ssse3, sse4a, sse4.1, sse4.2, popcnt, lzcnt, tsc, tscinvbit, avx, avx2, aes, clmul, bmi1, bmi2, adx, sha, fma, vzeroupper, clflush, clflushopt
CPU Model and flags from /proc/cpuinfo:
model name	: AMD Ryzen 5 2600 Six-Core Processor
flags		: fpu vme de pse tsc msr pae mce cx8 apic sep mtrr pge mca cmov pat pse36 clflush mmx fxsr sse sse2 ht syscall nx mmxext fxsr_opt pdpe1gb rdtscp lm constant_tsc rep_good nopl nonstop_tsc cpuid extd_apicid aperfmperf rapl pni pclmulqdq monitor ssse3 fma cx16 sse4_1 sse4_2 movbe popcnt aes xsave avx f16c rdrand lahf_lm cmp_legacy svm extapic cr8_legacy abm sse4a misalignsse 3dnowprefetch osvw skinit wdt tce topoext perfctr_core perfctr_nb bpext perfctr_llc mwaitx cpb hw_pstate ssbd ibpb vmmcall fsgsbase bmi1 avx2 smep bmi2 rdseed adx smap clflushopt sha_ni xsaveopt xsavec xgetbv1 clzero irperf xsaveerptr arat npt lbrv svm_lock nrip_save tsc_scale vmcb_clean flushbyasid decodeassists pausefilter pfthreshold avic v_vmsave_vmload vgif overflow_recov succor smca sme sev sev_es

Online cpus: 0-11
Offline cpus: 12-31
BIOS frequency limitation: <Not Available>
Frequency switch latency (ns): <Not Available>
Available cpu frequencies: <Not Available>
Current governor: <Not Available>
Core performance/turbo boost: <Not Available>

Memory: 4k page, physical 32805060k(20836352k free), swap 2097148k(2097148k free)
Page Sizes: 4k

vm_info: OpenJDK 64-Bit Server VM (17.0.10+7-Ubuntu-122.04.1) for linux-amd64 JRE (17.0.10+7-Ubuntu-122.04.1), built on Feb  5 2024 21:02:31 by "buildd" with gcc 11.4.0

END.
